[2.307s] Invoking command in '/home/sam/piper_ros/src/piper': PYTHONPATH=/home/sam/piper_ros/build/piper/prefix_override:/usr/lib/python3/dist-packages/colcon_core/task/python/colcon_distutils_commands:/home/sam/piper_ros/install/piper/lib/python3.10/site-packages:${PYTHONPATH} /usr/bin/python3 -W ignore:setup.py install is deprecated -W ignore:easy_install command is deprecated setup.py egg_info --egg-base ../../build/piper build --build-base /home/sam/piper_ros/build/piper/build install --record /home/sam/piper_ros/build/piper/install.log --single-version-externally-managed install_data
[3.682s] running egg_info
[3.683s] writing ../../build/piper/piper.egg-info/PKG-INFO
[3.683s] writing dependency_links to ../../build/piper/piper.egg-info/dependency_links.txt
[3.684s] writing entry points to ../../build/piper/piper.egg-info/entry_points.txt
[3.684s] writing requirements to ../../build/piper/piper.egg-info/requires.txt
[3.684s] writing top-level names to ../../build/piper/piper.egg-info/top_level.txt
[3.688s] reading manifest file '../../build/piper/piper.egg-info/SOURCES.txt'
[3.688s] adding license file 'LICENSE'
[3.691s] writing manifest file '../../build/piper/piper.egg-info/SOURCES.txt'
[3.692s] running build
[3.692s] running build_py
[3.692s] running install
[3.694s] running install_lib
[3.697s] running install_data
[3.698s] running install_egg_info
[3.703s] removing '/home/sam/piper_ros/install/piper/lib/python3.10/site-packages/piper-0.0.0-py3.10.egg-info' (and everything under it)
[3.705s] Copying ../../build/piper/piper.egg-info to /home/sam/piper_ros/install/piper/lib/python3.10/site-packages/piper-0.0.0-py3.10.egg-info
[3.707s] running install_scripts
[3.783s] Installing piper_ms_ctrl script to /home/sam/piper_ros/install/piper/lib/piper
[3.784s] Installing piper_read_master script to /home/sam/piper_ros/install/piper/lib/piper
[3.785s] Installing piper_single_ctrl script to /home/sam/piper_ros/install/piper/lib/piper
[3.785s] Installing talker script to /home/sam/piper_ros/install/piper/lib/piper
[3.785s] writing list of installed files to '/home/sam/piper_ros/build/piper/install.log'
[3.862s] Invoked command in '/home/sam/piper_ros/src/piper' returned '0': PYTHONPATH=/home/sam/piper_ros/build/piper/prefix_override:/usr/lib/python3/dist-packages/colcon_core/task/python/colcon_distutils_commands:/home/sam/piper_ros/install/piper/lib/python3.10/site-packages:${PYTHONPATH} /usr/bin/python3 -W ignore:setup.py install is deprecated -W ignore:easy_install command is deprecated setup.py egg_info --egg-base ../../build/piper build --build-base /home/sam/piper_ros/build/piper/build install --record /home/sam/piper_ros/build/piper/install.log --single-version-externally-managed install_data
