[0.035s] Invoking command in '/home/sam/piper_ros/build/piper_description': CMAKE_PREFIX_PATH=${CMAKE_PREFIX_PATH}:/home/sam/piper_ros/install/piper:/opt/ros/humble /usr/bin/cmake --build /home/sam/piper_ros/build/piper_description -- -j4 -l4
[0.464s] Invoked command in '/home/sam/piper_ros/build/piper_description' returned '0': CMAKE_PREFIX_PATH=${CMAKE_PREFIX_PATH}:/home/sam/piper_ros/install/piper:/opt/ros/humble /usr/bin/cmake --build /home/sam/piper_ros/build/piper_description -- -j4 -l4
[0.490s] Invoking command in '/home/sam/piper_ros/build/piper_description': CMAKE_PREFIX_PATH=${CMAKE_PREFIX_PATH}:/home/sam/piper_ros/install/piper:/opt/ros/humble /usr/bin/cmake --install /home/sam/piper_ros/build/piper_description
[0.511s] -- Install configuration: ""
[0.511s] -- Up-to-date: /home/sam/piper_ros/install/piper_description/share/piper_description/launch
[0.511s] -- Up-to-date: /home/sam/piper_ros/install/piper_description/share/piper_description/launch/piper_no_gripper
[0.511s] -- Up-to-date: /home/sam/piper_ros/install/piper_description/share/piper_description/launch/piper_no_gripper/display_no_gripper_xacro.launch.py
[0.511s] -- Up-to-date: /home/sam/piper_ros/install/piper_description/share/piper_description/launch/piper_no_gripper/display_no_gripper_urdf.launch.py
[0.512s] -- Up-to-date: /home/sam/piper_ros/install/piper_description/share/piper_description/launch/piper_with_gripper
[0.512s] -- Up-to-date: /home/sam/piper_ros/install/piper_description/share/piper_description/launch/piper_with_gripper/display_urdf.launch.py
[0.512s] -- Up-to-date: /home/sam/piper_ros/install/piper_description/share/piper_description/launch/piper_with_gripper/display_xacro.launch.py
[0.512s] -- Up-to-date: /home/sam/piper_ros/install/piper_description/share/piper_description/meshes
[0.512s] -- Up-to-date: /home/sam/piper_ros/install/piper_description/share/piper_description/meshes/link3.STL
[0.512s] -- Up-to-date: /home/sam/piper_ros/install/piper_description/share/piper_description/meshes/link5.STL
[0.512s] -- Up-to-date: /home/sam/piper_ros/install/piper_description/share/piper_description/meshes/base_link.STL
[0.512s] -- Up-to-date: /home/sam/piper_ros/install/piper_description/share/piper_description/meshes/gripper_base.STL
[0.513s] -- Up-to-date: /home/sam/piper_ros/install/piper_description/share/piper_description/meshes/link2.STL
[0.513s] -- Up-to-date: /home/sam/piper_ros/install/piper_description/share/piper_description/meshes/link1.STL
[0.513s] -- Up-to-date: /home/sam/piper_ros/install/piper_description/share/piper_description/meshes/link4.STL
[0.523s] -- Up-to-date: /home/sam/piper_ros/install/piper_description/share/piper_description/meshes/link6.STL
[0.523s] -- Up-to-date: /home/sam/piper_ros/install/piper_description/share/piper_description/meshes/link7.STL
[0.524s] -- Up-to-date: /home/sam/piper_ros/install/piper_description/share/piper_description/meshes/link8.STL
[0.524s] -- Up-to-date: /home/sam/piper_ros/install/piper_description/share/piper_description/rviz
[0.524s] -- Up-to-date: /home/sam/piper_ros/install/piper_description/share/piper_description/rviz/piper_ctrl.rviz
[0.524s] -- Up-to-date: /home/sam/piper_ros/install/piper_description/share/piper_description/rviz/piper_no_gripper.rviz
[0.527s] -- Up-to-date: /home/sam/piper_ros/install/piper_description/share/piper_description/urdf
[0.528s] -- Up-to-date: /home/sam/piper_ros/install/piper_description/share/piper_description/urdf/piper_description.urdf
[0.528s] -- Up-to-date: /home/sam/piper_ros/install/piper_description/share/piper_description/urdf/piper_description.csv
[0.528s] -- Up-to-date: /home/sam/piper_ros/install/piper_description/share/piper_description/urdf/piper_no_gripper_description.csv
[0.528s] -- Up-to-date: /home/sam/piper_ros/install/piper_description/share/piper_description/urdf/piper_description_old.urdf
[0.528s] -- Up-to-date: /home/sam/piper_ros/install/piper_description/share/piper_description/urdf/piper_no_gripper_description_gazebo.xacro
[0.528s] -- Up-to-date: /home/sam/piper_ros/install/piper_description/share/piper_description/urdf/piper_no_gripper_description_old.urdf
[0.529s] -- Up-to-date: /home/sam/piper_ros/install/piper_description/share/piper_description/urdf/piper_no_gripper_description.urdf
[0.529s] -- Up-to-date: /home/sam/piper_ros/install/piper_description/share/piper_description/urdf/piper_description.xacro
[0.529s] -- Up-to-date: /home/sam/piper_ros/install/piper_description/share/piper_description/urdf/piper_description_gazebo.xacro
[0.538s] -- Up-to-date: /home/sam/piper_ros/install/piper_description/share/piper_description/urdf/piper_no_gripper_description.xacro
[0.538s] -- Up-to-date: /home/sam/piper_ros/install/piper_description/share/piper_description/mujoco_model
[0.538s] -- Up-to-date: /home/sam/piper_ros/install/piper_description/share/piper_description/mujoco_model/piper_no_gripper_description.xml
[0.539s] -- Up-to-date: /home/sam/piper_ros/install/piper_description/share/piper_description/mujoco_model/piper_description.xml
[0.539s] -- Up-to-date: /home/sam/piper_ros/install/piper_description/share/ament_index/resource_index/package_run_dependencies/piper_description
[0.539s] -- Up-to-date: /home/sam/piper_ros/install/piper_description/share/ament_index/resource_index/parent_prefix_path/piper_description
[0.539s] -- Up-to-date: /home/sam/piper_ros/install/piper_description/share/piper_description/environment/ament_prefix_path.sh
[0.539s] -- Up-to-date: /home/sam/piper_ros/install/piper_description/share/piper_description/environment/ament_prefix_path.dsv
[0.539s] -- Up-to-date: /home/sam/piper_ros/install/piper_description/share/piper_description/environment/path.sh
[0.539s] -- Up-to-date: /home/sam/piper_ros/install/piper_description/share/piper_description/environment/path.dsv
[0.540s] -- Up-to-date: /home/sam/piper_ros/install/piper_description/share/piper_description/local_setup.bash
[0.540s] -- Up-to-date: /home/sam/piper_ros/install/piper_description/share/piper_description/local_setup.sh
[0.540s] -- Up-to-date: /home/sam/piper_ros/install/piper_description/share/piper_description/local_setup.zsh
[0.540s] -- Up-to-date: /home/sam/piper_ros/install/piper_description/share/piper_description/local_setup.dsv
[0.540s] -- Installing: /home/sam/piper_ros/install/piper_description/share/piper_description/package.dsv
[0.540s] -- Up-to-date: /home/sam/piper_ros/install/piper_description/share/ament_index/resource_index/packages/piper_description
[0.540s] -- Up-to-date: /home/sam/piper_ros/install/piper_description/share/piper_description/cmake/piper_descriptionConfig.cmake
[0.540s] -- Up-to-date: /home/sam/piper_ros/install/piper_description/share/piper_description/cmake/piper_descriptionConfig-version.cmake
[0.540s] -- Up-to-date: /home/sam/piper_ros/install/piper_description/share/piper_description/package.xml
[0.541s] Invoked command in '/home/sam/piper_ros/build/piper_description' returned '0': CMAKE_PREFIX_PATH=${CMAKE_PREFIX_PATH}:/home/sam/piper_ros/install/piper:/opt/ros/humble /usr/bin/cmake --install /home/sam/piper_ros/build/piper_description
