/home/sam/piper_ros/install/piper/lib/python3.10/site-packages/piper/two_state_publisher.py
/home/sam/piper_ros/install/piper/lib/python3.10/site-packages/piper/piper_ctrl_single_node.py
/home/sam/piper_ros/install/piper/lib/python3.10/site-packages/piper/piper_ctrl_single_two_state_node.py
/home/sam/piper_ros/install/piper/lib/python3.10/site-packages/piper/__init__.py
/home/sam/piper_ros/install/piper/lib/python3.10/site-packages/piper/__pycache__/two_state_publisher.cpython-310.pyc
/home/sam/piper_ros/install/piper/lib/python3.10/site-packages/piper/__pycache__/piper_ctrl_single_node.cpython-310.pyc
/home/sam/piper_ros/install/piper/lib/python3.10/site-packages/piper/__pycache__/piper_ctrl_single_two_state_node.cpython-310.pyc
/home/sam/piper_ros/install/piper/lib/python3.10/site-packages/piper/__pycache__/__init__.cpython-310.pyc
/home/sam/piper_ros/install/piper/share/ament_index/resource_index/packages/piper
/home/sam/piper_ros/install/piper/share/piper/package.xml
/home/sam/piper_ros/install/piper/share/piper/launch/start_single_piper_two_state.launch.py
/home/sam/piper_ros/install/piper/share/piper/launch/start_single_piper.launch.py
/home/sam/piper_ros/install/piper/share/piper/launch/start_single_piper_rviz.launch.py
/home/sam/piper_ros/install/piper/lib/python3.10/site-packages/piper-0.0.0-py3.10.egg-info/entry_points.txt
/home/sam/piper_ros/install/piper/lib/python3.10/site-packages/piper-0.0.0-py3.10.egg-info/SOURCES.txt
/home/sam/piper_ros/install/piper/lib/python3.10/site-packages/piper-0.0.0-py3.10.egg-info/requires.txt
/home/sam/piper_ros/install/piper/lib/python3.10/site-packages/piper-0.0.0-py3.10.egg-info/dependency_links.txt
/home/sam/piper_ros/install/piper/lib/python3.10/site-packages/piper-0.0.0-py3.10.egg-info/PKG-INFO
/home/sam/piper_ros/install/piper/lib/python3.10/site-packages/piper-0.0.0-py3.10.egg-info/zip-safe
/home/sam/piper_ros/install/piper/lib/python3.10/site-packages/piper-0.0.0-py3.10.egg-info/top_level.txt
/home/sam/piper_ros/install/piper/lib/piper/piper_ms_ctrl
/home/sam/piper_ros/install/piper/lib/piper/piper_read_master
/home/sam/piper_ros/install/piper/lib/piper/piper_single_ctrl
/home/sam/piper_ros/install/piper/lib/piper/talker
