[0.068s] Invoking command in '/home/sam/piper_ros/build/piper_description': CMAKE_PREFIX_PATH=${CMAKE_PREFIX_PATH}:/home/sam/piper_ros/install/piper:/home/sam/ws_moveit/install/moveit_configs_utils:/home/sam/ws_moveit/install/launch_param_builder:/opt/ros/humble /usr/bin/cmake --build /home/sam/piper_ros/build/piper_description -- -j4 -l4
[0.538s] Invoked command in '/home/sam/piper_ros/build/piper_description' returned '0': CMAKE_PREFIX_PATH=${CMAKE_PREFIX_PATH}:/home/sam/piper_ros/install/piper:/home/sam/ws_moveit/install/moveit_configs_utils:/home/sam/ws_moveit/install/launch_param_builder:/opt/ros/humble /usr/bin/cmake --build /home/sam/piper_ros/build/piper_description -- -j4 -l4
[0.557s] Invoking command in '/home/sam/piper_ros/build/piper_description': CMAKE_PREFIX_PATH=${CMAKE_PREFIX_PATH}:/home/sam/piper_ros/install/piper:/home/sam/ws_moveit/install/moveit_configs_utils:/home/sam/ws_moveit/install/launch_param_builder:/opt/ros/humble /usr/bin/cmake --install /home/sam/piper_ros/build/piper_description
[0.582s] -- Install configuration: "Debug"
[0.585s] -- Execute custom install script
[0.587s] -- Up-to-date symlink: /home/sam/piper_ros/install/piper_description/share/piper_description/launch/piper_no_gripper/display_no_gripper_urdf.launch.py
[0.589s] -- Up-to-date symlink: /home/sam/piper_ros/install/piper_description/share/piper_description/launch/piper_no_gripper/display_no_gripper_xacro.launch.py
[0.593s] -- Up-to-date symlink: /home/sam/piper_ros/install/piper_description/share/piper_description/launch/piper_with_gripper/display_urdf.launch.py
[0.597s] -- Up-to-date symlink: /home/sam/piper_ros/install/piper_description/share/piper_description/launch/piper_with_gripper/display_xacro.launch.py
[0.599s] -- Up-to-date symlink: /home/sam/piper_ros/install/piper_description/share/piper_description/meshes/base_link.STL
[0.601s] -- Up-to-date symlink: /home/sam/piper_ros/install/piper_description/share/piper_description/meshes/gripper_base.STL
[0.603s] -- Up-to-date symlink: /home/sam/piper_ros/install/piper_description/share/piper_description/meshes/link1.STL
[0.611s] -- Up-to-date symlink: /home/sam/piper_ros/install/piper_description/share/piper_description/meshes/link2.STL
[0.611s] -- Up-to-date symlink: /home/sam/piper_ros/install/piper_description/share/piper_description/meshes/link3.STL
[0.611s] -- Up-to-date symlink: /home/sam/piper_ros/install/piper_description/share/piper_description/meshes/link4.STL
[0.615s] -- Up-to-date symlink: /home/sam/piper_ros/install/piper_description/share/piper_description/meshes/link5.STL
[0.615s] -- Up-to-date symlink: /home/sam/piper_ros/install/piper_description/share/piper_description/meshes/link6.STL
[0.615s] -- Up-to-date symlink: /home/sam/piper_ros/install/piper_description/share/piper_description/meshes/link7.STL
[0.615s] -- Up-to-date symlink: /home/sam/piper_ros/install/piper_description/share/piper_description/meshes/link8.STL
[0.620s] -- Up-to-date symlink: /home/sam/piper_ros/install/piper_description/share/piper_description/rviz/piper_ctrl.rviz
[0.620s] -- Up-to-date symlink: /home/sam/piper_ros/install/piper_description/share/piper_description/rviz/piper_no_gripper.rviz
[0.620s] -- Up-to-date symlink: /home/sam/piper_ros/install/piper_description/share/piper_description/urdf/piper_description.csv
[0.621s] -- Up-to-date symlink: /home/sam/piper_ros/install/piper_description/share/piper_description/urdf/piper_description.urdf
[0.621s] -- Up-to-date symlink: /home/sam/piper_ros/install/piper_description/share/piper_description/urdf/piper_description.xacro
[0.624s] -- Up-to-date symlink: /home/sam/piper_ros/install/piper_description/share/piper_description/urdf/piper_description_gazebo.xacro
[0.624s] -- Up-to-date symlink: /home/sam/piper_ros/install/piper_description/share/piper_description/urdf/piper_description_old.urdf
[0.624s] -- Up-to-date symlink: /home/sam/piper_ros/install/piper_description/share/piper_description/urdf/piper_no_gripper_description.csv
[0.624s] -- Up-to-date symlink: /home/sam/piper_ros/install/piper_description/share/piper_description/urdf/piper_no_gripper_description.urdf
[0.627s] -- Up-to-date symlink: /home/sam/piper_ros/install/piper_description/share/piper_description/urdf/piper_no_gripper_description.xacro
[0.627s] -- Up-to-date symlink: /home/sam/piper_ros/install/piper_description/share/piper_description/urdf/piper_no_gripper_description_gazebo.xacro
[0.630s] -- Up-to-date symlink: /home/sam/piper_ros/install/piper_description/share/piper_description/urdf/piper_no_gripper_description_old.urdf
[0.633s] -- Up-to-date symlink: /home/sam/piper_ros/install/piper_description/share/piper_description/mujoco_model/piper_description.xml
[0.633s] -- Up-to-date symlink: /home/sam/piper_ros/install/piper_description/share/piper_description/mujoco_model/piper_no_gripper_description.xml
[0.636s] -- Up-to-date symlink: /home/sam/piper_ros/install/piper_description/share/ament_index/resource_index/package_run_dependencies/piper_description
[0.637s] -- Up-to-date symlink: /home/sam/piper_ros/install/piper_description/share/ament_index/resource_index/parent_prefix_path/piper_description
[0.638s] -- Up-to-date symlink: /home/sam/piper_ros/install/piper_description/share/piper_description/environment/ament_prefix_path.sh
[0.642s] -- Up-to-date symlink: /home/sam/piper_ros/install/piper_description/share/piper_description/environment/ament_prefix_path.dsv
[0.642s] -- Up-to-date symlink: /home/sam/piper_ros/install/piper_description/share/piper_description/environment/path.sh
[0.642s] -- Up-to-date symlink: /home/sam/piper_ros/install/piper_description/share/piper_description/environment/path.dsv
[0.642s] -- Up-to-date symlink: /home/sam/piper_ros/install/piper_description/share/piper_description/local_setup.bash
[0.644s] -- Up-to-date symlink: /home/sam/piper_ros/install/piper_description/share/piper_description/local_setup.sh
[0.645s] -- Up-to-date symlink: /home/sam/piper_ros/install/piper_description/share/piper_description/local_setup.zsh
[0.645s] -- Up-to-date symlink: /home/sam/piper_ros/install/piper_description/share/piper_description/local_setup.dsv
[0.654s] -- Symlinking: /home/sam/piper_ros/install/piper_description/share/piper_description/package.dsv
[0.676s] -- Up-to-date symlink: /home/sam/piper_ros/install/piper_description/share/ament_index/resource_index/packages/piper_description
[0.677s] -- Up-to-date symlink: /home/sam/piper_ros/install/piper_description/share/piper_description/cmake/piper_descriptionConfig.cmake
[0.678s] -- Up-to-date symlink: /home/sam/piper_ros/install/piper_description/share/piper_description/cmake/piper_descriptionConfig-version.cmake
[0.678s] -- Up-to-date symlink: /home/sam/piper_ros/install/piper_description/share/piper_description/package.xml
[0.685s] Invoked command in '/home/sam/piper_ros/build/piper_description' returned '0': CMAKE_PREFIX_PATH=${CMAKE_PREFIX_PATH}:/home/sam/piper_ros/install/piper:/home/sam/ws_moveit/install/moveit_configs_utils:/home/sam/ws_moveit/install/launch_param_builder:/opt/ros/humble /usr/bin/cmake --install /home/sam/piper_ros/build/piper_description
