[0.548s] Invoking command in '/home/sam/piper_ros/build/piper_gazebo': CMAKE_PREFIX_PATH=${CMAKE_PREFIX_PATH}:/home/sam/piper_ros/install/piper:/home/sam/ws_moveit/install/moveit_configs_utils:/home/sam/ws_moveit/install/launch_param_builder:/opt/ros/humble /usr/bin/cmake --build /home/sam/piper_ros/build/piper_gazebo -- -j4 -l4
[0.689s] Invoked command in '/home/sam/piper_ros/build/piper_gazebo' returned '0': CMAKE_PREFIX_PATH=${CMAKE_PREFIX_PATH}:/home/sam/piper_ros/install/piper:/home/sam/ws_moveit/install/moveit_configs_utils:/home/sam/ws_moveit/install/launch_param_builder:/opt/ros/humble /usr/bin/cmake --build /home/sam/piper_ros/build/piper_gazebo -- -j4 -l4
[0.699s] Invoking command in '/home/sam/piper_ros/build/piper_gazebo': CMAKE_PREFIX_PATH=${CMAKE_PREFIX_PATH}:/home/sam/piper_ros/install/piper:/home/sam/ws_moveit/install/moveit_configs_utils:/home/sam/ws_moveit/install/launch_param_builder:/opt/ros/humble /usr/bin/cmake --install /home/sam/piper_ros/build/piper_gazebo
[0.730s] -- Install configuration: "Debug"
[0.734s] -- Execute custom install script
[0.736s] -- Up-to-date symlink: /home/sam/piper_ros/install/piper_gazebo/share/piper_gazebo/launch/piper_no_gripper/piper_no_gripper_gazebo.launch.py
[0.737s] -- Up-to-date symlink: /home/sam/piper_ros/install/piper_gazebo/share/piper_gazebo/launch/piper_with_gripper/piper_gazebo.launch.py
[0.739s] -- Up-to-date symlink: /home/sam/piper_ros/install/piper_gazebo/share/piper_gazebo/config/ros2_controllers.yaml
[0.742s] -- Up-to-date symlink: /home/sam/piper_ros/install/piper_gazebo/share/piper_gazebo/config/ros2_no_gripper_controllers.yaml
[0.743s] -- Up-to-date symlink: /home/sam/piper_ros/install/piper_gazebo/share/piper_gazebo/scripts/joint8_ctrl.py
[0.744s] -- Up-to-date symlink: /home/sam/piper_ros/install/piper_gazebo/lib/piper_gazebo/joint8_ctrl.py
[0.745s] -- Up-to-date symlink: /home/sam/piper_ros/install/piper_gazebo/share/ament_index/resource_index/package_run_dependencies/piper_gazebo
[0.746s] -- Up-to-date symlink: /home/sam/piper_ros/install/piper_gazebo/share/ament_index/resource_index/parent_prefix_path/piper_gazebo
[0.754s] -- Up-to-date symlink: /home/sam/piper_ros/install/piper_gazebo/share/piper_gazebo/environment/ament_prefix_path.sh
[0.755s] -- Up-to-date symlink: /home/sam/piper_ros/install/piper_gazebo/share/piper_gazebo/environment/ament_prefix_path.dsv
[0.759s] -- Up-to-date symlink: /home/sam/piper_ros/install/piper_gazebo/share/piper_gazebo/environment/path.sh
[0.761s] -- Up-to-date symlink: /home/sam/piper_ros/install/piper_gazebo/share/piper_gazebo/environment/path.dsv
[0.765s] -- Up-to-date symlink: /home/sam/piper_ros/install/piper_gazebo/share/piper_gazebo/local_setup.bash
[0.766s] -- Up-to-date symlink: /home/sam/piper_ros/install/piper_gazebo/share/piper_gazebo/local_setup.sh
[0.766s] -- Up-to-date symlink: /home/sam/piper_ros/install/piper_gazebo/share/piper_gazebo/local_setup.zsh
[0.768s] -- Up-to-date symlink: /home/sam/piper_ros/install/piper_gazebo/share/piper_gazebo/local_setup.dsv
[0.768s] -- Symlinking: /home/sam/piper_ros/install/piper_gazebo/share/piper_gazebo/package.dsv
[0.802s] -- Up-to-date symlink: /home/sam/piper_ros/install/piper_gazebo/share/ament_index/resource_index/packages/piper_gazebo
[0.804s] -- Up-to-date symlink: /home/sam/piper_ros/install/piper_gazebo/share/piper_gazebo/cmake/piper_gazeboConfig.cmake
[0.806s] -- Up-to-date symlink: /home/sam/piper_ros/install/piper_gazebo/share/piper_gazebo/cmake/piper_gazeboConfig-version.cmake
[0.807s] -- Up-to-date symlink: /home/sam/piper_ros/install/piper_gazebo/share/piper_gazebo/package.xml
[0.814s] Invoked command in '/home/sam/piper_ros/build/piper_gazebo' returned '0': CMAKE_PREFIX_PATH=${CMAKE_PREFIX_PATH}:/home/sam/piper_ros/install/piper:/home/sam/ws_moveit/install/moveit_configs_utils:/home/sam/ws_moveit/install/launch_param_builder:/opt/ros/humble /usr/bin/cmake --install /home/sam/piper_ros/build/piper_gazebo
