[0.501s] Invoking command in '/home/sam/piper_ros/build/piper_gazebo': CMAKE_PREFIX_PATH=/opt/ros/humble /usr/bin/cmake /home/sam/piper_ros/src/piper_sim/piper_gazebo -DAMENT_CMAKE_SYMLINK_INSTALL=1 -DCMAKE_INSTALL_PREFIX=/home/sam/piper_ros/install/piper_gazebo
[0.529s] -- Found ament_cmake: 1.3.11 (/opt/ros/humble/share/ament_cmake/cmake)
[0.908s] -- Override CMake install command with custom implementation using symlinks instead of copying resources
[0.925s] -- Found ament_lint_auto: 0.12.11 (/opt/ros/humble/share/ament_lint_auto/cmake)
[1.093s] -- Added test 'copyright' to check source files copyright and LICENSE
[1.093s] -- Added test 'flake8' to check Python code syntax and style conventions
[1.094s] -- Added test 'lint_cmake' to check CMake code style
[1.095s] -- Added test 'pep257' to check Python code against some of the docstring style conventions in PEP 257
[1.097s] -- Added test 'xmllint' to check XML markup files
[1.101s] -- Configuring done
[1.112s] -- Generating done
[1.119s] -- Build files have been written to: /home/sam/piper_ros/build/piper_gazebo
[1.121s] Invoked command in '/home/sam/piper_ros/build/piper_gazebo' returned '0': CMAKE_PREFIX_PATH=/opt/ros/humble /usr/bin/cmake /home/sam/piper_ros/src/piper_sim/piper_gazebo -DAMENT_CMAKE_SYMLINK_INSTALL=1 -DCMAKE_INSTALL_PREFIX=/home/sam/piper_ros/install/piper_gazebo
[1.123s] Invoking command in '/home/sam/piper_ros/build/piper_gazebo': CMAKE_PREFIX_PATH=/opt/ros/humble /usr/bin/cmake --build /home/sam/piper_ros/build/piper_gazebo -- -j4 -l4
[1.217s] Invoked command in '/home/sam/piper_ros/build/piper_gazebo' returned '0': CMAKE_PREFIX_PATH=/opt/ros/humble /usr/bin/cmake --build /home/sam/piper_ros/build/piper_gazebo -- -j4 -l4
[1.225s] Invoking command in '/home/sam/piper_ros/build/piper_gazebo': CMAKE_PREFIX_PATH=/opt/ros/humble /usr/bin/cmake --install /home/sam/piper_ros/build/piper_gazebo
[1.251s] -- Install configuration: ""
[1.252s] -- Execute custom install script
[1.253s] -- Symlinking: /home/sam/piper_ros/install/piper_gazebo/share/piper_gazebo/launch/piper_no_gripper/piper_no_gripper_gazebo.launch.py
[1.285s] -- Symlinking: /home/sam/piper_ros/install/piper_gazebo/share/piper_gazebo/launch/piper_with_gripper/piper_gazebo.launch.py
[1.313s] -- Symlinking: /home/sam/piper_ros/install/piper_gazebo/share/piper_gazebo/config/ros2_controllers.yaml
[1.350s] -- Symlinking: /home/sam/piper_ros/install/piper_gazebo/share/piper_gazebo/config/ros2_no_gripper_controllers.yaml
[1.366s] -- Symlinking: /home/sam/piper_ros/install/piper_gazebo/share/piper_gazebo/scripts/joint8_ctrl.py
[1.382s] -- Symlinking: /home/sam/piper_ros/install/piper_gazebo/lib/piper_gazebo/joint8_ctrl.py
[1.408s] -- Symlinking: /home/sam/piper_ros/install/piper_gazebo/share/ament_index/resource_index/package_run_dependencies/piper_gazebo
[1.433s] -- Symlinking: /home/sam/piper_ros/install/piper_gazebo/share/ament_index/resource_index/parent_prefix_path/piper_gazebo
[1.449s] -- Symlinking: /home/sam/piper_ros/install/piper_gazebo/share/piper_gazebo/environment/ament_prefix_path.sh
[1.465s] -- Symlinking: /home/sam/piper_ros/install/piper_gazebo/share/piper_gazebo/environment/ament_prefix_path.dsv
[1.480s] -- Symlinking: /home/sam/piper_ros/install/piper_gazebo/share/piper_gazebo/environment/path.sh
[1.496s] -- Symlinking: /home/sam/piper_ros/install/piper_gazebo/share/piper_gazebo/environment/path.dsv
[1.512s] -- Symlinking: /home/sam/piper_ros/install/piper_gazebo/share/piper_gazebo/local_setup.bash
[1.534s] -- Symlinking: /home/sam/piper_ros/install/piper_gazebo/share/piper_gazebo/local_setup.sh
[1.566s] -- Symlinking: /home/sam/piper_ros/install/piper_gazebo/share/piper_gazebo/local_setup.zsh
[1.604s] -- Symlinking: /home/sam/piper_ros/install/piper_gazebo/share/piper_gazebo/local_setup.dsv
[1.620s] -- Symlinking: /home/sam/piper_ros/install/piper_gazebo/share/piper_gazebo/package.dsv
[1.633s] -- Symlinking: /home/sam/piper_ros/install/piper_gazebo/share/ament_index/resource_index/packages/piper_gazebo
[1.648s] -- Symlinking: /home/sam/piper_ros/install/piper_gazebo/share/piper_gazebo/cmake/piper_gazeboConfig.cmake
[1.663s] -- Symlinking: /home/sam/piper_ros/install/piper_gazebo/share/piper_gazebo/cmake/piper_gazeboConfig-version.cmake
[1.686s] -- Symlinking: /home/sam/piper_ros/install/piper_gazebo/share/piper_gazebo/package.xml
[1.718s] Invoked command in '/home/sam/piper_ros/build/piper_gazebo' returned '0': CMAKE_PREFIX_PATH=/opt/ros/humble /usr/bin/cmake --install /home/sam/piper_ros/build/piper_gazebo
