[0.076s] Invoking command in '/home/sam/piper_ros/build/piper_mujoco': CMAKE_PREFIX_PATH=${CMAKE_PREFIX_PATH}:/home/sam/piper_ros/install/piper:/home/sam/ws_moveit/install/moveit_configs_utils:/home/sam/ws_moveit/install/launch_param_builder:/opt/ros/humble /usr/bin/cmake --build /home/sam/piper_ros/build/piper_mujoco -- -j4 -l4
[0.259s] Invoked command in '/home/sam/piper_ros/build/piper_mujoco' returned '0': CMAKE_PREFIX_PATH=${CMAKE_PREFIX_PATH}:/home/sam/piper_ros/install/piper:/home/sam/ws_moveit/install/moveit_configs_utils:/home/sam/ws_moveit/install/launch_param_builder:/opt/ros/humble /usr/bin/cmake --build /home/sam/piper_ros/build/piper_mujoco -- -j4 -l4
[0.265s] Invoking command in '/home/sam/piper_ros/build/piper_mujoco': CMAKE_PREFIX_PATH=${CMAKE_PREFIX_PATH}:/home/sam/piper_ros/install/piper:/home/sam/ws_moveit/install/moveit_configs_utils:/home/sam/ws_moveit/install/launch_param_builder:/opt/ros/humble /usr/bin/cmake --install /home/sam/piper_ros/build/piper_mujoco
[0.302s] -- Install configuration: "Debug"
[0.303s] -- Execute custom install script
[0.304s] -- Up-to-date symlink: /home/sam/piper_ros/install/piper_mujoco/lib/piper_mujoco/piper_mujoco_ctrl.py
[0.306s] -- Up-to-date symlink: /home/sam/piper_ros/install/piper_mujoco/lib/piper_mujoco/piper_no_gripper_mujoco_ctrl.py
[0.308s] -- Up-to-date symlink: /home/sam/piper_ros/install/piper_mujoco/share/ament_index/resource_index/package_run_dependencies/piper_mujoco
[0.310s] -- Up-to-date symlink: /home/sam/piper_ros/install/piper_mujoco/share/ament_index/resource_index/parent_prefix_path/piper_mujoco
[0.311s] -- Up-to-date symlink: /home/sam/piper_ros/install/piper_mujoco/share/piper_mujoco/environment/ament_prefix_path.sh
[0.313s] -- Up-to-date symlink: /home/sam/piper_ros/install/piper_mujoco/share/piper_mujoco/environment/ament_prefix_path.dsv
[0.317s] -- Up-to-date symlink: /home/sam/piper_ros/install/piper_mujoco/share/piper_mujoco/environment/path.sh
[0.320s] -- Up-to-date symlink: /home/sam/piper_ros/install/piper_mujoco/share/piper_mujoco/environment/path.dsv
[0.320s] -- Up-to-date symlink: /home/sam/piper_ros/install/piper_mujoco/share/piper_mujoco/local_setup.bash
[0.325s] -- Up-to-date symlink: /home/sam/piper_ros/install/piper_mujoco/share/piper_mujoco/local_setup.sh
[0.325s] -- Up-to-date symlink: /home/sam/piper_ros/install/piper_mujoco/share/piper_mujoco/local_setup.zsh
[0.330s] -- Up-to-date symlink: /home/sam/piper_ros/install/piper_mujoco/share/piper_mujoco/local_setup.dsv
[0.330s] -- Symlinking: /home/sam/piper_ros/install/piper_mujoco/share/piper_mujoco/package.dsv
[0.377s] -- Up-to-date symlink: /home/sam/piper_ros/install/piper_mujoco/share/ament_index/resource_index/packages/piper_mujoco
[0.383s] -- Up-to-date symlink: /home/sam/piper_ros/install/piper_mujoco/share/piper_mujoco/cmake/piper_mujocoConfig.cmake
[0.383s] -- Up-to-date symlink: /home/sam/piper_ros/install/piper_mujoco/share/piper_mujoco/cmake/piper_mujocoConfig-version.cmake
[0.383s] -- Up-to-date symlink: /home/sam/piper_ros/install/piper_mujoco/share/piper_mujoco/package.xml
[0.393s] Invoked command in '/home/sam/piper_ros/build/piper_mujoco' returned '0': CMAKE_PREFIX_PATH=${CMAKE_PREFIX_PATH}:/home/sam/piper_ros/install/piper:/home/sam/ws_moveit/install/moveit_configs_utils:/home/sam/ws_moveit/install/launch_param_builder:/opt/ros/humble /usr/bin/cmake --install /home/sam/piper_ros/build/piper_mujoco
