[0.012s] Invoking command in '/home/sam/piper_ros/build/piper_with_gripper_moveit': AMENT_PREFIX_PATH=/home/sam/piper_ros/install/piper_description:${AMENT_PREFIX_PATH} CMAKE_PREFIX_PATH=/home/sam/piper_ros/install/piper_description:/opt/ros/humble /usr/bin/cmake /home/sam/piper_ros/src/piper_moveit/piper_with_gripper_moveit -DCMAKE_INSTALL_PREFIX=/home/sam/piper_ros/install/piper_with_gripper_moveit
[0.118s] -- The C compiler identification is GNU 11.4.0
[0.226s] -- The CXX compiler identification is GNU 11.4.0
[0.241s] -- Detecting C compiler ABI info
[0.391s] -- Detecting C compiler ABI info - done
[0.414s] -- Check for working C compiler: /usr/bin/cc - skipped
[0.415s] -- Detecting C compile features
[0.415s] -- Detecting C compile features - done
[0.422s] -- Detecting CXX compiler ABI info
[0.576s] -- Detecting CXX compiler ABI info - done
[0.597s] -- Check for working CXX compiler: /usr/bin/c++ - skipped
[0.598s] -- Detecting CXX compile features
[0.599s] -- Detecting CXX compile features - done
[0.606s] -- Found ament_cmake: 1.3.11 (/opt/ros/humble/share/ament_cmake/cmake)
[0.883s] -- Found Python3: /usr/bin/python3 (found version "3.10.12") found components: Interpreter 
[1.121s] -- Configuring done
[1.124s] -- Generating done
[1.126s] -- Build files have been written to: /home/sam/piper_ros/build/piper_with_gripper_moveit
[1.131s] Invoked command in '/home/sam/piper_ros/build/piper_with_gripper_moveit' returned '0': AMENT_PREFIX_PATH=/home/sam/piper_ros/install/piper_description:${AMENT_PREFIX_PATH} CMAKE_PREFIX_PATH=/home/sam/piper_ros/install/piper_description:/opt/ros/humble /usr/bin/cmake /home/sam/piper_ros/src/piper_moveit/piper_with_gripper_moveit -DCMAKE_INSTALL_PREFIX=/home/sam/piper_ros/install/piper_with_gripper_moveit
[1.134s] Invoking command in '/home/sam/piper_ros/build/piper_with_gripper_moveit': AMENT_PREFIX_PATH=/home/sam/piper_ros/install/piper_description:${AMENT_PREFIX_PATH} CMAKE_PREFIX_PATH=/home/sam/piper_ros/install/piper_description:/opt/ros/humble /usr/bin/cmake --build /home/sam/piper_ros/build/piper_with_gripper_moveit -- -j4 -l4
[1.179s] Invoked command in '/home/sam/piper_ros/build/piper_with_gripper_moveit' returned '0': AMENT_PREFIX_PATH=/home/sam/piper_ros/install/piper_description:${AMENT_PREFIX_PATH} CMAKE_PREFIX_PATH=/home/sam/piper_ros/install/piper_description:/opt/ros/humble /usr/bin/cmake --build /home/sam/piper_ros/build/piper_with_gripper_moveit -- -j4 -l4
[1.181s] Invoking command in '/home/sam/piper_ros/build/piper_with_gripper_moveit': AMENT_PREFIX_PATH=/home/sam/piper_ros/install/piper_description:${AMENT_PREFIX_PATH} CMAKE_PREFIX_PATH=/home/sam/piper_ros/install/piper_description:/opt/ros/humble /usr/bin/cmake --install /home/sam/piper_ros/build/piper_with_gripper_moveit
[1.189s] -- Install configuration: ""
[1.189s] -- Installing: /home/sam/piper_ros/install/piper_with_gripper_moveit/share/ament_index/resource_index/package_run_dependencies/piper_with_gripper_moveit
[1.190s] -- Installing: /home/sam/piper_ros/install/piper_with_gripper_moveit/share/ament_index/resource_index/parent_prefix_path/piper_with_gripper_moveit
[1.190s] -- Installing: /home/sam/piper_ros/install/piper_with_gripper_moveit/share/piper_with_gripper_moveit/environment/ament_prefix_path.sh
[1.190s] -- Installing: /home/sam/piper_ros/install/piper_with_gripper_moveit/share/piper_with_gripper_moveit/environment/ament_prefix_path.dsv
[1.191s] -- Installing: /home/sam/piper_ros/install/piper_with_gripper_moveit/share/piper_with_gripper_moveit/environment/path.sh
[1.191s] -- Installing: /home/sam/piper_ros/install/piper_with_gripper_moveit/share/piper_with_gripper_moveit/environment/path.dsv
[1.191s] -- Installing: /home/sam/piper_ros/install/piper_with_gripper_moveit/share/piper_with_gripper_moveit/local_setup.bash
[1.191s] -- Installing: /home/sam/piper_ros/install/piper_with_gripper_moveit/share/piper_with_gripper_moveit/local_setup.sh
[1.192s] -- Installing: /home/sam/piper_ros/install/piper_with_gripper_moveit/share/piper_with_gripper_moveit/local_setup.zsh
[1.192s] -- Installing: /home/sam/piper_ros/install/piper_with_gripper_moveit/share/piper_with_gripper_moveit/local_setup.dsv
[1.192s] -- Installing: /home/sam/piper_ros/install/piper_with_gripper_moveit/share/piper_with_gripper_moveit/package.dsv
[1.192s] -- Installing: /home/sam/piper_ros/install/piper_with_gripper_moveit/share/ament_index/resource_index/packages/piper_with_gripper_moveit
[1.192s] -- Installing: /home/sam/piper_ros/install/piper_with_gripper_moveit/share/piper_with_gripper_moveit/cmake/piper_with_gripper_moveitConfig.cmake
[1.192s] -- Installing: /home/sam/piper_ros/install/piper_with_gripper_moveit/share/piper_with_gripper_moveit/cmake/piper_with_gripper_moveitConfig-version.cmake
[1.193s] -- Installing: /home/sam/piper_ros/install/piper_with_gripper_moveit/share/piper_with_gripper_moveit/package.xml
[1.193s] -- Installing: /home/sam/piper_ros/install/piper_with_gripper_moveit/share/piper_with_gripper_moveit/launch
[1.193s] -- Installing: /home/sam/piper_ros/install/piper_with_gripper_moveit/share/piper_with_gripper_moveit/launch/warehouse_db.launch.py
[1.193s] -- Installing: /home/sam/piper_ros/install/piper_with_gripper_moveit/share/piper_with_gripper_moveit/launch/static_virtual_joint_tfs.launch.py
[1.193s] -- Installing: /home/sam/piper_ros/install/piper_with_gripper_moveit/share/piper_with_gripper_moveit/launch/spawn_controllers.launch.py
[1.194s] -- Installing: /home/sam/piper_ros/install/piper_with_gripper_moveit/share/piper_with_gripper_moveit/launch/setup_assistant.launch.py
[1.194s] -- Installing: /home/sam/piper_ros/install/piper_with_gripper_moveit/share/piper_with_gripper_moveit/launch/piper_moveit.launch.py
[1.194s] -- Installing: /home/sam/piper_ros/install/piper_with_gripper_moveit/share/piper_with_gripper_moveit/launch/rsp.launch.py
[1.194s] -- Installing: /home/sam/piper_ros/install/piper_with_gripper_moveit/share/piper_with_gripper_moveit/launch/move_group.launch.py
[1.194s] -- Installing: /home/sam/piper_ros/install/piper_with_gripper_moveit/share/piper_with_gripper_moveit/launch/moveit_rviz.launch.py
[1.195s] -- Installing: /home/sam/piper_ros/install/piper_with_gripper_moveit/share/piper_with_gripper_moveit/launch/demo.launch.py
[1.195s] -- Installing: /home/sam/piper_ros/install/piper_with_gripper_moveit/share/piper_with_gripper_moveit/config
[1.195s] -- Installing: /home/sam/piper_ros/install/piper_with_gripper_moveit/share/piper_with_gripper_moveit/config/initial_positions.yaml
[1.195s] -- Installing: /home/sam/piper_ros/install/piper_with_gripper_moveit/share/piper_with_gripper_moveit/config/kinematics.yaml
[1.195s] -- Installing: /home/sam/piper_ros/install/piper_with_gripper_moveit/share/piper_with_gripper_moveit/config/moveit.rviz
[1.195s] -- Installing: /home/sam/piper_ros/install/piper_with_gripper_moveit/share/piper_with_gripper_moveit/config/piper.ros2_control.xacro
[1.196s] -- Installing: /home/sam/piper_ros/install/piper_with_gripper_moveit/share/piper_with_gripper_moveit/config/pilz_cartesian_limits.yaml
[1.196s] -- Installing: /home/sam/piper_ros/install/piper_with_gripper_moveit/share/piper_with_gripper_moveit/config/moveit_controllers.yaml
[1.196s] -- Installing: /home/sam/piper_ros/install/piper_with_gripper_moveit/share/piper_with_gripper_moveit/config/ros2_controllers.yaml
[1.196s] -- Installing: /home/sam/piper_ros/install/piper_with_gripper_moveit/share/piper_with_gripper_moveit/config/piper.urdf.xacro
[1.196s] -- Installing: /home/sam/piper_ros/install/piper_with_gripper_moveit/share/piper_with_gripper_moveit/config/piper.srdf
[1.196s] -- Installing: /home/sam/piper_ros/install/piper_with_gripper_moveit/share/piper_with_gripper_moveit/config/joint_limits.yaml
[1.197s] -- Installing: /home/sam/piper_ros/install/piper_with_gripper_moveit/share/piper_with_gripper_moveit/config/sensors_3d.yaml
[1.197s] -- Installing: /home/sam/piper_ros/install/piper_with_gripper_moveit/share/piper_with_gripper_moveit/.setup_assistant
[1.200s] Invoked command in '/home/sam/piper_ros/build/piper_with_gripper_moveit' returned '0': AMENT_PREFIX_PATH=/home/sam/piper_ros/install/piper_description:${AMENT_PREFIX_PATH} CMAKE_PREFIX_PATH=/home/sam/piper_ros/install/piper_description:/opt/ros/humble /usr/bin/cmake --install /home/sam/piper_ros/build/piper_with_gripper_moveit
