[0.045s] Invoking command in '/home/sam/piper_ros/build/piper_msgs': CMAKE_PREFIX_PATH=${CMAKE_PREFIX_PATH}:/home/sam/ws_moveit/install/moveit_configs_utils:/home/sam/ws_moveit/install/launch_param_builder:/opt/ros/humble /usr/bin/cmake /home/sam/piper_ros/src/piper_msgs -DCMAKE_BUILD_TYPE=Debug -DCMAKE_INSTALL_PREFIX=/home/sam/piper_ros/install/piper_msgs
[0.094s] -- Found ament_cmake: 1.3.11 (/opt/ros/humble/share/ament_cmake/cmake)
[0.533s] -- Override CMake install command with custom implementation using symlinks instead of copying resources
[0.548s] -- Found rclpy: 3.3.16 (/opt/ros/humble/share/rclpy/cmake)
[0.550s] -- Found rosidl_default_generators: 1.2.0 (/opt/ros/humble/share/rosidl_default_generators/cmake)
[0.578s] -- Using all available rosidl_typesupport_c: rosidl_typesupport_fastrtps_c;rosidl_typesupport_introspection_c
[0.593s] -- Found rosidl_adapter: 3.1.6 (/opt/ros/humble/share/rosidl_adapter/cmake)
[0.729s] -- Using all available rosidl_typesupport_cpp: rosidl_typesupport_fastrtps_cpp;rosidl_typesupport_introspection_cpp
[1.675s] -- Found ament_cmake_ros: 0.10.0 (/opt/ros/humble/share/ament_cmake_ros/cmake)
[2.275s] -- Using all available rosidl_typesupport_c: rosidl_typesupport_fastrtps_c;rosidl_typesupport_introspection_c
[3.061s] -- Using all available rosidl_typesupport_cpp: rosidl_typesupport_fastrtps_cpp;rosidl_typesupport_introspection_cpp
[3.126s] -- Found python_cmake_module: 0.10.0 (/opt/ros/humble/share/python_cmake_module/cmake)
[3.204s] -- Using PYTHON_EXECUTABLE: /usr/bin/python3
[3.204s] -- Using PYTHON_INCLUDE_DIRS: /usr/include/python3.10
[3.204s] -- Using PYTHON_LIBRARIES: /usr/lib/x86_64-linux-gnu/libpython3.10.so
[3.344s] -- Found ament_lint_auto: 0.12.12 (/opt/ros/humble/share/ament_lint_auto/cmake)
[3.398s] -- Added test 'lint_cmake' to check CMake code style
[3.403s] -- Added test 'xmllint' to check XML markup files
[3.422s] -- Configuring done
[3.541s] -- Generating done
[3.581s] -- Build files have been written to: /home/sam/piper_ros/build/piper_msgs
[3.611s] Invoked command in '/home/sam/piper_ros/build/piper_msgs' returned '0': CMAKE_PREFIX_PATH=${CMAKE_PREFIX_PATH}:/home/sam/ws_moveit/install/moveit_configs_utils:/home/sam/ws_moveit/install/launch_param_builder:/opt/ros/humble /usr/bin/cmake /home/sam/piper_ros/src/piper_msgs -DCMAKE_BUILD_TYPE=Debug -DCMAKE_INSTALL_PREFIX=/home/sam/piper_ros/install/piper_msgs
[3.621s] Invoking command in '/home/sam/piper_ros/build/piper_msgs': CMAKE_PREFIX_PATH=${CMAKE_PREFIX_PATH}:/home/sam/ws_moveit/install/moveit_configs_utils:/home/sam/ws_moveit/install/launch_param_builder:/opt/ros/humble /usr/bin/cmake --build /home/sam/piper_ros/build/piper_msgs -- -j4 -l4
[3.869s] [35m[1mConsolidate compiler generated dependencies of target piper_msgs__rosidl_generator_c[0m
[3.961s] [  2%] [32mBuilding C object CMakeFiles/piper_msgs__rosidl_generator_c.dir/rosidl_generator_c/piper_msgs/msg/detail/pos_cmd__functions.c.o[0m
[3.967s] [  4%] Built target piper_msgs__cpp
[3.991s] [  6%] [32mBuilding C object CMakeFiles/piper_msgs__rosidl_generator_c.dir/rosidl_generator_c/piper_msgs/msg/detail/piper_status_msg__functions.c.o[0m
[4.040s] [  8%] [32mBuilding C object CMakeFiles/piper_msgs__rosidl_generator_c.dir/rosidl_generator_c/piper_msgs/srv/detail/enable__functions.c.o[0m
[4.057s] [  8%] Built target ament_cmake_python_symlink_piper_msgs
[4.174s] [35m[1mConsolidate compiler generated dependencies of target piper_msgs__rosidl_typesupport_cpp[0m
[4.198s] [35m[1mConsolidate compiler generated dependencies of target piper_msgs__rosidl_typesupport_fastrtps_cpp[0m
[4.323s] [35m[1mConsolidate compiler generated dependencies of target piper_msgs__rosidl_typesupport_introspection_cpp[0m
[4.328s] [ 10%] [32mBuilding CXX object CMakeFiles/piper_msgs__rosidl_typesupport_fastrtps_cpp.dir/rosidl_typesupport_fastrtps_cpp/piper_msgs/msg/detail/dds_fastrtps/piper_status_msg__type_support.cpp.o[0m
[4.335s] [ 12%] [32mBuilding CXX object CMakeFiles/piper_msgs__rosidl_typesupport_cpp.dir/rosidl_typesupport_cpp/piper_msgs/msg/piper_status_msg__type_support.cpp.o[0m
[4.387s] [ 14%] [32m[1mLinking C shared library libpiper_msgs__rosidl_generator_c.so[0m
[4.398s] [ 17%] [32mBuilding CXX object CMakeFiles/piper_msgs__rosidl_typesupport_introspection_cpp.dir/rosidl_typesupport_introspection_cpp/piper_msgs/msg/detail/piper_status_msg__type_support.cpp.o[0m
[4.644s] [ 19%] Built target piper_msgs__rosidl_generator_c
[4.740s] [ 21%] [32mBuilding CXX object CMakeFiles/piper_msgs__rosidl_typesupport_cpp.dir/rosidl_typesupport_cpp/piper_msgs/msg/pos_cmd__type_support.cpp.o[0m
[5.915s] [ 23%] [32mBuilding CXX object CMakeFiles/piper_msgs__rosidl_typesupport_fastrtps_cpp.dir/rosidl_typesupport_fastrtps_cpp/piper_msgs/msg/detail/dds_fastrtps/pos_cmd__type_support.cpp.o[0m
[5.969s] [ 25%] [32mBuilding CXX object CMakeFiles/piper_msgs__rosidl_typesupport_cpp.dir/rosidl_typesupport_cpp/piper_msgs/srv/enable__type_support.cpp.o[0m
[6.094s] [ 27%] [32mBuilding CXX object CMakeFiles/piper_msgs__rosidl_typesupport_introspection_cpp.dir/rosidl_typesupport_introspection_cpp/piper_msgs/msg/detail/pos_cmd__type_support.cpp.o[0m
[6.579s] running egg_info
[6.585s] writing piper_msgs.egg-info/PKG-INFO
[6.586s] writing dependency_links to piper_msgs.egg-info/dependency_links.txt
[6.586s] writing top-level names to piper_msgs.egg-info/top_level.txt
[6.588s] reading manifest file 'piper_msgs.egg-info/SOURCES.txt'
[6.591s] writing manifest file 'piper_msgs.egg-info/SOURCES.txt'
[6.634s] [ 29%] [32m[1mLinking CXX shared library libpiper_msgs__rosidl_typesupport_cpp.so[0m
[6.702s] [ 29%] Built target ament_cmake_python_build_piper_msgs_egg
[6.749s] [35m[1mConsolidate compiler generated dependencies of target piper_msgs__rosidl_typesupport_fastrtps_c[0m
[6.770s] [ 31%] Built target piper_msgs__rosidl_typesupport_cpp
[6.796s] [ 34%] [32mBuilding CXX object CMakeFiles/piper_msgs__rosidl_typesupport_fastrtps_cpp.dir/rosidl_typesupport_fastrtps_cpp/piper_msgs/srv/detail/dds_fastrtps/enable__type_support.cpp.o[0m
[6.819s] [ 36%] [32mBuilding CXX object CMakeFiles/piper_msgs__rosidl_typesupport_fastrtps_c.dir/rosidl_typesupport_fastrtps_c/piper_msgs/msg/detail/piper_status_msg__type_support_c.cpp.o[0m
[7.346s] [ 38%] [32mBuilding CXX object CMakeFiles/piper_msgs__rosidl_typesupport_fastrtps_c.dir/rosidl_typesupport_fastrtps_c/piper_msgs/msg/detail/pos_cmd__type_support_c.cpp.o[0m
[7.591s] [ 40%] [32mBuilding CXX object CMakeFiles/piper_msgs__rosidl_typesupport_introspection_cpp.dir/rosidl_typesupport_introspection_cpp/piper_msgs/srv/detail/enable__type_support.cpp.o[0m
[8.280s] [35m[1mConsolidate compiler generated dependencies of target piper_msgs__rosidl_typesupport_introspection_c[0m
[8.343s] [ 42%] [32m[1mLinking CXX shared library libpiper_msgs__rosidl_typesupport_fastrtps_cpp.so[0m
[8.356s] [ 44%] [32mBuilding C object CMakeFiles/piper_msgs__rosidl_typesupport_introspection_c.dir/rosidl_typesupport_introspection_c/piper_msgs/msg/detail/piper_status_msg__type_support.c.o[0m
[8.512s] [ 46%] [32mBuilding C object CMakeFiles/piper_msgs__rosidl_typesupport_introspection_c.dir/rosidl_typesupport_introspection_c/piper_msgs/msg/detail/pos_cmd__type_support.c.o[0m
[8.675s] [ 48%] Built target piper_msgs__rosidl_typesupport_fastrtps_cpp
[8.706s] [ 51%] [32mBuilding C object CMakeFiles/piper_msgs__rosidl_typesupport_introspection_c.dir/rosidl_typesupport_introspection_c/piper_msgs/srv/detail/enable__type_support.c.o[0m
[8.739s] [35m[1mConsolidate compiler generated dependencies of target piper_msgs__rosidl_typesupport_c[0m
[8.790s] [ 53%] [32mBuilding CXX object CMakeFiles/piper_msgs__rosidl_typesupport_c.dir/rosidl_typesupport_c/piper_msgs/msg/piper_status_msg__type_support.cpp.o[0m
[8.836s] [ 55%] [32mBuilding CXX object CMakeFiles/piper_msgs__rosidl_typesupport_fastrtps_c.dir/rosidl_typesupport_fastrtps_c/piper_msgs/srv/detail/enable__type_support_c.cpp.o[0m
[8.851s] [ 57%] [32m[1mLinking CXX shared library libpiper_msgs__rosidl_typesupport_introspection_cpp.so[0m
[8.884s] [ 59%] [32m[1mLinking C shared library libpiper_msgs__rosidl_typesupport_introspection_c.so[0m
[8.934s] [ 61%] [32mBuilding CXX object CMakeFiles/piper_msgs__rosidl_typesupport_c.dir/rosidl_typesupport_c/piper_msgs/msg/pos_cmd__type_support.cpp.o[0m
[8.989s] [ 63%] Built target piper_msgs__rosidl_typesupport_introspection_c
[9.023s] [ 65%] [32mBuilding CXX object CMakeFiles/piper_msgs__rosidl_typesupport_c.dir/rosidl_typesupport_c/piper_msgs/srv/enable__type_support.cpp.o[0m
[9.038s] [ 68%] Built target piper_msgs__rosidl_typesupport_introspection_cpp
[9.102s] [ 70%] [32m[1mLinking CXX shared library libpiper_msgs__rosidl_typesupport_c.so[0m
[9.221s] [ 72%] Built target piper_msgs__rosidl_typesupport_c
[9.567s] [ 74%] [32m[1mLinking CXX shared library libpiper_msgs__rosidl_typesupport_fastrtps_c.so[0m
[9.705s] [ 76%] Built target piper_msgs__rosidl_typesupport_fastrtps_c
[9.754s] [ 76%] Built target piper_msgs
[9.797s] [ 78%] Built target piper_msgs__py
[9.820s] [35m[1mConsolidate compiler generated dependencies of target piper_msgs__rosidl_generator_py[0m
[9.859s] [ 80%] [32mBuilding C object CMakeFiles/piper_msgs__rosidl_generator_py.dir/rosidl_generator_py/piper_msgs/msg/_pos_cmd_s.c.o[0m
[9.859s] [ 82%] [32mBuilding C object CMakeFiles/piper_msgs__rosidl_generator_py.dir/rosidl_generator_py/piper_msgs/msg/_piper_status_msg_s.c.o[0m
[9.878s] [ 85%] [32mBuilding C object CMakeFiles/piper_msgs__rosidl_generator_py.dir/rosidl_generator_py/piper_msgs/srv/_enable_s.c.o[0m
[10.200s] [ 87%] [32m[1mLinking C shared library rosidl_generator_py/piper_msgs/libpiper_msgs__rosidl_generator_py.so[0m
[10.275s] [ 87%] Built target piper_msgs__rosidl_generator_py
[10.309s] [35m[1mConsolidate compiler generated dependencies of target piper_msgs__rosidl_typesupport_fastrtps_c__pyext[0m
[10.309s] [35m[1mConsolidate compiler generated dependencies of target piper_msgs__rosidl_typesupport_c__pyext[0m
[10.315s] [35m[1mConsolidate compiler generated dependencies of target piper_msgs__rosidl_typesupport_introspection_c__pyext[0m
[10.355s] [ 89%] [32mBuilding C object CMakeFiles/piper_msgs__rosidl_typesupport_c__pyext.dir/rosidl_generator_py/piper_msgs/_piper_msgs_s.ep.rosidl_typesupport_c.c.o[0m
[10.369s] [ 91%] [32mBuilding C object CMakeFiles/piper_msgs__rosidl_typesupport_introspection_c__pyext.dir/rosidl_generator_py/piper_msgs/_piper_msgs_s.ep.rosidl_typesupport_introspection_c.c.o[0m
[10.385s] [ 93%] [32mBuilding C object CMakeFiles/piper_msgs__rosidl_typesupport_fastrtps_c__pyext.dir/rosidl_generator_py/piper_msgs/_piper_msgs_s.ep.rosidl_typesupport_fastrtps_c.c.o[0m
[10.608s] [ 95%] [32m[1mLinking C shared library rosidl_generator_py/piper_msgs/piper_msgs_s__rosidl_typesupport_c.cpython-310-x86_64-linux-gnu.so[0m
[10.702s] [ 95%] Built target piper_msgs__rosidl_typesupport_c__pyext
[10.743s] [ 97%] [32m[1mLinking C shared library rosidl_generator_py/piper_msgs/piper_msgs_s__rosidl_typesupport_introspection_c.cpython-310-x86_64-linux-gnu.so[0m
[10.796s] [100%] [32m[1mLinking C shared library rosidl_generator_py/piper_msgs/piper_msgs_s__rosidl_typesupport_fastrtps_c.cpython-310-x86_64-linux-gnu.so[0m
[10.836s] [100%] Built target piper_msgs__rosidl_typesupport_introspection_c__pyext
[10.877s] [100%] Built target piper_msgs__rosidl_typesupport_fastrtps_c__pyext
[10.904s] Invoked command in '/home/sam/piper_ros/build/piper_msgs' returned '0': CMAKE_PREFIX_PATH=${CMAKE_PREFIX_PATH}:/home/sam/ws_moveit/install/moveit_configs_utils:/home/sam/ws_moveit/install/launch_param_builder:/opt/ros/humble /usr/bin/cmake --build /home/sam/piper_ros/build/piper_msgs -- -j4 -l4
[10.904s] Invoking command in '/home/sam/piper_ros/build/piper_msgs': CMAKE_PREFIX_PATH=${CMAKE_PREFIX_PATH}:/home/sam/ws_moveit/install/moveit_configs_utils:/home/sam/ws_moveit/install/launch_param_builder:/opt/ros/humble /usr/bin/cmake --install /home/sam/piper_ros/build/piper_msgs
[10.919s] -- Install configuration: "Debug"
[10.920s] -- Execute custom install script
[10.922s] -- Up-to-date symlink: /home/sam/piper_ros/install/piper_msgs/share/ament_index/resource_index/rosidl_interfaces/piper_msgs
[10.923s] -- Up-to-date symlink: /home/sam/piper_ros/install/piper_msgs/include/piper_msgs/piper_msgs/msg/detail/piper_status_msg__functions.h
[10.924s] -- Up-to-date symlink: /home/sam/piper_ros/install/piper_msgs/include/piper_msgs/piper_msgs/msg/detail/piper_status_msg__struct.h
[10.925s] -- Up-to-date symlink: /home/sam/piper_ros/install/piper_msgs/include/piper_msgs/piper_msgs/msg/detail/piper_status_msg__type_support.h
[10.925s] -- Up-to-date symlink: /home/sam/piper_ros/install/piper_msgs/include/piper_msgs/piper_msgs/msg/detail/pos_cmd__functions.h
[10.925s] -- Up-to-date symlink: /home/sam/piper_ros/install/piper_msgs/include/piper_msgs/piper_msgs/msg/detail/pos_cmd__struct.h
[10.926s] -- Up-to-date symlink: /home/sam/piper_ros/install/piper_msgs/include/piper_msgs/piper_msgs/msg/detail/pos_cmd__type_support.h
[10.926s] -- Up-to-date symlink: /home/sam/piper_ros/install/piper_msgs/include/piper_msgs/piper_msgs/msg/piper_status_msg.h
[10.926s] -- Up-to-date symlink: /home/sam/piper_ros/install/piper_msgs/include/piper_msgs/piper_msgs/msg/pos_cmd.h
[10.926s] -- Up-to-date symlink: /home/sam/piper_ros/install/piper_msgs/include/piper_msgs/piper_msgs/msg/rosidl_generator_c__visibility_control.h
[10.926s] -- Up-to-date symlink: /home/sam/piper_ros/install/piper_msgs/include/piper_msgs/piper_msgs/srv/detail/enable__functions.h
[10.927s] -- Up-to-date symlink: /home/sam/piper_ros/install/piper_msgs/include/piper_msgs/piper_msgs/srv/detail/enable__struct.h
[10.927s] -- Up-to-date symlink: /home/sam/piper_ros/install/piper_msgs/include/piper_msgs/piper_msgs/srv/detail/enable__type_support.h
[10.927s] -- Up-to-date symlink: /home/sam/piper_ros/install/piper_msgs/include/piper_msgs/piper_msgs/srv/enable.h
[10.927s] -- Up-to-date symlink: /home/sam/piper_ros/install/piper_msgs/share/piper_msgs/environment/library_path.sh
[10.928s] -- Up-to-date symlink: /home/sam/piper_ros/install/piper_msgs/share/piper_msgs/environment/library_path.dsv
[10.928s] -- Up-to-date symlink: /home/sam/piper_ros/install/piper_msgs/include/piper_msgs/piper_msgs/msg/detail/piper_status_msg__rosidl_typesupport_fastrtps_c.h
[10.928s] -- Up-to-date symlink: /home/sam/piper_ros/install/piper_msgs/include/piper_msgs/piper_msgs/msg/detail/pos_cmd__rosidl_typesupport_fastrtps_c.h
[10.928s] -- Up-to-date symlink: /home/sam/piper_ros/install/piper_msgs/include/piper_msgs/piper_msgs/msg/rosidl_typesupport_fastrtps_c__visibility_control.h
[10.928s] -- Up-to-date symlink: /home/sam/piper_ros/install/piper_msgs/include/piper_msgs/piper_msgs/srv/detail/enable__rosidl_typesupport_fastrtps_c.h
[10.929s] -- Up-to-date symlink: /home/sam/piper_ros/install/piper_msgs/include/piper_msgs/piper_msgs/msg/detail/piper_status_msg__rosidl_typesupport_introspection_c.h
[10.929s] -- Up-to-date symlink: /home/sam/piper_ros/install/piper_msgs/include/piper_msgs/piper_msgs/msg/detail/pos_cmd__rosidl_typesupport_introspection_c.h
[10.930s] -- Up-to-date symlink: /home/sam/piper_ros/install/piper_msgs/include/piper_msgs/piper_msgs/msg/rosidl_typesupport_introspection_c__visibility_control.h
[10.930s] -- Up-to-date symlink: /home/sam/piper_ros/install/piper_msgs/include/piper_msgs/piper_msgs/srv/detail/enable__rosidl_typesupport_introspection_c.h
[10.931s] -- Up-to-date symlink: /home/sam/piper_ros/install/piper_msgs/include/piper_msgs/piper_msgs/msg/detail/piper_status_msg__builder.hpp
[10.931s] -- Up-to-date symlink: /home/sam/piper_ros/install/piper_msgs/include/piper_msgs/piper_msgs/msg/detail/piper_status_msg__struct.hpp
[10.931s] -- Up-to-date symlink: /home/sam/piper_ros/install/piper_msgs/include/piper_msgs/piper_msgs/msg/detail/piper_status_msg__traits.hpp
[10.931s] -- Up-to-date symlink: /home/sam/piper_ros/install/piper_msgs/include/piper_msgs/piper_msgs/msg/detail/piper_status_msg__type_support.hpp
[10.932s] -- Up-to-date symlink: /home/sam/piper_ros/install/piper_msgs/include/piper_msgs/piper_msgs/msg/detail/pos_cmd__builder.hpp
[10.932s] -- Up-to-date symlink: /home/sam/piper_ros/install/piper_msgs/include/piper_msgs/piper_msgs/msg/detail/pos_cmd__struct.hpp
[10.932s] -- Up-to-date symlink: /home/sam/piper_ros/install/piper_msgs/include/piper_msgs/piper_msgs/msg/detail/pos_cmd__traits.hpp
[10.932s] -- Up-to-date symlink: /home/sam/piper_ros/install/piper_msgs/include/piper_msgs/piper_msgs/msg/detail/pos_cmd__type_support.hpp
[10.932s] -- Up-to-date symlink: /home/sam/piper_ros/install/piper_msgs/include/piper_msgs/piper_msgs/msg/piper_status_msg.hpp
[10.933s] -- Up-to-date symlink: /home/sam/piper_ros/install/piper_msgs/include/piper_msgs/piper_msgs/msg/pos_cmd.hpp
[10.933s] -- Up-to-date symlink: /home/sam/piper_ros/install/piper_msgs/include/piper_msgs/piper_msgs/msg/rosidl_generator_cpp__visibility_control.hpp
[10.933s] -- Up-to-date symlink: /home/sam/piper_ros/install/piper_msgs/include/piper_msgs/piper_msgs/srv/detail/enable__builder.hpp
[10.933s] -- Up-to-date symlink: /home/sam/piper_ros/install/piper_msgs/include/piper_msgs/piper_msgs/srv/detail/enable__struct.hpp
[10.933s] -- Up-to-date symlink: /home/sam/piper_ros/install/piper_msgs/include/piper_msgs/piper_msgs/srv/detail/enable__traits.hpp
[10.934s] -- Up-to-date symlink: /home/sam/piper_ros/install/piper_msgs/include/piper_msgs/piper_msgs/srv/detail/enable__type_support.hpp
[10.934s] -- Up-to-date symlink: /home/sam/piper_ros/install/piper_msgs/include/piper_msgs/piper_msgs/srv/enable.hpp
[10.937s] -- Up-to-date symlink: /home/sam/piper_ros/install/piper_msgs/include/piper_msgs/piper_msgs/msg/detail/piper_status_msg__rosidl_typesupport_fastrtps_cpp.hpp
[10.937s] -- Up-to-date symlink: /home/sam/piper_ros/install/piper_msgs/include/piper_msgs/piper_msgs/msg/detail/pos_cmd__rosidl_typesupport_fastrtps_cpp.hpp
[10.937s] -- Up-to-date symlink: /home/sam/piper_ros/install/piper_msgs/include/piper_msgs/piper_msgs/msg/rosidl_typesupport_fastrtps_cpp__visibility_control.h
[10.937s] -- Up-to-date symlink: /home/sam/piper_ros/install/piper_msgs/include/piper_msgs/piper_msgs/srv/detail/enable__rosidl_typesupport_fastrtps_cpp.hpp
[10.940s] -- Up-to-date symlink: /home/sam/piper_ros/install/piper_msgs/include/piper_msgs/piper_msgs/msg/detail/piper_status_msg__rosidl_typesupport_introspection_cpp.hpp
[10.940s] -- Up-to-date symlink: /home/sam/piper_ros/install/piper_msgs/include/piper_msgs/piper_msgs/msg/detail/pos_cmd__rosidl_typesupport_introspection_cpp.hpp
[10.940s] -- Up-to-date symlink: /home/sam/piper_ros/install/piper_msgs/include/piper_msgs/piper_msgs/srv/detail/enable__rosidl_typesupport_introspection_cpp.hpp
[10.940s] -- Up-to-date symlink: /home/sam/piper_ros/install/piper_msgs/share/piper_msgs/environment/pythonpath.sh
[10.943s] -- Up-to-date symlink: /home/sam/piper_ros/install/piper_msgs/share/piper_msgs/environment/pythonpath.dsv
[10.944s] -- Up-to-date symlink: /home/sam/piper_ros/install/piper_msgs/local/lib/python3.10/dist-packages/piper_msgs-0.0.0-py3.10.egg-info/PKG-INFO
[10.944s] -- Up-to-date symlink: /home/sam/piper_ros/install/piper_msgs/local/lib/python3.10/dist-packages/piper_msgs-0.0.0-py3.10.egg-info/SOURCES.txt
[10.944s] -- Up-to-date symlink: /home/sam/piper_ros/install/piper_msgs/local/lib/python3.10/dist-packages/piper_msgs-0.0.0-py3.10.egg-info/dependency_links.txt
[10.944s] -- Up-to-date symlink: /home/sam/piper_ros/install/piper_msgs/local/lib/python3.10/dist-packages/piper_msgs-0.0.0-py3.10.egg-info/top_level.txt
[10.945s] -- Up-to-date symlink: /home/sam/piper_ros/install/piper_msgs/local/lib/python3.10/dist-packages/piper_msgs/__init__.py
[10.945s] -- Up-to-date symlink: /home/sam/piper_ros/install/piper_msgs/local/lib/python3.10/dist-packages/piper_msgs/_piper_msgs_s.ep.rosidl_typesupport_c.c
[10.945s] -- Up-to-date symlink: /home/sam/piper_ros/install/piper_msgs/local/lib/python3.10/dist-packages/piper_msgs/_piper_msgs_s.ep.rosidl_typesupport_fastrtps_c.c
[10.945s] -- Up-to-date symlink: /home/sam/piper_ros/install/piper_msgs/local/lib/python3.10/dist-packages/piper_msgs/_piper_msgs_s.ep.rosidl_typesupport_introspection_c.c
[10.945s] -- Up-to-date symlink: /home/sam/piper_ros/install/piper_msgs/local/lib/python3.10/dist-packages/piper_msgs/libpiper_msgs__rosidl_generator_py.so
[10.945s] -- Up-to-date symlink: /home/sam/piper_ros/install/piper_msgs/local/lib/python3.10/dist-packages/piper_msgs/msg/__init__.py
[10.946s] -- Up-to-date symlink: /home/sam/piper_ros/install/piper_msgs/local/lib/python3.10/dist-packages/piper_msgs/msg/_piper_status_msg.py
[10.946s] -- Up-to-date symlink: /home/sam/piper_ros/install/piper_msgs/local/lib/python3.10/dist-packages/piper_msgs/msg/_piper_status_msg_s.c
[10.946s] -- Up-to-date symlink: /home/sam/piper_ros/install/piper_msgs/local/lib/python3.10/dist-packages/piper_msgs/msg/_pos_cmd.py
[10.946s] -- Up-to-date symlink: /home/sam/piper_ros/install/piper_msgs/local/lib/python3.10/dist-packages/piper_msgs/msg/_pos_cmd_s.c
[10.947s] -- Up-to-date symlink: /home/sam/piper_ros/install/piper_msgs/local/lib/python3.10/dist-packages/piper_msgs/piper_msgs_s__rosidl_typesupport_c.cpython-310-x86_64-linux-gnu.so
[10.947s] -- Up-to-date symlink: /home/sam/piper_ros/install/piper_msgs/local/lib/python3.10/dist-packages/piper_msgs/piper_msgs_s__rosidl_typesupport_fastrtps_c.cpython-310-x86_64-linux-gnu.so
[10.947s] -- Up-to-date symlink: /home/sam/piper_ros/install/piper_msgs/local/lib/python3.10/dist-packages/piper_msgs/piper_msgs_s__rosidl_typesupport_introspection_c.cpython-310-x86_64-linux-gnu.so
[10.948s] -- Up-to-date symlink: /home/sam/piper_ros/install/piper_msgs/local/lib/python3.10/dist-packages/piper_msgs/srv/__init__.py
[10.948s] -- Up-to-date symlink: /home/sam/piper_ros/install/piper_msgs/local/lib/python3.10/dist-packages/piper_msgs/srv/_enable.py
[10.948s] -- Up-to-date symlink: /home/sam/piper_ros/install/piper_msgs/local/lib/python3.10/dist-packages/piper_msgs/srv/_enable_s.c
[10.948s] -- Up-to-date symlink: /home/sam/piper_ros/install/piper_msgs/local/lib/python3.10/dist-packages/piper_msgs/piper_msgs_s__rosidl_typesupport_fastrtps_c.cpython-310-x86_64-linux-gnu.so
[10.948s] -- Up-to-date symlink: /home/sam/piper_ros/install/piper_msgs/local/lib/python3.10/dist-packages/piper_msgs/piper_msgs_s__rosidl_typesupport_introspection_c.cpython-310-x86_64-linux-gnu.so
[10.948s] -- Up-to-date symlink: /home/sam/piper_ros/install/piper_msgs/local/lib/python3.10/dist-packages/piper_msgs/piper_msgs_s__rosidl_typesupport_c.cpython-310-x86_64-linux-gnu.so
[10.949s] -- Up-to-date symlink: /home/sam/piper_ros/install/piper_msgs/share/piper_msgs/msg/PiperStatusMsg.idl
[10.949s] -- Up-to-date symlink: /home/sam/piper_ros/install/piper_msgs/share/piper_msgs/msg/PosCmd.idl
[10.949s] -- Up-to-date symlink: /home/sam/piper_ros/install/piper_msgs/share/piper_msgs/srv/Enable.idl
[10.949s] -- Up-to-date symlink: /home/sam/piper_ros/install/piper_msgs/share/piper_msgs/msg/PiperStatusMsg.msg
[10.949s] -- Up-to-date symlink: /home/sam/piper_ros/install/piper_msgs/share/piper_msgs/msg/PosCmd.msg
[10.949s] -- Up-to-date symlink: /home/sam/piper_ros/install/piper_msgs/share/piper_msgs/srv/Enable.srv
[10.950s] -- Up-to-date symlink: /home/sam/piper_ros/install/piper_msgs/share/piper_msgs/srv/Enable_Request.msg
[10.950s] -- Up-to-date symlink: /home/sam/piper_ros/install/piper_msgs/share/piper_msgs/srv/Enable_Response.msg
[10.950s] -- Up-to-date symlink: /home/sam/piper_ros/install/piper_msgs/share/ament_index/resource_index/package_run_dependencies/piper_msgs
[10.950s] -- Up-to-date symlink: /home/sam/piper_ros/install/piper_msgs/share/ament_index/resource_index/parent_prefix_path/piper_msgs
[10.950s] -- Up-to-date symlink: /home/sam/piper_ros/install/piper_msgs/share/piper_msgs/environment/ament_prefix_path.sh
[10.951s] -- Up-to-date symlink: /home/sam/piper_ros/install/piper_msgs/share/piper_msgs/environment/ament_prefix_path.dsv
[10.951s] -- Up-to-date symlink: /home/sam/piper_ros/install/piper_msgs/share/piper_msgs/environment/path.sh
[10.951s] -- Up-to-date symlink: /home/sam/piper_ros/install/piper_msgs/share/piper_msgs/environment/path.dsv
[10.954s] -- Up-to-date symlink: /home/sam/piper_ros/install/piper_msgs/share/piper_msgs/local_setup.bash
[10.955s] -- Up-to-date symlink: /home/sam/piper_ros/install/piper_msgs/share/piper_msgs/local_setup.sh
[10.955s] -- Up-to-date symlink: /home/sam/piper_ros/install/piper_msgs/share/piper_msgs/local_setup.zsh
[10.957s] -- Up-to-date symlink: /home/sam/piper_ros/install/piper_msgs/share/piper_msgs/local_setup.dsv
[10.957s] -- Symlinking: /home/sam/piper_ros/install/piper_msgs/share/piper_msgs/package.dsv
[10.976s] -- Up-to-date symlink: /home/sam/piper_ros/install/piper_msgs/share/ament_index/resource_index/packages/piper_msgs
[10.977s] -- Up-to-date symlink: /home/sam/piper_ros/install/piper_msgs/share/piper_msgs/cmake/rosidl_cmake-extras.cmake
[10.978s] -- Up-to-date symlink: /home/sam/piper_ros/install/piper_msgs/share/piper_msgs/cmake/ament_cmake_export_include_directories-extras.cmake
[10.978s] -- Up-to-date symlink: /home/sam/piper_ros/install/piper_msgs/share/piper_msgs/cmake/ament_cmake_export_libraries-extras.cmake
[10.980s] -- Up-to-date symlink: /home/sam/piper_ros/install/piper_msgs/share/piper_msgs/cmake/ament_cmake_export_targets-extras.cmake
[10.980s] -- Up-to-date symlink: /home/sam/piper_ros/install/piper_msgs/share/piper_msgs/cmake/rosidl_cmake_export_typesupport_targets-extras.cmake
[10.981s] -- Up-to-date symlink: /home/sam/piper_ros/install/piper_msgs/share/piper_msgs/cmake/ament_cmake_export_dependencies-extras.cmake
[10.981s] -- Up-to-date symlink: /home/sam/piper_ros/install/piper_msgs/share/piper_msgs/cmake/rosidl_cmake_export_typesupport_libraries-extras.cmake
[10.982s] -- Up-to-date symlink: /home/sam/piper_ros/install/piper_msgs/share/piper_msgs/cmake/piper_msgsConfig.cmake
[10.983s] -- Up-to-date symlink: /home/sam/piper_ros/install/piper_msgs/share/piper_msgs/cmake/piper_msgsConfig-version.cmake
[10.983s] -- Up-to-date symlink: /home/sam/piper_ros/install/piper_msgs/share/piper_msgs/package.xml
[10.989s] -- Installing: /home/sam/piper_ros/install/piper_msgs/lib/libpiper_msgs__rosidl_generator_c.so
[10.990s] -- Set runtime path of "/home/sam/piper_ros/install/piper_msgs/lib/libpiper_msgs__rosidl_generator_c.so" to ""
[10.991s] -- Installing: /home/sam/piper_ros/install/piper_msgs/lib/libpiper_msgs__rosidl_typesupport_fastrtps_c.so
[10.992s] -- Set runtime path of "/home/sam/piper_ros/install/piper_msgs/lib/libpiper_msgs__rosidl_typesupport_fastrtps_c.so" to ""
[10.993s] -- Installing: /home/sam/piper_ros/install/piper_msgs/lib/libpiper_msgs__rosidl_typesupport_introspection_c.so
[10.994s] -- Set runtime path of "/home/sam/piper_ros/install/piper_msgs/lib/libpiper_msgs__rosidl_typesupport_introspection_c.so" to ""
[10.995s] -- Installing: /home/sam/piper_ros/install/piper_msgs/lib/libpiper_msgs__rosidl_typesupport_c.so
[10.997s] -- Set runtime path of "/home/sam/piper_ros/install/piper_msgs/lib/libpiper_msgs__rosidl_typesupport_c.so" to ""
[10.998s] -- Installing: /home/sam/piper_ros/install/piper_msgs/lib/libpiper_msgs__rosidl_typesupport_fastrtps_cpp.so
[10.999s] -- Set runtime path of "/home/sam/piper_ros/install/piper_msgs/lib/libpiper_msgs__rosidl_typesupport_fastrtps_cpp.so" to ""
[11.000s] -- Installing: /home/sam/piper_ros/install/piper_msgs/lib/libpiper_msgs__rosidl_typesupport_introspection_cpp.so
[11.002s] -- Set runtime path of "/home/sam/piper_ros/install/piper_msgs/lib/libpiper_msgs__rosidl_typesupport_introspection_cpp.so" to ""
[11.004s] -- Installing: /home/sam/piper_ros/install/piper_msgs/lib/libpiper_msgs__rosidl_typesupport_cpp.so
[11.004s] -- Set runtime path of "/home/sam/piper_ros/install/piper_msgs/lib/libpiper_msgs__rosidl_typesupport_cpp.so" to ""
[11.074s] Listing '/home/sam/piper_ros/install/piper_msgs/local/lib/python3.10/dist-packages/piper_msgs'...
[11.074s] Compiling '/home/sam/piper_ros/install/piper_msgs/local/lib/python3.10/dist-packages/piper_msgs/__init__.py'...
[11.074s] Listing '/home/sam/piper_ros/install/piper_msgs/local/lib/python3.10/dist-packages/piper_msgs/msg'...
[11.074s] Listing '/home/sam/piper_ros/install/piper_msgs/local/lib/python3.10/dist-packages/piper_msgs/srv'...
[11.082s] -- Installing: /home/sam/piper_ros/install/piper_msgs/lib/libpiper_msgs__rosidl_generator_py.so
[11.083s] -- Set runtime path of "/home/sam/piper_ros/install/piper_msgs/lib/libpiper_msgs__rosidl_generator_py.so" to ""
[11.085s] -- Up-to-date: /home/sam/piper_ros/install/piper_msgs/share/piper_msgs/cmake/export_piper_msgs__rosidl_generator_cExport.cmake
[11.086s] -- Installing: /home/sam/piper_ros/install/piper_msgs/share/piper_msgs/cmake/export_piper_msgs__rosidl_generator_cExport-debug.cmake
[11.087s] -- Up-to-date: /home/sam/piper_ros/install/piper_msgs/share/piper_msgs/cmake/export_piper_msgs__rosidl_typesupport_fastrtps_cExport.cmake
[11.088s] -- Installing: /home/sam/piper_ros/install/piper_msgs/share/piper_msgs/cmake/export_piper_msgs__rosidl_typesupport_fastrtps_cExport-debug.cmake
[11.089s] -- Up-to-date: /home/sam/piper_ros/install/piper_msgs/share/piper_msgs/cmake/piper_msgs__rosidl_typesupport_introspection_cExport.cmake
[11.089s] -- Installing: /home/sam/piper_ros/install/piper_msgs/share/piper_msgs/cmake/piper_msgs__rosidl_typesupport_introspection_cExport-debug.cmake
[11.092s] -- Up-to-date: /home/sam/piper_ros/install/piper_msgs/share/piper_msgs/cmake/piper_msgs__rosidl_typesupport_cExport.cmake
[11.093s] -- Installing: /home/sam/piper_ros/install/piper_msgs/share/piper_msgs/cmake/piper_msgs__rosidl_typesupport_cExport-debug.cmake
[11.093s] -- Up-to-date: /home/sam/piper_ros/install/piper_msgs/share/piper_msgs/cmake/export_piper_msgs__rosidl_generator_cppExport.cmake
[11.093s] -- Up-to-date: /home/sam/piper_ros/install/piper_msgs/share/piper_msgs/cmake/export_piper_msgs__rosidl_typesupport_fastrtps_cppExport.cmake
[11.093s] -- Installing: /home/sam/piper_ros/install/piper_msgs/share/piper_msgs/cmake/export_piper_msgs__rosidl_typesupport_fastrtps_cppExport-debug.cmake
[11.094s] -- Up-to-date: /home/sam/piper_ros/install/piper_msgs/share/piper_msgs/cmake/piper_msgs__rosidl_typesupport_introspection_cppExport.cmake
[11.094s] -- Installing: /home/sam/piper_ros/install/piper_msgs/share/piper_msgs/cmake/piper_msgs__rosidl_typesupport_introspection_cppExport-debug.cmake
[11.095s] -- Up-to-date: /home/sam/piper_ros/install/piper_msgs/share/piper_msgs/cmake/piper_msgs__rosidl_typesupport_cppExport.cmake
[11.095s] -- Installing: /home/sam/piper_ros/install/piper_msgs/share/piper_msgs/cmake/piper_msgs__rosidl_typesupport_cppExport-debug.cmake
[11.096s] -- Up-to-date: /home/sam/piper_ros/install/piper_msgs/share/piper_msgs/cmake/export_piper_msgs__rosidl_generator_pyExport.cmake
[11.097s] -- Installing: /home/sam/piper_ros/install/piper_msgs/share/piper_msgs/cmake/export_piper_msgs__rosidl_generator_pyExport-debug.cmake
[11.104s] Invoked command in '/home/sam/piper_ros/build/piper_msgs' returned '0': CMAKE_PREFIX_PATH=${CMAKE_PREFIX_PATH}:/home/sam/ws_moveit/install/moveit_configs_utils:/home/sam/ws_moveit/install/launch_param_builder:/opt/ros/humble /usr/bin/cmake --install /home/sam/piper_ros/build/piper_msgs
