-- Found ament_cmake: 1.3.11 (/opt/ros/humble/share/ament_cmake/cmake)
-- Override CMake install command with custom implementation using symlinks instead of copying resources
-- Configuring done
-- Generating done
-- Build files have been written to: /home/sam/piper_ros/build/piper_humble
-- Install configuration: ""
-- Execute custom install script
-- Symlinking: /home/sam/piper_ros/install/piper_humble/share/ament_index/resource_index/package_run_dependencies/piper_humble
-- Symlinking: /home/sam/piper_ros/install/piper_humble/share/ament_index/resource_index/parent_prefix_path/piper_humble
-- Symlinking: /home/sam/piper_ros/install/piper_humble/share/piper_humble/environment/ament_prefix_path.sh
-- Symlinking: /home/sam/piper_ros/install/piper_humble/share/piper_humble/environment/ament_prefix_path.dsv
-- Symlinking: /home/sam/piper_ros/install/piper_humble/share/piper_humble/environment/path.sh
-- Symlinking: /home/sam/piper_ros/install/piper_humble/share/piper_humble/environment/path.dsv
-- Symlinking: /home/sam/piper_ros/install/piper_humble/share/piper_humble/local_setup.bash
-- Symlinking: /home/sam/piper_ros/install/piper_humble/share/piper_humble/local_setup.sh
-- Symlinking: /home/sam/piper_ros/install/piper_humble/share/piper_humble/local_setup.zsh
-- Symlinking: /home/sam/piper_ros/install/piper_humble/share/piper_humble/local_setup.dsv
-- Symlinking: /home/sam/piper_ros/install/piper_humble/share/piper_humble/package.dsv
-- Symlinking: /home/sam/piper_ros/install/piper_humble/share/ament_index/resource_index/packages/piper_humble
-- Symlinking: /home/sam/piper_ros/install/piper_humble/share/piper_humble/cmake/piper_humbleConfig.cmake
-- Symlinking: /home/sam/piper_ros/install/piper_humble/share/piper_humble/cmake/piper_humbleConfig-version.cmake
-- Symlinking: /home/sam/piper_ros/install/piper_humble/share/piper_humble/package.xml
