[0.498s] Invoking command in '/home/sam/piper_ros/build/piper_humble': CMAKE_PREFIX_PATH=/opt/ros/humble /usr/bin/cmake /home/sam/piper_ros/src/piper_humble -DAMENT_CMAKE_SYMLINK_INSTALL=1 -DCMAKE_INSTALL_PREFIX=/home/sam/piper_ros/install/piper_humble
[0.526s] -- Found ament_cmake: 1.3.11 (/opt/ros/humble/share/ament_cmake/cmake)
[0.858s] -- Override CMake install command with custom implementation using symlinks instead of copying resources
[1.100s] -- Configuring done
[1.110s] -- Generating done
[1.120s] -- Build files have been written to: /home/sam/piper_ros/build/piper_humble
[1.123s] Invoked command in '/home/sam/piper_ros/build/piper_humble' returned '0': CMAKE_PREFIX_PATH=/opt/ros/humble /usr/bin/cmake /home/sam/piper_ros/src/piper_humble -DAMENT_CMAKE_SYMLINK_INSTALL=1 -DCMAKE_INSTALL_PREFIX=/home/sam/piper_ros/install/piper_humble
[1.128s] Invoking command in '/home/sam/piper_ros/build/piper_humble': CMAKE_PREFIX_PATH=/opt/ros/humble /usr/bin/cmake --build /home/sam/piper_ros/build/piper_humble -- -j4 -l4
[1.242s] Invoked command in '/home/sam/piper_ros/build/piper_humble' returned '0': CMAKE_PREFIX_PATH=/opt/ros/humble /usr/bin/cmake --build /home/sam/piper_ros/build/piper_humble -- -j4 -l4
[1.243s] Invoking command in '/home/sam/piper_ros/build/piper_humble': CMAKE_PREFIX_PATH=/opt/ros/humble /usr/bin/cmake --install /home/sam/piper_ros/build/piper_humble
[1.258s] -- Install configuration: ""
[1.259s] -- Execute custom install script
[1.259s] -- Symlinking: /home/sam/piper_ros/install/piper_humble/share/ament_index/resource_index/package_run_dependencies/piper_humble
[1.275s] -- Symlinking: /home/sam/piper_ros/install/piper_humble/share/ament_index/resource_index/parent_prefix_path/piper_humble
[1.292s] -- Symlinking: /home/sam/piper_ros/install/piper_humble/share/piper_humble/environment/ament_prefix_path.sh
[1.310s] -- Symlinking: /home/sam/piper_ros/install/piper_humble/share/piper_humble/environment/ament_prefix_path.dsv
[1.325s] -- Symlinking: /home/sam/piper_ros/install/piper_humble/share/piper_humble/environment/path.sh
[1.342s] -- Symlinking: /home/sam/piper_ros/install/piper_humble/share/piper_humble/environment/path.dsv
[1.379s] -- Symlinking: /home/sam/piper_ros/install/piper_humble/share/piper_humble/local_setup.bash
[1.400s] -- Symlinking: /home/sam/piper_ros/install/piper_humble/share/piper_humble/local_setup.sh
[1.423s] -- Symlinking: /home/sam/piper_ros/install/piper_humble/share/piper_humble/local_setup.zsh
[1.446s] -- Symlinking: /home/sam/piper_ros/install/piper_humble/share/piper_humble/local_setup.dsv
[1.480s] -- Symlinking: /home/sam/piper_ros/install/piper_humble/share/piper_humble/package.dsv
[1.512s] -- Symlinking: /home/sam/piper_ros/install/piper_humble/share/ament_index/resource_index/packages/piper_humble
[1.536s] -- Symlinking: /home/sam/piper_ros/install/piper_humble/share/piper_humble/cmake/piper_humbleConfig.cmake
[1.560s] -- Symlinking: /home/sam/piper_ros/install/piper_humble/share/piper_humble/cmake/piper_humbleConfig-version.cmake
[1.576s] -- Symlinking: /home/sam/piper_ros/install/piper_humble/share/piper_humble/package.xml
[1.594s] Invoked command in '/home/sam/piper_ros/build/piper_humble' returned '0': CMAKE_PREFIX_PATH=/opt/ros/humble /usr/bin/cmake --install /home/sam/piper_ros/build/piper_humble
