[0.132s] DEBUG:colcon:Command line arguments: ['/usr/bin/colcon', 'build']
[0.132s] DEBUG:colcon:Parsed command line arguments: Namespace(log_base=None, log_level=None, verb_name='build', build_base='build', install_base='install', merge_install=False, symlink_install=False, test_result_base=None, continue_on_error=False, executor='parallel', parallel_workers=4, event_handlers=None, ignore_user_meta=False, metas=['./colcon.meta'], base_paths=['.'], packages_ignore=None, packages_ignore_regex=None, paths=None, packages_up_to=None, packages_up_to_regex=None, packages_above=None, packages_above_and_dependencies=None, packages_above_depth=None, packages_select_by_dep=None, packages_skip_by_dep=None, packages_skip_up_to=None, packages_select_build_failed=False, packages_skip_build_finished=False, packages_select_test_failures=False, packages_skip_test_passed=False, packages_select=None, packages_skip=None, packages_select_regex=None, packages_skip_regex=None, packages_start=None, packages_end=None, allow_overriding=[], cmake_args=None, cmake_target=None, cmake_target_skip_unavailable=False, cmake_clean_cache=False, cmake_clean_first=False, cmake_force_configure=False, ament_cmake_args=None, catkin_cmake_args=None, catkin_skip_building_tests=False, verb_parser=<colcon_defaults.argument_parser.defaults.DefaultArgumentsDecorator object at 0x7a7ffa279840>, verb_extension=<colcon_core.verb.build.BuildVerb object at 0x7a7ffa35f340>, main=<bound method BuildVerb.main of <colcon_core.verb.build.BuildVerb object at 0x7a7ffa35f340>>)
[0.340s] Level 1:colcon.colcon_core.package_discovery:discover_packages(colcon_meta) check parameters
[0.341s] Level 1:colcon.colcon_core.package_discovery:discover_packages(recursive) check parameters
[0.341s] Level 1:colcon.colcon_core.package_discovery:discover_packages(ignore) check parameters
[0.341s] Level 1:colcon.colcon_core.package_discovery:discover_packages(path) check parameters
[0.341s] Level 1:colcon.colcon_core.package_discovery:discover_packages(colcon_meta) discover
[0.341s] Level 1:colcon.colcon_core.package_discovery:discover_packages(recursive) discover
[0.341s] INFO:colcon.colcon_core.package_discovery:Crawling recursively for packages in '/home/sam/piper_ros'
[0.341s] Level 1:colcon.colcon_core.package_identification:_identify(.) by extensions ['ignore', 'ignore_ament_install']
[0.341s] Level 1:colcon.colcon_core.package_identification:_identify(.) by extension 'ignore'
[0.341s] Level 1:colcon.colcon_core.package_identification:_identify(.) by extension 'ignore_ament_install'
[0.341s] Level 1:colcon.colcon_core.package_identification:_identify(.) by extensions ['colcon_pkg']
[0.341s] Level 1:colcon.colcon_core.package_identification:_identify(.) by extension 'colcon_pkg'
[0.341s] Level 1:colcon.colcon_core.package_identification:_identify(.) by extensions ['colcon_meta']
[0.341s] Level 1:colcon.colcon_core.package_identification:_identify(.) by extension 'colcon_meta'
[0.341s] Level 1:colcon.colcon_core.package_identification:_identify(.) by extensions ['ros']
[0.341s] Level 1:colcon.colcon_core.package_identification:_identify(.) by extension 'ros'
[0.354s] Level 1:colcon.colcon_core.package_identification:_identify(.) by extensions ['cmake', 'python']
[0.354s] Level 1:colcon.colcon_core.package_identification:_identify(.) by extension 'cmake'
[0.354s] Level 1:colcon.colcon_core.package_identification:_identify(.) by extension 'python'
[0.354s] Level 1:colcon.colcon_core.package_identification:_identify(.) by extensions ['python_setup_py']
[0.354s] Level 1:colcon.colcon_core.package_identification:_identify(.) by extension 'python_setup_py'
[0.354s] Level 1:colcon.colcon_core.package_identification:_identify(asserts) by extensions ['ignore', 'ignore_ament_install']
[0.354s] Level 1:colcon.colcon_core.package_identification:_identify(asserts) by extension 'ignore'
[0.354s] Level 1:colcon.colcon_core.package_identification:_identify(asserts) by extension 'ignore_ament_install'
[0.354s] Level 1:colcon.colcon_core.package_identification:_identify(asserts) by extensions ['colcon_pkg']
[0.354s] Level 1:colcon.colcon_core.package_identification:_identify(asserts) by extension 'colcon_pkg'
[0.355s] Level 1:colcon.colcon_core.package_identification:_identify(asserts) by extensions ['colcon_meta']
[0.355s] Level 1:colcon.colcon_core.package_identification:_identify(asserts) by extension 'colcon_meta'
[0.355s] Level 1:colcon.colcon_core.package_identification:_identify(asserts) by extensions ['ros']
[0.355s] Level 1:colcon.colcon_core.package_identification:_identify(asserts) by extension 'ros'
[0.355s] Level 1:colcon.colcon_core.package_identification:_identify(asserts) by extensions ['cmake', 'python']
[0.355s] Level 1:colcon.colcon_core.package_identification:_identify(asserts) by extension 'cmake'
[0.355s] Level 1:colcon.colcon_core.package_identification:_identify(asserts) by extension 'python'
[0.355s] Level 1:colcon.colcon_core.package_identification:_identify(asserts) by extensions ['python_setup_py']
[0.355s] Level 1:colcon.colcon_core.package_identification:_identify(asserts) by extension 'python_setup_py'
[0.355s] Level 1:colcon.colcon_core.package_identification:_identify(asserts/pictures) by extensions ['ignore', 'ignore_ament_install']
[0.355s] Level 1:colcon.colcon_core.package_identification:_identify(asserts/pictures) by extension 'ignore'
[0.355s] Level 1:colcon.colcon_core.package_identification:_identify(asserts/pictures) by extension 'ignore_ament_install'
[0.355s] Level 1:colcon.colcon_core.package_identification:_identify(asserts/pictures) by extensions ['colcon_pkg']
[0.355s] Level 1:colcon.colcon_core.package_identification:_identify(asserts/pictures) by extension 'colcon_pkg'
[0.355s] Level 1:colcon.colcon_core.package_identification:_identify(asserts/pictures) by extensions ['colcon_meta']
[0.355s] Level 1:colcon.colcon_core.package_identification:_identify(asserts/pictures) by extension 'colcon_meta'
[0.355s] Level 1:colcon.colcon_core.package_identification:_identify(asserts/pictures) by extensions ['ros']
[0.355s] Level 1:colcon.colcon_core.package_identification:_identify(asserts/pictures) by extension 'ros'
[0.356s] Level 1:colcon.colcon_core.package_identification:_identify(asserts/pictures) by extensions ['cmake', 'python']
[0.356s] Level 1:colcon.colcon_core.package_identification:_identify(asserts/pictures) by extension 'cmake'
[0.356s] Level 1:colcon.colcon_core.package_identification:_identify(asserts/pictures) by extension 'python'
[0.356s] Level 1:colcon.colcon_core.package_identification:_identify(asserts/pictures) by extensions ['python_setup_py']
[0.356s] Level 1:colcon.colcon_core.package_identification:_identify(asserts/pictures) by extension 'python_setup_py'
[0.356s] Level 1:colcon.colcon_core.package_identification:_identify(build) by extensions ['ignore', 'ignore_ament_install']
[0.356s] Level 1:colcon.colcon_core.package_identification:_identify(build) by extension 'ignore'
[0.356s] Level 1:colcon.colcon_core.package_identification:_identify(build) ignored
[0.356s] Level 1:colcon.colcon_core.package_identification:_identify(install) by extensions ['ignore', 'ignore_ament_install']
[0.356s] Level 1:colcon.colcon_core.package_identification:_identify(install) by extension 'ignore'
[0.356s] Level 1:colcon.colcon_core.package_identification:_identify(install) ignored
[0.356s] Level 1:colcon.colcon_core.package_identification:_identify(log) by extensions ['ignore', 'ignore_ament_install']
[0.356s] Level 1:colcon.colcon_core.package_identification:_identify(log) by extension 'ignore'
[0.356s] Level 1:colcon.colcon_core.package_identification:_identify(log) ignored
[0.357s] Level 1:colcon.colcon_core.package_identification:_identify(src) by extensions ['ignore', 'ignore_ament_install']
[0.357s] Level 1:colcon.colcon_core.package_identification:_identify(src) by extension 'ignore'
[0.357s] Level 1:colcon.colcon_core.package_identification:_identify(src) by extension 'ignore_ament_install'
[0.357s] Level 1:colcon.colcon_core.package_identification:_identify(src) by extensions ['colcon_pkg']
[0.357s] Level 1:colcon.colcon_core.package_identification:_identify(src) by extension 'colcon_pkg'
[0.357s] Level 1:colcon.colcon_core.package_identification:_identify(src) by extensions ['colcon_meta']
[0.357s] Level 1:colcon.colcon_core.package_identification:_identify(src) by extension 'colcon_meta'
[0.357s] Level 1:colcon.colcon_core.package_identification:_identify(src) by extensions ['ros']
[0.357s] Level 1:colcon.colcon_core.package_identification:_identify(src) by extension 'ros'
[0.357s] Level 1:colcon.colcon_core.package_identification:_identify(src) by extensions ['cmake', 'python']
[0.357s] Level 1:colcon.colcon_core.package_identification:_identify(src) by extension 'cmake'
[0.357s] Level 1:colcon.colcon_core.package_identification:_identify(src) by extension 'python'
[0.357s] Level 1:colcon.colcon_core.package_identification:_identify(src) by extensions ['python_setup_py']
[0.357s] Level 1:colcon.colcon_core.package_identification:_identify(src) by extension 'python_setup_py'
[0.357s] Level 1:colcon.colcon_core.package_identification:_identify(src/piper) by extensions ['ignore', 'ignore_ament_install']
[0.357s] Level 1:colcon.colcon_core.package_identification:_identify(src/piper) by extension 'ignore'
[0.357s] Level 1:colcon.colcon_core.package_identification:_identify(src/piper) by extension 'ignore_ament_install'
[0.358s] Level 1:colcon.colcon_core.package_identification:_identify(src/piper) by extensions ['colcon_pkg']
[0.358s] Level 1:colcon.colcon_core.package_identification:_identify(src/piper) by extension 'colcon_pkg'
[0.358s] Level 1:colcon.colcon_core.package_identification:_identify(src/piper) by extensions ['colcon_meta']
[0.358s] Level 1:colcon.colcon_core.package_identification:_identify(src/piper) by extension 'colcon_meta'
[0.358s] Level 1:colcon.colcon_core.package_identification:_identify(src/piper) by extensions ['ros']
[0.358s] Level 1:colcon.colcon_core.package_identification:_identify(src/piper) by extension 'ros'
[0.362s] DEBUG:colcon.colcon_core.package_identification:Package 'src/piper' with type 'ros.ament_python' and name 'piper'
[0.362s] Level 1:colcon.colcon_core.package_identification:_identify(src/piper_description) by extensions ['ignore', 'ignore_ament_install']
[0.362s] Level 1:colcon.colcon_core.package_identification:_identify(src/piper_description) by extension 'ignore'
[0.362s] Level 1:colcon.colcon_core.package_identification:_identify(src/piper_description) by extension 'ignore_ament_install'
[0.362s] Level 1:colcon.colcon_core.package_identification:_identify(src/piper_description) by extensions ['colcon_pkg']
[0.362s] Level 1:colcon.colcon_core.package_identification:_identify(src/piper_description) by extension 'colcon_pkg'
[0.362s] Level 1:colcon.colcon_core.package_identification:_identify(src/piper_description) by extensions ['colcon_meta']
[0.362s] Level 1:colcon.colcon_core.package_identification:_identify(src/piper_description) by extension 'colcon_meta'
[0.362s] Level 1:colcon.colcon_core.package_identification:_identify(src/piper_description) by extensions ['ros']
[0.362s] Level 1:colcon.colcon_core.package_identification:_identify(src/piper_description) by extension 'ros'
[0.363s] DEBUG:colcon.colcon_core.package_identification:Package 'src/piper_description' with type 'ros.ament_cmake' and name 'piper_description'
[0.363s] Level 1:colcon.colcon_core.package_identification:_identify(src/piper_humble) by extensions ['ignore', 'ignore_ament_install']
[0.363s] Level 1:colcon.colcon_core.package_identification:_identify(src/piper_humble) by extension 'ignore'
[0.363s] Level 1:colcon.colcon_core.package_identification:_identify(src/piper_humble) by extension 'ignore_ament_install'
[0.363s] Level 1:colcon.colcon_core.package_identification:_identify(src/piper_humble) by extensions ['colcon_pkg']
[0.363s] Level 1:colcon.colcon_core.package_identification:_identify(src/piper_humble) by extension 'colcon_pkg'
[0.364s] Level 1:colcon.colcon_core.package_identification:_identify(src/piper_humble) by extensions ['colcon_meta']
[0.364s] Level 1:colcon.colcon_core.package_identification:_identify(src/piper_humble) by extension 'colcon_meta'
[0.364s] Level 1:colcon.colcon_core.package_identification:_identify(src/piper_humble) by extensions ['ros']
[0.364s] Level 1:colcon.colcon_core.package_identification:_identify(src/piper_humble) by extension 'ros'
[0.364s] DEBUG:colcon.colcon_core.package_identification:Package 'src/piper_humble' with type 'ros.ament_cmake' and name 'piper_humble'
[0.364s] Level 1:colcon.colcon_core.package_identification:_identify(src/piper_moveit) by extensions ['ignore', 'ignore_ament_install']
[0.364s] Level 1:colcon.colcon_core.package_identification:_identify(src/piper_moveit) by extension 'ignore'
[0.365s] Level 1:colcon.colcon_core.package_identification:_identify(src/piper_moveit) by extension 'ignore_ament_install'
[0.365s] Level 1:colcon.colcon_core.package_identification:_identify(src/piper_moveit) by extensions ['colcon_pkg']
[0.365s] Level 1:colcon.colcon_core.package_identification:_identify(src/piper_moveit) by extension 'colcon_pkg'
[0.365s] Level 1:colcon.colcon_core.package_identification:_identify(src/piper_moveit) by extensions ['colcon_meta']
[0.365s] Level 1:colcon.colcon_core.package_identification:_identify(src/piper_moveit) by extension 'colcon_meta'
[0.365s] Level 1:colcon.colcon_core.package_identification:_identify(src/piper_moveit) by extensions ['ros']
[0.365s] Level 1:colcon.colcon_core.package_identification:_identify(src/piper_moveit) by extension 'ros'
[0.365s] Level 1:colcon.colcon_core.package_identification:_identify(src/piper_moveit) by extensions ['cmake', 'python']
[0.365s] Level 1:colcon.colcon_core.package_identification:_identify(src/piper_moveit) by extension 'cmake'
[0.365s] Level 1:colcon.colcon_core.package_identification:_identify(src/piper_moveit) by extension 'python'
[0.365s] Level 1:colcon.colcon_core.package_identification:_identify(src/piper_moveit) by extensions ['python_setup_py']
[0.365s] Level 1:colcon.colcon_core.package_identification:_identify(src/piper_moveit) by extension 'python_setup_py'
[0.365s] Level 1:colcon.colcon_core.package_identification:_identify(src/piper_moveit/piper_no_gripper_moveit) by extensions ['ignore', 'ignore_ament_install']
[0.365s] Level 1:colcon.colcon_core.package_identification:_identify(src/piper_moveit/piper_no_gripper_moveit) by extension 'ignore'
[0.365s] Level 1:colcon.colcon_core.package_identification:_identify(src/piper_moveit/piper_no_gripper_moveit) by extension 'ignore_ament_install'
[0.365s] Level 1:colcon.colcon_core.package_identification:_identify(src/piper_moveit/piper_no_gripper_moveit) by extensions ['colcon_pkg']
[0.365s] Level 1:colcon.colcon_core.package_identification:_identify(src/piper_moveit/piper_no_gripper_moveit) by extension 'colcon_pkg'
[0.365s] Level 1:colcon.colcon_core.package_identification:_identify(src/piper_moveit/piper_no_gripper_moveit) by extensions ['colcon_meta']
[0.366s] Level 1:colcon.colcon_core.package_identification:_identify(src/piper_moveit/piper_no_gripper_moveit) by extension 'colcon_meta'
[0.366s] Level 1:colcon.colcon_core.package_identification:_identify(src/piper_moveit/piper_no_gripper_moveit) by extensions ['ros']
[0.366s] Level 1:colcon.colcon_core.package_identification:_identify(src/piper_moveit/piper_no_gripper_moveit) by extension 'ros'
[0.367s] DEBUG:colcon.colcon_core.package_identification:Package 'src/piper_moveit/piper_no_gripper_moveit' with type 'ros.ament_cmake' and name 'piper_no_gripper_moveit'
[0.367s] Level 1:colcon.colcon_core.package_identification:_identify(src/piper_moveit/piper_with_gripper_moveit) by extensions ['ignore', 'ignore_ament_install']
[0.367s] Level 1:colcon.colcon_core.package_identification:_identify(src/piper_moveit/piper_with_gripper_moveit) by extension 'ignore'
[0.367s] Level 1:colcon.colcon_core.package_identification:_identify(src/piper_moveit/piper_with_gripper_moveit) by extension 'ignore_ament_install'
[0.367s] Level 1:colcon.colcon_core.package_identification:_identify(src/piper_moveit/piper_with_gripper_moveit) by extensions ['colcon_pkg']
[0.367s] Level 1:colcon.colcon_core.package_identification:_identify(src/piper_moveit/piper_with_gripper_moveit) by extension 'colcon_pkg'
[0.367s] Level 1:colcon.colcon_core.package_identification:_identify(src/piper_moveit/piper_with_gripper_moveit) by extensions ['colcon_meta']
[0.367s] Level 1:colcon.colcon_core.package_identification:_identify(src/piper_moveit/piper_with_gripper_moveit) by extension 'colcon_meta'
[0.367s] Level 1:colcon.colcon_core.package_identification:_identify(src/piper_moveit/piper_with_gripper_moveit) by extensions ['ros']
[0.367s] Level 1:colcon.colcon_core.package_identification:_identify(src/piper_moveit/piper_with_gripper_moveit) by extension 'ros'
[0.378s] DEBUG:colcon.colcon_core.package_identification:Package 'src/piper_moveit/piper_with_gripper_moveit' with type 'ros.ament_cmake' and name 'piper_with_gripper_moveit'
[0.378s] Level 1:colcon.colcon_core.package_identification:_identify(src/piper_msgs) by extensions ['ignore', 'ignore_ament_install']
[0.378s] Level 1:colcon.colcon_core.package_identification:_identify(src/piper_msgs) by extension 'ignore'
[0.378s] Level 1:colcon.colcon_core.package_identification:_identify(src/piper_msgs) by extension 'ignore_ament_install'
[0.378s] Level 1:colcon.colcon_core.package_identification:_identify(src/piper_msgs) by extensions ['colcon_pkg']
[0.378s] Level 1:colcon.colcon_core.package_identification:_identify(src/piper_msgs) by extension 'colcon_pkg'
[0.378s] Level 1:colcon.colcon_core.package_identification:_identify(src/piper_msgs) by extensions ['colcon_meta']
[0.379s] Level 1:colcon.colcon_core.package_identification:_identify(src/piper_msgs) by extension 'colcon_meta'
[0.379s] Level 1:colcon.colcon_core.package_identification:_identify(src/piper_msgs) by extensions ['ros']
[0.379s] Level 1:colcon.colcon_core.package_identification:_identify(src/piper_msgs) by extension 'ros'
[0.379s] DEBUG:colcon.colcon_core.package_identification:Package 'src/piper_msgs' with type 'ros.ament_cmake' and name 'piper_msgs'
[0.379s] Level 1:colcon.colcon_core.package_identification:_identify(src/piper_sim) by extensions ['ignore', 'ignore_ament_install']
[0.380s] Level 1:colcon.colcon_core.package_identification:_identify(src/piper_sim) by extension 'ignore'
[0.380s] Level 1:colcon.colcon_core.package_identification:_identify(src/piper_sim) by extension 'ignore_ament_install'
[0.380s] Level 1:colcon.colcon_core.package_identification:_identify(src/piper_sim) by extensions ['colcon_pkg']
[0.380s] Level 1:colcon.colcon_core.package_identification:_identify(src/piper_sim) by extension 'colcon_pkg'
[0.380s] Level 1:colcon.colcon_core.package_identification:_identify(src/piper_sim) by extensions ['colcon_meta']
[0.380s] Level 1:colcon.colcon_core.package_identification:_identify(src/piper_sim) by extension 'colcon_meta'
[0.380s] Level 1:colcon.colcon_core.package_identification:_identify(src/piper_sim) by extensions ['ros']
[0.380s] Level 1:colcon.colcon_core.package_identification:_identify(src/piper_sim) by extension 'ros'
[0.380s] Level 1:colcon.colcon_core.package_identification:_identify(src/piper_sim) by extensions ['cmake', 'python']
[0.380s] Level 1:colcon.colcon_core.package_identification:_identify(src/piper_sim) by extension 'cmake'
[0.380s] Level 1:colcon.colcon_core.package_identification:_identify(src/piper_sim) by extension 'python'
[0.380s] Level 1:colcon.colcon_core.package_identification:_identify(src/piper_sim) by extensions ['python_setup_py']
[0.380s] Level 1:colcon.colcon_core.package_identification:_identify(src/piper_sim) by extension 'python_setup_py'
[0.380s] Level 1:colcon.colcon_core.package_identification:_identify(src/piper_sim/piper_gazebo) by extensions ['ignore', 'ignore_ament_install']
[0.380s] Level 1:colcon.colcon_core.package_identification:_identify(src/piper_sim/piper_gazebo) by extension 'ignore'
[0.381s] Level 1:colcon.colcon_core.package_identification:_identify(src/piper_sim/piper_gazebo) by extension 'ignore_ament_install'
[0.381s] Level 1:colcon.colcon_core.package_identification:_identify(src/piper_sim/piper_gazebo) by extensions ['colcon_pkg']
[0.381s] Level 1:colcon.colcon_core.package_identification:_identify(src/piper_sim/piper_gazebo) by extension 'colcon_pkg'
[0.381s] Level 1:colcon.colcon_core.package_identification:_identify(src/piper_sim/piper_gazebo) by extensions ['colcon_meta']
[0.381s] Level 1:colcon.colcon_core.package_identification:_identify(src/piper_sim/piper_gazebo) by extension 'colcon_meta'
[0.381s] Level 1:colcon.colcon_core.package_identification:_identify(src/piper_sim/piper_gazebo) by extensions ['ros']
[0.381s] Level 1:colcon.colcon_core.package_identification:_identify(src/piper_sim/piper_gazebo) by extension 'ros'
[0.381s] DEBUG:colcon.colcon_core.package_identification:Package 'src/piper_sim/piper_gazebo' with type 'ros.ament_cmake' and name 'piper_gazebo'
[0.382s] Level 1:colcon.colcon_core.package_identification:_identify(src/piper_sim/piper_mujoco) by extensions ['ignore', 'ignore_ament_install']
[0.382s] Level 1:colcon.colcon_core.package_identification:_identify(src/piper_sim/piper_mujoco) by extension 'ignore'
[0.382s] Level 1:colcon.colcon_core.package_identification:_identify(src/piper_sim/piper_mujoco) by extension 'ignore_ament_install'
[0.382s] Level 1:colcon.colcon_core.package_identification:_identify(src/piper_sim/piper_mujoco) by extensions ['colcon_pkg']
[0.382s] Level 1:colcon.colcon_core.package_identification:_identify(src/piper_sim/piper_mujoco) by extension 'colcon_pkg'
[0.382s] Level 1:colcon.colcon_core.package_identification:_identify(src/piper_sim/piper_mujoco) by extensions ['colcon_meta']
[0.382s] Level 1:colcon.colcon_core.package_identification:_identify(src/piper_sim/piper_mujoco) by extension 'colcon_meta'
[0.382s] Level 1:colcon.colcon_core.package_identification:_identify(src/piper_sim/piper_mujoco) by extensions ['ros']
[0.382s] Level 1:colcon.colcon_core.package_identification:_identify(src/piper_sim/piper_mujoco) by extension 'ros'
[0.383s] DEBUG:colcon.colcon_core.package_identification:Package 'src/piper_sim/piper_mujoco' with type 'ros.ament_cmake' and name 'piper_mujoco'
[0.383s] Level 1:colcon.colcon_core.package_discovery:discover_packages(recursive) using defaults
[0.383s] Level 1:colcon.colcon_core.package_discovery:discover_packages(ignore) discover
[0.383s] Level 1:colcon.colcon_core.package_discovery:discover_packages(ignore) using defaults
[0.383s] Level 1:colcon.colcon_core.package_discovery:discover_packages(path) discover
[0.383s] Level 1:colcon.colcon_core.package_discovery:discover_packages(path) using defaults
[0.407s] Level 1:colcon.colcon_core.package_discovery:discover_packages(prefix_path) check parameters
[0.407s] Level 1:colcon.colcon_core.package_discovery:discover_packages(prefix_path) discover
[0.409s] DEBUG:colcon.colcon_installed_package_information.package_discovery:Found 8 installed packages in /home/sam/piper_ros/install
[0.411s] DEBUG:colcon.colcon_installed_package_information.package_discovery:Found 316 installed packages in /opt/ros/humble
[0.413s] Level 1:colcon.colcon_core.package_discovery:discover_packages(prefix_path) using defaults
[0.461s] Level 5:colcon.colcon_core.verb:set package 'piper' build argument 'cmake_args' from command line to 'None'
[0.462s] Level 5:colcon.colcon_core.verb:set package 'piper' build argument 'cmake_target' from command line to 'None'
[0.462s] Level 5:colcon.colcon_core.verb:set package 'piper' build argument 'cmake_target_skip_unavailable' from command line to 'False'
[0.462s] Level 5:colcon.colcon_core.verb:set package 'piper' build argument 'cmake_clean_cache' from command line to 'False'
[0.462s] Level 5:colcon.colcon_core.verb:set package 'piper' build argument 'cmake_clean_first' from command line to 'False'
[0.462s] Level 5:colcon.colcon_core.verb:set package 'piper' build argument 'cmake_force_configure' from command line to 'False'
[0.462s] Level 5:colcon.colcon_core.verb:set package 'piper' build argument 'ament_cmake_args' from command line to 'None'
[0.462s] Level 5:colcon.colcon_core.verb:set package 'piper' build argument 'catkin_cmake_args' from command line to 'None'
[0.462s] Level 5:colcon.colcon_core.verb:set package 'piper' build argument 'catkin_skip_building_tests' from command line to 'False'
[0.462s] DEBUG:colcon.colcon_core.verb:Building package 'piper' with the following arguments: {'ament_cmake_args': None, 'build_base': '/home/sam/piper_ros/build/piper', 'catkin_cmake_args': None, 'catkin_skip_building_tests': False, 'cmake_args': None, 'cmake_clean_cache': False, 'cmake_clean_first': False, 'cmake_force_configure': False, 'cmake_target': None, 'cmake_target_skip_unavailable': False, 'install_base': '/home/sam/piper_ros/install/piper', 'merge_install': False, 'path': '/home/sam/piper_ros/src/piper', 'symlink_install': False, 'test_result_base': None}
[0.462s] Level 5:colcon.colcon_core.verb:set package 'piper_description' build argument 'cmake_args' from command line to 'None'
[0.462s] Level 5:colcon.colcon_core.verb:set package 'piper_description' build argument 'cmake_target' from command line to 'None'
[0.462s] Level 5:colcon.colcon_core.verb:set package 'piper_description' build argument 'cmake_target_skip_unavailable' from command line to 'False'
[0.462s] Level 5:colcon.colcon_core.verb:set package 'piper_description' build argument 'cmake_clean_cache' from command line to 'False'
[0.462s] Level 5:colcon.colcon_core.verb:set package 'piper_description' build argument 'cmake_clean_first' from command line to 'False'
[0.462s] Level 5:colcon.colcon_core.verb:set package 'piper_description' build argument 'cmake_force_configure' from command line to 'False'
[0.462s] Level 5:colcon.colcon_core.verb:set package 'piper_description' build argument 'ament_cmake_args' from command line to 'None'
[0.462s] Level 5:colcon.colcon_core.verb:set package 'piper_description' build argument 'catkin_cmake_args' from command line to 'None'
[0.462s] Level 5:colcon.colcon_core.verb:set package 'piper_description' build argument 'catkin_skip_building_tests' from command line to 'False'
[0.463s] DEBUG:colcon.colcon_core.verb:Building package 'piper_description' with the following arguments: {'ament_cmake_args': None, 'build_base': '/home/sam/piper_ros/build/piper_description', 'catkin_cmake_args': None, 'catkin_skip_building_tests': False, 'cmake_args': None, 'cmake_clean_cache': False, 'cmake_clean_first': False, 'cmake_force_configure': False, 'cmake_target': None, 'cmake_target_skip_unavailable': False, 'install_base': '/home/sam/piper_ros/install/piper_description', 'merge_install': False, 'path': '/home/sam/piper_ros/src/piper_description', 'symlink_install': False, 'test_result_base': None}
[0.463s] Level 5:colcon.colcon_core.verb:set package 'piper_gazebo' build argument 'cmake_args' from command line to 'None'
[0.463s] Level 5:colcon.colcon_core.verb:set package 'piper_gazebo' build argument 'cmake_target' from command line to 'None'
[0.463s] Level 5:colcon.colcon_core.verb:set package 'piper_gazebo' build argument 'cmake_target_skip_unavailable' from command line to 'False'
[0.463s] Level 5:colcon.colcon_core.verb:set package 'piper_gazebo' build argument 'cmake_clean_cache' from command line to 'False'
[0.463s] Level 5:colcon.colcon_core.verb:set package 'piper_gazebo' build argument 'cmake_clean_first' from command line to 'False'
[0.463s] Level 5:colcon.colcon_core.verb:set package 'piper_gazebo' build argument 'cmake_force_configure' from command line to 'False'
[0.463s] Level 5:colcon.colcon_core.verb:set package 'piper_gazebo' build argument 'ament_cmake_args' from command line to 'None'
[0.463s] Level 5:colcon.colcon_core.verb:set package 'piper_gazebo' build argument 'catkin_cmake_args' from command line to 'None'
[0.463s] Level 5:colcon.colcon_core.verb:set package 'piper_gazebo' build argument 'catkin_skip_building_tests' from command line to 'False'
[0.463s] DEBUG:colcon.colcon_core.verb:Building package 'piper_gazebo' with the following arguments: {'ament_cmake_args': None, 'build_base': '/home/sam/piper_ros/build/piper_gazebo', 'catkin_cmake_args': None, 'catkin_skip_building_tests': False, 'cmake_args': None, 'cmake_clean_cache': False, 'cmake_clean_first': False, 'cmake_force_configure': False, 'cmake_target': None, 'cmake_target_skip_unavailable': False, 'install_base': '/home/sam/piper_ros/install/piper_gazebo', 'merge_install': False, 'path': '/home/sam/piper_ros/src/piper_sim/piper_gazebo', 'symlink_install': False, 'test_result_base': None}
[0.464s] Level 5:colcon.colcon_core.verb:set package 'piper_humble' build argument 'cmake_args' from command line to 'None'
[0.464s] Level 5:colcon.colcon_core.verb:set package 'piper_humble' build argument 'cmake_target' from command line to 'None'
[0.464s] Level 5:colcon.colcon_core.verb:set package 'piper_humble' build argument 'cmake_target_skip_unavailable' from command line to 'False'
[0.464s] Level 5:colcon.colcon_core.verb:set package 'piper_humble' build argument 'cmake_clean_cache' from command line to 'False'
[0.464s] Level 5:colcon.colcon_core.verb:set package 'piper_humble' build argument 'cmake_clean_first' from command line to 'False'
[0.464s] Level 5:colcon.colcon_core.verb:set package 'piper_humble' build argument 'cmake_force_configure' from command line to 'False'
[0.464s] Level 5:colcon.colcon_core.verb:set package 'piper_humble' build argument 'ament_cmake_args' from command line to 'None'
[0.464s] Level 5:colcon.colcon_core.verb:set package 'piper_humble' build argument 'catkin_cmake_args' from command line to 'None'
[0.464s] Level 5:colcon.colcon_core.verb:set package 'piper_humble' build argument 'catkin_skip_building_tests' from command line to 'False'
[0.464s] DEBUG:colcon.colcon_core.verb:Building package 'piper_humble' with the following arguments: {'ament_cmake_args': None, 'build_base': '/home/sam/piper_ros/build/piper_humble', 'catkin_cmake_args': None, 'catkin_skip_building_tests': False, 'cmake_args': None, 'cmake_clean_cache': False, 'cmake_clean_first': False, 'cmake_force_configure': False, 'cmake_target': None, 'cmake_target_skip_unavailable': False, 'install_base': '/home/sam/piper_ros/install/piper_humble', 'merge_install': False, 'path': '/home/sam/piper_ros/src/piper_humble', 'symlink_install': False, 'test_result_base': None}
[0.464s] Level 5:colcon.colcon_core.verb:set package 'piper_msgs' build argument 'cmake_args' from command line to 'None'
[0.464s] Level 5:colcon.colcon_core.verb:set package 'piper_msgs' build argument 'cmake_target' from command line to 'None'
[0.464s] Level 5:colcon.colcon_core.verb:set package 'piper_msgs' build argument 'cmake_target_skip_unavailable' from command line to 'False'
[0.464s] Level 5:colcon.colcon_core.verb:set package 'piper_msgs' build argument 'cmake_clean_cache' from command line to 'False'
[0.464s] Level 5:colcon.colcon_core.verb:set package 'piper_msgs' build argument 'cmake_clean_first' from command line to 'False'
[0.464s] Level 5:colcon.colcon_core.verb:set package 'piper_msgs' build argument 'cmake_force_configure' from command line to 'False'
[0.464s] Level 5:colcon.colcon_core.verb:set package 'piper_msgs' build argument 'ament_cmake_args' from command line to 'None'
[0.464s] Level 5:colcon.colcon_core.verb:set package 'piper_msgs' build argument 'catkin_cmake_args' from command line to 'None'
[0.464s] Level 5:colcon.colcon_core.verb:set package 'piper_msgs' build argument 'catkin_skip_building_tests' from command line to 'False'
[0.464s] DEBUG:colcon.colcon_core.verb:Building package 'piper_msgs' with the following arguments: {'ament_cmake_args': None, 'build_base': '/home/sam/piper_ros/build/piper_msgs', 'catkin_cmake_args': None, 'catkin_skip_building_tests': False, 'cmake_args': None, 'cmake_clean_cache': False, 'cmake_clean_first': False, 'cmake_force_configure': False, 'cmake_target': None, 'cmake_target_skip_unavailable': False, 'install_base': '/home/sam/piper_ros/install/piper_msgs', 'merge_install': False, 'path': '/home/sam/piper_ros/src/piper_msgs', 'symlink_install': False, 'test_result_base': None}
[0.465s] Level 5:colcon.colcon_core.verb:set package 'piper_mujoco' build argument 'cmake_args' from command line to 'None'
[0.465s] Level 5:colcon.colcon_core.verb:set package 'piper_mujoco' build argument 'cmake_target' from command line to 'None'
[0.465s] Level 5:colcon.colcon_core.verb:set package 'piper_mujoco' build argument 'cmake_target_skip_unavailable' from command line to 'False'
[0.465s] Level 5:colcon.colcon_core.verb:set package 'piper_mujoco' build argument 'cmake_clean_cache' from command line to 'False'
[0.465s] Level 5:colcon.colcon_core.verb:set package 'piper_mujoco' build argument 'cmake_clean_first' from command line to 'False'
[0.465s] Level 5:colcon.colcon_core.verb:set package 'piper_mujoco' build argument 'cmake_force_configure' from command line to 'False'
[0.465s] Level 5:colcon.colcon_core.verb:set package 'piper_mujoco' build argument 'ament_cmake_args' from command line to 'None'
[0.465s] Level 5:colcon.colcon_core.verb:set package 'piper_mujoco' build argument 'catkin_cmake_args' from command line to 'None'
[0.465s] Level 5:colcon.colcon_core.verb:set package 'piper_mujoco' build argument 'catkin_skip_building_tests' from command line to 'False'
[0.465s] DEBUG:colcon.colcon_core.verb:Building package 'piper_mujoco' with the following arguments: {'ament_cmake_args': None, 'build_base': '/home/sam/piper_ros/build/piper_mujoco', 'catkin_cmake_args': None, 'catkin_skip_building_tests': False, 'cmake_args': None, 'cmake_clean_cache': False, 'cmake_clean_first': False, 'cmake_force_configure': False, 'cmake_target': None, 'cmake_target_skip_unavailable': False, 'install_base': '/home/sam/piper_ros/install/piper_mujoco', 'merge_install': False, 'path': '/home/sam/piper_ros/src/piper_sim/piper_mujoco', 'symlink_install': False, 'test_result_base': None}
[0.466s] Level 5:colcon.colcon_core.verb:set package 'piper_no_gripper_moveit' build argument 'cmake_args' from command line to 'None'
[0.466s] Level 5:colcon.colcon_core.verb:set package 'piper_no_gripper_moveit' build argument 'cmake_target' from command line to 'None'
[0.466s] Level 5:colcon.colcon_core.verb:set package 'piper_no_gripper_moveit' build argument 'cmake_target_skip_unavailable' from command line to 'False'
[0.466s] Level 5:colcon.colcon_core.verb:set package 'piper_no_gripper_moveit' build argument 'cmake_clean_cache' from command line to 'False'
[0.466s] Level 5:colcon.colcon_core.verb:set package 'piper_no_gripper_moveit' build argument 'cmake_clean_first' from command line to 'False'
[0.466s] Level 5:colcon.colcon_core.verb:set package 'piper_no_gripper_moveit' build argument 'cmake_force_configure' from command line to 'False'
[0.466s] Level 5:colcon.colcon_core.verb:set package 'piper_no_gripper_moveit' build argument 'ament_cmake_args' from command line to 'None'
[0.466s] Level 5:colcon.colcon_core.verb:set package 'piper_no_gripper_moveit' build argument 'catkin_cmake_args' from command line to 'None'
[0.466s] Level 5:colcon.colcon_core.verb:set package 'piper_no_gripper_moveit' build argument 'catkin_skip_building_tests' from command line to 'False'
[0.466s] DEBUG:colcon.colcon_core.verb:Building package 'piper_no_gripper_moveit' with the following arguments: {'ament_cmake_args': None, 'build_base': '/home/sam/piper_ros/build/piper_no_gripper_moveit', 'catkin_cmake_args': None, 'catkin_skip_building_tests': False, 'cmake_args': None, 'cmake_clean_cache': False, 'cmake_clean_first': False, 'cmake_force_configure': False, 'cmake_target': None, 'cmake_target_skip_unavailable': False, 'install_base': '/home/sam/piper_ros/install/piper_no_gripper_moveit', 'merge_install': False, 'path': '/home/sam/piper_ros/src/piper_moveit/piper_no_gripper_moveit', 'symlink_install': False, 'test_result_base': None}
[0.466s] Level 5:colcon.colcon_core.verb:set package 'piper_with_gripper_moveit' build argument 'cmake_args' from command line to 'None'
[0.466s] Level 5:colcon.colcon_core.verb:set package 'piper_with_gripper_moveit' build argument 'cmake_target' from command line to 'None'
[0.466s] Level 5:colcon.colcon_core.verb:set package 'piper_with_gripper_moveit' build argument 'cmake_target_skip_unavailable' from command line to 'False'
[0.466s] Level 5:colcon.colcon_core.verb:set package 'piper_with_gripper_moveit' build argument 'cmake_clean_cache' from command line to 'False'
[0.466s] Level 5:colcon.colcon_core.verb:set package 'piper_with_gripper_moveit' build argument 'cmake_clean_first' from command line to 'False'
[0.466s] Level 5:colcon.colcon_core.verb:set package 'piper_with_gripper_moveit' build argument 'cmake_force_configure' from command line to 'False'
[0.466s] Level 5:colcon.colcon_core.verb:set package 'piper_with_gripper_moveit' build argument 'ament_cmake_args' from command line to 'None'
[0.466s] Level 5:colcon.colcon_core.verb:set package 'piper_with_gripper_moveit' build argument 'catkin_cmake_args' from command line to 'None'
[0.466s] Level 5:colcon.colcon_core.verb:set package 'piper_with_gripper_moveit' build argument 'catkin_skip_building_tests' from command line to 'False'
[0.466s] DEBUG:colcon.colcon_core.verb:Building package 'piper_with_gripper_moveit' with the following arguments: {'ament_cmake_args': None, 'build_base': '/home/sam/piper_ros/build/piper_with_gripper_moveit', 'catkin_cmake_args': None, 'catkin_skip_building_tests': False, 'cmake_args': None, 'cmake_clean_cache': False, 'cmake_clean_first': False, 'cmake_force_configure': False, 'cmake_target': None, 'cmake_target_skip_unavailable': False, 'install_base': '/home/sam/piper_ros/install/piper_with_gripper_moveit', 'merge_install': False, 'path': '/home/sam/piper_ros/src/piper_moveit/piper_with_gripper_moveit', 'symlink_install': False, 'test_result_base': None}
[0.467s] INFO:colcon.colcon_core.executor:Executing jobs using 'parallel' executor
[0.468s] DEBUG:colcon.colcon_parallel_executor.executor.parallel:run_until_complete
[0.468s] INFO:colcon.colcon_ros.task.ament_cmake.build:Building ROS package in '/home/sam/piper_ros/src/piper_description' with build type 'ament_cmake'
[0.468s] INFO:colcon.colcon_cmake.task.cmake.build:Building CMake package in '/home/sam/piper_ros/src/piper_description'
[0.472s] INFO:colcon.colcon_core.plugin_system:Skipping extension 'colcon_core.shell.bat': Not used on non-Windows systems
[0.472s] INFO:colcon.colcon_core.shell:Skip shell extension 'powershell' for command environment: Not usable outside of PowerShell
[0.472s] DEBUG:colcon.colcon_core.shell:Skip shell extension 'dsv' for command environment
[0.477s] INFO:colcon.colcon_ros.task.ament_python.build:Building ROS package in '/home/sam/piper_ros/src/piper' with build type 'ament_python'
[0.477s] Level 1:colcon.colcon_core.shell:create_environment_hook('piper', 'ament_prefix_path')
[0.478s] INFO:colcon.colcon_core.shell:Creating environment hook '/home/sam/piper_ros/install/piper/share/piper/hook/ament_prefix_path.ps1'
[0.479s] INFO:colcon.colcon_core.shell:Creating environment descriptor '/home/sam/piper_ros/install/piper/share/piper/hook/ament_prefix_path.dsv'
[0.480s] INFO:colcon.colcon_core.shell:Creating environment hook '/home/sam/piper_ros/install/piper/share/piper/hook/ament_prefix_path.sh'
[0.482s] INFO:colcon.colcon_core.shell:Skip shell extension 'powershell' for command environment: Not usable outside of PowerShell
[0.482s] DEBUG:colcon.colcon_core.shell:Skip shell extension 'dsv' for command environment
[0.487s] INFO:colcon.colcon_ros.task.ament_cmake.build:Building ROS package in '/home/sam/piper_ros/src/piper_sim/piper_gazebo' with build type 'ament_cmake'
[0.487s] INFO:colcon.colcon_cmake.task.cmake.build:Building CMake package in '/home/sam/piper_ros/src/piper_sim/piper_gazebo'
[0.488s] INFO:colcon.colcon_core.shell:Skip shell extension 'powershell' for command environment: Not usable outside of PowerShell
[0.488s] DEBUG:colcon.colcon_core.shell:Skip shell extension 'dsv' for command environment
[0.494s] INFO:colcon.colcon_ros.task.ament_cmake.build:Building ROS package in '/home/sam/piper_ros/src/piper_humble' with build type 'ament_cmake'
[0.494s] INFO:colcon.colcon_cmake.task.cmake.build:Building CMake package in '/home/sam/piper_ros/src/piper_humble'
[0.495s] INFO:colcon.colcon_core.shell:Skip shell extension 'powershell' for command environment: Not usable outside of PowerShell
[0.495s] DEBUG:colcon.colcon_core.shell:Skip shell extension 'dsv' for command environment
[0.509s] DEBUG:colcon.colcon_core.event_handler.log_command:Invoking command in '/home/sam/piper_ros/build/piper_description': CMAKE_PREFIX_PATH=${CMAKE_PREFIX_PATH}:/home/sam/piper_ros/install/piper:/opt/ros/humble /usr/bin/cmake --build /home/sam/piper_ros/build/piper_description -- -j4 -l4
[0.838s] INFO:colcon.colcon_core.task.python.build:Building Python package in '/home/sam/piper_ros/src/piper'
[0.838s] INFO:colcon.colcon_core.shell:Skip shell extension 'powershell' for command environment: Not usable outside of PowerShell
[0.838s] DEBUG:colcon.colcon_core.shell:Skip shell extension 'dsv' for command environment
[0.848s] DEBUG:colcon.colcon_core.event_handler.log_command:Invoking command in '/home/sam/piper_ros/build/piper_gazebo': CMAKE_PREFIX_PATH=${CMAKE_PREFIX_PATH}:/home/sam/piper_ros/install/piper:/opt/ros/humble /usr/bin/cmake --build /home/sam/piper_ros/build/piper_gazebo -- -j4 -l4
[0.852s] DEBUG:colcon.colcon_core.event_handler.log_command:Invoking command in '/home/sam/piper_ros/build/piper_humble': CMAKE_PREFIX_PATH=${CMAKE_PREFIX_PATH}:/home/sam/piper_ros/install/piper:/opt/ros/humble /usr/bin/cmake --build /home/sam/piper_ros/build/piper_humble -- -j4 -l4
[0.855s] DEBUG:colcon.colcon_core.event_handler.log_command:Invoked command in '/home/sam/piper_ros/build/piper_description' returned '0': CMAKE_PREFIX_PATH=${CMAKE_PREFIX_PATH}:/home/sam/piper_ros/install/piper:/opt/ros/humble /usr/bin/cmake --build /home/sam/piper_ros/build/piper_description -- -j4 -l4
[0.870s] DEBUG:colcon.colcon_core.event_handler.log_command:Invoking command in '/home/sam/piper_ros/build/piper_description': CMAKE_PREFIX_PATH=${CMAKE_PREFIX_PATH}:/home/sam/piper_ros/install/piper:/opt/ros/humble /usr/bin/cmake --install /home/sam/piper_ros/build/piper_description
[0.890s] Level 1:colcon.colcon_core.environment:create_environment_scripts_only(piper_description)
[0.900s] Level 1:colcon.colcon_core.environment:checking '/home/sam/piper_ros/install/piper_description' for CMake module files
[0.901s] Level 1:colcon.colcon_core.environment:checking '/home/sam/piper_ros/install/piper_description' for CMake config files
[0.902s] DEBUG:colcon.colcon_core.event_handler.log_command:Invoked command in '/home/sam/piper_ros/build/piper_description' returned '0': CMAKE_PREFIX_PATH=${CMAKE_PREFIX_PATH}:/home/sam/piper_ros/install/piper:/opt/ros/humble /usr/bin/cmake --install /home/sam/piper_ros/build/piper_description
[0.902s] Level 1:colcon.colcon_core.shell:create_environment_hook('piper_description', 'cmake_prefix_path')
[0.902s] INFO:colcon.colcon_core.shell:Creating environment hook '/home/sam/piper_ros/install/piper_description/share/piper_description/hook/cmake_prefix_path.ps1'
[0.903s] INFO:colcon.colcon_core.shell:Creating environment descriptor '/home/sam/piper_ros/install/piper_description/share/piper_description/hook/cmake_prefix_path.dsv'
[0.904s] INFO:colcon.colcon_core.shell:Creating environment hook '/home/sam/piper_ros/install/piper_description/share/piper_description/hook/cmake_prefix_path.sh'
[0.905s] Level 1:colcon.colcon_core.environment:checking '/home/sam/piper_ros/install/piper_description/bin'
[0.906s] Level 1:colcon.colcon_core.environment:checking '/home/sam/piper_ros/install/piper_description/lib/pkgconfig/piper_description.pc'
[0.906s] Level 1:colcon.colcon_core.environment:checking '/home/sam/piper_ros/install/piper_description/lib/python3.10/site-packages'
[0.906s] Level 1:colcon.colcon_core.environment:checking '/home/sam/piper_ros/install/piper_description/bin'
[0.907s] INFO:colcon.colcon_core.shell:Creating package script '/home/sam/piper_ros/install/piper_description/share/piper_description/package.ps1'
[0.909s] INFO:colcon.colcon_core.shell:Creating package descriptor '/home/sam/piper_ros/install/piper_description/share/piper_description/package.dsv'
[0.910s] INFO:colcon.colcon_core.shell:Creating package script '/home/sam/piper_ros/install/piper_description/share/piper_description/package.sh'
[0.911s] INFO:colcon.colcon_core.shell:Creating package script '/home/sam/piper_ros/install/piper_description/share/piper_description/package.bash'
[0.913s] INFO:colcon.colcon_core.shell:Creating package script '/home/sam/piper_ros/install/piper_description/share/piper_description/package.zsh'
[0.915s] Level 1:colcon.colcon_core.environment:create_file_with_runtime_dependencies(/home/sam/piper_ros/install/piper_description/share/colcon-core/packages/piper_description)
[0.916s] Level 1:colcon.colcon_core.environment:create_environment_scripts_only(piper_description)
[0.916s] Level 1:colcon.colcon_core.environment:checking '/home/sam/piper_ros/install/piper_description' for CMake module files
[0.917s] Level 1:colcon.colcon_core.environment:checking '/home/sam/piper_ros/install/piper_description' for CMake config files
[0.917s] Level 1:colcon.colcon_core.shell:create_environment_hook('piper_description', 'cmake_prefix_path')
[0.918s] INFO:colcon.colcon_core.shell:Creating environment hook '/home/sam/piper_ros/install/piper_description/share/piper_description/hook/cmake_prefix_path.ps1'
[0.919s] INFO:colcon.colcon_core.shell:Creating environment descriptor '/home/sam/piper_ros/install/piper_description/share/piper_description/hook/cmake_prefix_path.dsv'
[0.919s] INFO:colcon.colcon_core.shell:Creating environment hook '/home/sam/piper_ros/install/piper_description/share/piper_description/hook/cmake_prefix_path.sh'
[0.920s] Level 1:colcon.colcon_core.environment:checking '/home/sam/piper_ros/install/piper_description/bin'
[0.920s] Level 1:colcon.colcon_core.environment:checking '/home/sam/piper_ros/install/piper_description/lib/pkgconfig/piper_description.pc'
[0.921s] Level 1:colcon.colcon_core.environment:checking '/home/sam/piper_ros/install/piper_description/lib/python3.10/site-packages'
[0.921s] Level 1:colcon.colcon_core.environment:checking '/home/sam/piper_ros/install/piper_description/bin'
[0.922s] INFO:colcon.colcon_core.shell:Creating package script '/home/sam/piper_ros/install/piper_description/share/piper_description/package.ps1'
[0.923s] INFO:colcon.colcon_core.shell:Creating package descriptor '/home/sam/piper_ros/install/piper_description/share/piper_description/package.dsv'
[0.924s] INFO:colcon.colcon_core.shell:Creating package script '/home/sam/piper_ros/install/piper_description/share/piper_description/package.sh'
[0.924s] INFO:colcon.colcon_core.shell:Creating package script '/home/sam/piper_ros/install/piper_description/share/piper_description/package.bash'
[0.925s] INFO:colcon.colcon_core.shell:Creating package script '/home/sam/piper_ros/install/piper_description/share/piper_description/package.zsh'
[0.926s] Level 1:colcon.colcon_core.environment:create_file_with_runtime_dependencies(/home/sam/piper_ros/install/piper_description/share/colcon-core/packages/piper_description)
[0.927s] INFO:colcon.colcon_ros.task.ament_cmake.build:Building ROS package in '/home/sam/piper_ros/src/piper_msgs' with build type 'ament_cmake'
[0.927s] INFO:colcon.colcon_cmake.task.cmake.build:Building CMake package in '/home/sam/piper_ros/src/piper_msgs'
[0.928s] INFO:colcon.colcon_core.shell:Skip shell extension 'powershell' for command environment: Not usable outside of PowerShell
[0.928s] DEBUG:colcon.colcon_core.shell:Skip shell extension 'dsv' for command environment
[0.936s] DEBUG:colcon.colcon_core.event_handler.log_command:Invoked command in '/home/sam/piper_ros/build/piper_gazebo' returned '0': CMAKE_PREFIX_PATH=${CMAKE_PREFIX_PATH}:/home/sam/piper_ros/install/piper:/opt/ros/humble /usr/bin/cmake --build /home/sam/piper_ros/build/piper_gazebo -- -j4 -l4
[0.940s] DEBUG:colcon.colcon_core.event_handler.log_command:Invoking command in '/home/sam/piper_ros/build/piper_gazebo': CMAKE_PREFIX_PATH=${CMAKE_PREFIX_PATH}:/home/sam/piper_ros/install/piper:/opt/ros/humble /usr/bin/cmake --install /home/sam/piper_ros/build/piper_gazebo
[0.942s] DEBUG:colcon.colcon_core.event_handler.log_command:Invoked command in '/home/sam/piper_ros/build/piper_humble' returned '0': CMAKE_PREFIX_PATH=${CMAKE_PREFIX_PATH}:/home/sam/piper_ros/install/piper:/opt/ros/humble /usr/bin/cmake --build /home/sam/piper_ros/build/piper_humble -- -j4 -l4
[0.943s] DEBUG:colcon.colcon_core.event_handler.log_command:Invoking command in '/home/sam/piper_ros/build/piper_humble': CMAKE_PREFIX_PATH=${CMAKE_PREFIX_PATH}:/home/sam/piper_ros/install/piper:/opt/ros/humble /usr/bin/cmake --install /home/sam/piper_ros/build/piper_humble
[0.952s] DEBUG:colcon.colcon_core.event_handler.log_command:Invoking command in '/home/sam/piper_ros/build/piper_msgs': CMAKE_PREFIX_PATH=${CMAKE_PREFIX_PATH}:/home/sam/piper_ros/install/piper:/opt/ros/humble /usr/bin/cmake --build /home/sam/piper_ros/build/piper_msgs -- -j4 -l4
[0.961s] Level 1:colcon.colcon_core.environment:create_environment_scripts_only(piper_gazebo)
[0.962s] Level 1:colcon.colcon_core.environment:checking '/home/sam/piper_ros/install/piper_gazebo' for CMake module files
[0.965s] Level 1:colcon.colcon_core.environment:checking '/home/sam/piper_ros/install/piper_gazebo' for CMake config files
[0.967s] DEBUG:colcon.colcon_core.event_handler.log_command:Invoked command in '/home/sam/piper_ros/build/piper_gazebo' returned '0': CMAKE_PREFIX_PATH=${CMAKE_PREFIX_PATH}:/home/sam/piper_ros/install/piper:/opt/ros/humble /usr/bin/cmake --install /home/sam/piper_ros/build/piper_gazebo
[0.968s] Level 1:colcon.colcon_core.shell:create_environment_hook('piper_gazebo', 'cmake_prefix_path')
[0.968s] INFO:colcon.colcon_core.shell:Creating environment hook '/home/sam/piper_ros/install/piper_gazebo/share/piper_gazebo/hook/cmake_prefix_path.ps1'
[0.969s] INFO:colcon.colcon_core.shell:Creating environment descriptor '/home/sam/piper_ros/install/piper_gazebo/share/piper_gazebo/hook/cmake_prefix_path.dsv'
[0.971s] INFO:colcon.colcon_core.shell:Creating environment hook '/home/sam/piper_ros/install/piper_gazebo/share/piper_gazebo/hook/cmake_prefix_path.sh'
[0.972s] Level 1:colcon.colcon_core.environment:checking '/home/sam/piper_ros/install/piper_gazebo/lib'
[0.973s] Level 1:colcon.colcon_core.environment:checking '/home/sam/piper_ros/install/piper_gazebo/bin'
[0.973s] Level 1:colcon.colcon_core.environment:checking '/home/sam/piper_ros/install/piper_gazebo/lib/pkgconfig/piper_gazebo.pc'
[0.973s] Level 1:colcon.colcon_core.environment:checking '/home/sam/piper_ros/install/piper_gazebo/lib/python3.10/site-packages'
[0.974s] Level 1:colcon.colcon_core.environment:checking '/home/sam/piper_ros/install/piper_gazebo/bin'
[0.974s] INFO:colcon.colcon_core.shell:Creating package script '/home/sam/piper_ros/install/piper_gazebo/share/piper_gazebo/package.ps1'
[0.975s] INFO:colcon.colcon_core.shell:Creating package descriptor '/home/sam/piper_ros/install/piper_gazebo/share/piper_gazebo/package.dsv'
[0.976s] INFO:colcon.colcon_core.shell:Creating package script '/home/sam/piper_ros/install/piper_gazebo/share/piper_gazebo/package.sh'
[0.977s] INFO:colcon.colcon_core.shell:Creating package script '/home/sam/piper_ros/install/piper_gazebo/share/piper_gazebo/package.bash'
[0.977s] INFO:colcon.colcon_core.shell:Creating package script '/home/sam/piper_ros/install/piper_gazebo/share/piper_gazebo/package.zsh'
[0.978s] Level 1:colcon.colcon_core.environment:create_file_with_runtime_dependencies(/home/sam/piper_ros/install/piper_gazebo/share/colcon-core/packages/piper_gazebo)
[0.979s] Level 1:colcon.colcon_core.environment:create_environment_scripts_only(piper_gazebo)
[0.980s] Level 1:colcon.colcon_core.environment:checking '/home/sam/piper_ros/install/piper_gazebo' for CMake module files
[0.981s] Level 1:colcon.colcon_core.environment:checking '/home/sam/piper_ros/install/piper_gazebo' for CMake config files
[0.981s] Level 1:colcon.colcon_core.shell:create_environment_hook('piper_gazebo', 'cmake_prefix_path')
[0.982s] INFO:colcon.colcon_core.shell:Creating environment hook '/home/sam/piper_ros/install/piper_gazebo/share/piper_gazebo/hook/cmake_prefix_path.ps1'
[0.982s] INFO:colcon.colcon_core.shell:Creating environment descriptor '/home/sam/piper_ros/install/piper_gazebo/share/piper_gazebo/hook/cmake_prefix_path.dsv'
[0.983s] INFO:colcon.colcon_core.shell:Creating environment hook '/home/sam/piper_ros/install/piper_gazebo/share/piper_gazebo/hook/cmake_prefix_path.sh'
[0.984s] Level 1:colcon.colcon_core.environment:checking '/home/sam/piper_ros/install/piper_gazebo/lib'
[0.984s] Level 1:colcon.colcon_core.environment:checking '/home/sam/piper_ros/install/piper_gazebo/bin'
[0.984s] Level 1:colcon.colcon_core.environment:checking '/home/sam/piper_ros/install/piper_gazebo/lib/pkgconfig/piper_gazebo.pc'
[0.985s] Level 1:colcon.colcon_core.environment:checking '/home/sam/piper_ros/install/piper_gazebo/lib/python3.10/site-packages'
[0.985s] Level 1:colcon.colcon_core.environment:checking '/home/sam/piper_ros/install/piper_gazebo/bin'
[0.986s] INFO:colcon.colcon_core.shell:Creating package script '/home/sam/piper_ros/install/piper_gazebo/share/piper_gazebo/package.ps1'
[0.987s] INFO:colcon.colcon_core.shell:Creating package descriptor '/home/sam/piper_ros/install/piper_gazebo/share/piper_gazebo/package.dsv'
[0.988s] INFO:colcon.colcon_core.shell:Creating package script '/home/sam/piper_ros/install/piper_gazebo/share/piper_gazebo/package.sh'
[0.990s] INFO:colcon.colcon_core.shell:Creating package script '/home/sam/piper_ros/install/piper_gazebo/share/piper_gazebo/package.bash'
[0.991s] INFO:colcon.colcon_core.shell:Creating package script '/home/sam/piper_ros/install/piper_gazebo/share/piper_gazebo/package.zsh'
[0.992s] Level 1:colcon.colcon_core.environment:create_file_with_runtime_dependencies(/home/sam/piper_ros/install/piper_gazebo/share/colcon-core/packages/piper_gazebo)
[0.993s] INFO:colcon.colcon_ros.task.ament_cmake.build:Building ROS package in '/home/sam/piper_ros/src/piper_sim/piper_mujoco' with build type 'ament_cmake'
[0.993s] INFO:colcon.colcon_cmake.task.cmake.build:Building CMake package in '/home/sam/piper_ros/src/piper_sim/piper_mujoco'
[0.993s] INFO:colcon.colcon_core.shell:Skip shell extension 'powershell' for command environment: Not usable outside of PowerShell
[0.994s] DEBUG:colcon.colcon_core.shell:Skip shell extension 'dsv' for command environment
[1.004s] Level 1:colcon.colcon_core.environment:create_environment_scripts_only(piper_humble)
[1.004s] Level 1:colcon.colcon_core.environment:checking '/home/sam/piper_ros/install/piper_humble' for CMake module files
[1.005s] Level 1:colcon.colcon_core.environment:checking '/home/sam/piper_ros/install/piper_humble' for CMake config files
[1.007s] DEBUG:colcon.colcon_core.event_handler.log_command:Invoked command in '/home/sam/piper_ros/build/piper_humble' returned '0': CMAKE_PREFIX_PATH=${CMAKE_PREFIX_PATH}:/home/sam/piper_ros/install/piper:/opt/ros/humble /usr/bin/cmake --install /home/sam/piper_ros/build/piper_humble
[1.007s] Level 1:colcon.colcon_core.shell:create_environment_hook('piper_humble', 'cmake_prefix_path')
[1.008s] INFO:colcon.colcon_core.shell:Creating environment hook '/home/sam/piper_ros/install/piper_humble/share/piper_humble/hook/cmake_prefix_path.ps1'
[1.009s] INFO:colcon.colcon_core.shell:Creating environment descriptor '/home/sam/piper_ros/install/piper_humble/share/piper_humble/hook/cmake_prefix_path.dsv'
[1.010s] INFO:colcon.colcon_core.shell:Creating environment hook '/home/sam/piper_ros/install/piper_humble/share/piper_humble/hook/cmake_prefix_path.sh'
[1.011s] Level 1:colcon.colcon_core.environment:checking '/home/sam/piper_ros/install/piper_humble/bin'
[1.011s] Level 1:colcon.colcon_core.environment:checking '/home/sam/piper_ros/install/piper_humble/lib/pkgconfig/piper_humble.pc'
[1.011s] Level 1:colcon.colcon_core.environment:checking '/home/sam/piper_ros/install/piper_humble/lib/python3.10/site-packages'
[1.012s] Level 1:colcon.colcon_core.environment:checking '/home/sam/piper_ros/install/piper_humble/bin'
[1.012s] INFO:colcon.colcon_core.shell:Creating package script '/home/sam/piper_ros/install/piper_humble/share/piper_humble/package.ps1'
[1.013s] INFO:colcon.colcon_core.shell:Creating package descriptor '/home/sam/piper_ros/install/piper_humble/share/piper_humble/package.dsv'
[1.014s] INFO:colcon.colcon_core.shell:Creating package script '/home/sam/piper_ros/install/piper_humble/share/piper_humble/package.sh'
[1.015s] INFO:colcon.colcon_core.shell:Creating package script '/home/sam/piper_ros/install/piper_humble/share/piper_humble/package.bash'
[1.016s] INFO:colcon.colcon_core.shell:Creating package script '/home/sam/piper_ros/install/piper_humble/share/piper_humble/package.zsh'
[1.017s] Level 1:colcon.colcon_core.environment:create_file_with_runtime_dependencies(/home/sam/piper_ros/install/piper_humble/share/colcon-core/packages/piper_humble)
[1.019s] Level 1:colcon.colcon_core.environment:create_environment_scripts_only(piper_humble)
[1.019s] Level 1:colcon.colcon_core.environment:checking '/home/sam/piper_ros/install/piper_humble' for CMake module files
[1.020s] Level 1:colcon.colcon_core.environment:checking '/home/sam/piper_ros/install/piper_humble' for CMake config files
[1.020s] Level 1:colcon.colcon_core.shell:create_environment_hook('piper_humble', 'cmake_prefix_path')
[1.021s] INFO:colcon.colcon_core.shell:Creating environment hook '/home/sam/piper_ros/install/piper_humble/share/piper_humble/hook/cmake_prefix_path.ps1'
[1.022s] INFO:colcon.colcon_core.shell:Creating environment descriptor '/home/sam/piper_ros/install/piper_humble/share/piper_humble/hook/cmake_prefix_path.dsv'
[1.023s] INFO:colcon.colcon_core.shell:Creating environment hook '/home/sam/piper_ros/install/piper_humble/share/piper_humble/hook/cmake_prefix_path.sh'
[1.024s] Level 1:colcon.colcon_core.environment:checking '/home/sam/piper_ros/install/piper_humble/bin'
[1.024s] Level 1:colcon.colcon_core.environment:checking '/home/sam/piper_ros/install/piper_humble/lib/pkgconfig/piper_humble.pc'
[1.024s] Level 1:colcon.colcon_core.environment:checking '/home/sam/piper_ros/install/piper_humble/lib/python3.10/site-packages'
[1.025s] Level 1:colcon.colcon_core.environment:checking '/home/sam/piper_ros/install/piper_humble/bin'
[1.026s] INFO:colcon.colcon_core.shell:Creating package script '/home/sam/piper_ros/install/piper_humble/share/piper_humble/package.ps1'
[1.027s] INFO:colcon.colcon_core.shell:Creating package descriptor '/home/sam/piper_ros/install/piper_humble/share/piper_humble/package.dsv'
[1.028s] INFO:colcon.colcon_core.shell:Creating package script '/home/sam/piper_ros/install/piper_humble/share/piper_humble/package.sh'
[1.029s] INFO:colcon.colcon_core.shell:Creating package script '/home/sam/piper_ros/install/piper_humble/share/piper_humble/package.bash'
[1.030s] INFO:colcon.colcon_core.shell:Creating package script '/home/sam/piper_ros/install/piper_humble/share/piper_humble/package.zsh'
[1.031s] Level 1:colcon.colcon_core.environment:create_file_with_runtime_dependencies(/home/sam/piper_ros/install/piper_humble/share/colcon-core/packages/piper_humble)
[1.032s] INFO:colcon.colcon_ros.task.ament_cmake.build:Building ROS package in '/home/sam/piper_ros/src/piper_moveit/piper_no_gripper_moveit' with build type 'ament_cmake'
[1.033s] INFO:colcon.colcon_cmake.task.cmake.build:Building CMake package in '/home/sam/piper_ros/src/piper_moveit/piper_no_gripper_moveit'
[1.033s] INFO:colcon.colcon_core.shell:Skip shell extension 'powershell' for command environment: Not usable outside of PowerShell
[1.033s] DEBUG:colcon.colcon_core.shell:Skip shell extension 'dsv' for command environment
[1.054s] DEBUG:colcon.colcon_core.event_handler.log_command:Invoking command in '/home/sam/piper_ros/build/piper_mujoco': CMAKE_PREFIX_PATH=${CMAKE_PREFIX_PATH}:/home/sam/piper_ros/install/piper:/opt/ros/humble /usr/bin/cmake --build /home/sam/piper_ros/build/piper_mujoco -- -j4 -l4
[1.072s] DEBUG:colcon.colcon_core.event_handler.log_command:Invoking command in '/home/sam/piper_ros/build/piper_no_gripper_moveit': CMAKE_PREFIX_PATH=/home/sam/piper_ros/install/piper_description:/home/sam/piper_ros/install/piper_with_gripper_moveit:/home/sam/piper_ros/install/piper_no_gripper_moveit:/home/sam/piper_ros/install/piper_mujoco:/home/sam/piper_ros/install/piper_msgs:/home/sam/piper_ros/install/piper_humble:/home/sam/piper_ros/install/piper_gazebo:/home/sam/piper_ros/install/piper:/opt/ros/humble /usr/bin/cmake --build /home/sam/piper_ros/build/piper_no_gripper_moveit -- -j4 -l4
[1.186s] DEBUG:colcon.colcon_core.event_handler.log_command:Invoked command in '/home/sam/piper_ros/build/piper_mujoco' returned '0': CMAKE_PREFIX_PATH=${CMAKE_PREFIX_PATH}:/home/sam/piper_ros/install/piper:/opt/ros/humble /usr/bin/cmake --build /home/sam/piper_ros/build/piper_mujoco -- -j4 -l4
[1.187s] DEBUG:colcon.colcon_core.event_handler.log_command:Invoking command in '/home/sam/piper_ros/build/piper_mujoco': CMAKE_PREFIX_PATH=${CMAKE_PREFIX_PATH}:/home/sam/piper_ros/install/piper:/opt/ros/humble /usr/bin/cmake --install /home/sam/piper_ros/build/piper_mujoco
[1.194s] DEBUG:colcon.colcon_core.event_handler.log_command:Invoked command in '/home/sam/piper_ros/build/piper_no_gripper_moveit' returned '0': CMAKE_PREFIX_PATH=/home/sam/piper_ros/install/piper_description:/home/sam/piper_ros/install/piper_with_gripper_moveit:/home/sam/piper_ros/install/piper_no_gripper_moveit:/home/sam/piper_ros/install/piper_mujoco:/home/sam/piper_ros/install/piper_msgs:/home/sam/piper_ros/install/piper_humble:/home/sam/piper_ros/install/piper_gazebo:/home/sam/piper_ros/install/piper:/opt/ros/humble /usr/bin/cmake --build /home/sam/piper_ros/build/piper_no_gripper_moveit -- -j4 -l4
[1.195s] DEBUG:colcon.colcon_core.event_handler.log_command:Invoking command in '/home/sam/piper_ros/build/piper_no_gripper_moveit': CMAKE_PREFIX_PATH=/home/sam/piper_ros/install/piper_description:/home/sam/piper_ros/install/piper_with_gripper_moveit:/home/sam/piper_ros/install/piper_no_gripper_moveit:/home/sam/piper_ros/install/piper_mujoco:/home/sam/piper_ros/install/piper_msgs:/home/sam/piper_ros/install/piper_humble:/home/sam/piper_ros/install/piper_gazebo:/home/sam/piper_ros/install/piper:/opt/ros/humble /usr/bin/cmake --install /home/sam/piper_ros/build/piper_no_gripper_moveit
[1.213s] Level 1:colcon.colcon_core.environment:create_environment_scripts_only(piper_no_gripper_moveit)
[1.213s] Level 1:colcon.colcon_core.environment:checking '/home/sam/piper_ros/install/piper_no_gripper_moveit' for CMake module files
[1.214s] Level 1:colcon.colcon_core.environment:checking '/home/sam/piper_ros/install/piper_no_gripper_moveit' for CMake config files
[1.215s] Level 1:colcon.colcon_core.shell:create_environment_hook('piper_no_gripper_moveit', 'cmake_prefix_path')
[1.216s] INFO:colcon.colcon_core.shell:Creating environment hook '/home/sam/piper_ros/install/piper_no_gripper_moveit/share/piper_no_gripper_moveit/hook/cmake_prefix_path.ps1'
[1.219s] INFO:colcon.colcon_core.shell:Creating environment descriptor '/home/sam/piper_ros/install/piper_no_gripper_moveit/share/piper_no_gripper_moveit/hook/cmake_prefix_path.dsv'
[1.220s] INFO:colcon.colcon_core.shell:Creating environment hook '/home/sam/piper_ros/install/piper_no_gripper_moveit/share/piper_no_gripper_moveit/hook/cmake_prefix_path.sh'
[1.221s] Level 1:colcon.colcon_core.environment:checking '/home/sam/piper_ros/install/piper_no_gripper_moveit/bin'
[1.221s] Level 1:colcon.colcon_core.environment:checking '/home/sam/piper_ros/install/piper_no_gripper_moveit/lib/pkgconfig/piper_no_gripper_moveit.pc'
[1.222s] Level 1:colcon.colcon_core.environment:checking '/home/sam/piper_ros/install/piper_no_gripper_moveit/lib/python3.10/site-packages'
[1.225s] Level 1:colcon.colcon_core.environment:checking '/home/sam/piper_ros/install/piper_no_gripper_moveit/bin'
[1.226s] INFO:colcon.colcon_core.shell:Creating package script '/home/sam/piper_ros/install/piper_no_gripper_moveit/share/piper_no_gripper_moveit/package.ps1'
[1.229s] INFO:colcon.colcon_core.shell:Creating package descriptor '/home/sam/piper_ros/install/piper_no_gripper_moveit/share/piper_no_gripper_moveit/package.dsv'
[1.230s] DEBUG:colcon.colcon_core.event_handler.log_command:Invoked command in '/home/sam/piper_ros/build/piper_no_gripper_moveit' returned '0': CMAKE_PREFIX_PATH=/home/sam/piper_ros/install/piper_description:/home/sam/piper_ros/install/piper_with_gripper_moveit:/home/sam/piper_ros/install/piper_no_gripper_moveit:/home/sam/piper_ros/install/piper_mujoco:/home/sam/piper_ros/install/piper_msgs:/home/sam/piper_ros/install/piper_humble:/home/sam/piper_ros/install/piper_gazebo:/home/sam/piper_ros/install/piper:/opt/ros/humble /usr/bin/cmake --install /home/sam/piper_ros/build/piper_no_gripper_moveit
[1.231s] INFO:colcon.colcon_core.shell:Creating package script '/home/sam/piper_ros/install/piper_no_gripper_moveit/share/piper_no_gripper_moveit/package.sh'
[1.232s] INFO:colcon.colcon_core.shell:Creating package script '/home/sam/piper_ros/install/piper_no_gripper_moveit/share/piper_no_gripper_moveit/package.bash'
[1.233s] INFO:colcon.colcon_core.shell:Creating package script '/home/sam/piper_ros/install/piper_no_gripper_moveit/share/piper_no_gripper_moveit/package.zsh'
[1.233s] Level 1:colcon.colcon_core.environment:create_file_with_runtime_dependencies(/home/sam/piper_ros/install/piper_no_gripper_moveit/share/colcon-core/packages/piper_no_gripper_moveit)
[1.234s] Level 1:colcon.colcon_core.environment:create_environment_scripts_only(piper_no_gripper_moveit)
[1.235s] Level 1:colcon.colcon_core.environment:checking '/home/sam/piper_ros/install/piper_no_gripper_moveit' for CMake module files
[1.236s] Level 1:colcon.colcon_core.environment:checking '/home/sam/piper_ros/install/piper_no_gripper_moveit' for CMake config files
[1.237s] Level 1:colcon.colcon_core.shell:create_environment_hook('piper_no_gripper_moveit', 'cmake_prefix_path')
[1.237s] INFO:colcon.colcon_core.shell:Creating environment hook '/home/sam/piper_ros/install/piper_no_gripper_moveit/share/piper_no_gripper_moveit/hook/cmake_prefix_path.ps1'
[1.238s] INFO:colcon.colcon_core.shell:Creating environment descriptor '/home/sam/piper_ros/install/piper_no_gripper_moveit/share/piper_no_gripper_moveit/hook/cmake_prefix_path.dsv'
[1.239s] INFO:colcon.colcon_core.shell:Creating environment hook '/home/sam/piper_ros/install/piper_no_gripper_moveit/share/piper_no_gripper_moveit/hook/cmake_prefix_path.sh'
[1.241s] Level 1:colcon.colcon_core.environment:checking '/home/sam/piper_ros/install/piper_no_gripper_moveit/bin'
[1.241s] Level 1:colcon.colcon_core.environment:checking '/home/sam/piper_ros/install/piper_no_gripper_moveit/lib/pkgconfig/piper_no_gripper_moveit.pc'
[1.241s] Level 1:colcon.colcon_core.environment:checking '/home/sam/piper_ros/install/piper_no_gripper_moveit/lib/python3.10/site-packages'
[1.244s] Level 1:colcon.colcon_core.environment:checking '/home/sam/piper_ros/install/piper_no_gripper_moveit/bin'
[1.245s] INFO:colcon.colcon_core.shell:Creating package script '/home/sam/piper_ros/install/piper_no_gripper_moveit/share/piper_no_gripper_moveit/package.ps1'
[1.246s] INFO:colcon.colcon_core.shell:Creating package descriptor '/home/sam/piper_ros/install/piper_no_gripper_moveit/share/piper_no_gripper_moveit/package.dsv'
[1.247s] INFO:colcon.colcon_core.shell:Creating package script '/home/sam/piper_ros/install/piper_no_gripper_moveit/share/piper_no_gripper_moveit/package.sh'
[1.248s] INFO:colcon.colcon_core.shell:Creating package script '/home/sam/piper_ros/install/piper_no_gripper_moveit/share/piper_no_gripper_moveit/package.bash'
[1.249s] INFO:colcon.colcon_core.shell:Creating package script '/home/sam/piper_ros/install/piper_no_gripper_moveit/share/piper_no_gripper_moveit/package.zsh'
[1.250s] Level 1:colcon.colcon_core.environment:create_file_with_runtime_dependencies(/home/sam/piper_ros/install/piper_no_gripper_moveit/share/colcon-core/packages/piper_no_gripper_moveit)
[1.251s] INFO:colcon.colcon_ros.task.ament_cmake.build:Building ROS package in '/home/sam/piper_ros/src/piper_moveit/piper_with_gripper_moveit' with build type 'ament_cmake'
[1.252s] INFO:colcon.colcon_cmake.task.cmake.build:Building CMake package in '/home/sam/piper_ros/src/piper_moveit/piper_with_gripper_moveit'
[1.253s] INFO:colcon.colcon_core.shell:Skip shell extension 'powershell' for command environment: Not usable outside of PowerShell
[1.253s] DEBUG:colcon.colcon_core.shell:Skip shell extension 'dsv' for command environment
[1.269s] Level 1:colcon.colcon_core.environment:create_environment_scripts_only(piper_mujoco)
[1.270s] Level 1:colcon.colcon_core.environment:checking '/home/sam/piper_ros/install/piper_mujoco' for CMake module files
[1.271s] Level 1:colcon.colcon_core.environment:checking '/home/sam/piper_ros/install/piper_mujoco' for CMake config files
[1.271s] Level 1:colcon.colcon_core.shell:create_environment_hook('piper_mujoco', 'cmake_prefix_path')
[1.272s] INFO:colcon.colcon_core.shell:Creating environment hook '/home/sam/piper_ros/install/piper_mujoco/share/piper_mujoco/hook/cmake_prefix_path.ps1'
[1.273s] INFO:colcon.colcon_core.shell:Creating environment descriptor '/home/sam/piper_ros/install/piper_mujoco/share/piper_mujoco/hook/cmake_prefix_path.dsv'
[1.272s] DEBUG:colcon.colcon_core.event_handler.log_command:Invoked command in '/home/sam/piper_ros/build/piper_mujoco' returned '0': CMAKE_PREFIX_PATH=${CMAKE_PREFIX_PATH}:/home/sam/piper_ros/install/piper:/opt/ros/humble /usr/bin/cmake --install /home/sam/piper_ros/build/piper_mujoco
[1.275s] INFO:colcon.colcon_core.shell:Creating environment hook '/home/sam/piper_ros/install/piper_mujoco/share/piper_mujoco/hook/cmake_prefix_path.sh'
[1.276s] Level 1:colcon.colcon_core.environment:checking '/home/sam/piper_ros/install/piper_mujoco/lib'
[1.276s] Level 1:colcon.colcon_core.environment:checking '/home/sam/piper_ros/install/piper_mujoco/bin'
[1.276s] Level 1:colcon.colcon_core.environment:checking '/home/sam/piper_ros/install/piper_mujoco/lib/pkgconfig/piper_mujoco.pc'
[1.277s] Level 1:colcon.colcon_core.environment:checking '/home/sam/piper_ros/install/piper_mujoco/lib/python3.10/site-packages'
[1.277s] Level 1:colcon.colcon_core.environment:checking '/home/sam/piper_ros/install/piper_mujoco/bin'
[1.278s] INFO:colcon.colcon_core.shell:Creating package script '/home/sam/piper_ros/install/piper_mujoco/share/piper_mujoco/package.ps1'
[1.283s] INFO:colcon.colcon_core.shell:Creating package descriptor '/home/sam/piper_ros/install/piper_mujoco/share/piper_mujoco/package.dsv'
[1.284s] INFO:colcon.colcon_core.shell:Creating package script '/home/sam/piper_ros/install/piper_mujoco/share/piper_mujoco/package.sh'
[1.285s] INFO:colcon.colcon_core.shell:Creating package script '/home/sam/piper_ros/install/piper_mujoco/share/piper_mujoco/package.bash'
[1.286s] INFO:colcon.colcon_core.shell:Creating package script '/home/sam/piper_ros/install/piper_mujoco/share/piper_mujoco/package.zsh'
[1.287s] Level 1:colcon.colcon_core.environment:create_file_with_runtime_dependencies(/home/sam/piper_ros/install/piper_mujoco/share/colcon-core/packages/piper_mujoco)
[1.288s] Level 1:colcon.colcon_core.environment:create_environment_scripts_only(piper_mujoco)
[1.289s] Level 1:colcon.colcon_core.environment:checking '/home/sam/piper_ros/install/piper_mujoco' for CMake module files
[1.290s] Level 1:colcon.colcon_core.environment:checking '/home/sam/piper_ros/install/piper_mujoco' for CMake config files
[1.290s] Level 1:colcon.colcon_core.shell:create_environment_hook('piper_mujoco', 'cmake_prefix_path')
[1.291s] INFO:colcon.colcon_core.shell:Creating environment hook '/home/sam/piper_ros/install/piper_mujoco/share/piper_mujoco/hook/cmake_prefix_path.ps1'
[1.292s] INFO:colcon.colcon_core.shell:Creating environment descriptor '/home/sam/piper_ros/install/piper_mujoco/share/piper_mujoco/hook/cmake_prefix_path.dsv'
[1.293s] INFO:colcon.colcon_core.shell:Creating environment hook '/home/sam/piper_ros/install/piper_mujoco/share/piper_mujoco/hook/cmake_prefix_path.sh'
[1.294s] Level 1:colcon.colcon_core.environment:checking '/home/sam/piper_ros/install/piper_mujoco/lib'
[1.294s] Level 1:colcon.colcon_core.environment:checking '/home/sam/piper_ros/install/piper_mujoco/bin'
[1.294s] Level 1:colcon.colcon_core.environment:checking '/home/sam/piper_ros/install/piper_mujoco/lib/pkgconfig/piper_mujoco.pc'
[1.295s] Level 1:colcon.colcon_core.environment:checking '/home/sam/piper_ros/install/piper_mujoco/lib/python3.10/site-packages'
[1.295s] Level 1:colcon.colcon_core.environment:checking '/home/sam/piper_ros/install/piper_mujoco/bin'
[1.296s] INFO:colcon.colcon_core.shell:Creating package script '/home/sam/piper_ros/install/piper_mujoco/share/piper_mujoco/package.ps1'
[1.297s] INFO:colcon.colcon_core.shell:Creating package descriptor '/home/sam/piper_ros/install/piper_mujoco/share/piper_mujoco/package.dsv'
[1.298s] INFO:colcon.colcon_core.shell:Creating package script '/home/sam/piper_ros/install/piper_mujoco/share/piper_mujoco/package.sh'
[1.299s] INFO:colcon.colcon_core.shell:Creating package script '/home/sam/piper_ros/install/piper_mujoco/share/piper_mujoco/package.bash'
[1.300s] INFO:colcon.colcon_core.shell:Creating package script '/home/sam/piper_ros/install/piper_mujoco/share/piper_mujoco/package.zsh'
[1.301s] Level 1:colcon.colcon_core.environment:create_file_with_runtime_dependencies(/home/sam/piper_ros/install/piper_mujoco/share/colcon-core/packages/piper_mujoco)
[1.306s] DEBUG:colcon.colcon_core.event_handler.log_command:Invoking command in '/home/sam/piper_ros/build/piper_with_gripper_moveit': CMAKE_PREFIX_PATH=/home/sam/piper_ros/install/piper_description:/home/sam/piper_ros/install/piper_with_gripper_moveit:/home/sam/piper_ros/install/piper_no_gripper_moveit:/home/sam/piper_ros/install/piper_mujoco:/home/sam/piper_ros/install/piper_msgs:/home/sam/piper_ros/install/piper_humble:/home/sam/piper_ros/install/piper_gazebo:/home/sam/piper_ros/install/piper:/opt/ros/humble /usr/bin/cmake --build /home/sam/piper_ros/build/piper_with_gripper_moveit -- -j4 -l4
[1.400s] DEBUG:colcon.colcon_core.event_handler.log_command:Invoked command in '/home/sam/piper_ros/build/piper_with_gripper_moveit' returned '0': CMAKE_PREFIX_PATH=/home/sam/piper_ros/install/piper_description:/home/sam/piper_ros/install/piper_with_gripper_moveit:/home/sam/piper_ros/install/piper_no_gripper_moveit:/home/sam/piper_ros/install/piper_mujoco:/home/sam/piper_ros/install/piper_msgs:/home/sam/piper_ros/install/piper_humble:/home/sam/piper_ros/install/piper_gazebo:/home/sam/piper_ros/install/piper:/opt/ros/humble /usr/bin/cmake --build /home/sam/piper_ros/build/piper_with_gripper_moveit -- -j4 -l4
[1.402s] DEBUG:colcon.colcon_core.event_handler.log_command:Invoking command in '/home/sam/piper_ros/build/piper_with_gripper_moveit': CMAKE_PREFIX_PATH=/home/sam/piper_ros/install/piper_description:/home/sam/piper_ros/install/piper_with_gripper_moveit:/home/sam/piper_ros/install/piper_no_gripper_moveit:/home/sam/piper_ros/install/piper_mujoco:/home/sam/piper_ros/install/piper_msgs:/home/sam/piper_ros/install/piper_humble:/home/sam/piper_ros/install/piper_gazebo:/home/sam/piper_ros/install/piper:/opt/ros/humble /usr/bin/cmake --install /home/sam/piper_ros/build/piper_with_gripper_moveit
[1.420s] Level 1:colcon.colcon_core.environment:create_environment_scripts_only(piper_with_gripper_moveit)
[1.421s] Level 1:colcon.colcon_core.environment:checking '/home/sam/piper_ros/install/piper_with_gripper_moveit' for CMake module files
[1.423s] Level 1:colcon.colcon_core.environment:checking '/home/sam/piper_ros/install/piper_with_gripper_moveit' for CMake config files
[1.424s] Level 1:colcon.colcon_core.shell:create_environment_hook('piper_with_gripper_moveit', 'cmake_prefix_path')
[1.424s] INFO:colcon.colcon_core.shell:Creating environment hook '/home/sam/piper_ros/install/piper_with_gripper_moveit/share/piper_with_gripper_moveit/hook/cmake_prefix_path.ps1'
[1.427s] DEBUG:colcon.colcon_core.event_handler.log_command:Invoked command in '/home/sam/piper_ros/build/piper_with_gripper_moveit' returned '0': CMAKE_PREFIX_PATH=/home/sam/piper_ros/install/piper_description:/home/sam/piper_ros/install/piper_with_gripper_moveit:/home/sam/piper_ros/install/piper_no_gripper_moveit:/home/sam/piper_ros/install/piper_mujoco:/home/sam/piper_ros/install/piper_msgs:/home/sam/piper_ros/install/piper_humble:/home/sam/piper_ros/install/piper_gazebo:/home/sam/piper_ros/install/piper:/opt/ros/humble /usr/bin/cmake --install /home/sam/piper_ros/build/piper_with_gripper_moveit
[1.427s] INFO:colcon.colcon_core.shell:Creating environment descriptor '/home/sam/piper_ros/install/piper_with_gripper_moveit/share/piper_with_gripper_moveit/hook/cmake_prefix_path.dsv'
[1.428s] INFO:colcon.colcon_core.shell:Creating environment hook '/home/sam/piper_ros/install/piper_with_gripper_moveit/share/piper_with_gripper_moveit/hook/cmake_prefix_path.sh'
[1.429s] Level 1:colcon.colcon_core.environment:checking '/home/sam/piper_ros/install/piper_with_gripper_moveit/bin'
[1.429s] Level 1:colcon.colcon_core.environment:checking '/home/sam/piper_ros/install/piper_with_gripper_moveit/lib/pkgconfig/piper_with_gripper_moveit.pc'
[1.429s] Level 1:colcon.colcon_core.environment:checking '/home/sam/piper_ros/install/piper_with_gripper_moveit/lib/python3.10/site-packages'
[1.430s] Level 1:colcon.colcon_core.environment:checking '/home/sam/piper_ros/install/piper_with_gripper_moveit/bin'
[1.430s] INFO:colcon.colcon_core.shell:Creating package script '/home/sam/piper_ros/install/piper_with_gripper_moveit/share/piper_with_gripper_moveit/package.ps1'
[1.431s] INFO:colcon.colcon_core.shell:Creating package descriptor '/home/sam/piper_ros/install/piper_with_gripper_moveit/share/piper_with_gripper_moveit/package.dsv'
[1.432s] INFO:colcon.colcon_core.shell:Creating package script '/home/sam/piper_ros/install/piper_with_gripper_moveit/share/piper_with_gripper_moveit/package.sh'
[1.433s] INFO:colcon.colcon_core.shell:Creating package script '/home/sam/piper_ros/install/piper_with_gripper_moveit/share/piper_with_gripper_moveit/package.bash'
[1.434s] INFO:colcon.colcon_core.shell:Creating package script '/home/sam/piper_ros/install/piper_with_gripper_moveit/share/piper_with_gripper_moveit/package.zsh'
[1.434s] Level 1:colcon.colcon_core.environment:create_file_with_runtime_dependencies(/home/sam/piper_ros/install/piper_with_gripper_moveit/share/colcon-core/packages/piper_with_gripper_moveit)
[1.435s] Level 1:colcon.colcon_core.environment:create_environment_scripts_only(piper_with_gripper_moveit)
[1.436s] Level 1:colcon.colcon_core.environment:checking '/home/sam/piper_ros/install/piper_with_gripper_moveit' for CMake module files
[1.437s] Level 1:colcon.colcon_core.environment:checking '/home/sam/piper_ros/install/piper_with_gripper_moveit' for CMake config files
[1.437s] Level 1:colcon.colcon_core.shell:create_environment_hook('piper_with_gripper_moveit', 'cmake_prefix_path')
[1.438s] INFO:colcon.colcon_core.shell:Creating environment hook '/home/sam/piper_ros/install/piper_with_gripper_moveit/share/piper_with_gripper_moveit/hook/cmake_prefix_path.ps1'
[1.438s] INFO:colcon.colcon_core.shell:Creating environment descriptor '/home/sam/piper_ros/install/piper_with_gripper_moveit/share/piper_with_gripper_moveit/hook/cmake_prefix_path.dsv'
[1.439s] INFO:colcon.colcon_core.shell:Creating environment hook '/home/sam/piper_ros/install/piper_with_gripper_moveit/share/piper_with_gripper_moveit/hook/cmake_prefix_path.sh'
[1.440s] Level 1:colcon.colcon_core.environment:checking '/home/sam/piper_ros/install/piper_with_gripper_moveit/bin'
[1.440s] Level 1:colcon.colcon_core.environment:checking '/home/sam/piper_ros/install/piper_with_gripper_moveit/lib/pkgconfig/piper_with_gripper_moveit.pc'
[1.441s] Level 1:colcon.colcon_core.environment:checking '/home/sam/piper_ros/install/piper_with_gripper_moveit/lib/python3.10/site-packages'
[1.441s] Level 1:colcon.colcon_core.environment:checking '/home/sam/piper_ros/install/piper_with_gripper_moveit/bin'
[1.442s] INFO:colcon.colcon_core.shell:Creating package script '/home/sam/piper_ros/install/piper_with_gripper_moveit/share/piper_with_gripper_moveit/package.ps1'
[1.443s] INFO:colcon.colcon_core.shell:Creating package descriptor '/home/sam/piper_ros/install/piper_with_gripper_moveit/share/piper_with_gripper_moveit/package.dsv'
[1.444s] INFO:colcon.colcon_core.shell:Creating package script '/home/sam/piper_ros/install/piper_with_gripper_moveit/share/piper_with_gripper_moveit/package.sh'
[1.445s] INFO:colcon.colcon_core.shell:Creating package script '/home/sam/piper_ros/install/piper_with_gripper_moveit/share/piper_with_gripper_moveit/package.bash'
[1.445s] INFO:colcon.colcon_core.shell:Creating package script '/home/sam/piper_ros/install/piper_with_gripper_moveit/share/piper_with_gripper_moveit/package.zsh'
[1.446s] Level 1:colcon.colcon_core.environment:create_file_with_runtime_dependencies(/home/sam/piper_ros/install/piper_with_gripper_moveit/share/colcon-core/packages/piper_with_gripper_moveit)
[1.618s] DEBUG:colcon.colcon_core.event_handler.log_command:Invoking command in '/home/sam/piper_ros/src/piper': PYTHONPATH=/home/sam/piper_ros/build/piper/prefix_override:/usr/lib/python3/dist-packages/colcon_core/task/python/colcon_distutils_commands:/home/sam/piper_ros/install/piper/lib/python3.10/site-packages:${PYTHONPATH} /usr/bin/python3 -W ignore:setup.py install is deprecated -W ignore:easy_install command is deprecated setup.py egg_info --egg-base ../../build/piper build --build-base /home/sam/piper_ros/build/piper/build install --record /home/sam/piper_ros/build/piper/install.log --single-version-externally-managed install_data
[1.677s] DEBUG:colcon.colcon_core.event_handler.log_command:Invoked command in '/home/sam/piper_ros/build/piper_msgs' returned '0': CMAKE_PREFIX_PATH=${CMAKE_PREFIX_PATH}:/home/sam/piper_ros/install/piper:/opt/ros/humble /usr/bin/cmake --build /home/sam/piper_ros/build/piper_msgs -- -j4 -l4
[1.679s] DEBUG:colcon.colcon_core.event_handler.log_command:Invoking command in '/home/sam/piper_ros/build/piper_msgs': CMAKE_PREFIX_PATH=${CMAKE_PREFIX_PATH}:/home/sam/piper_ros/install/piper:/opt/ros/humble /usr/bin/cmake --install /home/sam/piper_ros/build/piper_msgs
[1.758s] Level 1:colcon.colcon_core.environment:create_environment_scripts_only(piper_msgs)
[1.759s] Level 1:colcon.colcon_core.environment:checking '/home/sam/piper_ros/install/piper_msgs' for CMake module files
[1.760s] DEBUG:colcon.colcon_core.event_handler.log_command:Invoked command in '/home/sam/piper_ros/build/piper_msgs' returned '0': CMAKE_PREFIX_PATH=${CMAKE_PREFIX_PATH}:/home/sam/piper_ros/install/piper:/opt/ros/humble /usr/bin/cmake --install /home/sam/piper_ros/build/piper_msgs
[1.761s] Level 1:colcon.colcon_core.environment:checking '/home/sam/piper_ros/install/piper_msgs' for CMake config files
[1.761s] Level 1:colcon.colcon_core.shell:create_environment_hook('piper_msgs', 'cmake_prefix_path')
[1.761s] INFO:colcon.colcon_core.shell:Creating environment hook '/home/sam/piper_ros/install/piper_msgs/share/piper_msgs/hook/cmake_prefix_path.ps1'
[1.762s] INFO:colcon.colcon_core.shell:Creating environment descriptor '/home/sam/piper_ros/install/piper_msgs/share/piper_msgs/hook/cmake_prefix_path.dsv'
[1.762s] INFO:colcon.colcon_core.shell:Creating environment hook '/home/sam/piper_ros/install/piper_msgs/share/piper_msgs/hook/cmake_prefix_path.sh'
[1.763s] Level 1:colcon.colcon_core.environment:checking '/home/sam/piper_ros/install/piper_msgs/lib'
[1.763s] Level 1:colcon.colcon_core.shell:create_environment_hook('piper_msgs', 'ld_library_path_lib')
[1.763s] INFO:colcon.colcon_core.shell:Creating environment hook '/home/sam/piper_ros/install/piper_msgs/share/piper_msgs/hook/ld_library_path_lib.ps1'
[1.764s] INFO:colcon.colcon_core.shell:Creating environment descriptor '/home/sam/piper_ros/install/piper_msgs/share/piper_msgs/hook/ld_library_path_lib.dsv'
[1.765s] INFO:colcon.colcon_core.shell:Creating environment hook '/home/sam/piper_ros/install/piper_msgs/share/piper_msgs/hook/ld_library_path_lib.sh'
[1.765s] Level 1:colcon.colcon_core.environment:checking '/home/sam/piper_ros/install/piper_msgs/bin'
[1.765s] Level 1:colcon.colcon_core.environment:checking '/home/sam/piper_ros/install/piper_msgs/lib/pkgconfig/piper_msgs.pc'
[1.766s] Level 1:colcon.colcon_core.environment:checking '/home/sam/piper_ros/install/piper_msgs/lib/python3.10/site-packages'
[1.766s] Level 1:colcon.colcon_core.environment:checking '/home/sam/piper_ros/install/piper_msgs/bin'
[1.766s] INFO:colcon.colcon_core.shell:Creating package script '/home/sam/piper_ros/install/piper_msgs/share/piper_msgs/package.ps1'
[1.767s] INFO:colcon.colcon_core.shell:Creating package descriptor '/home/sam/piper_ros/install/piper_msgs/share/piper_msgs/package.dsv'
[1.767s] INFO:colcon.colcon_core.shell:Creating package script '/home/sam/piper_ros/install/piper_msgs/share/piper_msgs/package.sh'
[1.768s] INFO:colcon.colcon_core.shell:Creating package script '/home/sam/piper_ros/install/piper_msgs/share/piper_msgs/package.bash'
[1.768s] INFO:colcon.colcon_core.shell:Creating package script '/home/sam/piper_ros/install/piper_msgs/share/piper_msgs/package.zsh'
[1.769s] Level 1:colcon.colcon_core.environment:create_file_with_runtime_dependencies(/home/sam/piper_ros/install/piper_msgs/share/colcon-core/packages/piper_msgs)
[1.770s] Level 1:colcon.colcon_core.environment:create_environment_scripts_only(piper_msgs)
[1.770s] Level 1:colcon.colcon_core.environment:checking '/home/sam/piper_ros/install/piper_msgs' for CMake module files
[1.771s] Level 1:colcon.colcon_core.environment:checking '/home/sam/piper_ros/install/piper_msgs' for CMake config files
[1.771s] Level 1:colcon.colcon_core.shell:create_environment_hook('piper_msgs', 'cmake_prefix_path')
[1.771s] INFO:colcon.colcon_core.shell:Creating environment hook '/home/sam/piper_ros/install/piper_msgs/share/piper_msgs/hook/cmake_prefix_path.ps1'
[1.772s] INFO:colcon.colcon_core.shell:Creating environment descriptor '/home/sam/piper_ros/install/piper_msgs/share/piper_msgs/hook/cmake_prefix_path.dsv'
[1.772s] INFO:colcon.colcon_core.shell:Creating environment hook '/home/sam/piper_ros/install/piper_msgs/share/piper_msgs/hook/cmake_prefix_path.sh'
[1.773s] Level 1:colcon.colcon_core.environment:checking '/home/sam/piper_ros/install/piper_msgs/lib'
[1.773s] Level 1:colcon.colcon_core.shell:create_environment_hook('piper_msgs', 'ld_library_path_lib')
[1.773s] INFO:colcon.colcon_core.shell:Creating environment hook '/home/sam/piper_ros/install/piper_msgs/share/piper_msgs/hook/ld_library_path_lib.ps1'
[1.774s] INFO:colcon.colcon_core.shell:Creating environment descriptor '/home/sam/piper_ros/install/piper_msgs/share/piper_msgs/hook/ld_library_path_lib.dsv'
[1.775s] INFO:colcon.colcon_core.shell:Creating environment hook '/home/sam/piper_ros/install/piper_msgs/share/piper_msgs/hook/ld_library_path_lib.sh'
[1.775s] Level 1:colcon.colcon_core.environment:checking '/home/sam/piper_ros/install/piper_msgs/bin'
[1.775s] Level 1:colcon.colcon_core.environment:checking '/home/sam/piper_ros/install/piper_msgs/lib/pkgconfig/piper_msgs.pc'
[1.775s] Level 1:colcon.colcon_core.environment:checking '/home/sam/piper_ros/install/piper_msgs/lib/python3.10/site-packages'
[1.776s] Level 1:colcon.colcon_core.environment:checking '/home/sam/piper_ros/install/piper_msgs/bin'
[1.776s] INFO:colcon.colcon_core.shell:Creating package script '/home/sam/piper_ros/install/piper_msgs/share/piper_msgs/package.ps1'
[1.777s] INFO:colcon.colcon_core.shell:Creating package descriptor '/home/sam/piper_ros/install/piper_msgs/share/piper_msgs/package.dsv'
[1.778s] INFO:colcon.colcon_core.shell:Creating package script '/home/sam/piper_ros/install/piper_msgs/share/piper_msgs/package.sh'
[1.779s] INFO:colcon.colcon_core.shell:Creating package script '/home/sam/piper_ros/install/piper_msgs/share/piper_msgs/package.bash'
[1.779s] INFO:colcon.colcon_core.shell:Creating package script '/home/sam/piper_ros/install/piper_msgs/share/piper_msgs/package.zsh'
[1.780s] Level 1:colcon.colcon_core.environment:create_file_with_runtime_dependencies(/home/sam/piper_ros/install/piper_msgs/share/colcon-core/packages/piper_msgs)
[2.029s] Level 1:colcon.colcon_core.environment:checking '/home/sam/piper_ros/install/piper' for CMake module files
[2.030s] DEBUG:colcon.colcon_core.event_handler.log_command:Invoked command in '/home/sam/piper_ros/src/piper' returned '0': PYTHONPATH=/home/sam/piper_ros/build/piper/prefix_override:/usr/lib/python3/dist-packages/colcon_core/task/python/colcon_distutils_commands:/home/sam/piper_ros/install/piper/lib/python3.10/site-packages:${PYTHONPATH} /usr/bin/python3 -W ignore:setup.py install is deprecated -W ignore:easy_install command is deprecated setup.py egg_info --egg-base ../../build/piper build --build-base /home/sam/piper_ros/build/piper/build install --record /home/sam/piper_ros/build/piper/install.log --single-version-externally-managed install_data
[2.030s] Level 1:colcon.colcon_core.environment:checking '/home/sam/piper_ros/install/piper' for CMake config files
[2.031s] Level 1:colcon.colcon_core.environment:checking '/home/sam/piper_ros/install/piper/lib'
[2.031s] Level 1:colcon.colcon_core.environment:checking '/home/sam/piper_ros/install/piper/bin'
[2.031s] Level 1:colcon.colcon_core.environment:checking '/home/sam/piper_ros/install/piper/lib/pkgconfig/piper.pc'
[2.031s] Level 1:colcon.colcon_core.environment:checking '/home/sam/piper_ros/install/piper/lib/python3.10/site-packages'
[2.031s] Level 1:colcon.colcon_core.shell:create_environment_hook('piper', 'pythonpath')
[2.032s] INFO:colcon.colcon_core.shell:Creating environment hook '/home/sam/piper_ros/install/piper/share/piper/hook/pythonpath.ps1'
[2.032s] INFO:colcon.colcon_core.shell:Creating environment descriptor '/home/sam/piper_ros/install/piper/share/piper/hook/pythonpath.dsv'
[2.033s] INFO:colcon.colcon_core.shell:Creating environment hook '/home/sam/piper_ros/install/piper/share/piper/hook/pythonpath.sh'
[2.034s] Level 1:colcon.colcon_core.environment:checking '/home/sam/piper_ros/install/piper/bin'
[2.034s] Level 1:colcon.colcon_core.environment:create_environment_scripts_only(piper)
[2.034s] INFO:colcon.colcon_core.shell:Creating package script '/home/sam/piper_ros/install/piper/share/piper/package.ps1'
[2.035s] INFO:colcon.colcon_core.shell:Creating package descriptor '/home/sam/piper_ros/install/piper/share/piper/package.dsv'
[2.035s] INFO:colcon.colcon_core.shell:Creating package script '/home/sam/piper_ros/install/piper/share/piper/package.sh'
[2.036s] INFO:colcon.colcon_core.shell:Creating package script '/home/sam/piper_ros/install/piper/share/piper/package.bash'
[2.036s] INFO:colcon.colcon_core.shell:Creating package script '/home/sam/piper_ros/install/piper/share/piper/package.zsh'
[2.037s] Level 1:colcon.colcon_core.environment:create_file_with_runtime_dependencies(/home/sam/piper_ros/install/piper/share/colcon-core/packages/piper)
[2.037s] DEBUG:colcon.colcon_parallel_executor.executor.parallel:closing loop
[2.037s] DEBUG:colcon.colcon_parallel_executor.executor.parallel:loop closed
[2.037s] DEBUG:colcon.colcon_parallel_executor.executor.parallel:run_until_complete finished with '0'
[2.037s] DEBUG:colcon.colcon_core.event_reactor:joining thread
[2.044s] INFO:colcon.colcon_core.plugin_system:Skipping extension 'colcon_notification.desktop_notification.terminal_notifier': Not used on non-Darwin systems
[2.044s] INFO:colcon.colcon_core.plugin_system:Skipping extension 'colcon_notification.desktop_notification.win32': Not used on non-Windows systems
[2.044s] INFO:colcon.colcon_notification.desktop_notification:Sending desktop notification using 'notify2'
[2.056s] DEBUG:colcon.colcon_core.event_reactor:joined thread
[2.057s] INFO:colcon.colcon_core.shell:Creating prefix script '/home/sam/piper_ros/install/local_setup.ps1'
[2.058s] INFO:colcon.colcon_core.shell:Creating prefix util module '/home/sam/piper_ros/install/_local_setup_util_ps1.py'
[2.061s] INFO:colcon.colcon_core.shell:Creating prefix chain script '/home/sam/piper_ros/install/setup.ps1'
[2.063s] INFO:colcon.colcon_core.shell:Creating prefix script '/home/sam/piper_ros/install/local_setup.sh'
[2.064s] INFO:colcon.colcon_core.shell:Creating prefix util module '/home/sam/piper_ros/install/_local_setup_util_sh.py'
[2.065s] INFO:colcon.colcon_core.shell:Creating prefix chain script '/home/sam/piper_ros/install/setup.sh'
[2.067s] INFO:colcon.colcon_core.shell:Creating prefix script '/home/sam/piper_ros/install/local_setup.bash'
[2.068s] INFO:colcon.colcon_core.shell:Creating prefix chain script '/home/sam/piper_ros/install/setup.bash'
[2.070s] INFO:colcon.colcon_core.shell:Creating prefix script '/home/sam/piper_ros/install/local_setup.zsh'
[2.070s] INFO:colcon.colcon_core.shell:Creating prefix chain script '/home/sam/piper_ros/install/setup.zsh'
