[0.043s] Invoking command in '/home/sam/piper_ros/build/piper_msgs': CMAKE_PREFIX_PATH=${CMAKE_PREFIX_PATH}:/home/sam/piper_ros/install/piper:/home/sam/ws_moveit/install/moveit_configs_utils:/home/sam/ws_moveit/install/launch_param_builder:/opt/ros/humble /usr/bin/cmake --build /home/sam/piper_ros/build/piper_msgs -- -j4 -l4
[0.302s] [ 10%] Built target piper_msgs__rosidl_generator_c
[0.341s] [ 12%] Built target piper_msgs__cpp
[0.390s] [ 12%] Built target ament_cmake_python_symlink_piper_msgs
[0.467s] [ 23%] Built target piper_msgs__rosidl_typesupport_introspection_c
[0.467s] [ 34%] Built target piper_msgs__rosidl_typesupport_fastrtps_c
[0.512s] [ 44%] Built target piper_msgs__rosidl_typesupport_c
[0.605s] [ 55%] Built target piper_msgs__rosidl_typesupport_fastrtps_cpp
[0.647s] [ 65%] Built target piper_msgs__rosidl_typesupport_introspection_cpp
[0.683s] [ 76%] Built target piper_msgs__rosidl_typesupport_cpp
[0.832s] [ 76%] Built target piper_msgs
[1.015s] [ 78%] Built target piper_msgs__py
[1.204s] [ 87%] Built target piper_msgs__rosidl_generator_py
[1.336s] running egg_info
[1.341s] writing piper_msgs.egg-info/PKG-INFO
[1.341s] writing dependency_links to piper_msgs.egg-info/dependency_links.txt
[1.341s] writing top-level names to piper_msgs.egg-info/top_level.txt
[1.346s] reading manifest file 'piper_msgs.egg-info/SOURCES.txt'
[1.346s] writing manifest file 'piper_msgs.egg-info/SOURCES.txt'
[1.392s] [ 91%] Built target piper_msgs__rosidl_typesupport_introspection_c__pyext
[1.445s] [ 95%] Built target piper_msgs__rosidl_typesupport_c__pyext
[1.462s] [ 95%] Built target ament_cmake_python_build_piper_msgs_egg
[1.479s] [100%] Built target piper_msgs__rosidl_typesupport_fastrtps_c__pyext
[1.526s] Invoked command in '/home/sam/piper_ros/build/piper_msgs' returned '0': CMAKE_PREFIX_PATH=${CMAKE_PREFIX_PATH}:/home/sam/piper_ros/install/piper:/home/sam/ws_moveit/install/moveit_configs_utils:/home/sam/ws_moveit/install/launch_param_builder:/opt/ros/humble /usr/bin/cmake --build /home/sam/piper_ros/build/piper_msgs -- -j4 -l4
[1.530s] Invoking command in '/home/sam/piper_ros/build/piper_msgs': CMAKE_PREFIX_PATH=${CMAKE_PREFIX_PATH}:/home/sam/piper_ros/install/piper:/home/sam/ws_moveit/install/moveit_configs_utils:/home/sam/ws_moveit/install/launch_param_builder:/opt/ros/humble /usr/bin/cmake --install /home/sam/piper_ros/build/piper_msgs
[1.552s] -- Install configuration: "Debug"
[1.553s] -- Execute custom install script
[1.554s] -- Up-to-date symlink: /home/sam/piper_ros/install/piper_msgs/share/ament_index/resource_index/rosidl_interfaces/piper_msgs
[1.554s] -- Up-to-date symlink: /home/sam/piper_ros/install/piper_msgs/include/piper_msgs/piper_msgs/msg/detail/piper_status_msg__functions.h
[1.555s] -- Up-to-date symlink: /home/sam/piper_ros/install/piper_msgs/include/piper_msgs/piper_msgs/msg/detail/piper_status_msg__struct.h
[1.558s] -- Up-to-date symlink: /home/sam/piper_ros/install/piper_msgs/include/piper_msgs/piper_msgs/msg/detail/piper_status_msg__type_support.h
[1.558s] -- Up-to-date symlink: /home/sam/piper_ros/install/piper_msgs/include/piper_msgs/piper_msgs/msg/detail/pos_cmd__functions.h
[1.558s] -- Up-to-date symlink: /home/sam/piper_ros/install/piper_msgs/include/piper_msgs/piper_msgs/msg/detail/pos_cmd__struct.h
[1.562s] -- Up-to-date symlink: /home/sam/piper_ros/install/piper_msgs/include/piper_msgs/piper_msgs/msg/detail/pos_cmd__type_support.h
[1.562s] -- Up-to-date symlink: /home/sam/piper_ros/install/piper_msgs/include/piper_msgs/piper_msgs/msg/piper_status_msg.h
[1.567s] -- Up-to-date symlink: /home/sam/piper_ros/install/piper_msgs/include/piper_msgs/piper_msgs/msg/pos_cmd.h
[1.568s] -- Up-to-date symlink: /home/sam/piper_ros/install/piper_msgs/include/piper_msgs/piper_msgs/msg/rosidl_generator_c__visibility_control.h
[1.568s] -- Up-to-date symlink: /home/sam/piper_ros/install/piper_msgs/include/piper_msgs/piper_msgs/srv/detail/enable__functions.h
[1.568s] -- Up-to-date symlink: /home/sam/piper_ros/install/piper_msgs/include/piper_msgs/piper_msgs/srv/detail/enable__struct.h
[1.568s] -- Up-to-date symlink: /home/sam/piper_ros/install/piper_msgs/include/piper_msgs/piper_msgs/srv/detail/enable__type_support.h
[1.568s] -- Up-to-date symlink: /home/sam/piper_ros/install/piper_msgs/include/piper_msgs/piper_msgs/srv/enable.h
[1.568s] -- Up-to-date symlink: /home/sam/piper_ros/install/piper_msgs/share/piper_msgs/environment/library_path.sh
[1.569s] -- Up-to-date symlink: /home/sam/piper_ros/install/piper_msgs/share/piper_msgs/environment/library_path.dsv
[1.569s] -- Up-to-date symlink: /home/sam/piper_ros/install/piper_msgs/include/piper_msgs/piper_msgs/msg/detail/piper_status_msg__rosidl_typesupport_fastrtps_c.h
[1.569s] -- Up-to-date symlink: /home/sam/piper_ros/install/piper_msgs/include/piper_msgs/piper_msgs/msg/detail/pos_cmd__rosidl_typesupport_fastrtps_c.h
[1.569s] -- Up-to-date symlink: /home/sam/piper_ros/install/piper_msgs/include/piper_msgs/piper_msgs/msg/rosidl_typesupport_fastrtps_c__visibility_control.h
[1.569s] -- Up-to-date symlink: /home/sam/piper_ros/install/piper_msgs/include/piper_msgs/piper_msgs/srv/detail/enable__rosidl_typesupport_fastrtps_c.h
[1.569s] -- Up-to-date symlink: /home/sam/piper_ros/install/piper_msgs/include/piper_msgs/piper_msgs/msg/detail/piper_status_msg__rosidl_typesupport_introspection_c.h
[1.569s] -- Up-to-date symlink: /home/sam/piper_ros/install/piper_msgs/include/piper_msgs/piper_msgs/msg/detail/pos_cmd__rosidl_typesupport_introspection_c.h
[1.570s] -- Up-to-date symlink: /home/sam/piper_ros/install/piper_msgs/include/piper_msgs/piper_msgs/msg/rosidl_typesupport_introspection_c__visibility_control.h
[1.573s] -- Up-to-date symlink: /home/sam/piper_ros/install/piper_msgs/include/piper_msgs/piper_msgs/srv/detail/enable__rosidl_typesupport_introspection_c.h
[1.573s] -- Up-to-date symlink: /home/sam/piper_ros/install/piper_msgs/include/piper_msgs/piper_msgs/msg/detail/piper_status_msg__builder.hpp
[1.573s] -- Up-to-date symlink: /home/sam/piper_ros/install/piper_msgs/include/piper_msgs/piper_msgs/msg/detail/piper_status_msg__struct.hpp
[1.574s] -- Up-to-date symlink: /home/sam/piper_ros/install/piper_msgs/include/piper_msgs/piper_msgs/msg/detail/piper_status_msg__traits.hpp
[1.574s] -- Up-to-date symlink: /home/sam/piper_ros/install/piper_msgs/include/piper_msgs/piper_msgs/msg/detail/piper_status_msg__type_support.hpp
[1.574s] -- Up-to-date symlink: /home/sam/piper_ros/install/piper_msgs/include/piper_msgs/piper_msgs/msg/detail/pos_cmd__builder.hpp
[1.574s] -- Up-to-date symlink: /home/sam/piper_ros/install/piper_msgs/include/piper_msgs/piper_msgs/msg/detail/pos_cmd__struct.hpp
[1.574s] -- Up-to-date symlink: /home/sam/piper_ros/install/piper_msgs/include/piper_msgs/piper_msgs/msg/detail/pos_cmd__traits.hpp
[1.574s] -- Up-to-date symlink: /home/sam/piper_ros/install/piper_msgs/include/piper_msgs/piper_msgs/msg/detail/pos_cmd__type_support.hpp
[1.579s] -- Up-to-date symlink: /home/sam/piper_ros/install/piper_msgs/include/piper_msgs/piper_msgs/msg/piper_status_msg.hpp
[1.579s] -- Up-to-date symlink: /home/sam/piper_ros/install/piper_msgs/include/piper_msgs/piper_msgs/msg/pos_cmd.hpp
[1.580s] -- Up-to-date symlink: /home/sam/piper_ros/install/piper_msgs/include/piper_msgs/piper_msgs/msg/rosidl_generator_cpp__visibility_control.hpp
[1.581s] -- Up-to-date symlink: /home/sam/piper_ros/install/piper_msgs/include/piper_msgs/piper_msgs/srv/detail/enable__builder.hpp
[1.581s] -- Up-to-date symlink: /home/sam/piper_ros/install/piper_msgs/include/piper_msgs/piper_msgs/srv/detail/enable__struct.hpp
[1.586s] -- Up-to-date symlink: /home/sam/piper_ros/install/piper_msgs/include/piper_msgs/piper_msgs/srv/detail/enable__traits.hpp
[1.586s] -- Up-to-date symlink: /home/sam/piper_ros/install/piper_msgs/include/piper_msgs/piper_msgs/srv/detail/enable__type_support.hpp
[1.586s] -- Up-to-date symlink: /home/sam/piper_ros/install/piper_msgs/include/piper_msgs/piper_msgs/srv/enable.hpp
[1.587s] -- Up-to-date symlink: /home/sam/piper_ros/install/piper_msgs/include/piper_msgs/piper_msgs/msg/detail/piper_status_msg__rosidl_typesupport_fastrtps_cpp.hpp
[1.587s] -- Up-to-date symlink: /home/sam/piper_ros/install/piper_msgs/include/piper_msgs/piper_msgs/msg/detail/pos_cmd__rosidl_typesupport_fastrtps_cpp.hpp
[1.587s] -- Up-to-date symlink: /home/sam/piper_ros/install/piper_msgs/include/piper_msgs/piper_msgs/msg/rosidl_typesupport_fastrtps_cpp__visibility_control.h
[1.587s] -- Up-to-date symlink: /home/sam/piper_ros/install/piper_msgs/include/piper_msgs/piper_msgs/srv/detail/enable__rosidl_typesupport_fastrtps_cpp.hpp
[1.587s] -- Up-to-date symlink: /home/sam/piper_ros/install/piper_msgs/include/piper_msgs/piper_msgs/msg/detail/piper_status_msg__rosidl_typesupport_introspection_cpp.hpp
[1.587s] -- Up-to-date symlink: /home/sam/piper_ros/install/piper_msgs/include/piper_msgs/piper_msgs/msg/detail/pos_cmd__rosidl_typesupport_introspection_cpp.hpp
[1.587s] -- Up-to-date symlink: /home/sam/piper_ros/install/piper_msgs/include/piper_msgs/piper_msgs/srv/detail/enable__rosidl_typesupport_introspection_cpp.hpp
[1.588s] -- Up-to-date symlink: /home/sam/piper_ros/install/piper_msgs/share/piper_msgs/environment/pythonpath.sh
[1.592s] -- Up-to-date symlink: /home/sam/piper_ros/install/piper_msgs/share/piper_msgs/environment/pythonpath.dsv
[1.592s] -- Up-to-date symlink: /home/sam/piper_ros/install/piper_msgs/local/lib/python3.10/dist-packages/piper_msgs-0.0.0-py3.10.egg-info/PKG-INFO
[1.592s] -- Up-to-date symlink: /home/sam/piper_ros/install/piper_msgs/local/lib/python3.10/dist-packages/piper_msgs-0.0.0-py3.10.egg-info/SOURCES.txt
[1.592s] -- Up-to-date symlink: /home/sam/piper_ros/install/piper_msgs/local/lib/python3.10/dist-packages/piper_msgs-0.0.0-py3.10.egg-info/dependency_links.txt
[1.592s] -- Up-to-date symlink: /home/sam/piper_ros/install/piper_msgs/local/lib/python3.10/dist-packages/piper_msgs-0.0.0-py3.10.egg-info/top_level.txt
[1.593s] -- Up-to-date symlink: /home/sam/piper_ros/install/piper_msgs/local/lib/python3.10/dist-packages/piper_msgs/__init__.py
[1.593s] -- Up-to-date symlink: /home/sam/piper_ros/install/piper_msgs/local/lib/python3.10/dist-packages/piper_msgs/_piper_msgs_s.ep.rosidl_typesupport_c.c
[1.593s] -- Up-to-date symlink: /home/sam/piper_ros/install/piper_msgs/local/lib/python3.10/dist-packages/piper_msgs/_piper_msgs_s.ep.rosidl_typesupport_fastrtps_c.c
[1.593s] -- Up-to-date symlink: /home/sam/piper_ros/install/piper_msgs/local/lib/python3.10/dist-packages/piper_msgs/_piper_msgs_s.ep.rosidl_typesupport_introspection_c.c
[1.593s] -- Up-to-date symlink: /home/sam/piper_ros/install/piper_msgs/local/lib/python3.10/dist-packages/piper_msgs/libpiper_msgs__rosidl_generator_py.so
[1.594s] -- Up-to-date symlink: /home/sam/piper_ros/install/piper_msgs/local/lib/python3.10/dist-packages/piper_msgs/msg/__init__.py
[1.594s] -- Up-to-date symlink: /home/sam/piper_ros/install/piper_msgs/local/lib/python3.10/dist-packages/piper_msgs/msg/_piper_status_msg.py
[1.594s] -- Up-to-date symlink: /home/sam/piper_ros/install/piper_msgs/local/lib/python3.10/dist-packages/piper_msgs/msg/_piper_status_msg_s.c
[1.594s] -- Up-to-date symlink: /home/sam/piper_ros/install/piper_msgs/local/lib/python3.10/dist-packages/piper_msgs/msg/_pos_cmd.py
[1.594s] -- Up-to-date symlink: /home/sam/piper_ros/install/piper_msgs/local/lib/python3.10/dist-packages/piper_msgs/msg/_pos_cmd_s.c
[1.594s] -- Up-to-date symlink: /home/sam/piper_ros/install/piper_msgs/local/lib/python3.10/dist-packages/piper_msgs/piper_msgs_s__rosidl_typesupport_c.cpython-310-x86_64-linux-gnu.so
[1.595s] -- Up-to-date symlink: /home/sam/piper_ros/install/piper_msgs/local/lib/python3.10/dist-packages/piper_msgs/piper_msgs_s__rosidl_typesupport_fastrtps_c.cpython-310-x86_64-linux-gnu.so
[1.602s] -- Up-to-date symlink: /home/sam/piper_ros/install/piper_msgs/local/lib/python3.10/dist-packages/piper_msgs/piper_msgs_s__rosidl_typesupport_introspection_c.cpython-310-x86_64-linux-gnu.so
[1.602s] -- Up-to-date symlink: /home/sam/piper_ros/install/piper_msgs/local/lib/python3.10/dist-packages/piper_msgs/srv/__init__.py
[1.603s] -- Up-to-date symlink: /home/sam/piper_ros/install/piper_msgs/local/lib/python3.10/dist-packages/piper_msgs/srv/_enable.py
[1.603s] -- Up-to-date symlink: /home/sam/piper_ros/install/piper_msgs/local/lib/python3.10/dist-packages/piper_msgs/srv/_enable_s.c
[1.603s] -- Up-to-date symlink: /home/sam/piper_ros/install/piper_msgs/local/lib/python3.10/dist-packages/piper_msgs/piper_msgs_s__rosidl_typesupport_fastrtps_c.cpython-310-x86_64-linux-gnu.so
[1.603s] -- Up-to-date symlink: /home/sam/piper_ros/install/piper_msgs/local/lib/python3.10/dist-packages/piper_msgs/piper_msgs_s__rosidl_typesupport_introspection_c.cpython-310-x86_64-linux-gnu.so
[1.603s] -- Up-to-date symlink: /home/sam/piper_ros/install/piper_msgs/local/lib/python3.10/dist-packages/piper_msgs/piper_msgs_s__rosidl_typesupport_c.cpython-310-x86_64-linux-gnu.so
[1.603s] -- Up-to-date symlink: /home/sam/piper_ros/install/piper_msgs/share/piper_msgs/msg/PiperStatusMsg.idl
[1.603s] -- Up-to-date symlink: /home/sam/piper_ros/install/piper_msgs/share/piper_msgs/msg/PosCmd.idl
[1.604s] -- Up-to-date symlink: /home/sam/piper_ros/install/piper_msgs/share/piper_msgs/srv/Enable.idl
[1.604s] -- Up-to-date symlink: /home/sam/piper_ros/install/piper_msgs/share/piper_msgs/msg/PiperStatusMsg.msg
[1.604s] -- Up-to-date symlink: /home/sam/piper_ros/install/piper_msgs/share/piper_msgs/msg/PosCmd.msg
[1.604s] -- Up-to-date symlink: /home/sam/piper_ros/install/piper_msgs/share/piper_msgs/srv/Enable.srv
[1.606s] -- Up-to-date symlink: /home/sam/piper_ros/install/piper_msgs/share/piper_msgs/srv/Enable_Request.msg
[1.606s] -- Up-to-date symlink: /home/sam/piper_ros/install/piper_msgs/share/piper_msgs/srv/Enable_Response.msg
[1.607s] -- Up-to-date symlink: /home/sam/piper_ros/install/piper_msgs/share/ament_index/resource_index/package_run_dependencies/piper_msgs
[1.609s] -- Up-to-date symlink: /home/sam/piper_ros/install/piper_msgs/share/ament_index/resource_index/parent_prefix_path/piper_msgs
[1.609s] -- Up-to-date symlink: /home/sam/piper_ros/install/piper_msgs/share/piper_msgs/environment/ament_prefix_path.sh
[1.609s] -- Up-to-date symlink: /home/sam/piper_ros/install/piper_msgs/share/piper_msgs/environment/ament_prefix_path.dsv
[1.610s] -- Up-to-date symlink: /home/sam/piper_ros/install/piper_msgs/share/piper_msgs/environment/path.sh
[1.611s] -- Up-to-date symlink: /home/sam/piper_ros/install/piper_msgs/share/piper_msgs/environment/path.dsv
[1.612s] -- Up-to-date symlink: /home/sam/piper_ros/install/piper_msgs/share/piper_msgs/local_setup.bash
[1.613s] -- Up-to-date symlink: /home/sam/piper_ros/install/piper_msgs/share/piper_msgs/local_setup.sh
[1.613s] -- Up-to-date symlink: /home/sam/piper_ros/install/piper_msgs/share/piper_msgs/local_setup.zsh
[1.614s] -- Up-to-date symlink: /home/sam/piper_ros/install/piper_msgs/share/piper_msgs/local_setup.dsv
[1.614s] -- Symlinking: /home/sam/piper_ros/install/piper_msgs/share/piper_msgs/package.dsv
[1.614s] -- Up-to-date symlink: /home/sam/piper_ros/install/piper_msgs/share/ament_index/resource_index/packages/piper_msgs
[1.617s] -- Up-to-date symlink: /home/sam/piper_ros/install/piper_msgs/share/piper_msgs/cmake/rosidl_cmake-extras.cmake
[1.617s] -- Up-to-date symlink: /home/sam/piper_ros/install/piper_msgs/share/piper_msgs/cmake/ament_cmake_export_include_directories-extras.cmake
[1.617s] -- Up-to-date symlink: /home/sam/piper_ros/install/piper_msgs/share/piper_msgs/cmake/ament_cmake_export_libraries-extras.cmake
[1.617s] -- Up-to-date symlink: /home/sam/piper_ros/install/piper_msgs/share/piper_msgs/cmake/ament_cmake_export_targets-extras.cmake
[1.618s] -- Up-to-date symlink: /home/sam/piper_ros/install/piper_msgs/share/piper_msgs/cmake/rosidl_cmake_export_typesupport_targets-extras.cmake
[1.618s] -- Up-to-date symlink: /home/sam/piper_ros/install/piper_msgs/share/piper_msgs/cmake/ament_cmake_export_dependencies-extras.cmake
[1.618s] -- Up-to-date symlink: /home/sam/piper_ros/install/piper_msgs/share/piper_msgs/cmake/rosidl_cmake_export_typesupport_libraries-extras.cmake
[1.618s] -- Up-to-date symlink: /home/sam/piper_ros/install/piper_msgs/share/piper_msgs/cmake/piper_msgsConfig.cmake
[1.618s] -- Up-to-date symlink: /home/sam/piper_ros/install/piper_msgs/share/piper_msgs/cmake/piper_msgsConfig-version.cmake
[1.618s] -- Up-to-date symlink: /home/sam/piper_ros/install/piper_msgs/share/piper_msgs/package.xml
[1.624s] -- Up-to-date: /home/sam/piper_ros/install/piper_msgs/lib/libpiper_msgs__rosidl_generator_c.so
[1.624s] -- Up-to-date: /home/sam/piper_ros/install/piper_msgs/lib/libpiper_msgs__rosidl_typesupport_fastrtps_c.so
[1.627s] -- Up-to-date: /home/sam/piper_ros/install/piper_msgs/lib/libpiper_msgs__rosidl_typesupport_introspection_c.so
[1.627s] -- Up-to-date: /home/sam/piper_ros/install/piper_msgs/lib/libpiper_msgs__rosidl_typesupport_c.so
[1.627s] -- Up-to-date: /home/sam/piper_ros/install/piper_msgs/lib/libpiper_msgs__rosidl_typesupport_fastrtps_cpp.so
[1.632s] -- Up-to-date: /home/sam/piper_ros/install/piper_msgs/lib/libpiper_msgs__rosidl_typesupport_introspection_cpp.so
[1.632s] -- Up-to-date: /home/sam/piper_ros/install/piper_msgs/lib/libpiper_msgs__rosidl_typesupport_cpp.so
[1.775s] Listing '/home/sam/piper_ros/install/piper_msgs/local/lib/python3.10/dist-packages/piper_msgs'...
[1.775s] Listing '/home/sam/piper_ros/install/piper_msgs/local/lib/python3.10/dist-packages/piper_msgs/msg'...
[1.775s] Listing '/home/sam/piper_ros/install/piper_msgs/local/lib/python3.10/dist-packages/piper_msgs/srv'...
[1.795s] -- Up-to-date: /home/sam/piper_ros/install/piper_msgs/lib/libpiper_msgs__rosidl_generator_py.so
[1.795s] -- Up-to-date: /home/sam/piper_ros/install/piper_msgs/share/piper_msgs/cmake/export_piper_msgs__rosidl_generator_cExport.cmake
[1.795s] -- Up-to-date: /home/sam/piper_ros/install/piper_msgs/share/piper_msgs/cmake/export_piper_msgs__rosidl_generator_cExport-debug.cmake
[1.799s] -- Up-to-date: /home/sam/piper_ros/install/piper_msgs/share/piper_msgs/cmake/export_piper_msgs__rosidl_typesupport_fastrtps_cExport.cmake
[1.799s] -- Up-to-date: /home/sam/piper_ros/install/piper_msgs/share/piper_msgs/cmake/export_piper_msgs__rosidl_typesupport_fastrtps_cExport-debug.cmake
[1.800s] -- Up-to-date: /home/sam/piper_ros/install/piper_msgs/share/piper_msgs/cmake/piper_msgs__rosidl_typesupport_introspection_cExport.cmake
[1.800s] -- Up-to-date: /home/sam/piper_ros/install/piper_msgs/share/piper_msgs/cmake/piper_msgs__rosidl_typesupport_introspection_cExport-debug.cmake
[1.801s] -- Up-to-date: /home/sam/piper_ros/install/piper_msgs/share/piper_msgs/cmake/piper_msgs__rosidl_typesupport_cExport.cmake
[1.803s] -- Up-to-date: /home/sam/piper_ros/install/piper_msgs/share/piper_msgs/cmake/piper_msgs__rosidl_typesupport_cExport-debug.cmake
[1.803s] -- Up-to-date: /home/sam/piper_ros/install/piper_msgs/share/piper_msgs/cmake/export_piper_msgs__rosidl_generator_cppExport.cmake
[1.803s] -- Up-to-date: /home/sam/piper_ros/install/piper_msgs/share/piper_msgs/cmake/export_piper_msgs__rosidl_typesupport_fastrtps_cppExport.cmake
[1.804s] -- Up-to-date: /home/sam/piper_ros/install/piper_msgs/share/piper_msgs/cmake/export_piper_msgs__rosidl_typesupport_fastrtps_cppExport-debug.cmake
[1.807s] -- Up-to-date: /home/sam/piper_ros/install/piper_msgs/share/piper_msgs/cmake/piper_msgs__rosidl_typesupport_introspection_cppExport.cmake
[1.808s] -- Up-to-date: /home/sam/piper_ros/install/piper_msgs/share/piper_msgs/cmake/piper_msgs__rosidl_typesupport_introspection_cppExport-debug.cmake
[1.808s] -- Up-to-date: /home/sam/piper_ros/install/piper_msgs/share/piper_msgs/cmake/piper_msgs__rosidl_typesupport_cppExport.cmake
[1.808s] -- Up-to-date: /home/sam/piper_ros/install/piper_msgs/share/piper_msgs/cmake/piper_msgs__rosidl_typesupport_cppExport-debug.cmake
[1.808s] -- Up-to-date: /home/sam/piper_ros/install/piper_msgs/share/piper_msgs/cmake/export_piper_msgs__rosidl_generator_pyExport.cmake
[1.808s] -- Up-to-date: /home/sam/piper_ros/install/piper_msgs/share/piper_msgs/cmake/export_piper_msgs__rosidl_generator_pyExport-debug.cmake
[1.824s] Invoked command in '/home/sam/piper_ros/build/piper_msgs' returned '0': CMAKE_PREFIX_PATH=${CMAKE_PREFIX_PATH}:/home/sam/piper_ros/install/piper:/home/sam/ws_moveit/install/moveit_configs_utils:/home/sam/ws_moveit/install/launch_param_builder:/opt/ros/humble /usr/bin/cmake --install /home/sam/piper_ros/build/piper_msgs
