[0.051s] Invoking command in '/home/sam/piper_ros/build/piper_mujoco': CMAKE_PREFIX_PATH=${CMAKE_PREFIX_PATH}:/home/sam/piper_ros/install/piper:/home/sam/ws_moveit/install/moveit_configs_utils:/home/sam/ws_moveit/install/launch_param_builder:/opt/ros/humble /usr/bin/cmake --build /home/sam/piper_ros/build/piper_mujoco -- -j4 -l4
[0.409s] Invoked command in '/home/sam/piper_ros/build/piper_mujoco' returned '0': CMAKE_PREFIX_PATH=${CMAKE_PREFIX_PATH}:/home/sam/piper_ros/install/piper:/home/sam/ws_moveit/install/moveit_configs_utils:/home/sam/ws_moveit/install/launch_param_builder:/opt/ros/humble /usr/bin/cmake --build /home/sam/piper_ros/build/piper_mujoco -- -j4 -l4
[0.412s] Invoking command in '/home/sam/piper_ros/build/piper_mujoco': CMAKE_PREFIX_PATH=${CMAKE_PREFIX_PATH}:/home/sam/piper_ros/install/piper:/home/sam/ws_moveit/install/moveit_configs_utils:/home/sam/ws_moveit/install/launch_param_builder:/opt/ros/humble /usr/bin/cmake --install /home/sam/piper_ros/build/piper_mujoco
[0.421s] -- Install configuration: "Debug"
[0.422s] -- Execute custom install script
[0.423s] -- Up-to-date symlink: /home/sam/piper_ros/install/piper_mujoco/lib/piper_mujoco/piper_mujoco_ctrl.py
[0.424s] -- Up-to-date symlink: /home/sam/piper_ros/install/piper_mujoco/lib/piper_mujoco/piper_no_gripper_mujoco_ctrl.py
[0.424s] -- Up-to-date symlink: /home/sam/piper_ros/install/piper_mujoco/share/ament_index/resource_index/package_run_dependencies/piper_mujoco
[0.425s] -- Up-to-date symlink: /home/sam/piper_ros/install/piper_mujoco/share/ament_index/resource_index/parent_prefix_path/piper_mujoco
[0.426s] -- Up-to-date symlink: /home/sam/piper_ros/install/piper_mujoco/share/piper_mujoco/environment/ament_prefix_path.sh
[0.427s] -- Up-to-date symlink: /home/sam/piper_ros/install/piper_mujoco/share/piper_mujoco/environment/ament_prefix_path.dsv
[0.427s] -- Up-to-date symlink: /home/sam/piper_ros/install/piper_mujoco/share/piper_mujoco/environment/path.sh
[0.428s] -- Up-to-date symlink: /home/sam/piper_ros/install/piper_mujoco/share/piper_mujoco/environment/path.dsv
[0.429s] -- Up-to-date symlink: /home/sam/piper_ros/install/piper_mujoco/share/piper_mujoco/local_setup.bash
[0.429s] -- Up-to-date symlink: /home/sam/piper_ros/install/piper_mujoco/share/piper_mujoco/local_setup.sh
[0.430s] -- Up-to-date symlink: /home/sam/piper_ros/install/piper_mujoco/share/piper_mujoco/local_setup.zsh
[0.431s] -- Up-to-date symlink: /home/sam/piper_ros/install/piper_mujoco/share/piper_mujoco/local_setup.dsv
[0.431s] -- Symlinking: /home/sam/piper_ros/install/piper_mujoco/share/piper_mujoco/package.dsv
[0.453s] -- Up-to-date symlink: /home/sam/piper_ros/install/piper_mujoco/share/ament_index/resource_index/packages/piper_mujoco
[0.454s] -- Up-to-date symlink: /home/sam/piper_ros/install/piper_mujoco/share/piper_mujoco/cmake/piper_mujocoConfig.cmake
[0.454s] -- Up-to-date symlink: /home/sam/piper_ros/install/piper_mujoco/share/piper_mujoco/cmake/piper_mujocoConfig-version.cmake
[0.455s] -- Up-to-date symlink: /home/sam/piper_ros/install/piper_mujoco/share/piper_mujoco/package.xml
[0.461s] Invoked command in '/home/sam/piper_ros/build/piper_mujoco' returned '0': CMAKE_PREFIX_PATH=${CMAKE_PREFIX_PATH}:/home/sam/piper_ros/install/piper:/home/sam/ws_moveit/install/moveit_configs_utils:/home/sam/ws_moveit/install/launch_param_builder:/opt/ros/humble /usr/bin/cmake --install /home/sam/piper_ros/build/piper_mujoco
