[0.370s] Invoking command in '/home/sam/piper_ros/build/piper_humble': CMAKE_PREFIX_PATH=${CMAKE_PREFIX_PATH}:/home/sam/piper_ros/install/piper:/opt/ros/humble /usr/bin/cmake --build /home/sam/piper_ros/build/piper_humble -- -j4 -l4
[0.472s] Invoked command in '/home/sam/piper_ros/build/piper_humble' returned '0': CMAKE_PREFIX_PATH=${CMAKE_PREFIX_PATH}:/home/sam/piper_ros/install/piper:/opt/ros/humble /usr/bin/cmake --build /home/sam/piper_ros/build/piper_humble -- -j4 -l4
[0.473s] Invoking command in '/home/sam/piper_ros/build/piper_humble': CMAKE_PREFIX_PATH=${CMAKE_PREFIX_PATH}:/home/sam/piper_ros/install/piper:/opt/ros/humble /usr/bin/cmake --install /home/sam/piper_ros/build/piper_humble
[0.496s] -- Install configuration: ""
[0.496s] -- Up-to-date: /home/sam/piper_ros/install/piper_humble/share/ament_index/resource_index/package_run_dependencies/piper_humble
[0.496s] -- Up-to-date: /home/sam/piper_ros/install/piper_humble/share/ament_index/resource_index/parent_prefix_path/piper_humble
[0.497s] -- Up-to-date: /home/sam/piper_ros/install/piper_humble/share/piper_humble/environment/ament_prefix_path.sh
[0.497s] -- Up-to-date: /home/sam/piper_ros/install/piper_humble/share/piper_humble/environment/ament_prefix_path.dsv
[0.497s] -- Up-to-date: /home/sam/piper_ros/install/piper_humble/share/piper_humble/environment/path.sh
[0.497s] -- Up-to-date: /home/sam/piper_ros/install/piper_humble/share/piper_humble/environment/path.dsv
[0.497s] -- Up-to-date: /home/sam/piper_ros/install/piper_humble/share/piper_humble/local_setup.bash
[0.498s] -- Up-to-date: /home/sam/piper_ros/install/piper_humble/share/piper_humble/local_setup.sh
[0.498s] -- Up-to-date: /home/sam/piper_ros/install/piper_humble/share/piper_humble/local_setup.zsh
[0.498s] -- Up-to-date: /home/sam/piper_ros/install/piper_humble/share/piper_humble/local_setup.dsv
[0.498s] -- Installing: /home/sam/piper_ros/install/piper_humble/share/piper_humble/package.dsv
[0.498s] -- Up-to-date: /home/sam/piper_ros/install/piper_humble/share/ament_index/resource_index/packages/piper_humble
[0.498s] -- Up-to-date: /home/sam/piper_ros/install/piper_humble/share/piper_humble/cmake/piper_humbleConfig.cmake
[0.499s] -- Up-to-date: /home/sam/piper_ros/install/piper_humble/share/piper_humble/cmake/piper_humbleConfig-version.cmake
[0.499s] -- Up-to-date: /home/sam/piper_ros/install/piper_humble/share/piper_humble/package.xml
[0.530s] Invoked command in '/home/sam/piper_ros/build/piper_humble' returned '0': CMAKE_PREFIX_PATH=${CMAKE_PREFIX_PATH}:/home/sam/piper_ros/install/piper:/opt/ros/humble /usr/bin/cmake --install /home/sam/piper_ros/build/piper_humble
