[0.530s] Invoking command in '/home/sam/piper_ros/build/piper_gazebo': CMAKE_PREFIX_PATH=${CMAKE_PREFIX_PATH}:/home/sam/piper_ros/install/piper:/home/sam/ws_moveit/install/moveit_configs_utils:/home/sam/ws_moveit/install/launch_param_builder:/opt/ros/humble /usr/bin/cmake --build /home/sam/piper_ros/build/piper_gazebo -- -j4 -l4
[0.694s] Invoked command in '/home/sam/piper_ros/build/piper_gazebo' returned '0': CMAKE_PREFIX_PATH=${CMAKE_PREFIX_PATH}:/home/sam/piper_ros/install/piper:/home/sam/ws_moveit/install/moveit_configs_utils:/home/sam/ws_moveit/install/launch_param_builder:/opt/ros/humble /usr/bin/cmake --build /home/sam/piper_ros/build/piper_gazebo -- -j4 -l4
[0.696s] Invoking command in '/home/sam/piper_ros/build/piper_gazebo': CMAKE_PREFIX_PATH=${CMAKE_PREFIX_PATH}:/home/sam/piper_ros/install/piper:/home/sam/ws_moveit/install/moveit_configs_utils:/home/sam/ws_moveit/install/launch_param_builder:/opt/ros/humble /usr/bin/cmake --install /home/sam/piper_ros/build/piper_gazebo
[0.728s] -- Install configuration: "Debug"
[0.734s] -- Execute custom install script
[0.734s] -- Up-to-date symlink: /home/sam/piper_ros/install/piper_gazebo/share/piper_gazebo/launch/piper_no_gripper/piper_no_gripper_gazebo.launch.py
[0.734s] -- Up-to-date symlink: /home/sam/piper_ros/install/piper_gazebo/share/piper_gazebo/launch/piper_with_gripper/piper_gazebo.launch.py
[0.735s] -- Up-to-date symlink: /home/sam/piper_ros/install/piper_gazebo/share/piper_gazebo/config/ros2_controllers.yaml
[0.738s] -- Up-to-date symlink: /home/sam/piper_ros/install/piper_gazebo/share/piper_gazebo/config/ros2_no_gripper_controllers.yaml
[0.738s] -- Up-to-date symlink: /home/sam/piper_ros/install/piper_gazebo/share/piper_gazebo/scripts/joint8_ctrl.py
[0.738s] -- Up-to-date symlink: /home/sam/piper_ros/install/piper_gazebo/lib/piper_gazebo/joint8_ctrl.py
[0.740s] -- Up-to-date symlink: /home/sam/piper_ros/install/piper_gazebo/share/ament_index/resource_index/package_run_dependencies/piper_gazebo
[0.740s] -- Up-to-date symlink: /home/sam/piper_ros/install/piper_gazebo/share/ament_index/resource_index/parent_prefix_path/piper_gazebo
[0.740s] -- Up-to-date symlink: /home/sam/piper_ros/install/piper_gazebo/share/piper_gazebo/environment/ament_prefix_path.sh
[0.742s] -- Up-to-date symlink: /home/sam/piper_ros/install/piper_gazebo/share/piper_gazebo/environment/ament_prefix_path.dsv
[0.742s] -- Up-to-date symlink: /home/sam/piper_ros/install/piper_gazebo/share/piper_gazebo/environment/path.sh
[0.742s] -- Up-to-date symlink: /home/sam/piper_ros/install/piper_gazebo/share/piper_gazebo/environment/path.dsv
[0.742s] -- Up-to-date symlink: /home/sam/piper_ros/install/piper_gazebo/share/piper_gazebo/local_setup.bash
[0.742s] -- Up-to-date symlink: /home/sam/piper_ros/install/piper_gazebo/share/piper_gazebo/local_setup.sh
[0.743s] -- Up-to-date symlink: /home/sam/piper_ros/install/piper_gazebo/share/piper_gazebo/local_setup.zsh
[0.743s] -- Up-to-date symlink: /home/sam/piper_ros/install/piper_gazebo/share/piper_gazebo/local_setup.dsv
[0.743s] -- Symlinking: /home/sam/piper_ros/install/piper_gazebo/share/piper_gazebo/package.dsv
[0.779s] -- Up-to-date symlink: /home/sam/piper_ros/install/piper_gazebo/share/ament_index/resource_index/packages/piper_gazebo
[0.780s] -- Up-to-date symlink: /home/sam/piper_ros/install/piper_gazebo/share/piper_gazebo/cmake/piper_gazeboConfig.cmake
[0.783s] -- Up-to-date symlink: /home/sam/piper_ros/install/piper_gazebo/share/piper_gazebo/cmake/piper_gazeboConfig-version.cmake
[0.783s] -- Up-to-date symlink: /home/sam/piper_ros/install/piper_gazebo/share/piper_gazebo/package.xml
[0.787s] Invoked command in '/home/sam/piper_ros/build/piper_gazebo' returned '0': CMAKE_PREFIX_PATH=${CMAKE_PREFIX_PATH}:/home/sam/piper_ros/install/piper:/home/sam/ws_moveit/install/moveit_configs_utils:/home/sam/ws_moveit/install/launch_param_builder:/opt/ros/humble /usr/bin/cmake --install /home/sam/piper_ros/build/piper_gazebo
