[1.796s] Invoking command in '/home/sam/piper_ros/src/piper': PYTHONPATH=/home/sam/piper_ros/build/piper/prefix_override:/usr/lib/python3/dist-packages/colcon_core/task/python/colcon_distutils_commands:/home/sam/piper_ros/install/piper/lib/python3.10/site-packages:${PYTHONPATH} /usr/bin/python3 -W ignore:setup.py install is deprecated -W ignore:easy_install command is deprecated setup.py egg_info --egg-base ../../build/piper build --build-base /home/sam/piper_ros/build/piper/build install --record /home/sam/piper_ros/build/piper/install.log --single-version-externally-managed install_data
[2.509s] running egg_info
[2.510s] writing ../../build/piper/piper.egg-info/PKG-INFO
[2.512s] writing dependency_links to ../../build/piper/piper.egg-info/dependency_links.txt
[2.512s] writing entry points to ../../build/piper/piper.egg-info/entry_points.txt
[2.512s] writing requirements to ../../build/piper/piper.egg-info/requires.txt
[2.513s] writing top-level names to ../../build/piper/piper.egg-info/top_level.txt
[2.514s] reading manifest file '../../build/piper/piper.egg-info/SOURCES.txt'
[2.515s] adding license file 'LICENSE'
[2.516s] writing manifest file '../../build/piper/piper.egg-info/SOURCES.txt'
[2.516s] running build
[2.517s] running build_py
[2.518s] running install
[2.518s] running install_lib
[2.521s] running install_data
[2.521s] running install_egg_info
[2.524s] removing '/home/sam/piper_ros/install/piper/lib/python3.10/site-packages/piper-0.0.0-py3.10.egg-info' (and everything under it)
[2.525s] Copying ../../build/piper/piper.egg-info to /home/sam/piper_ros/install/piper/lib/python3.10/site-packages/piper-0.0.0-py3.10.egg-info
[2.527s] running install_scripts
[2.572s] Installing piper_ms_ctrl script to /home/sam/piper_ros/install/piper/lib/piper
[2.573s] Installing piper_read_master script to /home/sam/piper_ros/install/piper/lib/piper
[2.574s] Installing piper_single_ctrl script to /home/sam/piper_ros/install/piper/lib/piper
[2.574s] Installing talker script to /home/sam/piper_ros/install/piper/lib/piper
[2.574s] writing list of installed files to '/home/sam/piper_ros/build/piper/install.log'
[2.620s] Invoked command in '/home/sam/piper_ros/src/piper' returned '0': PYTHONPATH=/home/sam/piper_ros/build/piper/prefix_override:/usr/lib/python3/dist-packages/colcon_core/task/python/colcon_distutils_commands:/home/sam/piper_ros/install/piper/lib/python3.10/site-packages:${PYTHONPATH} /usr/bin/python3 -W ignore:setup.py install is deprecated -W ignore:easy_install command is deprecated setup.py egg_info --egg-base ../../build/piper build --build-base /home/sam/piper_ros/build/piper/build install --record /home/sam/piper_ros/build/piper/install.log --single-version-externally-managed install_data
