[0.040s] Invoking command in '/home/sam/piper_ros/build/piper_msgs': CMAKE_PREFIX_PATH=${CMAKE_PREFIX_PATH}:/home/sam/piper_ros/install/piper:/home/sam/ws_moveit/install/moveit_configs_utils:/home/sam/ws_moveit/install/launch_param_builder:/opt/ros/humble /usr/bin/cmake --build /home/sam/piper_ros/build/piper_msgs -- -j4 -l4
[0.240s] [  2%] Built target piper_msgs__cpp
[0.349s] [  2%] Built target ament_cmake_python_symlink_piper_msgs
[0.434s] [ 12%] Built target piper_msgs__rosidl_typesupport_fastrtps_cpp
[0.544s] [ 23%] Built target piper_msgs__rosidl_typesupport_introspection_cpp
[1.311s] running egg_info
[1.324s] writing piper_msgs.egg-info/PKG-INFO
[1.324s] writing dependency_links to piper_msgs.egg-info/dependency_links.txt
[1.324s] writing top-level names to piper_msgs.egg-info/top_level.txt
[1.325s] reading manifest file 'piper_msgs.egg-info/SOURCES.txt'
[1.325s] writing manifest file 'piper_msgs.egg-info/SOURCES.txt'
[1.384s] [ 23%] Built target ament_cmake_python_build_piper_msgs_egg
[1.484s] [ 34%] Built target piper_msgs__rosidl_typesupport_cpp
[1.549s] [ 44%] Built target piper_msgs__rosidl_generator_c
[1.621s] [ 55%] Built target piper_msgs__rosidl_typesupport_fastrtps_c
[1.720s] [ 65%] Built target piper_msgs__rosidl_typesupport_c
[1.833s] [ 76%] Built target piper_msgs__rosidl_typesupport_introspection_c
[1.928s] [ 76%] Built target piper_msgs
[1.972s] [ 78%] Built target piper_msgs__py
[2.023s] [ 87%] Built target piper_msgs__rosidl_generator_py
[2.097s] [ 91%] Built target piper_msgs__rosidl_typesupport_fastrtps_c__pyext
[2.153s] [ 95%] Built target piper_msgs__rosidl_typesupport_c__pyext
[2.204s] [100%] Built target piper_msgs__rosidl_typesupport_introspection_c__pyext
[2.226s] Invoked command in '/home/sam/piper_ros/build/piper_msgs' returned '0': CMAKE_PREFIX_PATH=${CMAKE_PREFIX_PATH}:/home/sam/piper_ros/install/piper:/home/sam/ws_moveit/install/moveit_configs_utils:/home/sam/ws_moveit/install/launch_param_builder:/opt/ros/humble /usr/bin/cmake --build /home/sam/piper_ros/build/piper_msgs -- -j4 -l4
[2.228s] Invoking command in '/home/sam/piper_ros/build/piper_msgs': CMAKE_PREFIX_PATH=${CMAKE_PREFIX_PATH}:/home/sam/piper_ros/install/piper:/home/sam/ws_moveit/install/moveit_configs_utils:/home/sam/ws_moveit/install/launch_param_builder:/opt/ros/humble /usr/bin/cmake --install /home/sam/piper_ros/build/piper_msgs
[2.249s] -- Install configuration: "Debug"
[2.250s] -- Execute custom install script
[2.251s] -- Up-to-date symlink: /home/sam/piper_ros/install/piper_msgs/share/ament_index/resource_index/rosidl_interfaces/piper_msgs
[2.252s] -- Up-to-date symlink: /home/sam/piper_ros/install/piper_msgs/include/piper_msgs/piper_msgs/msg/detail/piper_status_msg__functions.h
[2.254s] -- Up-to-date symlink: /home/sam/piper_ros/install/piper_msgs/include/piper_msgs/piper_msgs/msg/detail/piper_status_msg__struct.h
[2.254s] -- Up-to-date symlink: /home/sam/piper_ros/install/piper_msgs/include/piper_msgs/piper_msgs/msg/detail/piper_status_msg__type_support.h
[2.255s] -- Up-to-date symlink: /home/sam/piper_ros/install/piper_msgs/include/piper_msgs/piper_msgs/msg/detail/pos_cmd__functions.h
[2.255s] -- Up-to-date symlink: /home/sam/piper_ros/install/piper_msgs/include/piper_msgs/piper_msgs/msg/detail/pos_cmd__struct.h
[2.255s] -- Up-to-date symlink: /home/sam/piper_ros/install/piper_msgs/include/piper_msgs/piper_msgs/msg/detail/pos_cmd__type_support.h
[2.255s] -- Up-to-date symlink: /home/sam/piper_ros/install/piper_msgs/include/piper_msgs/piper_msgs/msg/piper_status_msg.h
[2.255s] -- Up-to-date symlink: /home/sam/piper_ros/install/piper_msgs/include/piper_msgs/piper_msgs/msg/pos_cmd.h
[2.255s] -- Up-to-date symlink: /home/sam/piper_ros/install/piper_msgs/include/piper_msgs/piper_msgs/msg/rosidl_generator_c__visibility_control.h
[2.255s] -- Up-to-date symlink: /home/sam/piper_ros/install/piper_msgs/include/piper_msgs/piper_msgs/srv/detail/enable__functions.h
[2.255s] -- Up-to-date symlink: /home/sam/piper_ros/install/piper_msgs/include/piper_msgs/piper_msgs/srv/detail/enable__struct.h
[2.256s] -- Up-to-date symlink: /home/sam/piper_ros/install/piper_msgs/include/piper_msgs/piper_msgs/srv/detail/enable__type_support.h
[2.260s] -- Up-to-date symlink: /home/sam/piper_ros/install/piper_msgs/include/piper_msgs/piper_msgs/srv/enable.h
[2.262s] -- Up-to-date symlink: /home/sam/piper_ros/install/piper_msgs/share/piper_msgs/environment/library_path.sh
[2.262s] -- Up-to-date symlink: /home/sam/piper_ros/install/piper_msgs/share/piper_msgs/environment/library_path.dsv
[2.263s] -- Up-to-date symlink: /home/sam/piper_ros/install/piper_msgs/include/piper_msgs/piper_msgs/msg/detail/piper_status_msg__rosidl_typesupport_fastrtps_c.h
[2.263s] -- Up-to-date symlink: /home/sam/piper_ros/install/piper_msgs/include/piper_msgs/piper_msgs/msg/detail/pos_cmd__rosidl_typesupport_fastrtps_c.h
[2.263s] -- Up-to-date symlink: /home/sam/piper_ros/install/piper_msgs/include/piper_msgs/piper_msgs/msg/rosidl_typesupport_fastrtps_c__visibility_control.h
[2.264s] -- Up-to-date symlink: /home/sam/piper_ros/install/piper_msgs/include/piper_msgs/piper_msgs/srv/detail/enable__rosidl_typesupport_fastrtps_c.h
[2.264s] -- Up-to-date symlink: /home/sam/piper_ros/install/piper_msgs/include/piper_msgs/piper_msgs/msg/detail/piper_status_msg__rosidl_typesupport_introspection_c.h
[2.264s] -- Up-to-date symlink: /home/sam/piper_ros/install/piper_msgs/include/piper_msgs/piper_msgs/msg/detail/pos_cmd__rosidl_typesupport_introspection_c.h
[2.266s] -- Up-to-date symlink: /home/sam/piper_ros/install/piper_msgs/include/piper_msgs/piper_msgs/msg/rosidl_typesupport_introspection_c__visibility_control.h
[2.267s] -- Up-to-date symlink: /home/sam/piper_ros/install/piper_msgs/include/piper_msgs/piper_msgs/srv/detail/enable__rosidl_typesupport_introspection_c.h
[2.269s] -- Up-to-date symlink: /home/sam/piper_ros/install/piper_msgs/include/piper_msgs/piper_msgs/msg/detail/piper_status_msg__builder.hpp
[2.271s] -- Up-to-date symlink: /home/sam/piper_ros/install/piper_msgs/include/piper_msgs/piper_msgs/msg/detail/piper_status_msg__struct.hpp
[2.272s] -- Up-to-date symlink: /home/sam/piper_ros/install/piper_msgs/include/piper_msgs/piper_msgs/msg/detail/piper_status_msg__traits.hpp
[2.273s] -- Up-to-date symlink: /home/sam/piper_ros/install/piper_msgs/include/piper_msgs/piper_msgs/msg/detail/piper_status_msg__type_support.hpp
[2.273s] -- Up-to-date symlink: /home/sam/piper_ros/install/piper_msgs/include/piper_msgs/piper_msgs/msg/detail/pos_cmd__builder.hpp
[2.273s] -- Up-to-date symlink: /home/sam/piper_ros/install/piper_msgs/include/piper_msgs/piper_msgs/msg/detail/pos_cmd__struct.hpp
[2.273s] -- Up-to-date symlink: /home/sam/piper_ros/install/piper_msgs/include/piper_msgs/piper_msgs/msg/detail/pos_cmd__traits.hpp
[2.273s] -- Up-to-date symlink: /home/sam/piper_ros/install/piper_msgs/include/piper_msgs/piper_msgs/msg/detail/pos_cmd__type_support.hpp
[2.274s] -- Up-to-date symlink: /home/sam/piper_ros/install/piper_msgs/include/piper_msgs/piper_msgs/msg/piper_status_msg.hpp
[2.274s] -- Up-to-date symlink: /home/sam/piper_ros/install/piper_msgs/include/piper_msgs/piper_msgs/msg/pos_cmd.hpp
[2.276s] -- Up-to-date symlink: /home/sam/piper_ros/install/piper_msgs/include/piper_msgs/piper_msgs/msg/rosidl_generator_cpp__visibility_control.hpp
[2.277s] -- Up-to-date symlink: /home/sam/piper_ros/install/piper_msgs/include/piper_msgs/piper_msgs/srv/detail/enable__builder.hpp
[2.278s] -- Up-to-date symlink: /home/sam/piper_ros/install/piper_msgs/include/piper_msgs/piper_msgs/srv/detail/enable__struct.hpp
[2.279s] -- Up-to-date symlink: /home/sam/piper_ros/install/piper_msgs/include/piper_msgs/piper_msgs/srv/detail/enable__traits.hpp
[2.280s] -- Up-to-date symlink: /home/sam/piper_ros/install/piper_msgs/include/piper_msgs/piper_msgs/srv/detail/enable__type_support.hpp
[2.281s] -- Up-to-date symlink: /home/sam/piper_ros/install/piper_msgs/include/piper_msgs/piper_msgs/srv/enable.hpp
[2.281s] -- Up-to-date symlink: /home/sam/piper_ros/install/piper_msgs/include/piper_msgs/piper_msgs/msg/detail/piper_status_msg__rosidl_typesupport_fastrtps_cpp.hpp
[2.281s] -- Up-to-date symlink: /home/sam/piper_ros/install/piper_msgs/include/piper_msgs/piper_msgs/msg/detail/pos_cmd__rosidl_typesupport_fastrtps_cpp.hpp
[2.282s] -- Up-to-date symlink: /home/sam/piper_ros/install/piper_msgs/include/piper_msgs/piper_msgs/msg/rosidl_typesupport_fastrtps_cpp__visibility_control.h
[2.282s] -- Up-to-date symlink: /home/sam/piper_ros/install/piper_msgs/include/piper_msgs/piper_msgs/srv/detail/enable__rosidl_typesupport_fastrtps_cpp.hpp
[2.282s] -- Up-to-date symlink: /home/sam/piper_ros/install/piper_msgs/include/piper_msgs/piper_msgs/msg/detail/piper_status_msg__rosidl_typesupport_introspection_cpp.hpp
[2.285s] -- Up-to-date symlink: /home/sam/piper_ros/install/piper_msgs/include/piper_msgs/piper_msgs/msg/detail/pos_cmd__rosidl_typesupport_introspection_cpp.hpp
[2.285s] -- Up-to-date symlink: /home/sam/piper_ros/install/piper_msgs/include/piper_msgs/piper_msgs/srv/detail/enable__rosidl_typesupport_introspection_cpp.hpp
[2.285s] -- Up-to-date symlink: /home/sam/piper_ros/install/piper_msgs/share/piper_msgs/environment/pythonpath.sh
[2.285s] -- Up-to-date symlink: /home/sam/piper_ros/install/piper_msgs/share/piper_msgs/environment/pythonpath.dsv
[2.285s] -- Up-to-date symlink: /home/sam/piper_ros/install/piper_msgs/local/lib/python3.10/dist-packages/piper_msgs-0.0.0-py3.10.egg-info/PKG-INFO
[2.285s] -- Up-to-date symlink: /home/sam/piper_ros/install/piper_msgs/local/lib/python3.10/dist-packages/piper_msgs-0.0.0-py3.10.egg-info/SOURCES.txt
[2.285s] -- Up-to-date symlink: /home/sam/piper_ros/install/piper_msgs/local/lib/python3.10/dist-packages/piper_msgs-0.0.0-py3.10.egg-info/dependency_links.txt
[2.286s] -- Up-to-date symlink: /home/sam/piper_ros/install/piper_msgs/local/lib/python3.10/dist-packages/piper_msgs-0.0.0-py3.10.egg-info/top_level.txt
[2.286s] -- Up-to-date symlink: /home/sam/piper_ros/install/piper_msgs/local/lib/python3.10/dist-packages/piper_msgs/__init__.py
[2.286s] -- Up-to-date symlink: /home/sam/piper_ros/install/piper_msgs/local/lib/python3.10/dist-packages/piper_msgs/_piper_msgs_s.ep.rosidl_typesupport_c.c
[2.286s] -- Up-to-date symlink: /home/sam/piper_ros/install/piper_msgs/local/lib/python3.10/dist-packages/piper_msgs/_piper_msgs_s.ep.rosidl_typesupport_fastrtps_c.c
[2.286s] -- Up-to-date symlink: /home/sam/piper_ros/install/piper_msgs/local/lib/python3.10/dist-packages/piper_msgs/_piper_msgs_s.ep.rosidl_typesupport_introspection_c.c
[2.286s] -- Up-to-date symlink: /home/sam/piper_ros/install/piper_msgs/local/lib/python3.10/dist-packages/piper_msgs/libpiper_msgs__rosidl_generator_py.so
[2.286s] -- Up-to-date symlink: /home/sam/piper_ros/install/piper_msgs/local/lib/python3.10/dist-packages/piper_msgs/msg/__init__.py
[2.286s] -- Up-to-date symlink: /home/sam/piper_ros/install/piper_msgs/local/lib/python3.10/dist-packages/piper_msgs/msg/_piper_status_msg.py
[2.286s] -- Up-to-date symlink: /home/sam/piper_ros/install/piper_msgs/local/lib/python3.10/dist-packages/piper_msgs/msg/_piper_status_msg_s.c
[2.287s] -- Up-to-date symlink: /home/sam/piper_ros/install/piper_msgs/local/lib/python3.10/dist-packages/piper_msgs/msg/_pos_cmd.py
[2.287s] -- Up-to-date symlink: /home/sam/piper_ros/install/piper_msgs/local/lib/python3.10/dist-packages/piper_msgs/msg/_pos_cmd_s.c
[2.292s] -- Up-to-date symlink: /home/sam/piper_ros/install/piper_msgs/local/lib/python3.10/dist-packages/piper_msgs/piper_msgs_s__rosidl_typesupport_c.cpython-310-x86_64-linux-gnu.so
[2.293s] -- Up-to-date symlink: /home/sam/piper_ros/install/piper_msgs/local/lib/python3.10/dist-packages/piper_msgs/piper_msgs_s__rosidl_typesupport_fastrtps_c.cpython-310-x86_64-linux-gnu.so
[2.293s] -- Up-to-date symlink: /home/sam/piper_ros/install/piper_msgs/local/lib/python3.10/dist-packages/piper_msgs/piper_msgs_s__rosidl_typesupport_introspection_c.cpython-310-x86_64-linux-gnu.so
[2.293s] -- Up-to-date symlink: /home/sam/piper_ros/install/piper_msgs/local/lib/python3.10/dist-packages/piper_msgs/srv/__init__.py
[2.293s] -- Up-to-date symlink: /home/sam/piper_ros/install/piper_msgs/local/lib/python3.10/dist-packages/piper_msgs/srv/_enable.py
[2.293s] -- Up-to-date symlink: /home/sam/piper_ros/install/piper_msgs/local/lib/python3.10/dist-packages/piper_msgs/srv/_enable_s.c
[2.294s] -- Up-to-date symlink: /home/sam/piper_ros/install/piper_msgs/local/lib/python3.10/dist-packages/piper_msgs/piper_msgs_s__rosidl_typesupport_fastrtps_c.cpython-310-x86_64-linux-gnu.so
[2.294s] -- Up-to-date symlink: /home/sam/piper_ros/install/piper_msgs/local/lib/python3.10/dist-packages/piper_msgs/piper_msgs_s__rosidl_typesupport_introspection_c.cpython-310-x86_64-linux-gnu.so
[2.294s] -- Up-to-date symlink: /home/sam/piper_ros/install/piper_msgs/local/lib/python3.10/dist-packages/piper_msgs/piper_msgs_s__rosidl_typesupport_c.cpython-310-x86_64-linux-gnu.so
[2.294s] -- Up-to-date symlink: /home/sam/piper_ros/install/piper_msgs/share/piper_msgs/msg/PiperStatusMsg.idl
[2.294s] -- Up-to-date symlink: /home/sam/piper_ros/install/piper_msgs/share/piper_msgs/msg/PosCmd.idl
[2.294s] -- Up-to-date symlink: /home/sam/piper_ros/install/piper_msgs/share/piper_msgs/srv/Enable.idl
[2.294s] -- Up-to-date symlink: /home/sam/piper_ros/install/piper_msgs/share/piper_msgs/msg/PiperStatusMsg.msg
[2.294s] -- Up-to-date symlink: /home/sam/piper_ros/install/piper_msgs/share/piper_msgs/msg/PosCmd.msg
[2.294s] -- Up-to-date symlink: /home/sam/piper_ros/install/piper_msgs/share/piper_msgs/srv/Enable.srv
[2.295s] -- Up-to-date symlink: /home/sam/piper_ros/install/piper_msgs/share/piper_msgs/srv/Enable_Request.msg
[2.295s] -- Up-to-date symlink: /home/sam/piper_ros/install/piper_msgs/share/piper_msgs/srv/Enable_Response.msg
[2.295s] -- Up-to-date symlink: /home/sam/piper_ros/install/piper_msgs/share/ament_index/resource_index/package_run_dependencies/piper_msgs
[2.298s] -- Up-to-date symlink: /home/sam/piper_ros/install/piper_msgs/share/ament_index/resource_index/parent_prefix_path/piper_msgs
[2.298s] -- Up-to-date symlink: /home/sam/piper_ros/install/piper_msgs/share/piper_msgs/environment/ament_prefix_path.sh
[2.299s] -- Up-to-date symlink: /home/sam/piper_ros/install/piper_msgs/share/piper_msgs/environment/ament_prefix_path.dsv
[2.299s] -- Up-to-date symlink: /home/sam/piper_ros/install/piper_msgs/share/piper_msgs/environment/path.sh
[2.299s] -- Up-to-date symlink: /home/sam/piper_ros/install/piper_msgs/share/piper_msgs/environment/path.dsv
[2.299s] -- Up-to-date symlink: /home/sam/piper_ros/install/piper_msgs/share/piper_msgs/local_setup.bash
[2.299s] -- Up-to-date symlink: /home/sam/piper_ros/install/piper_msgs/share/piper_msgs/local_setup.sh
[2.299s] -- Up-to-date symlink: /home/sam/piper_ros/install/piper_msgs/share/piper_msgs/local_setup.zsh
[2.299s] -- Up-to-date symlink: /home/sam/piper_ros/install/piper_msgs/share/piper_msgs/local_setup.dsv
[2.299s] -- Symlinking: /home/sam/piper_ros/install/piper_msgs/share/piper_msgs/package.dsv
[2.307s] -- Up-to-date symlink: /home/sam/piper_ros/install/piper_msgs/share/ament_index/resource_index/packages/piper_msgs
[2.308s] -- Up-to-date symlink: /home/sam/piper_ros/install/piper_msgs/share/piper_msgs/cmake/rosidl_cmake-extras.cmake
[2.308s] -- Up-to-date symlink: /home/sam/piper_ros/install/piper_msgs/share/piper_msgs/cmake/ament_cmake_export_include_directories-extras.cmake
[2.308s] -- Up-to-date symlink: /home/sam/piper_ros/install/piper_msgs/share/piper_msgs/cmake/ament_cmake_export_libraries-extras.cmake
[2.308s] -- Up-to-date symlink: /home/sam/piper_ros/install/piper_msgs/share/piper_msgs/cmake/ament_cmake_export_targets-extras.cmake
[2.308s] -- Up-to-date symlink: /home/sam/piper_ros/install/piper_msgs/share/piper_msgs/cmake/rosidl_cmake_export_typesupport_targets-extras.cmake
[2.309s] -- Up-to-date symlink: /home/sam/piper_ros/install/piper_msgs/share/piper_msgs/cmake/ament_cmake_export_dependencies-extras.cmake
[2.309s] -- Up-to-date symlink: /home/sam/piper_ros/install/piper_msgs/share/piper_msgs/cmake/rosidl_cmake_export_typesupport_libraries-extras.cmake
[2.310s] -- Up-to-date symlink: /home/sam/piper_ros/install/piper_msgs/share/piper_msgs/cmake/piper_msgsConfig.cmake
[2.311s] -- Up-to-date symlink: /home/sam/piper_ros/install/piper_msgs/share/piper_msgs/cmake/piper_msgsConfig-version.cmake
[2.311s] -- Up-to-date symlink: /home/sam/piper_ros/install/piper_msgs/share/piper_msgs/package.xml
[2.311s] -- Up-to-date: /home/sam/piper_ros/install/piper_msgs/lib/libpiper_msgs__rosidl_generator_c.so
[2.312s] -- Up-to-date: /home/sam/piper_ros/install/piper_msgs/lib/libpiper_msgs__rosidl_typesupport_fastrtps_c.so
[2.313s] -- Up-to-date: /home/sam/piper_ros/install/piper_msgs/lib/libpiper_msgs__rosidl_typesupport_introspection_c.so
[2.313s] -- Up-to-date: /home/sam/piper_ros/install/piper_msgs/lib/libpiper_msgs__rosidl_typesupport_c.so
[2.314s] -- Up-to-date: /home/sam/piper_ros/install/piper_msgs/lib/libpiper_msgs__rosidl_typesupport_fastrtps_cpp.so
[2.315s] -- Up-to-date: /home/sam/piper_ros/install/piper_msgs/lib/libpiper_msgs__rosidl_typesupport_introspection_cpp.so
[2.316s] -- Up-to-date: /home/sam/piper_ros/install/piper_msgs/lib/libpiper_msgs__rosidl_typesupport_cpp.so
[2.397s] Listing '/home/sam/piper_ros/install/piper_msgs/local/lib/python3.10/dist-packages/piper_msgs'...
[2.397s] Listing '/home/sam/piper_ros/install/piper_msgs/local/lib/python3.10/dist-packages/piper_msgs/msg'...
[2.398s] Listing '/home/sam/piper_ros/install/piper_msgs/local/lib/python3.10/dist-packages/piper_msgs/srv'...
[2.406s] -- Up-to-date: /home/sam/piper_ros/install/piper_msgs/lib/libpiper_msgs__rosidl_generator_py.so
[2.406s] -- Up-to-date: /home/sam/piper_ros/install/piper_msgs/share/piper_msgs/cmake/export_piper_msgs__rosidl_generator_cExport.cmake
[2.407s] -- Up-to-date: /home/sam/piper_ros/install/piper_msgs/share/piper_msgs/cmake/export_piper_msgs__rosidl_generator_cExport-debug.cmake
[2.407s] -- Up-to-date: /home/sam/piper_ros/install/piper_msgs/share/piper_msgs/cmake/export_piper_msgs__rosidl_typesupport_fastrtps_cExport.cmake
[2.407s] -- Up-to-date: /home/sam/piper_ros/install/piper_msgs/share/piper_msgs/cmake/export_piper_msgs__rosidl_typesupport_fastrtps_cExport-debug.cmake
[2.407s] -- Up-to-date: /home/sam/piper_ros/install/piper_msgs/share/piper_msgs/cmake/piper_msgs__rosidl_typesupport_introspection_cExport.cmake
[2.407s] -- Up-to-date: /home/sam/piper_ros/install/piper_msgs/share/piper_msgs/cmake/piper_msgs__rosidl_typesupport_introspection_cExport-debug.cmake
[2.407s] -- Up-to-date: /home/sam/piper_ros/install/piper_msgs/share/piper_msgs/cmake/piper_msgs__rosidl_typesupport_cExport.cmake
[2.408s] -- Up-to-date: /home/sam/piper_ros/install/piper_msgs/share/piper_msgs/cmake/piper_msgs__rosidl_typesupport_cExport-debug.cmake
[2.408s] -- Up-to-date: /home/sam/piper_ros/install/piper_msgs/share/piper_msgs/cmake/export_piper_msgs__rosidl_generator_cppExport.cmake
[2.408s] -- Up-to-date: /home/sam/piper_ros/install/piper_msgs/share/piper_msgs/cmake/export_piper_msgs__rosidl_typesupport_fastrtps_cppExport.cmake
[2.408s] -- Up-to-date: /home/sam/piper_ros/install/piper_msgs/share/piper_msgs/cmake/export_piper_msgs__rosidl_typesupport_fastrtps_cppExport-debug.cmake
[2.408s] -- Up-to-date: /home/sam/piper_ros/install/piper_msgs/share/piper_msgs/cmake/piper_msgs__rosidl_typesupport_introspection_cppExport.cmake
[2.408s] -- Up-to-date: /home/sam/piper_ros/install/piper_msgs/share/piper_msgs/cmake/piper_msgs__rosidl_typesupport_introspection_cppExport-debug.cmake
[2.409s] -- Up-to-date: /home/sam/piper_ros/install/piper_msgs/share/piper_msgs/cmake/piper_msgs__rosidl_typesupport_cppExport.cmake
[2.409s] -- Up-to-date: /home/sam/piper_ros/install/piper_msgs/share/piper_msgs/cmake/piper_msgs__rosidl_typesupport_cppExport-debug.cmake
[2.409s] -- Up-to-date: /home/sam/piper_ros/install/piper_msgs/share/piper_msgs/cmake/export_piper_msgs__rosidl_generator_pyExport.cmake
[2.409s] -- Up-to-date: /home/sam/piper_ros/install/piper_msgs/share/piper_msgs/cmake/export_piper_msgs__rosidl_generator_pyExport-debug.cmake
[2.413s] Invoked command in '/home/sam/piper_ros/build/piper_msgs' returned '0': CMAKE_PREFIX_PATH=${CMAKE_PREFIX_PATH}:/home/sam/piper_ros/install/piper:/home/sam/ws_moveit/install/moveit_configs_utils:/home/sam/ws_moveit/install/launch_param_builder:/opt/ros/humble /usr/bin/cmake --install /home/sam/piper_ros/build/piper_msgs
