running egg_info
writing ../../build/piper/piper.egg-info/PKG-INFO
writing dependency_links to ../../build/piper/piper.egg-info/dependency_links.txt
writing entry points to ../../build/piper/piper.egg-info/entry_points.txt
writing requirements to ../../build/piper/piper.egg-info/requires.txt
writing top-level names to ../../build/piper/piper.egg-info/top_level.txt
reading manifest file '../../build/piper/piper.egg-info/SOURCES.txt'
adding license file 'LICENSE'
writing manifest file '../../build/piper/piper.egg-info/SOURCES.txt'
running build
running build_py
copying piper/piper_ctrl_single_two_state_node.py -> /home/sam/piper_ros/build/piper/build/lib/piper
running install
running install_lib
copying /home/sam/piper_ros/build/piper/build/lib/piper/piper_ctrl_single_two_state_node.py -> /home/sam/piper_ros/install/piper/lib/python3.10/site-packages/piper
byte-compiling /home/sam/piper_ros/install/piper/lib/python3.10/site-packages/piper/piper_ctrl_single_two_state_node.py to piper_ctrl_single_two_state_node.cpython-310.pyc
running install_data
copying launch/start_single_piper_two_state.launch.py -> /home/sam/piper_ros/install/piper/share/piper/launch
running install_egg_info
removing '/home/sam/piper_ros/install/piper/lib/python3.10/site-packages/piper-0.0.0-py3.10.egg-info' (and everything under it)
Copying ../../build/piper/piper.egg-info to /home/sam/piper_ros/install/piper/lib/python3.10/site-packages/piper-0.0.0-py3.10.egg-info
running install_scripts
Installing piper_ms_ctrl script to /home/sam/piper_ros/install/piper/lib/piper
Installing piper_read_master script to /home/sam/piper_ros/install/piper/lib/piper
Installing piper_single_ctrl script to /home/sam/piper_ros/install/piper/lib/piper
writing list of installed files to '/home/sam/piper_ros/build/piper/install.log'
