[1.404s] Invoking command in '/home/sam/piper_ros/src/piper': PYTHONPATH=/home/sam/piper_ros/build/piper/prefix_override:/usr/lib/python3/dist-packages/colcon_core/task/python/colcon_distutils_commands:/home/sam/piper_ros/install/piper/lib/python3.10/site-packages:${PYTHONPATH} /usr/bin/python3 -W ignore:setup.py install is deprecated -W ignore:easy_install command is deprecated setup.py egg_info --egg-base ../../build/piper build --build-base /home/sam/piper_ros/build/piper/build install --record /home/sam/piper_ros/build/piper/install.log --single-version-externally-managed install_data
[1.714s] running egg_info
[1.715s] writing ../../build/piper/piper.egg-info/PKG-INFO
[1.715s] writing dependency_links to ../../build/piper/piper.egg-info/dependency_links.txt
[1.715s] writing entry points to ../../build/piper/piper.egg-info/entry_points.txt
[1.716s] writing requirements to ../../build/piper/piper.egg-info/requires.txt
[1.716s] writing top-level names to ../../build/piper/piper.egg-info/top_level.txt
[1.718s] reading manifest file '../../build/piper/piper.egg-info/SOURCES.txt'
[1.719s] adding license file 'LICENSE'
[1.720s] writing manifest file '../../build/piper/piper.egg-info/SOURCES.txt'
[1.720s] running build
[1.720s] running build_py
[1.720s] copying piper/piper_ctrl_single_two_state_node.py -> /home/sam/piper_ros/build/piper/build/lib/piper
[1.720s] running install
[1.721s] running install_lib
[1.722s] copying /home/sam/piper_ros/build/piper/build/lib/piper/piper_ctrl_single_two_state_node.py -> /home/sam/piper_ros/install/piper/lib/python3.10/site-packages/piper
[1.722s] byte-compiling /home/sam/piper_ros/install/piper/lib/python3.10/site-packages/piper/piper_ctrl_single_two_state_node.py to piper_ctrl_single_two_state_node.cpython-310.pyc
[1.726s] running install_data
[1.726s] copying launch/start_single_piper_two_state.launch.py -> /home/sam/piper_ros/install/piper/share/piper/launch
[1.726s] running install_egg_info
[1.728s] removing '/home/sam/piper_ros/install/piper/lib/python3.10/site-packages/piper-0.0.0-py3.10.egg-info' (and everything under it)
[1.729s] Copying ../../build/piper/piper.egg-info to /home/sam/piper_ros/install/piper/lib/python3.10/site-packages/piper-0.0.0-py3.10.egg-info
[1.730s] running install_scripts
[1.755s] Installing piper_ms_ctrl script to /home/sam/piper_ros/install/piper/lib/piper
[1.755s] Installing piper_read_master script to /home/sam/piper_ros/install/piper/lib/piper
[1.755s] Installing piper_single_ctrl script to /home/sam/piper_ros/install/piper/lib/piper
[1.756s] writing list of installed files to '/home/sam/piper_ros/build/piper/install.log'
[1.787s] Invoked command in '/home/sam/piper_ros/src/piper' returned '0': PYTHONPATH=/home/sam/piper_ros/build/piper/prefix_override:/usr/lib/python3/dist-packages/colcon_core/task/python/colcon_distutils_commands:/home/sam/piper_ros/install/piper/lib/python3.10/site-packages:${PYTHONPATH} /usr/bin/python3 -W ignore:setup.py install is deprecated -W ignore:easy_install command is deprecated setup.py egg_info --egg-base ../../build/piper build --build-base /home/sam/piper_ros/build/piper/build install --record /home/sam/piper_ros/build/piper/install.log --single-version-externally-managed install_data
