[0.026s] Invoking command in '/home/sam/piper_ros/build/piper_description': CMAKE_PREFIX_PATH=/opt/ros/humble /usr/bin/cmake /home/sam/piper_ros/src/piper_description -DCMAKE_INSTALL_PREFIX=/home/sam/piper_ros/install/piper_description
[0.375s] -- Found ament_cmake: 1.3.11 (/opt/ros/humble/share/ament_cmake/cmake)
[0.375s] -- Found Python3: /usr/bin/python3 (found version "3.10.12") found components: Interpreter 
[0.375s] -- Found ament_lint_auto: 0.12.11 (/opt/ros/humble/share/ament_lint_auto/cmake)
[0.522s] -- Added test 'copyright' to check source files copyright and LICENSE
[0.528s] -- Added test 'flake8' to check Python code syntax and style conventions
[0.535s] -- Added test 'lint_cmake' to check CMake code style
[0.538s] -- Added test 'pep257' to check Python code against some of the docstring style conventions in PEP 257
[0.539s] -- Added test 'xmllint' to check XML markup files
[0.542s] -- Configuring done
[0.549s] -- Generating done
[0.552s] -- Build files have been written to: /home/sam/piper_ros/build/piper_description
[0.561s] Invoked command in '/home/sam/piper_ros/build/piper_description' returned '0': CMAKE_PREFIX_PATH=/opt/ros/humble /usr/bin/cmake /home/sam/piper_ros/src/piper_description -DCMAKE_INSTALL_PREFIX=/home/sam/piper_ros/install/piper_description
[0.565s] Invoking command in '/home/sam/piper_ros/build/piper_description': CMAKE_PREFIX_PATH=/opt/ros/humble /usr/bin/cmake --build /home/sam/piper_ros/build/piper_description -- -j4 -l4
[0.624s] Invoked command in '/home/sam/piper_ros/build/piper_description' returned '0': CMAKE_PREFIX_PATH=/opt/ros/humble /usr/bin/cmake --build /home/sam/piper_ros/build/piper_description -- -j4 -l4
[0.643s] Invoking command in '/home/sam/piper_ros/build/piper_description': CMAKE_PREFIX_PATH=/opt/ros/humble /usr/bin/cmake --install /home/sam/piper_ros/build/piper_description
[0.653s] -- Install configuration: ""
[0.655s] -- Installing: /home/sam/piper_ros/install/piper_description/share/piper_description/launch
[0.655s] -- Installing: /home/sam/piper_ros/install/piper_description/share/piper_description/launch/piper_no_gripper
[0.655s] -- Installing: /home/sam/piper_ros/install/piper_description/share/piper_description/launch/piper_no_gripper/display_no_gripper_xacro.launch.py
[0.655s] -- Installing: /home/sam/piper_ros/install/piper_description/share/piper_description/launch/piper_no_gripper/display_no_gripper_urdf.launch.py
[0.656s] -- Installing: /home/sam/piper_ros/install/piper_description/share/piper_description/launch/piper_with_gripper
[0.657s] -- Installing: /home/sam/piper_ros/install/piper_description/share/piper_description/launch/piper_with_gripper/display_urdf.launch.py
[0.657s] -- Installing: /home/sam/piper_ros/install/piper_description/share/piper_description/launch/piper_with_gripper/display_xacro.launch.py
[0.657s] -- Installing: /home/sam/piper_ros/install/piper_description/share/piper_description/meshes
[0.657s] -- Installing: /home/sam/piper_ros/install/piper_description/share/piper_description/meshes/link3.STL
[0.658s] -- Installing: /home/sam/piper_ros/install/piper_description/share/piper_description/meshes/link5.STL
[0.660s] -- Installing: /home/sam/piper_ros/install/piper_description/share/piper_description/meshes/base_link.STL
[0.661s] -- Installing: /home/sam/piper_ros/install/piper_description/share/piper_description/meshes/gripper_base.STL
[0.663s] -- Installing: /home/sam/piper_ros/install/piper_description/share/piper_description/meshes/link2.STL
[0.669s] -- Installing: /home/sam/piper_ros/install/piper_description/share/piper_description/meshes/link1.STL
[0.670s] -- Installing: /home/sam/piper_ros/install/piper_description/share/piper_description/meshes/link4.STL
[0.672s] -- Installing: /home/sam/piper_ros/install/piper_description/share/piper_description/meshes/link6.STL
[0.673s] -- Installing: /home/sam/piper_ros/install/piper_description/share/piper_description/meshes/link7.STL
[0.674s] -- Installing: /home/sam/piper_ros/install/piper_description/share/piper_description/meshes/link8.STL
[0.674s] -- Installing: /home/sam/piper_ros/install/piper_description/share/piper_description/rviz
[0.675s] -- Installing: /home/sam/piper_ros/install/piper_description/share/piper_description/rviz/piper_ctrl.rviz
[0.675s] -- Installing: /home/sam/piper_ros/install/piper_description/share/piper_description/rviz/piper_no_gripper.rviz
[0.676s] -- Installing: /home/sam/piper_ros/install/piper_description/share/piper_description/urdf
[0.677s] -- Installing: /home/sam/piper_ros/install/piper_description/share/piper_description/urdf/piper_description.urdf
[0.677s] -- Installing: /home/sam/piper_ros/install/piper_description/share/piper_description/urdf/piper_description.csv
[0.678s] -- Installing: /home/sam/piper_ros/install/piper_description/share/piper_description/urdf/piper_no_gripper_description.csv
[0.678s] -- Installing: /home/sam/piper_ros/install/piper_description/share/piper_description/urdf/piper_description_old.urdf
[0.679s] -- Installing: /home/sam/piper_ros/install/piper_description/share/piper_description/urdf/piper_no_gripper_description_gazebo.xacro
[0.679s] -- Installing: /home/sam/piper_ros/install/piper_description/share/piper_description/urdf/piper_no_gripper_description_old.urdf
[0.680s] -- Installing: /home/sam/piper_ros/install/piper_description/share/piper_description/urdf/piper_no_gripper_description.urdf
[0.680s] -- Installing: /home/sam/piper_ros/install/piper_description/share/piper_description/urdf/piper_description.xacro
[0.681s] -- Installing: /home/sam/piper_ros/install/piper_description/share/piper_description/urdf/piper_description_gazebo.xacro
[0.682s] -- Installing: /home/sam/piper_ros/install/piper_description/share/piper_description/urdf/piper_no_gripper_description.xacro
[0.683s] -- Installing: /home/sam/piper_ros/install/piper_description/share/piper_description/mujoco_model
[0.684s] -- Installing: /home/sam/piper_ros/install/piper_description/share/piper_description/mujoco_model/piper_no_gripper_description.xml
[0.684s] -- Installing: /home/sam/piper_ros/install/piper_description/share/piper_description/mujoco_model/piper_description.xml
[0.684s] -- Installing: /home/sam/piper_ros/install/piper_description/share/ament_index/resource_index/package_run_dependencies/piper_description
[0.684s] -- Installing: /home/sam/piper_ros/install/piper_description/share/ament_index/resource_index/parent_prefix_path/piper_description
[0.685s] -- Installing: /home/sam/piper_ros/install/piper_description/share/piper_description/environment/ament_prefix_path.sh
[0.685s] -- Installing: /home/sam/piper_ros/install/piper_description/share/piper_description/environment/ament_prefix_path.dsv
[0.685s] -- Installing: /home/sam/piper_ros/install/piper_description/share/piper_description/environment/path.sh
[0.685s] -- Installing: /home/sam/piper_ros/install/piper_description/share/piper_description/environment/path.dsv
[0.686s] -- Installing: /home/sam/piper_ros/install/piper_description/share/piper_description/local_setup.bash
[0.686s] -- Installing: /home/sam/piper_ros/install/piper_description/share/piper_description/local_setup.sh
[0.689s] -- Installing: /home/sam/piper_ros/install/piper_description/share/piper_description/local_setup.zsh
[0.689s] -- Installing: /home/sam/piper_ros/install/piper_description/share/piper_description/local_setup.dsv
[0.689s] -- Installing: /home/sam/piper_ros/install/piper_description/share/piper_description/package.dsv
[0.690s] -- Installing: /home/sam/piper_ros/install/piper_description/share/ament_index/resource_index/packages/piper_description
[0.690s] -- Installing: /home/sam/piper_ros/install/piper_description/share/piper_description/cmake/piper_descriptionConfig.cmake
[0.690s] -- Installing: /home/sam/piper_ros/install/piper_description/share/piper_description/cmake/piper_descriptionConfig-version.cmake
[0.690s] -- Installing: /home/sam/piper_ros/install/piper_description/share/piper_description/package.xml
[0.693s] Invoked command in '/home/sam/piper_ros/build/piper_description' returned '0': CMAKE_PREFIX_PATH=/opt/ros/humble /usr/bin/cmake --install /home/sam/piper_ros/build/piper_description
