[0.029s] Invoking command in '/home/sam/piper_ros/build/piper_no_gripper_moveit': AMENT_PREFIX_PATH=/home/sam/piper_ros/install/piper_description:${AMENT_PREFIX_PATH} CMAKE_PREFIX_PATH=/home/sam/piper_ros/install/piper_description:/opt/ros/humble /usr/bin/cmake /home/sam/piper_ros/src/piper_moveit/piper_no_gripper_moveit -DAMENT_CMAKE_SYMLINK_INSTALL=1 -DCMAKE_INSTALL_PREFIX=/home/sam/piper_ros/install/piper_no_gripper_moveit
[0.069s] -- Found ament_cmake: 1.3.11 (/opt/ros/humble/share/ament_cmake/cmake)
[0.397s] -- Override CMake install command with custom implementation using symlinks instead of copying resources
[0.561s] -- Configuring done
[0.578s] -- Generating done
[0.586s] -- Build files have been written to: /home/sam/piper_ros/build/piper_no_gripper_moveit
[0.604s] Invoked command in '/home/sam/piper_ros/build/piper_no_gripper_moveit' returned '0': AMENT_PREFIX_PATH=/home/sam/piper_ros/install/piper_description:${AMENT_PREFIX_PATH} CMAKE_PREFIX_PATH=/home/sam/piper_ros/install/piper_description:/opt/ros/humble /usr/bin/cmake /home/sam/piper_ros/src/piper_moveit/piper_no_gripper_moveit -DAMENT_CMAKE_SYMLINK_INSTALL=1 -DCMAKE_INSTALL_PREFIX=/home/sam/piper_ros/install/piper_no_gripper_moveit
[0.605s] Invoking command in '/home/sam/piper_ros/build/piper_no_gripper_moveit': AMENT_PREFIX_PATH=/home/sam/piper_ros/install/piper_description:${AMENT_PREFIX_PATH} CMAKE_PREFIX_PATH=/home/sam/piper_ros/install/piper_description:/opt/ros/humble /usr/bin/cmake --build /home/sam/piper_ros/build/piper_no_gripper_moveit -- -j4 -l4
[0.703s] Invoked command in '/home/sam/piper_ros/build/piper_no_gripper_moveit' returned '0': AMENT_PREFIX_PATH=/home/sam/piper_ros/install/piper_description:${AMENT_PREFIX_PATH} CMAKE_PREFIX_PATH=/home/sam/piper_ros/install/piper_description:/opt/ros/humble /usr/bin/cmake --build /home/sam/piper_ros/build/piper_no_gripper_moveit -- -j4 -l4
[0.704s] Invoking command in '/home/sam/piper_ros/build/piper_no_gripper_moveit': AMENT_PREFIX_PATH=/home/sam/piper_ros/install/piper_description:${AMENT_PREFIX_PATH} CMAKE_PREFIX_PATH=/home/sam/piper_ros/install/piper_description:/opt/ros/humble /usr/bin/cmake --install /home/sam/piper_ros/build/piper_no_gripper_moveit
[0.728s] -- Install configuration: ""
[0.728s] -- Execute custom install script
[0.728s] -- Symlinking: /home/sam/piper_ros/install/piper_no_gripper_moveit/share/ament_index/resource_index/package_run_dependencies/piper_no_gripper_moveit
[0.746s] -- Symlinking: /home/sam/piper_ros/install/piper_no_gripper_moveit/share/ament_index/resource_index/parent_prefix_path/piper_no_gripper_moveit
[0.769s] -- Symlinking: /home/sam/piper_ros/install/piper_no_gripper_moveit/share/piper_no_gripper_moveit/environment/ament_prefix_path.sh
[0.808s] -- Symlinking: /home/sam/piper_ros/install/piper_no_gripper_moveit/share/piper_no_gripper_moveit/environment/ament_prefix_path.dsv
[0.828s] -- Symlinking: /home/sam/piper_ros/install/piper_no_gripper_moveit/share/piper_no_gripper_moveit/environment/path.sh
[0.843s] -- Symlinking: /home/sam/piper_ros/install/piper_no_gripper_moveit/share/piper_no_gripper_moveit/environment/path.dsv
[0.859s] -- Symlinking: /home/sam/piper_ros/install/piper_no_gripper_moveit/share/piper_no_gripper_moveit/local_setup.bash
[0.881s] -- Symlinking: /home/sam/piper_ros/install/piper_no_gripper_moveit/share/piper_no_gripper_moveit/local_setup.sh
[0.895s] -- Symlinking: /home/sam/piper_ros/install/piper_no_gripper_moveit/share/piper_no_gripper_moveit/local_setup.zsh
[0.920s] -- Symlinking: /home/sam/piper_ros/install/piper_no_gripper_moveit/share/piper_no_gripper_moveit/local_setup.dsv
[0.936s] -- Symlinking: /home/sam/piper_ros/install/piper_no_gripper_moveit/share/piper_no_gripper_moveit/package.dsv
[0.955s] -- Symlinking: /home/sam/piper_ros/install/piper_no_gripper_moveit/share/ament_index/resource_index/packages/piper_no_gripper_moveit
[0.968s] -- Symlinking: /home/sam/piper_ros/install/piper_no_gripper_moveit/share/piper_no_gripper_moveit/cmake/piper_no_gripper_moveitConfig.cmake
[1.005s] -- Symlinking: /home/sam/piper_ros/install/piper_no_gripper_moveit/share/piper_no_gripper_moveit/cmake/piper_no_gripper_moveitConfig-version.cmake
[1.020s] -- Symlinking: /home/sam/piper_ros/install/piper_no_gripper_moveit/share/piper_no_gripper_moveit/package.xml
[1.036s] -- Symlinking: /home/sam/piper_ros/install/piper_no_gripper_moveit/share/piper_no_gripper_moveit/launch/demo.launch.py
[1.052s] -- Symlinking: /home/sam/piper_ros/install/piper_no_gripper_moveit/share/piper_no_gripper_moveit/launch/move_group.launch.py
[1.069s] -- Symlinking: /home/sam/piper_ros/install/piper_no_gripper_moveit/share/piper_no_gripper_moveit/launch/moveit_rviz.launch.py
[1.100s] -- Symlinking: /home/sam/piper_ros/install/piper_no_gripper_moveit/share/piper_no_gripper_moveit/launch/piper_moveit.launch.py
[1.125s] -- Symlinking: /home/sam/piper_ros/install/piper_no_gripper_moveit/share/piper_no_gripper_moveit/launch/rsp.launch.py
[1.139s] -- Symlinking: /home/sam/piper_ros/install/piper_no_gripper_moveit/share/piper_no_gripper_moveit/launch/setup_assistant.launch.py
[1.155s] -- Symlinking: /home/sam/piper_ros/install/piper_no_gripper_moveit/share/piper_no_gripper_moveit/launch/spawn_controllers.launch.py
[1.171s] -- Symlinking: /home/sam/piper_ros/install/piper_no_gripper_moveit/share/piper_no_gripper_moveit/launch/static_virtual_joint_tfs.launch.py
[1.196s] -- Symlinking: /home/sam/piper_ros/install/piper_no_gripper_moveit/share/piper_no_gripper_moveit/launch/warehouse_db.launch.py
[1.216s] -- Symlinking: /home/sam/piper_ros/install/piper_no_gripper_moveit/share/piper_no_gripper_moveit/config/initial_positions.yaml
[1.230s] -- Symlinking: /home/sam/piper_ros/install/piper_no_gripper_moveit/share/piper_no_gripper_moveit/config/joint_limits.yaml
[1.244s] -- Symlinking: /home/sam/piper_ros/install/piper_no_gripper_moveit/share/piper_no_gripper_moveit/config/kinematics.yaml
[1.260s] -- Symlinking: /home/sam/piper_ros/install/piper_no_gripper_moveit/share/piper_no_gripper_moveit/config/moveit.rviz
[1.275s] -- Symlinking: /home/sam/piper_ros/install/piper_no_gripper_moveit/share/piper_no_gripper_moveit/config/moveit_controllers.yaml
[1.290s] -- Symlinking: /home/sam/piper_ros/install/piper_no_gripper_moveit/share/piper_no_gripper_moveit/config/pilz_cartesian_limits.yaml
[1.318s] -- Symlinking: /home/sam/piper_ros/install/piper_no_gripper_moveit/share/piper_no_gripper_moveit/config/piper.ros2_control.xacro
[1.332s] -- Symlinking: /home/sam/piper_ros/install/piper_no_gripper_moveit/share/piper_no_gripper_moveit/config/piper.srdf
[1.350s] -- Symlinking: /home/sam/piper_ros/install/piper_no_gripper_moveit/share/piper_no_gripper_moveit/config/piper.urdf.xacro
[1.365s] -- Symlinking: /home/sam/piper_ros/install/piper_no_gripper_moveit/share/piper_no_gripper_moveit/config/ros2_controllers.yaml
[1.382s] -- Symlinking: /home/sam/piper_ros/install/piper_no_gripper_moveit/share/piper_no_gripper_moveit/.setup_assistant
[1.402s] Invoked command in '/home/sam/piper_ros/build/piper_no_gripper_moveit' returned '0': AMENT_PREFIX_PATH=/home/sam/piper_ros/install/piper_description:${AMENT_PREFIX_PATH} CMAKE_PREFIX_PATH=/home/sam/piper_ros/install/piper_description:/opt/ros/humble /usr/bin/cmake --install /home/sam/piper_ros/build/piper_no_gripper_moveit
