[0.024s] Invoking command in '/home/sam/piper_ros/build/piper_msgs': CMAKE_PREFIX_PATH=/opt/ros/humble /usr/bin/cmake --build /home/sam/piper_ros/build/piper_msgs -- -j4 -l4
[0.104s] [35m[1mConsolidate compiler generated dependencies of target piper_msgs__rosidl_generator_c[0m
[0.122s] [  2%] Built target piper_msgs__cpp
[0.145s] [35m[1mConsolidate compiler generated dependencies of target piper_msgs__rosidl_typesupport_fastrtps_cpp[0m
[0.161s] [ 12%] Built target piper_msgs__rosidl_generator_c
[0.162s] [35m[1mConsolidate compiler generated dependencies of target piper_msgs__rosidl_typesupport_cpp[0m
[0.194s] [ 12%] Built target ament_cmake_python_copy_piper_msgs
[0.201s] [35m[1mConsolidate compiler generated dependencies of target piper_msgs__rosidl_typesupport_introspection_cpp[0m
[0.223s] [ 23%] Built target piper_msgs__rosidl_typesupport_fastrtps_cpp
[0.223s] [ 34%] Built target piper_msgs__rosidl_typesupport_cpp
[0.248s] [35m[1mConsolidate compiler generated dependencies of target piper_msgs__rosidl_typesupport_fastrtps_c[0m
[0.261s] [ 44%] Built target piper_msgs__rosidl_typesupport_introspection_cpp
[0.273s] [35m[1mConsolidate compiler generated dependencies of target piper_msgs__rosidl_typesupport_c[0m
[0.285s] [35m[1mConsolidate compiler generated dependencies of target piper_msgs__rosidl_typesupport_introspection_c[0m
[0.333s] [ 55%] Built target piper_msgs__rosidl_typesupport_c
[0.334s] [ 65%] Built target piper_msgs__rosidl_typesupport_fastrtps_c
[0.334s] [ 76%] Built target piper_msgs__rosidl_typesupport_introspection_c
[0.415s] [ 76%] Built target piper_msgs
[0.463s] [ 78%] Built target piper_msgs__py
[0.484s] [35m[1mConsolidate compiler generated dependencies of target piper_msgs__rosidl_generator_py[0m
[0.519s] [ 87%] Built target piper_msgs__rosidl_generator_py
[0.566s] [35m[1mConsolidate compiler generated dependencies of target piper_msgs__rosidl_typesupport_fastrtps_c__pyext[0m
[0.566s] [35m[1mConsolidate compiler generated dependencies of target piper_msgs__rosidl_typesupport_introspection_c__pyext[0m
[0.566s] [35m[1mConsolidate compiler generated dependencies of target piper_msgs__rosidl_typesupport_c__pyext[0m
[0.611s] [ 91%] Built target piper_msgs__rosidl_typesupport_fastrtps_c__pyext
[0.614s] [ 95%] Built target piper_msgs__rosidl_typesupport_introspection_c__pyext
[0.615s] [100%] Built target piper_msgs__rosidl_typesupport_c__pyext
[0.807s] running egg_info
[0.810s] writing piper_msgs.egg-info/PKG-INFO
[0.810s] writing dependency_links to piper_msgs.egg-info/dependency_links.txt
[0.810s] writing top-level names to piper_msgs.egg-info/top_level.txt
[0.813s] reading manifest file 'piper_msgs.egg-info/SOURCES.txt'
[0.814s] writing manifest file 'piper_msgs.egg-info/SOURCES.txt'
[0.850s] [100%] Built target ament_cmake_python_build_piper_msgs_egg
[0.864s] Invoked command in '/home/sam/piper_ros/build/piper_msgs' returned '0': CMAKE_PREFIX_PATH=/opt/ros/humble /usr/bin/cmake --build /home/sam/piper_ros/build/piper_msgs -- -j4 -l4
[0.867s] Invoking command in '/home/sam/piper_ros/build/piper_msgs': CMAKE_PREFIX_PATH=/opt/ros/humble /usr/bin/cmake --install /home/sam/piper_ros/build/piper_msgs
[0.875s] -- Install configuration: ""
[0.876s] -- Up-to-date: /home/sam/piper_ros/install/piper_msgs/share/ament_index/resource_index/rosidl_interfaces/piper_msgs
[0.876s] -- Up-to-date: /home/sam/piper_ros/install/piper_msgs/include/piper_msgs/piper_msgs
[0.876s] -- Up-to-date: /home/sam/piper_ros/install/piper_msgs/include/piper_msgs/piper_msgs/msg
[0.876s] -- Up-to-date: /home/sam/piper_ros/install/piper_msgs/include/piper_msgs/piper_msgs/msg/pos_cmd.h
[0.876s] -- Up-to-date: /home/sam/piper_ros/install/piper_msgs/include/piper_msgs/piper_msgs/msg/piper_status_msg.h
[0.877s] -- Up-to-date: /home/sam/piper_ros/install/piper_msgs/include/piper_msgs/piper_msgs/msg/detail
[0.877s] -- Up-to-date: /home/sam/piper_ros/install/piper_msgs/include/piper_msgs/piper_msgs/msg/detail/piper_status_msg__functions.c
[0.877s] -- Up-to-date: /home/sam/piper_ros/install/piper_msgs/include/piper_msgs/piper_msgs/msg/detail/pos_cmd__type_support.h
[0.877s] -- Up-to-date: /home/sam/piper_ros/install/piper_msgs/include/piper_msgs/piper_msgs/msg/detail/pos_cmd__functions.h
[0.877s] -- Up-to-date: /home/sam/piper_ros/install/piper_msgs/include/piper_msgs/piper_msgs/msg/detail/piper_status_msg__functions.h
[0.878s] -- Up-to-date: /home/sam/piper_ros/install/piper_msgs/include/piper_msgs/piper_msgs/msg/detail/pos_cmd__functions.c
[0.878s] -- Up-to-date: /home/sam/piper_ros/install/piper_msgs/include/piper_msgs/piper_msgs/msg/detail/pos_cmd__struct.h
[0.878s] -- Up-to-date: /home/sam/piper_ros/install/piper_msgs/include/piper_msgs/piper_msgs/msg/detail/piper_status_msg__struct.h
[0.878s] -- Up-to-date: /home/sam/piper_ros/install/piper_msgs/include/piper_msgs/piper_msgs/msg/detail/piper_status_msg__type_support.h
[0.878s] -- Up-to-date: /home/sam/piper_ros/install/piper_msgs/include/piper_msgs/piper_msgs/msg/rosidl_generator_c__visibility_control.h
[0.879s] -- Up-to-date: /home/sam/piper_ros/install/piper_msgs/include/piper_msgs/piper_msgs/srv
[0.879s] -- Up-to-date: /home/sam/piper_ros/install/piper_msgs/include/piper_msgs/piper_msgs/srv/enable.h
[0.879s] -- Up-to-date: /home/sam/piper_ros/install/piper_msgs/include/piper_msgs/piper_msgs/srv/detail
[0.879s] -- Up-to-date: /home/sam/piper_ros/install/piper_msgs/include/piper_msgs/piper_msgs/srv/detail/enable__functions.h
[0.880s] -- Up-to-date: /home/sam/piper_ros/install/piper_msgs/include/piper_msgs/piper_msgs/srv/detail/enable__struct.h
[0.880s] -- Up-to-date: /home/sam/piper_ros/install/piper_msgs/include/piper_msgs/piper_msgs/srv/detail/enable__type_support.h
[0.880s] -- Up-to-date: /home/sam/piper_ros/install/piper_msgs/include/piper_msgs/piper_msgs/srv/detail/enable__functions.c
[0.880s] -- Up-to-date: /home/sam/piper_ros/install/piper_msgs/share/piper_msgs/environment/library_path.sh
[0.880s] -- Up-to-date: /home/sam/piper_ros/install/piper_msgs/share/piper_msgs/environment/library_path.dsv
[0.881s] -- Up-to-date: /home/sam/piper_ros/install/piper_msgs/lib/libpiper_msgs__rosidl_generator_c.so
[0.881s] -- Up-to-date: /home/sam/piper_ros/install/piper_msgs/include/piper_msgs/piper_msgs
[0.881s] -- Up-to-date: /home/sam/piper_ros/install/piper_msgs/include/piper_msgs/piper_msgs/msg
[0.881s] -- Up-to-date: /home/sam/piper_ros/install/piper_msgs/include/piper_msgs/piper_msgs/msg/rosidl_typesupport_fastrtps_c__visibility_control.h
[0.881s] -- Up-to-date: /home/sam/piper_ros/install/piper_msgs/include/piper_msgs/piper_msgs/msg/detail
[0.882s] -- Up-to-date: /home/sam/piper_ros/install/piper_msgs/include/piper_msgs/piper_msgs/msg/detail/pos_cmd__rosidl_typesupport_fastrtps_c.h
[0.882s] -- Up-to-date: /home/sam/piper_ros/install/piper_msgs/include/piper_msgs/piper_msgs/msg/detail/piper_status_msg__rosidl_typesupport_fastrtps_c.h
[0.882s] -- Up-to-date: /home/sam/piper_ros/install/piper_msgs/include/piper_msgs/piper_msgs/srv
[0.882s] -- Up-to-date: /home/sam/piper_ros/install/piper_msgs/include/piper_msgs/piper_msgs/srv/detail
[0.883s] -- Up-to-date: /home/sam/piper_ros/install/piper_msgs/include/piper_msgs/piper_msgs/srv/detail/enable__rosidl_typesupport_fastrtps_c.h
[0.883s] -- Up-to-date: /home/sam/piper_ros/install/piper_msgs/lib/libpiper_msgs__rosidl_typesupport_fastrtps_c.so
[0.883s] -- Up-to-date: /home/sam/piper_ros/install/piper_msgs/include/piper_msgs/piper_msgs
[0.883s] -- Up-to-date: /home/sam/piper_ros/install/piper_msgs/include/piper_msgs/piper_msgs/msg
[0.884s] -- Up-to-date: /home/sam/piper_ros/install/piper_msgs/include/piper_msgs/piper_msgs/msg/rosidl_typesupport_introspection_c__visibility_control.h
[0.884s] -- Up-to-date: /home/sam/piper_ros/install/piper_msgs/include/piper_msgs/piper_msgs/msg/detail
[0.884s] -- Up-to-date: /home/sam/piper_ros/install/piper_msgs/include/piper_msgs/piper_msgs/msg/detail/pos_cmd__rosidl_typesupport_introspection_c.h
[0.884s] -- Up-to-date: /home/sam/piper_ros/install/piper_msgs/include/piper_msgs/piper_msgs/msg/detail/pos_cmd__type_support.c
[0.884s] -- Up-to-date: /home/sam/piper_ros/install/piper_msgs/include/piper_msgs/piper_msgs/msg/detail/piper_status_msg__type_support.c
[0.884s] -- Up-to-date: /home/sam/piper_ros/install/piper_msgs/include/piper_msgs/piper_msgs/msg/detail/piper_status_msg__rosidl_typesupport_introspection_c.h
[0.885s] -- Up-to-date: /home/sam/piper_ros/install/piper_msgs/include/piper_msgs/piper_msgs/srv
[0.885s] -- Up-to-date: /home/sam/piper_ros/install/piper_msgs/include/piper_msgs/piper_msgs/srv/detail
[0.885s] -- Up-to-date: /home/sam/piper_ros/install/piper_msgs/include/piper_msgs/piper_msgs/srv/detail/enable__type_support.c
[0.885s] -- Up-to-date: /home/sam/piper_ros/install/piper_msgs/include/piper_msgs/piper_msgs/srv/detail/enable__rosidl_typesupport_introspection_c.h
[0.885s] -- Up-to-date: /home/sam/piper_ros/install/piper_msgs/lib/libpiper_msgs__rosidl_typesupport_introspection_c.so
[0.885s] -- Up-to-date: /home/sam/piper_ros/install/piper_msgs/lib/libpiper_msgs__rosidl_typesupport_c.so
[0.885s] -- Up-to-date: /home/sam/piper_ros/install/piper_msgs/include/piper_msgs/piper_msgs
[0.886s] -- Up-to-date: /home/sam/piper_ros/install/piper_msgs/include/piper_msgs/piper_msgs/msg
[0.886s] -- Up-to-date: /home/sam/piper_ros/install/piper_msgs/include/piper_msgs/piper_msgs/msg/rosidl_generator_cpp__visibility_control.hpp
[0.886s] -- Up-to-date: /home/sam/piper_ros/install/piper_msgs/include/piper_msgs/piper_msgs/msg/pos_cmd.hpp
[0.887s] -- Up-to-date: /home/sam/piper_ros/install/piper_msgs/include/piper_msgs/piper_msgs/msg/piper_status_msg.hpp
[0.887s] -- Up-to-date: /home/sam/piper_ros/install/piper_msgs/include/piper_msgs/piper_msgs/msg/detail
[0.887s] -- Up-to-date: /home/sam/piper_ros/install/piper_msgs/include/piper_msgs/piper_msgs/msg/detail/piper_status_msg__struct.hpp
[0.887s] -- Up-to-date: /home/sam/piper_ros/install/piper_msgs/include/piper_msgs/piper_msgs/msg/detail/pos_cmd__traits.hpp
[0.887s] -- Up-to-date: /home/sam/piper_ros/install/piper_msgs/include/piper_msgs/piper_msgs/msg/detail/pos_cmd__struct.hpp
[0.888s] -- Up-to-date: /home/sam/piper_ros/install/piper_msgs/include/piper_msgs/piper_msgs/msg/detail/piper_status_msg__type_support.hpp
[0.888s] -- Up-to-date: /home/sam/piper_ros/install/piper_msgs/include/piper_msgs/piper_msgs/msg/detail/piper_status_msg__traits.hpp
[0.888s] -- Up-to-date: /home/sam/piper_ros/install/piper_msgs/include/piper_msgs/piper_msgs/msg/detail/pos_cmd__type_support.hpp
[0.888s] -- Up-to-date: /home/sam/piper_ros/install/piper_msgs/include/piper_msgs/piper_msgs/msg/detail/pos_cmd__builder.hpp
[0.888s] -- Up-to-date: /home/sam/piper_ros/install/piper_msgs/include/piper_msgs/piper_msgs/msg/detail/piper_status_msg__builder.hpp
[0.888s] -- Up-to-date: /home/sam/piper_ros/install/piper_msgs/include/piper_msgs/piper_msgs/srv
[0.888s] -- Up-to-date: /home/sam/piper_ros/install/piper_msgs/include/piper_msgs/piper_msgs/srv/enable.hpp
[0.889s] -- Up-to-date: /home/sam/piper_ros/install/piper_msgs/include/piper_msgs/piper_msgs/srv/detail
[0.889s] -- Up-to-date: /home/sam/piper_ros/install/piper_msgs/include/piper_msgs/piper_msgs/srv/detail/enable__struct.hpp
[0.889s] -- Up-to-date: /home/sam/piper_ros/install/piper_msgs/include/piper_msgs/piper_msgs/srv/detail/enable__builder.hpp
[0.889s] -- Up-to-date: /home/sam/piper_ros/install/piper_msgs/include/piper_msgs/piper_msgs/srv/detail/enable__type_support.hpp
[0.889s] -- Up-to-date: /home/sam/piper_ros/install/piper_msgs/include/piper_msgs/piper_msgs/srv/detail/enable__traits.hpp
[0.889s] -- Up-to-date: /home/sam/piper_ros/install/piper_msgs/include/piper_msgs/piper_msgs
[0.889s] -- Up-to-date: /home/sam/piper_ros/install/piper_msgs/include/piper_msgs/piper_msgs/msg
[0.889s] -- Up-to-date: /home/sam/piper_ros/install/piper_msgs/include/piper_msgs/piper_msgs/msg/detail
[0.889s] -- Up-to-date: /home/sam/piper_ros/install/piper_msgs/include/piper_msgs/piper_msgs/msg/detail/pos_cmd__rosidl_typesupport_fastrtps_cpp.hpp
[0.890s] -- Up-to-date: /home/sam/piper_ros/install/piper_msgs/include/piper_msgs/piper_msgs/msg/detail/piper_status_msg__rosidl_typesupport_fastrtps_cpp.hpp
[0.890s] -- Up-to-date: /home/sam/piper_ros/install/piper_msgs/include/piper_msgs/piper_msgs/msg/detail/dds_fastrtps
[0.890s] -- Up-to-date: /home/sam/piper_ros/install/piper_msgs/include/piper_msgs/piper_msgs/msg/rosidl_typesupport_fastrtps_cpp__visibility_control.h
[0.890s] -- Up-to-date: /home/sam/piper_ros/install/piper_msgs/include/piper_msgs/piper_msgs/srv
[0.890s] -- Up-to-date: /home/sam/piper_ros/install/piper_msgs/include/piper_msgs/piper_msgs/srv/detail
[0.890s] -- Up-to-date: /home/sam/piper_ros/install/piper_msgs/include/piper_msgs/piper_msgs/srv/detail/enable__rosidl_typesupport_fastrtps_cpp.hpp
[0.890s] -- Up-to-date: /home/sam/piper_ros/install/piper_msgs/include/piper_msgs/piper_msgs/srv/detail/dds_fastrtps
[0.890s] -- Up-to-date: /home/sam/piper_ros/install/piper_msgs/lib/libpiper_msgs__rosidl_typesupport_fastrtps_cpp.so
[0.890s] -- Up-to-date: /home/sam/piper_ros/install/piper_msgs/include/piper_msgs/piper_msgs
[0.891s] -- Up-to-date: /home/sam/piper_ros/install/piper_msgs/include/piper_msgs/piper_msgs/msg
[0.891s] -- Up-to-date: /home/sam/piper_ros/install/piper_msgs/include/piper_msgs/piper_msgs/msg/detail
[0.891s] -- Up-to-date: /home/sam/piper_ros/install/piper_msgs/include/piper_msgs/piper_msgs/msg/detail/piper_status_msg__type_support.cpp
[0.891s] -- Up-to-date: /home/sam/piper_ros/install/piper_msgs/include/piper_msgs/piper_msgs/msg/detail/pos_cmd__rosidl_typesupport_introspection_cpp.hpp
[0.891s] -- Up-to-date: /home/sam/piper_ros/install/piper_msgs/include/piper_msgs/piper_msgs/msg/detail/piper_status_msg__rosidl_typesupport_introspection_cpp.hpp
[0.891s] -- Up-to-date: /home/sam/piper_ros/install/piper_msgs/include/piper_msgs/piper_msgs/msg/detail/pos_cmd__type_support.cpp
[0.891s] -- Up-to-date: /home/sam/piper_ros/install/piper_msgs/include/piper_msgs/piper_msgs/srv
[0.891s] -- Up-to-date: /home/sam/piper_ros/install/piper_msgs/include/piper_msgs/piper_msgs/srv/detail
[0.891s] -- Up-to-date: /home/sam/piper_ros/install/piper_msgs/include/piper_msgs/piper_msgs/srv/detail/enable__type_support.cpp
[0.891s] -- Up-to-date: /home/sam/piper_ros/install/piper_msgs/include/piper_msgs/piper_msgs/srv/detail/enable__rosidl_typesupport_introspection_cpp.hpp
[0.891s] -- Up-to-date: /home/sam/piper_ros/install/piper_msgs/lib/libpiper_msgs__rosidl_typesupport_introspection_cpp.so
[0.891s] -- Up-to-date: /home/sam/piper_ros/install/piper_msgs/lib/libpiper_msgs__rosidl_typesupport_cpp.so
[0.891s] -- Up-to-date: /home/sam/piper_ros/install/piper_msgs/share/piper_msgs/environment/pythonpath.sh
[0.891s] -- Up-to-date: /home/sam/piper_ros/install/piper_msgs/share/piper_msgs/environment/pythonpath.dsv
[0.892s] -- Up-to-date: /home/sam/piper_ros/install/piper_msgs/local/lib/python3.10/dist-packages/piper_msgs-0.0.0-py3.10.egg-info
[0.892s] -- Installing: /home/sam/piper_ros/install/piper_msgs/local/lib/python3.10/dist-packages/piper_msgs-0.0.0-py3.10.egg-info/SOURCES.txt
[0.892s] -- Installing: /home/sam/piper_ros/install/piper_msgs/local/lib/python3.10/dist-packages/piper_msgs-0.0.0-py3.10.egg-info/dependency_links.txt
[0.892s] -- Installing: /home/sam/piper_ros/install/piper_msgs/local/lib/python3.10/dist-packages/piper_msgs-0.0.0-py3.10.egg-info/PKG-INFO
[0.892s] -- Installing: /home/sam/piper_ros/install/piper_msgs/local/lib/python3.10/dist-packages/piper_msgs-0.0.0-py3.10.egg-info/top_level.txt
[0.892s] -- Up-to-date: /home/sam/piper_ros/install/piper_msgs/local/lib/python3.10/dist-packages/piper_msgs
[0.892s] -- Up-to-date: /home/sam/piper_ros/install/piper_msgs/local/lib/python3.10/dist-packages/piper_msgs/_piper_msgs_s.ep.rosidl_typesupport_c.c
[0.892s] -- Up-to-date: /home/sam/piper_ros/install/piper_msgs/local/lib/python3.10/dist-packages/piper_msgs/piper_msgs_s__rosidl_typesupport_fastrtps_c.cpython-310-x86_64-linux-gnu.so
[0.892s] -- Up-to-date: /home/sam/piper_ros/install/piper_msgs/local/lib/python3.10/dist-packages/piper_msgs/piper_msgs_s__rosidl_typesupport_c.cpython-310-x86_64-linux-gnu.so
[0.892s] -- Up-to-date: /home/sam/piper_ros/install/piper_msgs/local/lib/python3.10/dist-packages/piper_msgs/_piper_msgs_s.ep.rosidl_typesupport_fastrtps_c.c
[0.892s] -- Up-to-date: /home/sam/piper_ros/install/piper_msgs/local/lib/python3.10/dist-packages/piper_msgs/libpiper_msgs__rosidl_generator_py.so
[0.892s] -- Up-to-date: /home/sam/piper_ros/install/piper_msgs/local/lib/python3.10/dist-packages/piper_msgs/msg
[0.892s] -- Up-to-date: /home/sam/piper_ros/install/piper_msgs/local/lib/python3.10/dist-packages/piper_msgs/msg/_piper_status_msg.py
[0.892s] -- Up-to-date: /home/sam/piper_ros/install/piper_msgs/local/lib/python3.10/dist-packages/piper_msgs/msg/_pos_cmd.py
[0.892s] -- Up-to-date: /home/sam/piper_ros/install/piper_msgs/local/lib/python3.10/dist-packages/piper_msgs/msg/_pos_cmd_s.c
[0.893s] -- Up-to-date: /home/sam/piper_ros/install/piper_msgs/local/lib/python3.10/dist-packages/piper_msgs/msg/__init__.py
[0.893s] -- Up-to-date: /home/sam/piper_ros/install/piper_msgs/local/lib/python3.10/dist-packages/piper_msgs/msg/_piper_status_msg_s.c
[0.893s] -- Up-to-date: /home/sam/piper_ros/install/piper_msgs/local/lib/python3.10/dist-packages/piper_msgs/srv
[0.893s] -- Up-to-date: /home/sam/piper_ros/install/piper_msgs/local/lib/python3.10/dist-packages/piper_msgs/srv/_enable_s.c
[0.893s] -- Up-to-date: /home/sam/piper_ros/install/piper_msgs/local/lib/python3.10/dist-packages/piper_msgs/srv/_enable.py
[0.893s] -- Up-to-date: /home/sam/piper_ros/install/piper_msgs/local/lib/python3.10/dist-packages/piper_msgs/srv/__init__.py
[0.893s] -- Up-to-date: /home/sam/piper_ros/install/piper_msgs/local/lib/python3.10/dist-packages/piper_msgs/piper_msgs_s__rosidl_typesupport_introspection_c.cpython-310-x86_64-linux-gnu.so
[0.893s] -- Up-to-date: /home/sam/piper_ros/install/piper_msgs/local/lib/python3.10/dist-packages/piper_msgs/__init__.py
[0.893s] -- Up-to-date: /home/sam/piper_ros/install/piper_msgs/local/lib/python3.10/dist-packages/piper_msgs/_piper_msgs_s.ep.rosidl_typesupport_introspection_c.c
[0.934s] Listing '/home/sam/piper_ros/install/piper_msgs/local/lib/python3.10/dist-packages/piper_msgs'...
[0.934s] Listing '/home/sam/piper_ros/install/piper_msgs/local/lib/python3.10/dist-packages/piper_msgs/msg'...
[0.935s] Listing '/home/sam/piper_ros/install/piper_msgs/local/lib/python3.10/dist-packages/piper_msgs/srv'...
[0.941s] -- Up-to-date: /home/sam/piper_ros/install/piper_msgs/local/lib/python3.10/dist-packages/piper_msgs/piper_msgs_s__rosidl_typesupport_fastrtps_c.cpython-310-x86_64-linux-gnu.so
[0.941s] -- Up-to-date: /home/sam/piper_ros/install/piper_msgs/local/lib/python3.10/dist-packages/piper_msgs/piper_msgs_s__rosidl_typesupport_introspection_c.cpython-310-x86_64-linux-gnu.so
[0.942s] -- Up-to-date: /home/sam/piper_ros/install/piper_msgs/local/lib/python3.10/dist-packages/piper_msgs/piper_msgs_s__rosidl_typesupport_c.cpython-310-x86_64-linux-gnu.so
[0.946s] -- Up-to-date: /home/sam/piper_ros/install/piper_msgs/lib/libpiper_msgs__rosidl_generator_py.so
[0.946s] -- Up-to-date: /home/sam/piper_ros/install/piper_msgs/share/piper_msgs/msg/PiperStatusMsg.idl
[0.946s] -- Up-to-date: /home/sam/piper_ros/install/piper_msgs/share/piper_msgs/msg/PosCmd.idl
[0.947s] -- Up-to-date: /home/sam/piper_ros/install/piper_msgs/share/piper_msgs/srv/Enable.idl
[0.947s] -- Up-to-date: /home/sam/piper_ros/install/piper_msgs/share/piper_msgs/msg/PiperStatusMsg.msg
[0.947s] -- Up-to-date: /home/sam/piper_ros/install/piper_msgs/share/piper_msgs/msg/PosCmd.msg
[0.947s] -- Up-to-date: /home/sam/piper_ros/install/piper_msgs/share/piper_msgs/srv/Enable.srv
[0.947s] -- Up-to-date: /home/sam/piper_ros/install/piper_msgs/share/piper_msgs/srv/Enable_Request.msg
[0.948s] -- Up-to-date: /home/sam/piper_ros/install/piper_msgs/share/piper_msgs/srv/Enable_Response.msg
[0.948s] -- Up-to-date: /home/sam/piper_ros/install/piper_msgs/share/ament_index/resource_index/package_run_dependencies/piper_msgs
[0.948s] -- Up-to-date: /home/sam/piper_ros/install/piper_msgs/share/ament_index/resource_index/parent_prefix_path/piper_msgs
[0.948s] -- Up-to-date: /home/sam/piper_ros/install/piper_msgs/share/piper_msgs/environment/ament_prefix_path.sh
[0.948s] -- Up-to-date: /home/sam/piper_ros/install/piper_msgs/share/piper_msgs/environment/ament_prefix_path.dsv
[0.948s] -- Up-to-date: /home/sam/piper_ros/install/piper_msgs/share/piper_msgs/environment/path.sh
[0.949s] -- Up-to-date: /home/sam/piper_ros/install/piper_msgs/share/piper_msgs/environment/path.dsv
[0.949s] -- Up-to-date: /home/sam/piper_ros/install/piper_msgs/share/piper_msgs/local_setup.bash
[0.949s] -- Up-to-date: /home/sam/piper_ros/install/piper_msgs/share/piper_msgs/local_setup.sh
[0.949s] -- Up-to-date: /home/sam/piper_ros/install/piper_msgs/share/piper_msgs/local_setup.zsh
[0.949s] -- Up-to-date: /home/sam/piper_ros/install/piper_msgs/share/piper_msgs/local_setup.dsv
[0.949s] -- Installing: /home/sam/piper_ros/install/piper_msgs/share/piper_msgs/package.dsv
[0.949s] -- Up-to-date: /home/sam/piper_ros/install/piper_msgs/share/ament_index/resource_index/packages/piper_msgs
[0.950s] -- Up-to-date: /home/sam/piper_ros/install/piper_msgs/share/piper_msgs/cmake/export_piper_msgs__rosidl_generator_cExport.cmake
[0.950s] -- Up-to-date: /home/sam/piper_ros/install/piper_msgs/share/piper_msgs/cmake/export_piper_msgs__rosidl_generator_cExport-noconfig.cmake
[0.950s] -- Up-to-date: /home/sam/piper_ros/install/piper_msgs/share/piper_msgs/cmake/export_piper_msgs__rosidl_typesupport_fastrtps_cExport.cmake
[0.950s] -- Up-to-date: /home/sam/piper_ros/install/piper_msgs/share/piper_msgs/cmake/export_piper_msgs__rosidl_typesupport_fastrtps_cExport-noconfig.cmake
[0.950s] -- Up-to-date: /home/sam/piper_ros/install/piper_msgs/share/piper_msgs/cmake/piper_msgs__rosidl_typesupport_introspection_cExport.cmake
[0.950s] -- Up-to-date: /home/sam/piper_ros/install/piper_msgs/share/piper_msgs/cmake/piper_msgs__rosidl_typesupport_introspection_cExport-noconfig.cmake
[0.950s] -- Up-to-date: /home/sam/piper_ros/install/piper_msgs/share/piper_msgs/cmake/piper_msgs__rosidl_typesupport_cExport.cmake
[0.951s] -- Up-to-date: /home/sam/piper_ros/install/piper_msgs/share/piper_msgs/cmake/piper_msgs__rosidl_typesupport_cExport-noconfig.cmake
[0.951s] -- Up-to-date: /home/sam/piper_ros/install/piper_msgs/share/piper_msgs/cmake/export_piper_msgs__rosidl_generator_cppExport.cmake
[0.951s] -- Up-to-date: /home/sam/piper_ros/install/piper_msgs/share/piper_msgs/cmake/export_piper_msgs__rosidl_typesupport_fastrtps_cppExport.cmake
[0.951s] -- Up-to-date: /home/sam/piper_ros/install/piper_msgs/share/piper_msgs/cmake/export_piper_msgs__rosidl_typesupport_fastrtps_cppExport-noconfig.cmake
[0.951s] -- Up-to-date: /home/sam/piper_ros/install/piper_msgs/share/piper_msgs/cmake/piper_msgs__rosidl_typesupport_introspection_cppExport.cmake
[0.951s] -- Up-to-date: /home/sam/piper_ros/install/piper_msgs/share/piper_msgs/cmake/piper_msgs__rosidl_typesupport_introspection_cppExport-noconfig.cmake
[0.951s] -- Up-to-date: /home/sam/piper_ros/install/piper_msgs/share/piper_msgs/cmake/piper_msgs__rosidl_typesupport_cppExport.cmake
[0.952s] -- Up-to-date: /home/sam/piper_ros/install/piper_msgs/share/piper_msgs/cmake/piper_msgs__rosidl_typesupport_cppExport-noconfig.cmake
[0.952s] -- Up-to-date: /home/sam/piper_ros/install/piper_msgs/share/piper_msgs/cmake/export_piper_msgs__rosidl_generator_pyExport.cmake
[0.954s] -- Up-to-date: /home/sam/piper_ros/install/piper_msgs/share/piper_msgs/cmake/export_piper_msgs__rosidl_generator_pyExport-noconfig.cmake
[0.954s] -- Up-to-date: /home/sam/piper_ros/install/piper_msgs/share/piper_msgs/cmake/rosidl_cmake-extras.cmake
[0.954s] -- Up-to-date: /home/sam/piper_ros/install/piper_msgs/share/piper_msgs/cmake/ament_cmake_export_include_directories-extras.cmake
[0.955s] -- Up-to-date: /home/sam/piper_ros/install/piper_msgs/share/piper_msgs/cmake/ament_cmake_export_libraries-extras.cmake
[0.955s] -- Up-to-date: /home/sam/piper_ros/install/piper_msgs/share/piper_msgs/cmake/ament_cmake_export_targets-extras.cmake
[0.955s] -- Up-to-date: /home/sam/piper_ros/install/piper_msgs/share/piper_msgs/cmake/rosidl_cmake_export_typesupport_targets-extras.cmake
[0.955s] -- Up-to-date: /home/sam/piper_ros/install/piper_msgs/share/piper_msgs/cmake/ament_cmake_export_dependencies-extras.cmake
[0.956s] -- Up-to-date: /home/sam/piper_ros/install/piper_msgs/share/piper_msgs/cmake/rosidl_cmake_export_typesupport_libraries-extras.cmake
[0.956s] -- Up-to-date: /home/sam/piper_ros/install/piper_msgs/share/piper_msgs/cmake/piper_msgsConfig.cmake
[0.956s] -- Up-to-date: /home/sam/piper_ros/install/piper_msgs/share/piper_msgs/cmake/piper_msgsConfig-version.cmake
[0.956s] -- Up-to-date: /home/sam/piper_ros/install/piper_msgs/share/piper_msgs/package.xml
[0.957s] Invoked command in '/home/sam/piper_ros/build/piper_msgs' returned '0': CMAKE_PREFIX_PATH=/opt/ros/humble /usr/bin/cmake --install /home/sam/piper_ros/build/piper_msgs
