[0.099s] Invoking command in '/home/sam/piper_ros/build/piper_mujoco': CMAKE_PREFIX_PATH=${CMAKE_PREFIX_PATH}:/home/sam/piper_ros/install/piper:/home/sam/ws_moveit/install/moveit_configs_utils:/home/sam/ws_moveit/install/launch_param_builder:/opt/ros/humble /usr/bin/cmake --build /home/sam/piper_ros/build/piper_mujoco -- -j4 -l4
[0.309s] Invoked command in '/home/sam/piper_ros/build/piper_mujoco' returned '0': CMAKE_PREFIX_PATH=${CMAKE_PREFIX_PATH}:/home/sam/piper_ros/install/piper:/home/sam/ws_moveit/install/moveit_configs_utils:/home/sam/ws_moveit/install/launch_param_builder:/opt/ros/humble /usr/bin/cmake --build /home/sam/piper_ros/build/piper_mujoco -- -j4 -l4
[0.310s] Invoking command in '/home/sam/piper_ros/build/piper_mujoco': CMAKE_PREFIX_PATH=${CMAKE_PREFIX_PATH}:/home/sam/piper_ros/install/piper:/home/sam/ws_moveit/install/moveit_configs_utils:/home/sam/ws_moveit/install/launch_param_builder:/opt/ros/humble /usr/bin/cmake --install /home/sam/piper_ros/build/piper_mujoco
[0.349s] -- Install configuration: "Debug"
[0.352s] -- Execute custom install script
[0.354s] -- Up-to-date symlink: /home/sam/piper_ros/install/piper_mujoco/lib/piper_mujoco/piper_mujoco_ctrl.py
[0.356s] -- Up-to-date symlink: /home/sam/piper_ros/install/piper_mujoco/lib/piper_mujoco/piper_no_gripper_mujoco_ctrl.py
[0.358s] -- Up-to-date symlink: /home/sam/piper_ros/install/piper_mujoco/share/ament_index/resource_index/package_run_dependencies/piper_mujoco
[0.363s] -- Up-to-date symlink: /home/sam/piper_ros/install/piper_mujoco/share/ament_index/resource_index/parent_prefix_path/piper_mujoco
[0.364s] -- Up-to-date symlink: /home/sam/piper_ros/install/piper_mujoco/share/piper_mujoco/environment/ament_prefix_path.sh
[0.366s] -- Up-to-date symlink: /home/sam/piper_ros/install/piper_mujoco/share/piper_mujoco/environment/ament_prefix_path.dsv
[0.371s] -- Up-to-date symlink: /home/sam/piper_ros/install/piper_mujoco/share/piper_mujoco/environment/path.sh
[0.371s] -- Up-to-date symlink: /home/sam/piper_ros/install/piper_mujoco/share/piper_mujoco/environment/path.dsv
[0.371s] -- Up-to-date symlink: /home/sam/piper_ros/install/piper_mujoco/share/piper_mujoco/local_setup.bash
[0.375s] -- Up-to-date symlink: /home/sam/piper_ros/install/piper_mujoco/share/piper_mujoco/local_setup.sh
[0.375s] -- Up-to-date symlink: /home/sam/piper_ros/install/piper_mujoco/share/piper_mujoco/local_setup.zsh
[0.383s] -- Up-to-date symlink: /home/sam/piper_ros/install/piper_mujoco/share/piper_mujoco/local_setup.dsv
[0.383s] -- Symlinking: /home/sam/piper_ros/install/piper_mujoco/share/piper_mujoco/package.dsv
[0.444s] -- Up-to-date symlink: /home/sam/piper_ros/install/piper_mujoco/share/ament_index/resource_index/packages/piper_mujoco
[0.447s] -- Up-to-date symlink: /home/sam/piper_ros/install/piper_mujoco/share/piper_mujoco/cmake/piper_mujocoConfig.cmake
[0.448s] -- Up-to-date symlink: /home/sam/piper_ros/install/piper_mujoco/share/piper_mujoco/cmake/piper_mujocoConfig-version.cmake
[0.452s] -- Up-to-date symlink: /home/sam/piper_ros/install/piper_mujoco/share/piper_mujoco/package.xml
[0.457s] Invoked command in '/home/sam/piper_ros/build/piper_mujoco' returned '0': CMAKE_PREFIX_PATH=${CMAKE_PREFIX_PATH}:/home/sam/piper_ros/install/piper:/home/sam/ws_moveit/install/moveit_configs_utils:/home/sam/ws_moveit/install/launch_param_builder:/opt/ros/humble /usr/bin/cmake --install /home/sam/piper_ros/build/piper_mujoco
