[0.357s] Invoking command in '/home/sam/piper_ros/build/piper_gazebo': CMAKE_PREFIX_PATH=${CMAKE_PREFIX_PATH}:/home/sam/piper_ros/install/piper:/opt/ros/humble /usr/bin/cmake --build /home/sam/piper_ros/build/piper_gazebo -- -j4 -l4
[0.457s] Invoked command in '/home/sam/piper_ros/build/piper_gazebo' returned '0': CMAKE_PREFIX_PATH=${CMAKE_PREFIX_PATH}:/home/sam/piper_ros/install/piper:/opt/ros/humble /usr/bin/cmake --build /home/sam/piper_ros/build/piper_gazebo -- -j4 -l4
[0.458s] Invoking command in '/home/sam/piper_ros/build/piper_gazebo': CMAKE_PREFIX_PATH=${CMAKE_PREFIX_PATH}:/home/sam/piper_ros/install/piper:/opt/ros/humble /usr/bin/cmake --install /home/sam/piper_ros/build/piper_gazebo
[0.470s] -- Install configuration: ""
[0.471s] -- Up-to-date: /home/sam/piper_ros/install/piper_gazebo/share/piper_gazebo/launch
[0.471s] -- Up-to-date: /home/sam/piper_ros/install/piper_gazebo/share/piper_gazebo/launch/piper_no_gripper
[0.471s] -- Up-to-date: /home/sam/piper_ros/install/piper_gazebo/share/piper_gazebo/launch/piper_no_gripper/piper_no_gripper_gazebo.launch.py
[0.471s] -- Up-to-date: /home/sam/piper_ros/install/piper_gazebo/share/piper_gazebo/launch/piper_with_gripper
[0.471s] -- Up-to-date: /home/sam/piper_ros/install/piper_gazebo/share/piper_gazebo/launch/piper_with_gripper/piper_gazebo.launch.py
[0.472s] -- Up-to-date: /home/sam/piper_ros/install/piper_gazebo/share/piper_gazebo/config
[0.472s] -- Up-to-date: /home/sam/piper_ros/install/piper_gazebo/share/piper_gazebo/config/ros2_controllers.yaml
[0.472s] -- Up-to-date: /home/sam/piper_ros/install/piper_gazebo/share/piper_gazebo/config/ros2_no_gripper_controllers.yaml
[0.472s] -- Up-to-date: /home/sam/piper_ros/install/piper_gazebo/share/piper_gazebo/scripts
[0.472s] -- Up-to-date: /home/sam/piper_ros/install/piper_gazebo/share/piper_gazebo/scripts/joint8_ctrl.py
[0.473s] -- Up-to-date: /home/sam/piper_ros/install/piper_gazebo/lib/piper_gazebo/joint8_ctrl.py
[0.473s] -- Up-to-date: /home/sam/piper_ros/install/piper_gazebo/share/ament_index/resource_index/package_run_dependencies/piper_gazebo
[0.473s] -- Up-to-date: /home/sam/piper_ros/install/piper_gazebo/share/ament_index/resource_index/parent_prefix_path/piper_gazebo
[0.473s] -- Up-to-date: /home/sam/piper_ros/install/piper_gazebo/share/piper_gazebo/environment/ament_prefix_path.sh
[0.473s] -- Up-to-date: /home/sam/piper_ros/install/piper_gazebo/share/piper_gazebo/environment/ament_prefix_path.dsv
[0.473s] -- Up-to-date: /home/sam/piper_ros/install/piper_gazebo/share/piper_gazebo/environment/path.sh
[0.473s] -- Up-to-date: /home/sam/piper_ros/install/piper_gazebo/share/piper_gazebo/environment/path.dsv
[0.474s] -- Up-to-date: /home/sam/piper_ros/install/piper_gazebo/share/piper_gazebo/local_setup.bash
[0.474s] -- Up-to-date: /home/sam/piper_ros/install/piper_gazebo/share/piper_gazebo/local_setup.sh
[0.474s] -- Up-to-date: /home/sam/piper_ros/install/piper_gazebo/share/piper_gazebo/local_setup.zsh
[0.474s] -- Up-to-date: /home/sam/piper_ros/install/piper_gazebo/share/piper_gazebo/local_setup.dsv
[0.474s] -- Installing: /home/sam/piper_ros/install/piper_gazebo/share/piper_gazebo/package.dsv
[0.474s] -- Up-to-date: /home/sam/piper_ros/install/piper_gazebo/share/ament_index/resource_index/packages/piper_gazebo
[0.474s] -- Up-to-date: /home/sam/piper_ros/install/piper_gazebo/share/piper_gazebo/cmake/piper_gazeboConfig.cmake
[0.475s] -- Up-to-date: /home/sam/piper_ros/install/piper_gazebo/share/piper_gazebo/cmake/piper_gazeboConfig-version.cmake
[0.475s] -- Up-to-date: /home/sam/piper_ros/install/piper_gazebo/share/piper_gazebo/package.xml
[0.506s] Invoked command in '/home/sam/piper_ros/build/piper_gazebo' returned '0': CMAKE_PREFIX_PATH=${CMAKE_PREFIX_PATH}:/home/sam/piper_ros/install/piper:/opt/ros/humble /usr/bin/cmake --install /home/sam/piper_ros/build/piper_gazebo
