[0.125s] Invoking command in '/home/sam/piper_ros/build/stowed_goal': CMAKE_PREFIX_PATH=${CMAKE_PREFIX_PATH}:/home/sam/piper_ros/install/piper:/home/sam/ws_moveit/install/moveit_configs_utils:/home/sam/ws_moveit/install/launch_param_builder:/opt/ros/humble /usr/bin/cmake --build /home/sam/piper_ros/build/stowed_goal -- -j4 -l4
[0.599s] [35m[1mConsolidate compiler generated dependencies of target stowed_goal[0m
[0.833s] [100%] Built target stowed_goal
[0.918s] Invoked command in '/home/sam/piper_ros/build/stowed_goal' returned '0': CMAKE_PREFIX_PATH=${CMAKE_PREFIX_PATH}:/home/sam/piper_ros/install/piper:/home/sam/ws_moveit/install/moveit_configs_utils:/home/sam/ws_moveit/install/launch_param_builder:/opt/ros/humble /usr/bin/cmake --build /home/sam/piper_ros/build/stowed_goal -- -j4 -l4
[0.927s] Invoking command in '/home/sam/piper_ros/build/stowed_goal': CMAKE_PREFIX_PATH=${CMAKE_PREFIX_PATH}:/home/sam/piper_ros/install/piper:/home/sam/ws_moveit/install/moveit_configs_utils:/home/sam/ws_moveit/install/launch_param_builder:/opt/ros/humble /usr/bin/cmake --install /home/sam/piper_ros/build/stowed_goal
[0.933s] -- Install configuration: ""
[0.934s] -- Up-to-date: /home/sam/piper_ros/install/stowed_goal/lib/stowed_goal/stowed_goal
[0.934s] -- Up-to-date: /home/sam/piper_ros/install/stowed_goal/share/ament_index/resource_index/package_run_dependencies/stowed_goal
[0.934s] -- Up-to-date: /home/sam/piper_ros/install/stowed_goal/share/ament_index/resource_index/parent_prefix_path/stowed_goal
[0.934s] -- Up-to-date: /home/sam/piper_ros/install/stowed_goal/share/stowed_goal/environment/ament_prefix_path.sh
[0.934s] -- Up-to-date: /home/sam/piper_ros/install/stowed_goal/share/stowed_goal/environment/ament_prefix_path.dsv
[0.934s] -- Up-to-date: /home/sam/piper_ros/install/stowed_goal/share/stowed_goal/environment/path.sh
[0.935s] -- Up-to-date: /home/sam/piper_ros/install/stowed_goal/share/stowed_goal/environment/path.dsv
[0.935s] -- Up-to-date: /home/sam/piper_ros/install/stowed_goal/share/stowed_goal/local_setup.bash
[0.935s] -- Up-to-date: /home/sam/piper_ros/install/stowed_goal/share/stowed_goal/local_setup.sh
[0.939s] -- Up-to-date: /home/sam/piper_ros/install/stowed_goal/share/stowed_goal/local_setup.zsh
[0.939s] -- Up-to-date: /home/sam/piper_ros/install/stowed_goal/share/stowed_goal/local_setup.dsv
[0.939s] -- Installing: /home/sam/piper_ros/install/stowed_goal/share/stowed_goal/package.dsv
[0.940s] -- Up-to-date: /home/sam/piper_ros/install/stowed_goal/share/ament_index/resource_index/packages/stowed_goal
[0.940s] -- Up-to-date: /home/sam/piper_ros/install/stowed_goal/share/stowed_goal/cmake/stowed_goalConfig.cmake
[0.940s] -- Up-to-date: /home/sam/piper_ros/install/stowed_goal/share/stowed_goal/cmake/stowed_goalConfig-version.cmake
[0.940s] -- Up-to-date: /home/sam/piper_ros/install/stowed_goal/share/stowed_goal/package.xml
[1.063s] Invoked command in '/home/sam/piper_ros/build/stowed_goal' returned '0': CMAKE_PREFIX_PATH=${CMAKE_PREFIX_PATH}:/home/sam/piper_ros/install/piper:/home/sam/ws_moveit/install/moveit_configs_utils:/home/sam/ws_moveit/install/launch_param_builder:/opt/ros/humble /usr/bin/cmake --install /home/sam/piper_ros/build/stowed_goal
