[0.085s] Invoking command in '/home/sam/piper_ros/build/piper_msgs': CMAKE_PREFIX_PATH=${CMAKE_PREFIX_PATH}:/home/sam/piper_ros/install/piper:/home/sam/ws_moveit/install/moveit_configs_utils:/home/sam/ws_moveit/install/launch_param_builder:/opt/ros/humble /usr/bin/cmake --build /home/sam/piper_ros/build/piper_msgs -- -j4 -l4
[0.315s] [  2%] Built target piper_msgs__cpp
[0.340s] [ 12%] Built target piper_msgs__rosidl_generator_c
[0.390s] [ 12%] Built target ament_cmake_python_symlink_piper_msgs
[0.470s] [ 23%] Built target piper_msgs__rosidl_typesupport_cpp
[0.526s] [ 34%] Built target piper_msgs__rosidl_typesupport_introspection_cpp
[0.538s] [ 44%] Built target piper_msgs__rosidl_typesupport_fastrtps_cpp
[0.551s] [ 55%] Built target piper_msgs__rosidl_typesupport_fastrtps_c
[0.567s] [ 65%] Built target piper_msgs__rosidl_typesupport_introspection_c
[0.675s] [ 76%] Built target piper_msgs__rosidl_typesupport_c
[0.768s] [ 76%] Built target piper_msgs
[0.955s] [ 78%] Built target piper_msgs__py
[1.098s] [ 87%] Built target piper_msgs__rosidl_generator_py
[1.404s] [ 91%] Built target piper_msgs__rosidl_typesupport_c__pyext
[1.425s] [ 95%] Built target piper_msgs__rosidl_typesupport_fastrtps_c__pyext
[1.447s] [100%] Built target piper_msgs__rosidl_typesupport_introspection_c__pyext
[1.593s] running egg_info
[1.593s] writing piper_msgs.egg-info/PKG-INFO
[1.595s] writing dependency_links to piper_msgs.egg-info/dependency_links.txt
[1.597s] writing top-level names to piper_msgs.egg-info/top_level.txt
[1.597s] reading manifest file 'piper_msgs.egg-info/SOURCES.txt'
[1.599s] writing manifest file 'piper_msgs.egg-info/SOURCES.txt'
[1.681s] [100%] Built target ament_cmake_python_build_piper_msgs_egg
[1.723s] Invoked command in '/home/sam/piper_ros/build/piper_msgs' returned '0': CMAKE_PREFIX_PATH=${CMAKE_PREFIX_PATH}:/home/sam/piper_ros/install/piper:/home/sam/ws_moveit/install/moveit_configs_utils:/home/sam/ws_moveit/install/launch_param_builder:/opt/ros/humble /usr/bin/cmake --build /home/sam/piper_ros/build/piper_msgs -- -j4 -l4
[1.725s] Invoking command in '/home/sam/piper_ros/build/piper_msgs': CMAKE_PREFIX_PATH=${CMAKE_PREFIX_PATH}:/home/sam/piper_ros/install/piper:/home/sam/ws_moveit/install/moveit_configs_utils:/home/sam/ws_moveit/install/launch_param_builder:/opt/ros/humble /usr/bin/cmake --install /home/sam/piper_ros/build/piper_msgs
[1.750s] -- Install configuration: "Debug"
[1.751s] -- Execute custom install script
[1.754s] -- Up-to-date symlink: /home/sam/piper_ros/install/piper_msgs/share/ament_index/resource_index/rosidl_interfaces/piper_msgs
[1.755s] -- Up-to-date symlink: /home/sam/piper_ros/install/piper_msgs/include/piper_msgs/piper_msgs/msg/detail/piper_status_msg__functions.h
[1.756s] -- Up-to-date symlink: /home/sam/piper_ros/install/piper_msgs/include/piper_msgs/piper_msgs/msg/detail/piper_status_msg__struct.h
[1.758s] -- Up-to-date symlink: /home/sam/piper_ros/install/piper_msgs/include/piper_msgs/piper_msgs/msg/detail/piper_status_msg__type_support.h
[1.759s] -- Up-to-date symlink: /home/sam/piper_ros/install/piper_msgs/include/piper_msgs/piper_msgs/msg/detail/pos_cmd__functions.h
[1.760s] -- Up-to-date symlink: /home/sam/piper_ros/install/piper_msgs/include/piper_msgs/piper_msgs/msg/detail/pos_cmd__struct.h
[1.761s] -- Up-to-date symlink: /home/sam/piper_ros/install/piper_msgs/include/piper_msgs/piper_msgs/msg/detail/pos_cmd__type_support.h
[1.765s] -- Up-to-date symlink: /home/sam/piper_ros/install/piper_msgs/include/piper_msgs/piper_msgs/msg/piper_status_msg.h
[1.765s] -- Up-to-date symlink: /home/sam/piper_ros/install/piper_msgs/include/piper_msgs/piper_msgs/msg/pos_cmd.h
[1.765s] -- Up-to-date symlink: /home/sam/piper_ros/install/piper_msgs/include/piper_msgs/piper_msgs/msg/rosidl_generator_c__visibility_control.h
[1.766s] -- Up-to-date symlink: /home/sam/piper_ros/install/piper_msgs/include/piper_msgs/piper_msgs/srv/detail/enable__functions.h
[1.766s] -- Up-to-date symlink: /home/sam/piper_ros/install/piper_msgs/include/piper_msgs/piper_msgs/srv/detail/enable__struct.h
[1.767s] -- Up-to-date symlink: /home/sam/piper_ros/install/piper_msgs/include/piper_msgs/piper_msgs/srv/detail/enable__type_support.h
[1.767s] -- Up-to-date symlink: /home/sam/piper_ros/install/piper_msgs/include/piper_msgs/piper_msgs/srv/enable.h
[1.770s] -- Up-to-date symlink: /home/sam/piper_ros/install/piper_msgs/share/piper_msgs/environment/library_path.sh
[1.770s] -- Up-to-date symlink: /home/sam/piper_ros/install/piper_msgs/share/piper_msgs/environment/library_path.dsv
[1.773s] -- Up-to-date symlink: /home/sam/piper_ros/install/piper_msgs/include/piper_msgs/piper_msgs/msg/detail/piper_status_msg__rosidl_typesupport_fastrtps_c.h
[1.775s] -- Up-to-date symlink: /home/sam/piper_ros/install/piper_msgs/include/piper_msgs/piper_msgs/msg/detail/pos_cmd__rosidl_typesupport_fastrtps_c.h
[1.776s] -- Up-to-date symlink: /home/sam/piper_ros/install/piper_msgs/include/piper_msgs/piper_msgs/msg/rosidl_typesupport_fastrtps_c__visibility_control.h
[1.777s] -- Up-to-date symlink: /home/sam/piper_ros/install/piper_msgs/include/piper_msgs/piper_msgs/srv/detail/enable__rosidl_typesupport_fastrtps_c.h
[1.778s] -- Up-to-date symlink: /home/sam/piper_ros/install/piper_msgs/include/piper_msgs/piper_msgs/msg/detail/piper_status_msg__rosidl_typesupport_introspection_c.h
[1.780s] -- Up-to-date symlink: /home/sam/piper_ros/install/piper_msgs/include/piper_msgs/piper_msgs/msg/detail/pos_cmd__rosidl_typesupport_introspection_c.h
[1.781s] -- Up-to-date symlink: /home/sam/piper_ros/install/piper_msgs/include/piper_msgs/piper_msgs/msg/rosidl_typesupport_introspection_c__visibility_control.h
[1.781s] -- Up-to-date symlink: /home/sam/piper_ros/install/piper_msgs/include/piper_msgs/piper_msgs/srv/detail/enable__rosidl_typesupport_introspection_c.h
[1.782s] -- Up-to-date symlink: /home/sam/piper_ros/install/piper_msgs/include/piper_msgs/piper_msgs/msg/detail/piper_status_msg__builder.hpp
[1.785s] -- Up-to-date symlink: /home/sam/piper_ros/install/piper_msgs/include/piper_msgs/piper_msgs/msg/detail/piper_status_msg__struct.hpp
[1.786s] -- Up-to-date symlink: /home/sam/piper_ros/install/piper_msgs/include/piper_msgs/piper_msgs/msg/detail/piper_status_msg__traits.hpp
[1.786s] -- Up-to-date symlink: /home/sam/piper_ros/install/piper_msgs/include/piper_msgs/piper_msgs/msg/detail/piper_status_msg__type_support.hpp
[1.787s] -- Up-to-date symlink: /home/sam/piper_ros/install/piper_msgs/include/piper_msgs/piper_msgs/msg/detail/pos_cmd__builder.hpp
[1.789s] -- Up-to-date symlink: /home/sam/piper_ros/install/piper_msgs/include/piper_msgs/piper_msgs/msg/detail/pos_cmd__struct.hpp
[1.790s] -- Up-to-date symlink: /home/sam/piper_ros/install/piper_msgs/include/piper_msgs/piper_msgs/msg/detail/pos_cmd__traits.hpp
[1.791s] -- Up-to-date symlink: /home/sam/piper_ros/install/piper_msgs/include/piper_msgs/piper_msgs/msg/detail/pos_cmd__type_support.hpp
[1.791s] -- Up-to-date symlink: /home/sam/piper_ros/install/piper_msgs/include/piper_msgs/piper_msgs/msg/piper_status_msg.hpp
[1.794s] -- Up-to-date symlink: /home/sam/piper_ros/install/piper_msgs/include/piper_msgs/piper_msgs/msg/pos_cmd.hpp
[1.795s] -- Up-to-date symlink: /home/sam/piper_ros/install/piper_msgs/include/piper_msgs/piper_msgs/msg/rosidl_generator_cpp__visibility_control.hpp
[1.796s] -- Up-to-date symlink: /home/sam/piper_ros/install/piper_msgs/include/piper_msgs/piper_msgs/srv/detail/enable__builder.hpp
[1.800s] -- Up-to-date symlink: /home/sam/piper_ros/install/piper_msgs/include/piper_msgs/piper_msgs/srv/detail/enable__struct.hpp
[1.801s] -- Up-to-date symlink: /home/sam/piper_ros/install/piper_msgs/include/piper_msgs/piper_msgs/srv/detail/enable__traits.hpp
[1.801s] -- Up-to-date symlink: /home/sam/piper_ros/install/piper_msgs/include/piper_msgs/piper_msgs/srv/detail/enable__type_support.hpp
[1.801s] -- Up-to-date symlink: /home/sam/piper_ros/install/piper_msgs/include/piper_msgs/piper_msgs/srv/enable.hpp
[1.802s] -- Up-to-date symlink: /home/sam/piper_ros/install/piper_msgs/include/piper_msgs/piper_msgs/msg/detail/piper_status_msg__rosidl_typesupport_fastrtps_cpp.hpp
[1.804s] -- Up-to-date symlink: /home/sam/piper_ros/install/piper_msgs/include/piper_msgs/piper_msgs/msg/detail/pos_cmd__rosidl_typesupport_fastrtps_cpp.hpp
[1.804s] -- Up-to-date symlink: /home/sam/piper_ros/install/piper_msgs/include/piper_msgs/piper_msgs/msg/rosidl_typesupport_fastrtps_cpp__visibility_control.h
[1.813s] -- Up-to-date symlink: /home/sam/piper_ros/install/piper_msgs/include/piper_msgs/piper_msgs/srv/detail/enable__rosidl_typesupport_fastrtps_cpp.hpp
[1.813s] -- Up-to-date symlink: /home/sam/piper_ros/install/piper_msgs/include/piper_msgs/piper_msgs/msg/detail/piper_status_msg__rosidl_typesupport_introspection_cpp.hpp
[1.813s] -- Up-to-date symlink: /home/sam/piper_ros/install/piper_msgs/include/piper_msgs/piper_msgs/msg/detail/pos_cmd__rosidl_typesupport_introspection_cpp.hpp
[1.813s] -- Up-to-date symlink: /home/sam/piper_ros/install/piper_msgs/include/piper_msgs/piper_msgs/srv/detail/enable__rosidl_typesupport_introspection_cpp.hpp
[1.814s] -- Up-to-date symlink: /home/sam/piper_ros/install/piper_msgs/share/piper_msgs/environment/pythonpath.sh
[1.814s] -- Up-to-date symlink: /home/sam/piper_ros/install/piper_msgs/share/piper_msgs/environment/pythonpath.dsv
[1.815s] -- Up-to-date symlink: /home/sam/piper_ros/install/piper_msgs/local/lib/python3.10/dist-packages/piper_msgs-0.0.0-py3.10.egg-info/PKG-INFO
[1.816s] -- Up-to-date symlink: /home/sam/piper_ros/install/piper_msgs/local/lib/python3.10/dist-packages/piper_msgs-0.0.0-py3.10.egg-info/SOURCES.txt
[1.816s] -- Up-to-date symlink: /home/sam/piper_ros/install/piper_msgs/local/lib/python3.10/dist-packages/piper_msgs-0.0.0-py3.10.egg-info/dependency_links.txt
[1.817s] -- Up-to-date symlink: /home/sam/piper_ros/install/piper_msgs/local/lib/python3.10/dist-packages/piper_msgs-0.0.0-py3.10.egg-info/top_level.txt
[1.820s] -- Up-to-date symlink: /home/sam/piper_ros/install/piper_msgs/local/lib/python3.10/dist-packages/piper_msgs/__init__.py
[1.820s] -- Up-to-date symlink: /home/sam/piper_ros/install/piper_msgs/local/lib/python3.10/dist-packages/piper_msgs/_piper_msgs_s.ep.rosidl_typesupport_c.c
[1.820s] -- Up-to-date symlink: /home/sam/piper_ros/install/piper_msgs/local/lib/python3.10/dist-packages/piper_msgs/_piper_msgs_s.ep.rosidl_typesupport_fastrtps_c.c
[1.828s] -- Up-to-date symlink: /home/sam/piper_ros/install/piper_msgs/local/lib/python3.10/dist-packages/piper_msgs/_piper_msgs_s.ep.rosidl_typesupport_introspection_c.c
[1.828s] -- Up-to-date symlink: /home/sam/piper_ros/install/piper_msgs/local/lib/python3.10/dist-packages/piper_msgs/libpiper_msgs__rosidl_generator_py.so
[1.828s] -- Up-to-date symlink: /home/sam/piper_ros/install/piper_msgs/local/lib/python3.10/dist-packages/piper_msgs/msg/__init__.py
[1.829s] -- Up-to-date symlink: /home/sam/piper_ros/install/piper_msgs/local/lib/python3.10/dist-packages/piper_msgs/msg/_piper_status_msg.py
[1.829s] -- Up-to-date symlink: /home/sam/piper_ros/install/piper_msgs/local/lib/python3.10/dist-packages/piper_msgs/msg/_piper_status_msg_s.c
[1.829s] -- Up-to-date symlink: /home/sam/piper_ros/install/piper_msgs/local/lib/python3.10/dist-packages/piper_msgs/msg/_pos_cmd.py
[1.829s] -- Up-to-date symlink: /home/sam/piper_ros/install/piper_msgs/local/lib/python3.10/dist-packages/piper_msgs/msg/_pos_cmd_s.c
[1.829s] -- Up-to-date symlink: /home/sam/piper_ros/install/piper_msgs/local/lib/python3.10/dist-packages/piper_msgs/piper_msgs_s__rosidl_typesupport_c.cpython-310-x86_64-linux-gnu.so
[1.829s] -- Up-to-date symlink: /home/sam/piper_ros/install/piper_msgs/local/lib/python3.10/dist-packages/piper_msgs/piper_msgs_s__rosidl_typesupport_fastrtps_c.cpython-310-x86_64-linux-gnu.so
[1.830s] -- Up-to-date symlink: /home/sam/piper_ros/install/piper_msgs/local/lib/python3.10/dist-packages/piper_msgs/piper_msgs_s__rosidl_typesupport_introspection_c.cpython-310-x86_64-linux-gnu.so
[1.833s] -- Up-to-date symlink: /home/sam/piper_ros/install/piper_msgs/local/lib/python3.10/dist-packages/piper_msgs/srv/__init__.py
[1.833s] -- Up-to-date symlink: /home/sam/piper_ros/install/piper_msgs/local/lib/python3.10/dist-packages/piper_msgs/srv/_enable.py
[1.833s] -- Up-to-date symlink: /home/sam/piper_ros/install/piper_msgs/local/lib/python3.10/dist-packages/piper_msgs/srv/_enable_s.c
[1.833s] -- Up-to-date symlink: /home/sam/piper_ros/install/piper_msgs/local/lib/python3.10/dist-packages/piper_msgs/piper_msgs_s__rosidl_typesupport_fastrtps_c.cpython-310-x86_64-linux-gnu.so
[1.834s] -- Up-to-date symlink: /home/sam/piper_ros/install/piper_msgs/local/lib/python3.10/dist-packages/piper_msgs/piper_msgs_s__rosidl_typesupport_introspection_c.cpython-310-x86_64-linux-gnu.so
[1.834s] -- Up-to-date symlink: /home/sam/piper_ros/install/piper_msgs/local/lib/python3.10/dist-packages/piper_msgs/piper_msgs_s__rosidl_typesupport_c.cpython-310-x86_64-linux-gnu.so
[1.836s] -- Up-to-date symlink: /home/sam/piper_ros/install/piper_msgs/share/piper_msgs/msg/PiperStatusMsg.idl
[1.837s] -- Up-to-date symlink: /home/sam/piper_ros/install/piper_msgs/share/piper_msgs/msg/PosCmd.idl
[1.843s] -- Up-to-date symlink: /home/sam/piper_ros/install/piper_msgs/share/piper_msgs/srv/Enable.idl
[1.843s] -- Up-to-date symlink: /home/sam/piper_ros/install/piper_msgs/share/piper_msgs/msg/PiperStatusMsg.msg
[1.843s] -- Up-to-date symlink: /home/sam/piper_ros/install/piper_msgs/share/piper_msgs/msg/PosCmd.msg
[1.844s] -- Up-to-date symlink: /home/sam/piper_ros/install/piper_msgs/share/piper_msgs/srv/Enable.srv
[1.844s] -- Up-to-date symlink: /home/sam/piper_ros/install/piper_msgs/share/piper_msgs/srv/Enable_Request.msg
[1.844s] -- Up-to-date symlink: /home/sam/piper_ros/install/piper_msgs/share/piper_msgs/srv/Enable_Response.msg
[1.845s] -- Up-to-date symlink: /home/sam/piper_ros/install/piper_msgs/share/ament_index/resource_index/package_run_dependencies/piper_msgs
[1.851s] -- Up-to-date symlink: /home/sam/piper_ros/install/piper_msgs/share/ament_index/resource_index/parent_prefix_path/piper_msgs
[1.851s] -- Up-to-date symlink: /home/sam/piper_ros/install/piper_msgs/share/piper_msgs/environment/ament_prefix_path.sh
[1.851s] -- Up-to-date symlink: /home/sam/piper_ros/install/piper_msgs/share/piper_msgs/environment/ament_prefix_path.dsv
[1.851s] -- Up-to-date symlink: /home/sam/piper_ros/install/piper_msgs/share/piper_msgs/environment/path.sh
[1.852s] -- Up-to-date symlink: /home/sam/piper_ros/install/piper_msgs/share/piper_msgs/environment/path.dsv
[1.852s] -- Up-to-date symlink: /home/sam/piper_ros/install/piper_msgs/share/piper_msgs/local_setup.bash
[1.852s] -- Up-to-date symlink: /home/sam/piper_ros/install/piper_msgs/share/piper_msgs/local_setup.sh
[1.852s] -- Up-to-date symlink: /home/sam/piper_ros/install/piper_msgs/share/piper_msgs/local_setup.zsh
[1.852s] -- Up-to-date symlink: /home/sam/piper_ros/install/piper_msgs/share/piper_msgs/local_setup.dsv
[1.853s] -- Symlinking: /home/sam/piper_ros/install/piper_msgs/share/piper_msgs/package.dsv
[1.903s] -- Up-to-date symlink: /home/sam/piper_ros/install/piper_msgs/share/ament_index/resource_index/packages/piper_msgs
[1.904s] -- Up-to-date symlink: /home/sam/piper_ros/install/piper_msgs/share/piper_msgs/cmake/rosidl_cmake-extras.cmake
[1.904s] -- Up-to-date symlink: /home/sam/piper_ros/install/piper_msgs/share/piper_msgs/cmake/ament_cmake_export_include_directories-extras.cmake
[1.909s] -- Up-to-date symlink: /home/sam/piper_ros/install/piper_msgs/share/piper_msgs/cmake/ament_cmake_export_libraries-extras.cmake
[1.909s] -- Up-to-date symlink: /home/sam/piper_ros/install/piper_msgs/share/piper_msgs/cmake/ament_cmake_export_targets-extras.cmake
[1.910s] -- Up-to-date symlink: /home/sam/piper_ros/install/piper_msgs/share/piper_msgs/cmake/rosidl_cmake_export_typesupport_targets-extras.cmake
[1.910s] -- Up-to-date symlink: /home/sam/piper_ros/install/piper_msgs/share/piper_msgs/cmake/ament_cmake_export_dependencies-extras.cmake
[1.910s] -- Up-to-date symlink: /home/sam/piper_ros/install/piper_msgs/share/piper_msgs/cmake/rosidl_cmake_export_typesupport_libraries-extras.cmake
[1.910s] -- Up-to-date symlink: /home/sam/piper_ros/install/piper_msgs/share/piper_msgs/cmake/piper_msgsConfig.cmake
[1.910s] -- Up-to-date symlink: /home/sam/piper_ros/install/piper_msgs/share/piper_msgs/cmake/piper_msgsConfig-version.cmake
[1.910s] -- Up-to-date symlink: /home/sam/piper_ros/install/piper_msgs/share/piper_msgs/package.xml
[1.913s] -- Up-to-date: /home/sam/piper_ros/install/piper_msgs/lib/libpiper_msgs__rosidl_generator_c.so
[1.918s] -- Up-to-date: /home/sam/piper_ros/install/piper_msgs/lib/libpiper_msgs__rosidl_typesupport_fastrtps_c.so
[1.918s] -- Up-to-date: /home/sam/piper_ros/install/piper_msgs/lib/libpiper_msgs__rosidl_typesupport_introspection_c.so
[1.932s] -- Up-to-date: /home/sam/piper_ros/install/piper_msgs/lib/libpiper_msgs__rosidl_typesupport_c.so
[1.932s] -- Up-to-date: /home/sam/piper_ros/install/piper_msgs/lib/libpiper_msgs__rosidl_typesupport_fastrtps_cpp.so
[1.933s] -- Up-to-date: /home/sam/piper_ros/install/piper_msgs/lib/libpiper_msgs__rosidl_typesupport_introspection_cpp.so
[1.933s] -- Up-to-date: /home/sam/piper_ros/install/piper_msgs/lib/libpiper_msgs__rosidl_typesupport_cpp.so
[2.014s] Listing '/home/sam/piper_ros/install/piper_msgs/local/lib/python3.10/dist-packages/piper_msgs'...
[2.015s] Listing '/home/sam/piper_ros/install/piper_msgs/local/lib/python3.10/dist-packages/piper_msgs/msg'...
[2.015s] Listing '/home/sam/piper_ros/install/piper_msgs/local/lib/python3.10/dist-packages/piper_msgs/srv'...
[2.029s] -- Up-to-date: /home/sam/piper_ros/install/piper_msgs/lib/libpiper_msgs__rosidl_generator_py.so
[2.031s] -- Up-to-date: /home/sam/piper_ros/install/piper_msgs/share/piper_msgs/cmake/export_piper_msgs__rosidl_generator_cExport.cmake
[2.032s] -- Up-to-date: /home/sam/piper_ros/install/piper_msgs/share/piper_msgs/cmake/export_piper_msgs__rosidl_generator_cExport-debug.cmake
[2.032s] -- Up-to-date: /home/sam/piper_ros/install/piper_msgs/share/piper_msgs/cmake/export_piper_msgs__rosidl_typesupport_fastrtps_cExport.cmake
[2.032s] -- Up-to-date: /home/sam/piper_ros/install/piper_msgs/share/piper_msgs/cmake/export_piper_msgs__rosidl_typesupport_fastrtps_cExport-debug.cmake
[2.036s] -- Up-to-date: /home/sam/piper_ros/install/piper_msgs/share/piper_msgs/cmake/piper_msgs__rosidl_typesupport_introspection_cExport.cmake
[2.037s] -- Up-to-date: /home/sam/piper_ros/install/piper_msgs/share/piper_msgs/cmake/piper_msgs__rosidl_typesupport_introspection_cExport-debug.cmake
[2.038s] -- Up-to-date: /home/sam/piper_ros/install/piper_msgs/share/piper_msgs/cmake/piper_msgs__rosidl_typesupport_cExport.cmake
[2.038s] -- Up-to-date: /home/sam/piper_ros/install/piper_msgs/share/piper_msgs/cmake/piper_msgs__rosidl_typesupport_cExport-debug.cmake
[2.038s] -- Up-to-date: /home/sam/piper_ros/install/piper_msgs/share/piper_msgs/cmake/export_piper_msgs__rosidl_generator_cppExport.cmake
[2.038s] -- Up-to-date: /home/sam/piper_ros/install/piper_msgs/share/piper_msgs/cmake/export_piper_msgs__rosidl_typesupport_fastrtps_cppExport.cmake
[2.039s] -- Up-to-date: /home/sam/piper_ros/install/piper_msgs/share/piper_msgs/cmake/export_piper_msgs__rosidl_typesupport_fastrtps_cppExport-debug.cmake
[2.042s] -- Up-to-date: /home/sam/piper_ros/install/piper_msgs/share/piper_msgs/cmake/piper_msgs__rosidl_typesupport_introspection_cppExport.cmake
[2.042s] -- Up-to-date: /home/sam/piper_ros/install/piper_msgs/share/piper_msgs/cmake/piper_msgs__rosidl_typesupport_introspection_cppExport-debug.cmake
[2.042s] -- Up-to-date: /home/sam/piper_ros/install/piper_msgs/share/piper_msgs/cmake/piper_msgs__rosidl_typesupport_cppExport.cmake
[2.042s] -- Up-to-date: /home/sam/piper_ros/install/piper_msgs/share/piper_msgs/cmake/piper_msgs__rosidl_typesupport_cppExport-debug.cmake
[2.043s] -- Up-to-date: /home/sam/piper_ros/install/piper_msgs/share/piper_msgs/cmake/export_piper_msgs__rosidl_generator_pyExport.cmake
[2.043s] -- Up-to-date: /home/sam/piper_ros/install/piper_msgs/share/piper_msgs/cmake/export_piper_msgs__rosidl_generator_pyExport-debug.cmake
[2.047s] Invoked command in '/home/sam/piper_ros/build/piper_msgs' returned '0': CMAKE_PREFIX_PATH=${CMAKE_PREFIX_PATH}:/home/sam/piper_ros/install/piper:/home/sam/ws_moveit/install/moveit_configs_utils:/home/sam/ws_moveit/install/launch_param_builder:/opt/ros/humble /usr/bin/cmake --install /home/sam/piper_ros/build/piper_msgs
