[0.015s] Invoking command in '/home/sam/piper_ros/build/piper_msgs': CMAKE_PREFIX_PATH=/opt/ros/humble /usr/bin/cmake /home/sam/piper_ros/src/piper_msgs -DCMAKE_INSTALL_PREFIX=/home/sam/piper_ros/install/piper_msgs
[0.116s] -- The C compiler identification is GNU 11.4.0
[0.232s] -- The CXX compiler identification is GNU 11.4.0
[0.244s] -- Detecting C compiler ABI info
[0.366s] -- Detecting C compiler ABI info - done
[0.390s] -- Check for working C compiler: /usr/bin/cc - skipped
[0.391s] -- Detecting C compile features
[0.391s] -- Detecting C compile features - done
[0.398s] -- Detecting CXX compiler ABI info
[0.558s] -- Detecting CXX compiler ABI info - done
[0.579s] -- Check for working CXX compiler: /usr/bin/c++ - skipped
[0.580s] -- Detecting CXX compile features
[0.582s] -- Detecting CXX compile features - done
[0.585s] -- Found ament_cmake: 1.3.11 (/opt/ros/humble/share/ament_cmake/cmake)
[0.882s] -- Found Python3: /usr/bin/python3 (found version "3.10.12") found components: Interpreter 
[1.053s] -- Found rclpy: 3.3.15 (/opt/ros/humble/share/rclpy/cmake)
[1.054s] -- Found rosidl_default_generators: 1.2.0 (/opt/ros/humble/share/rosidl_default_generators/cmake)
[1.063s] -- Using all available rosidl_typesupport_c: rosidl_typesupport_fastrtps_c;rosidl_typesupport_introspection_c
[1.084s] -- Found rosidl_adapter: 3.1.6 (/opt/ros/humble/share/rosidl_adapter/cmake)
[1.182s] -- Using all available rosidl_typesupport_cpp: rosidl_typesupport_fastrtps_cpp;rosidl_typesupport_introspection_cpp
[1.835s] -- Found ament_cmake_ros: 0.10.0 (/opt/ros/humble/share/ament_cmake_ros/cmake)
[2.188s] -- Using all available rosidl_typesupport_c: rosidl_typesupport_fastrtps_c;rosidl_typesupport_introspection_c
[2.527s] -- Using all available rosidl_typesupport_cpp: rosidl_typesupport_fastrtps_cpp;rosidl_typesupport_introspection_cpp
[2.555s] -- Found PythonInterp: /usr/bin/python3 (found suitable version "3.10.12", minimum required is "3.6") 
[2.557s] -- Found python_cmake_module: 0.10.0 (/opt/ros/humble/share/python_cmake_module/cmake)
[2.588s] -- Found PythonLibs: /usr/lib/x86_64-linux-gnu/libpython3.10.so (found suitable version "3.10.12", minimum required is "3.5") 
[2.588s] -- Using PYTHON_EXECUTABLE: /usr/bin/python3
[2.588s] -- Using PYTHON_INCLUDE_DIRS: /usr/include/python3.10
[2.588s] -- Using PYTHON_LIBRARIES: /usr/lib/x86_64-linux-gnu/libpython3.10.so
[2.613s] -- Found PythonExtra: .so  
[2.654s] -- Found ament_lint_auto: 0.12.11 (/opt/ros/humble/share/ament_lint_auto/cmake)
[2.673s] -- Added test 'lint_cmake' to check CMake code style
[2.675s] -- Added test 'xmllint' to check XML markup files
[2.678s] -- Configuring done
[2.716s] -- Generating done
[2.728s] -- Build files have been written to: /home/sam/piper_ros/build/piper_msgs
[2.735s] Invoked command in '/home/sam/piper_ros/build/piper_msgs' returned '0': CMAKE_PREFIX_PATH=/opt/ros/humble /usr/bin/cmake /home/sam/piper_ros/src/piper_msgs -DCMAKE_INSTALL_PREFIX=/home/sam/piper_ros/install/piper_msgs
[2.737s] Invoking command in '/home/sam/piper_ros/build/piper_msgs': CMAKE_PREFIX_PATH=/opt/ros/humble /usr/bin/cmake --build /home/sam/piper_ros/build/piper_msgs -- -j4 -l4
[2.785s] [  2%] [34m[1mGenerating C code for ROS interfaces[0m
[2.798s] [  4%] [34m[1mGenerating C++ code for ROS interfaces[0m
[2.809s] [  4%] Built target ament_cmake_python_copy_piper_msgs
[3.124s] running egg_info
[3.126s] creating piper_msgs.egg-info
[3.126s] writing piper_msgs.egg-info/PKG-INFO
[3.126s] writing dependency_links to piper_msgs.egg-info/dependency_links.txt
[3.126s] writing top-level names to piper_msgs.egg-info/top_level.txt
[3.127s] writing manifest file 'piper_msgs.egg-info/SOURCES.txt'
[3.128s] reading manifest file 'piper_msgs.egg-info/SOURCES.txt'
[3.129s] writing manifest file 'piper_msgs.egg-info/SOURCES.txt'
[3.163s] [  4%] Built target ament_cmake_python_build_piper_msgs_egg
[3.579s] [  4%] Built target piper_msgs__cpp
[3.595s] [  8%] [34m[1mGenerating C++ type support dispatch for ROS interfaces[0m
[3.596s] [  8%] [32mBuilding C object CMakeFiles/piper_msgs__rosidl_generator_c.dir/rosidl_generator_c/piper_msgs/msg/detail/piper_status_msg__functions.c.o[0m
[3.596s] [ 10%] [34m[1mGenerating C++ type support for eProsima Fast-RTPS[0m
[3.596s] [ 12%] [34m[1mGenerating C++ introspection for ROS interfaces[0m
[3.696s] [ 14%] [32mBuilding C object CMakeFiles/piper_msgs__rosidl_generator_c.dir/rosidl_generator_c/piper_msgs/msg/detail/pos_cmd__functions.c.o[0m
[3.779s] [ 17%] [32mBuilding C object CMakeFiles/piper_msgs__rosidl_generator_c.dir/rosidl_generator_c/piper_msgs/srv/detail/enable__functions.c.o[0m
[3.877s] [ 19%] [32m[1mLinking C shared library libpiper_msgs__rosidl_generator_c.so[0m
[3.945s] [ 19%] Built target piper_msgs__rosidl_generator_c
[3.963s] [ 21%] [34m[1mGenerating C type support for eProsima Fast-RTPS[0m
[4.274s] [ 23%] [32mBuilding CXX object CMakeFiles/piper_msgs__rosidl_typesupport_cpp.dir/rosidl_typesupport_cpp/piper_msgs/msg/piper_status_msg__type_support.cpp.o[0m
[4.407s] [ 25%] [32mBuilding CXX object CMakeFiles/piper_msgs__rosidl_typesupport_introspection_cpp.dir/rosidl_typesupport_introspection_cpp/piper_msgs/msg/detail/piper_status_msg__type_support.cpp.o[0m
[4.591s] [ 27%] [32mBuilding CXX object CMakeFiles/piper_msgs__rosidl_typesupport_fastrtps_cpp.dir/rosidl_typesupport_fastrtps_cpp/piper_msgs/msg/detail/dds_fastrtps/piper_status_msg__type_support.cpp.o[0m
[4.797s] [ 29%] [32mBuilding CXX object CMakeFiles/piper_msgs__rosidl_typesupport_cpp.dir/rosidl_typesupport_cpp/piper_msgs/msg/pos_cmd__type_support.cpp.o[0m
[4.902s] [ 31%] [32mBuilding CXX object CMakeFiles/piper_msgs__rosidl_typesupport_fastrtps_c.dir/rosidl_typesupport_fastrtps_c/piper_msgs/msg/detail/piper_status_msg__type_support_c.cpp.o[0m
[5.206s] [ 34%] [32mBuilding CXX object CMakeFiles/piper_msgs__rosidl_typesupport_introspection_cpp.dir/rosidl_typesupport_introspection_cpp/piper_msgs/msg/detail/pos_cmd__type_support.cpp.o[0m
[5.334s] [ 36%] [32mBuilding CXX object CMakeFiles/piper_msgs__rosidl_typesupport_cpp.dir/rosidl_typesupport_cpp/piper_msgs/srv/enable__type_support.cpp.o[0m
[5.554s] [ 38%] [32mBuilding CXX object CMakeFiles/piper_msgs__rosidl_typesupport_fastrtps_cpp.dir/rosidl_typesupport_fastrtps_cpp/piper_msgs/msg/detail/dds_fastrtps/pos_cmd__type_support.cpp.o[0m
[5.658s] [ 40%] [32mBuilding CXX object CMakeFiles/piper_msgs__rosidl_typesupport_fastrtps_c.dir/rosidl_typesupport_fastrtps_c/piper_msgs/msg/detail/pos_cmd__type_support_c.cpp.o[0m
[5.901s] [ 42%] [32m[1mLinking CXX shared library libpiper_msgs__rosidl_typesupport_cpp.so[0m
[5.982s] [ 44%] [32mBuilding CXX object CMakeFiles/piper_msgs__rosidl_typesupport_introspection_cpp.dir/rosidl_typesupport_introspection_cpp/piper_msgs/srv/detail/enable__type_support.cpp.o[0m
[5.984s] [ 44%] Built target piper_msgs__rosidl_typesupport_cpp
[6.000s] [ 46%] [32mBuilding CXX object CMakeFiles/piper_msgs__rosidl_typesupport_fastrtps_cpp.dir/rosidl_typesupport_fastrtps_cpp/piper_msgs/srv/detail/dds_fastrtps/enable__type_support.cpp.o[0m
[6.304s] [ 48%] [32mBuilding CXX object CMakeFiles/piper_msgs__rosidl_typesupport_fastrtps_c.dir/rosidl_typesupport_fastrtps_c/piper_msgs/srv/detail/enable__type_support_c.cpp.o[0m
[6.344s] [ 51%] [34m[1mGenerating C introspection for ROS interfaces[0m
[6.711s] [ 53%] [32m[1mLinking CXX shared library libpiper_msgs__rosidl_typesupport_introspection_cpp.so[0m
[6.787s] [ 53%] Built target piper_msgs__rosidl_typesupport_introspection_cpp
[6.793s] [ 55%] [32m[1mLinking CXX shared library libpiper_msgs__rosidl_typesupport_fastrtps_cpp.so[0m
[6.805s] [ 57%] [34m[1mGenerating C type support dispatch for ROS interfaces[0m
[6.939s] [ 57%] Built target piper_msgs__rosidl_typesupport_fastrtps_cpp
[6.983s] [ 59%] [32m[1mLinking CXX shared library libpiper_msgs__rosidl_typesupport_fastrtps_c.so[0m
[7.085s] [ 59%] Built target piper_msgs__rosidl_typesupport_fastrtps_c
[7.187s] [ 63%] [32mBuilding C object CMakeFiles/piper_msgs__rosidl_typesupport_introspection_c.dir/rosidl_typesupport_introspection_c/piper_msgs/msg/detail/piper_status_msg__type_support.c.o[0m
[7.188s] [ 63%] [32mBuilding C object CMakeFiles/piper_msgs__rosidl_typesupport_introspection_c.dir/rosidl_typesupport_introspection_c/piper_msgs/srv/detail/enable__type_support.c.o[0m
[7.188s] [ 65%] [32mBuilding C object CMakeFiles/piper_msgs__rosidl_typesupport_introspection_c.dir/rosidl_typesupport_introspection_c/piper_msgs/msg/detail/pos_cmd__type_support.c.o[0m
[7.248s] [ 68%] [32m[1mLinking C shared library libpiper_msgs__rosidl_typesupport_introspection_c.so[0m
[7.283s] [ 68%] Built target piper_msgs__rosidl_typesupport_introspection_c
[7.391s] [ 70%] [32mBuilding CXX object CMakeFiles/piper_msgs__rosidl_typesupport_c.dir/rosidl_typesupport_c/piper_msgs/msg/pos_cmd__type_support.cpp.o[0m
[7.393s] [ 72%] [32mBuilding CXX object CMakeFiles/piper_msgs__rosidl_typesupport_c.dir/rosidl_typesupport_c/piper_msgs/msg/piper_status_msg__type_support.cpp.o[0m
[7.394s] [ 74%] [32mBuilding CXX object CMakeFiles/piper_msgs__rosidl_typesupport_c.dir/rosidl_typesupport_c/piper_msgs/srv/enable__type_support.cpp.o[0m
[7.442s] [ 76%] [32m[1mLinking CXX shared library libpiper_msgs__rosidl_typesupport_c.so[0m
[7.492s] [ 76%] Built target piper_msgs__rosidl_typesupport_c
[7.514s] [ 76%] Built target piper_msgs
[7.536s] [ 78%] [34m[1mGenerating Python code for ROS interfaces[0m
[8.373s] [ 78%] Built target piper_msgs__py
[8.397s] [ 80%] [32mBuilding C object CMakeFiles/piper_msgs__rosidl_generator_py.dir/rosidl_generator_py/piper_msgs/msg/_pos_cmd_s.c.o[0m
[8.400s] [ 82%] [32mBuilding C object CMakeFiles/piper_msgs__rosidl_generator_py.dir/rosidl_generator_py/piper_msgs/srv/_enable_s.c.o[0m
[8.401s] [ 85%] [32mBuilding C object CMakeFiles/piper_msgs__rosidl_generator_py.dir/rosidl_generator_py/piper_msgs/msg/_piper_status_msg_s.c.o[0m
[8.599s] [ 87%] [32m[1mLinking C shared library rosidl_generator_py/piper_msgs/libpiper_msgs__rosidl_generator_py.so[0m
[8.646s] [ 87%] Built target piper_msgs__rosidl_generator_py
[8.674s] [ 89%] [32mBuilding C object CMakeFiles/piper_msgs__rosidl_typesupport_introspection_c__pyext.dir/rosidl_generator_py/piper_msgs/_piper_msgs_s.ep.rosidl_typesupport_introspection_c.c.o[0m
[8.674s] [ 91%] [32mBuilding C object CMakeFiles/piper_msgs__rosidl_typesupport_fastrtps_c__pyext.dir/rosidl_generator_py/piper_msgs/_piper_msgs_s.ep.rosidl_typesupport_fastrtps_c.c.o[0m
[8.678s] [ 93%] [32mBuilding C object CMakeFiles/piper_msgs__rosidl_typesupport_c__pyext.dir/rosidl_generator_py/piper_msgs/_piper_msgs_s.ep.rosidl_typesupport_c.c.o[0m
[8.804s] [ 95%] [32m[1mLinking C shared library rosidl_generator_py/piper_msgs/piper_msgs_s__rosidl_typesupport_c.cpython-310-x86_64-linux-gnu.so[0m
[8.851s] [ 95%] Built target piper_msgs__rosidl_typesupport_c__pyext
[8.868s] [ 97%] [32m[1mLinking C shared library rosidl_generator_py/piper_msgs/piper_msgs_s__rosidl_typesupport_introspection_c.cpython-310-x86_64-linux-gnu.so[0m
[8.871s] [100%] [32m[1mLinking C shared library rosidl_generator_py/piper_msgs/piper_msgs_s__rosidl_typesupport_fastrtps_c.cpython-310-x86_64-linux-gnu.so[0m
[8.909s] [100%] Built target piper_msgs__rosidl_typesupport_introspection_c__pyext
[8.909s] [100%] Built target piper_msgs__rosidl_typesupport_fastrtps_c__pyext
[8.922s] Invoked command in '/home/sam/piper_ros/build/piper_msgs' returned '0': CMAKE_PREFIX_PATH=/opt/ros/humble /usr/bin/cmake --build /home/sam/piper_ros/build/piper_msgs -- -j4 -l4
[8.925s] Invoking command in '/home/sam/piper_ros/build/piper_msgs': CMAKE_PREFIX_PATH=/opt/ros/humble /usr/bin/cmake --install /home/sam/piper_ros/build/piper_msgs
[8.934s] -- Install configuration: ""
[8.934s] -- Installing: /home/sam/piper_ros/install/piper_msgs/share/ament_index/resource_index/rosidl_interfaces/piper_msgs
[8.934s] -- Installing: /home/sam/piper_ros/install/piper_msgs/include/piper_msgs/piper_msgs
[8.935s] -- Installing: /home/sam/piper_ros/install/piper_msgs/include/piper_msgs/piper_msgs/msg
[8.935s] -- Installing: /home/sam/piper_ros/install/piper_msgs/include/piper_msgs/piper_msgs/msg/pos_cmd.h
[8.935s] -- Installing: /home/sam/piper_ros/install/piper_msgs/include/piper_msgs/piper_msgs/msg/piper_status_msg.h
[8.935s] -- Installing: /home/sam/piper_ros/install/piper_msgs/include/piper_msgs/piper_msgs/msg/detail
[8.935s] -- Installing: /home/sam/piper_ros/install/piper_msgs/include/piper_msgs/piper_msgs/msg/detail/piper_status_msg__functions.c
[8.936s] -- Installing: /home/sam/piper_ros/install/piper_msgs/include/piper_msgs/piper_msgs/msg/detail/pos_cmd__type_support.h
[8.936s] -- Installing: /home/sam/piper_ros/install/piper_msgs/include/piper_msgs/piper_msgs/msg/detail/pos_cmd__functions.h
[8.936s] -- Installing: /home/sam/piper_ros/install/piper_msgs/include/piper_msgs/piper_msgs/msg/detail/piper_status_msg__functions.h
[8.936s] -- Installing: /home/sam/piper_ros/install/piper_msgs/include/piper_msgs/piper_msgs/msg/detail/pos_cmd__functions.c
[8.936s] -- Installing: /home/sam/piper_ros/install/piper_msgs/include/piper_msgs/piper_msgs/msg/detail/pos_cmd__struct.h
[8.937s] -- Installing: /home/sam/piper_ros/install/piper_msgs/include/piper_msgs/piper_msgs/msg/detail/piper_status_msg__struct.h
[8.937s] -- Installing: /home/sam/piper_ros/install/piper_msgs/include/piper_msgs/piper_msgs/msg/detail/piper_status_msg__type_support.h
[8.937s] -- Installing: /home/sam/piper_ros/install/piper_msgs/include/piper_msgs/piper_msgs/msg/rosidl_generator_c__visibility_control.h
[8.937s] -- Installing: /home/sam/piper_ros/install/piper_msgs/include/piper_msgs/piper_msgs/srv
[8.937s] -- Installing: /home/sam/piper_ros/install/piper_msgs/include/piper_msgs/piper_msgs/srv/enable.h
[8.938s] -- Installing: /home/sam/piper_ros/install/piper_msgs/include/piper_msgs/piper_msgs/srv/detail
[8.938s] -- Installing: /home/sam/piper_ros/install/piper_msgs/include/piper_msgs/piper_msgs/srv/detail/enable__functions.h
[8.938s] -- Installing: /home/sam/piper_ros/install/piper_msgs/include/piper_msgs/piper_msgs/srv/detail/enable__struct.h
[8.938s] -- Installing: /home/sam/piper_ros/install/piper_msgs/include/piper_msgs/piper_msgs/srv/detail/enable__type_support.h
[8.938s] -- Installing: /home/sam/piper_ros/install/piper_msgs/include/piper_msgs/piper_msgs/srv/detail/enable__functions.c
[8.938s] -- Installing: /home/sam/piper_ros/install/piper_msgs/share/piper_msgs/environment/library_path.sh
[8.939s] -- Installing: /home/sam/piper_ros/install/piper_msgs/share/piper_msgs/environment/library_path.dsv
[8.939s] -- Installing: /home/sam/piper_ros/install/piper_msgs/lib/libpiper_msgs__rosidl_generator_c.so
[8.939s] -- Set runtime path of "/home/sam/piper_ros/install/piper_msgs/lib/libpiper_msgs__rosidl_generator_c.so" to ""
[8.940s] -- Up-to-date: /home/sam/piper_ros/install/piper_msgs/include/piper_msgs/piper_msgs
[8.940s] -- Up-to-date: /home/sam/piper_ros/install/piper_msgs/include/piper_msgs/piper_msgs/msg
[8.940s] -- Installing: /home/sam/piper_ros/install/piper_msgs/include/piper_msgs/piper_msgs/msg/rosidl_typesupport_fastrtps_c__visibility_control.h
[8.940s] -- Up-to-date: /home/sam/piper_ros/install/piper_msgs/include/piper_msgs/piper_msgs/msg/detail
[8.940s] -- Installing: /home/sam/piper_ros/install/piper_msgs/include/piper_msgs/piper_msgs/msg/detail/pos_cmd__rosidl_typesupport_fastrtps_c.h
[8.941s] -- Installing: /home/sam/piper_ros/install/piper_msgs/include/piper_msgs/piper_msgs/msg/detail/piper_status_msg__rosidl_typesupport_fastrtps_c.h
[8.941s] -- Up-to-date: /home/sam/piper_ros/install/piper_msgs/include/piper_msgs/piper_msgs/srv
[8.941s] -- Up-to-date: /home/sam/piper_ros/install/piper_msgs/include/piper_msgs/piper_msgs/srv/detail
[8.941s] -- Installing: /home/sam/piper_ros/install/piper_msgs/include/piper_msgs/piper_msgs/srv/detail/enable__rosidl_typesupport_fastrtps_c.h
[8.941s] -- Installing: /home/sam/piper_ros/install/piper_msgs/lib/libpiper_msgs__rosidl_typesupport_fastrtps_c.so
[8.942s] -- Set runtime path of "/home/sam/piper_ros/install/piper_msgs/lib/libpiper_msgs__rosidl_typesupport_fastrtps_c.so" to ""
[8.942s] -- Up-to-date: /home/sam/piper_ros/install/piper_msgs/include/piper_msgs/piper_msgs
[8.942s] -- Up-to-date: /home/sam/piper_ros/install/piper_msgs/include/piper_msgs/piper_msgs/msg
[8.942s] -- Installing: /home/sam/piper_ros/install/piper_msgs/include/piper_msgs/piper_msgs/msg/rosidl_typesupport_introspection_c__visibility_control.h
[8.942s] -- Up-to-date: /home/sam/piper_ros/install/piper_msgs/include/piper_msgs/piper_msgs/msg/detail
[8.943s] -- Installing: /home/sam/piper_ros/install/piper_msgs/include/piper_msgs/piper_msgs/msg/detail/pos_cmd__rosidl_typesupport_introspection_c.h
[8.943s] -- Installing: /home/sam/piper_ros/install/piper_msgs/include/piper_msgs/piper_msgs/msg/detail/pos_cmd__type_support.c
[8.943s] -- Installing: /home/sam/piper_ros/install/piper_msgs/include/piper_msgs/piper_msgs/msg/detail/piper_status_msg__type_support.c
[8.943s] -- Installing: /home/sam/piper_ros/install/piper_msgs/include/piper_msgs/piper_msgs/msg/detail/piper_status_msg__rosidl_typesupport_introspection_c.h
[8.943s] -- Up-to-date: /home/sam/piper_ros/install/piper_msgs/include/piper_msgs/piper_msgs/srv
[8.943s] -- Up-to-date: /home/sam/piper_ros/install/piper_msgs/include/piper_msgs/piper_msgs/srv/detail
[8.943s] -- Installing: /home/sam/piper_ros/install/piper_msgs/include/piper_msgs/piper_msgs/srv/detail/enable__type_support.c
[8.944s] -- Installing: /home/sam/piper_ros/install/piper_msgs/include/piper_msgs/piper_msgs/srv/detail/enable__rosidl_typesupport_introspection_c.h
[8.944s] -- Installing: /home/sam/piper_ros/install/piper_msgs/lib/libpiper_msgs__rosidl_typesupport_introspection_c.so
[8.944s] -- Set runtime path of "/home/sam/piper_ros/install/piper_msgs/lib/libpiper_msgs__rosidl_typesupport_introspection_c.so" to ""
[8.944s] -- Installing: /home/sam/piper_ros/install/piper_msgs/lib/libpiper_msgs__rosidl_typesupport_c.so
[8.945s] -- Set runtime path of "/home/sam/piper_ros/install/piper_msgs/lib/libpiper_msgs__rosidl_typesupport_c.so" to ""
[8.945s] -- Up-to-date: /home/sam/piper_ros/install/piper_msgs/include/piper_msgs/piper_msgs
[8.946s] -- Up-to-date: /home/sam/piper_ros/install/piper_msgs/include/piper_msgs/piper_msgs/msg
[8.946s] -- Installing: /home/sam/piper_ros/install/piper_msgs/include/piper_msgs/piper_msgs/msg/rosidl_generator_cpp__visibility_control.hpp
[8.946s] -- Installing: /home/sam/piper_ros/install/piper_msgs/include/piper_msgs/piper_msgs/msg/pos_cmd.hpp
[8.946s] -- Installing: /home/sam/piper_ros/install/piper_msgs/include/piper_msgs/piper_msgs/msg/piper_status_msg.hpp
[8.946s] -- Up-to-date: /home/sam/piper_ros/install/piper_msgs/include/piper_msgs/piper_msgs/msg/detail
[8.946s] -- Installing: /home/sam/piper_ros/install/piper_msgs/include/piper_msgs/piper_msgs/msg/detail/piper_status_msg__struct.hpp
[8.946s] -- Installing: /home/sam/piper_ros/install/piper_msgs/include/piper_msgs/piper_msgs/msg/detail/pos_cmd__traits.hpp
[8.947s] -- Installing: /home/sam/piper_ros/install/piper_msgs/include/piper_msgs/piper_msgs/msg/detail/pos_cmd__struct.hpp
[8.947s] -- Installing: /home/sam/piper_ros/install/piper_msgs/include/piper_msgs/piper_msgs/msg/detail/piper_status_msg__type_support.hpp
[8.947s] -- Installing: /home/sam/piper_ros/install/piper_msgs/include/piper_msgs/piper_msgs/msg/detail/piper_status_msg__traits.hpp
[8.947s] -- Installing: /home/sam/piper_ros/install/piper_msgs/include/piper_msgs/piper_msgs/msg/detail/pos_cmd__type_support.hpp
[8.947s] -- Installing: /home/sam/piper_ros/install/piper_msgs/include/piper_msgs/piper_msgs/msg/detail/pos_cmd__builder.hpp
[8.947s] -- Installing: /home/sam/piper_ros/install/piper_msgs/include/piper_msgs/piper_msgs/msg/detail/piper_status_msg__builder.hpp
[8.947s] -- Up-to-date: /home/sam/piper_ros/install/piper_msgs/include/piper_msgs/piper_msgs/srv
[8.948s] -- Installing: /home/sam/piper_ros/install/piper_msgs/include/piper_msgs/piper_msgs/srv/enable.hpp
[8.948s] -- Up-to-date: /home/sam/piper_ros/install/piper_msgs/include/piper_msgs/piper_msgs/srv/detail
[8.948s] -- Installing: /home/sam/piper_ros/install/piper_msgs/include/piper_msgs/piper_msgs/srv/detail/enable__struct.hpp
[8.948s] -- Installing: /home/sam/piper_ros/install/piper_msgs/include/piper_msgs/piper_msgs/srv/detail/enable__builder.hpp
[8.948s] -- Installing: /home/sam/piper_ros/install/piper_msgs/include/piper_msgs/piper_msgs/srv/detail/enable__type_support.hpp
[8.948s] -- Installing: /home/sam/piper_ros/install/piper_msgs/include/piper_msgs/piper_msgs/srv/detail/enable__traits.hpp
[8.949s] -- Up-to-date: /home/sam/piper_ros/install/piper_msgs/include/piper_msgs/piper_msgs
[8.949s] -- Up-to-date: /home/sam/piper_ros/install/piper_msgs/include/piper_msgs/piper_msgs/msg
[8.949s] -- Up-to-date: /home/sam/piper_ros/install/piper_msgs/include/piper_msgs/piper_msgs/msg/detail
[8.949s] -- Installing: /home/sam/piper_ros/install/piper_msgs/include/piper_msgs/piper_msgs/msg/detail/pos_cmd__rosidl_typesupport_fastrtps_cpp.hpp
[8.949s] -- Installing: /home/sam/piper_ros/install/piper_msgs/include/piper_msgs/piper_msgs/msg/detail/piper_status_msg__rosidl_typesupport_fastrtps_cpp.hpp
[8.949s] -- Installing: /home/sam/piper_ros/install/piper_msgs/include/piper_msgs/piper_msgs/msg/detail/dds_fastrtps
[8.950s] -- Installing: /home/sam/piper_ros/install/piper_msgs/include/piper_msgs/piper_msgs/msg/rosidl_typesupport_fastrtps_cpp__visibility_control.h
[8.950s] -- Up-to-date: /home/sam/piper_ros/install/piper_msgs/include/piper_msgs/piper_msgs/srv
[8.950s] -- Up-to-date: /home/sam/piper_ros/install/piper_msgs/include/piper_msgs/piper_msgs/srv/detail
[8.950s] -- Installing: /home/sam/piper_ros/install/piper_msgs/include/piper_msgs/piper_msgs/srv/detail/enable__rosidl_typesupport_fastrtps_cpp.hpp
[8.950s] -- Installing: /home/sam/piper_ros/install/piper_msgs/include/piper_msgs/piper_msgs/srv/detail/dds_fastrtps
[8.951s] -- Installing: /home/sam/piper_ros/install/piper_msgs/lib/libpiper_msgs__rosidl_typesupport_fastrtps_cpp.so
[8.951s] -- Set runtime path of "/home/sam/piper_ros/install/piper_msgs/lib/libpiper_msgs__rosidl_typesupport_fastrtps_cpp.so" to ""
[8.951s] -- Up-to-date: /home/sam/piper_ros/install/piper_msgs/include/piper_msgs/piper_msgs
[8.951s] -- Up-to-date: /home/sam/piper_ros/install/piper_msgs/include/piper_msgs/piper_msgs/msg
[8.951s] -- Up-to-date: /home/sam/piper_ros/install/piper_msgs/include/piper_msgs/piper_msgs/msg/detail
[8.951s] -- Installing: /home/sam/piper_ros/install/piper_msgs/include/piper_msgs/piper_msgs/msg/detail/piper_status_msg__type_support.cpp
[8.952s] -- Installing: /home/sam/piper_ros/install/piper_msgs/include/piper_msgs/piper_msgs/msg/detail/pos_cmd__rosidl_typesupport_introspection_cpp.hpp
[8.952s] -- Installing: /home/sam/piper_ros/install/piper_msgs/include/piper_msgs/piper_msgs/msg/detail/piper_status_msg__rosidl_typesupport_introspection_cpp.hpp
[8.952s] -- Installing: /home/sam/piper_ros/install/piper_msgs/include/piper_msgs/piper_msgs/msg/detail/pos_cmd__type_support.cpp
[8.952s] -- Up-to-date: /home/sam/piper_ros/install/piper_msgs/include/piper_msgs/piper_msgs/srv
[8.952s] -- Up-to-date: /home/sam/piper_ros/install/piper_msgs/include/piper_msgs/piper_msgs/srv/detail
[8.953s] -- Installing: /home/sam/piper_ros/install/piper_msgs/include/piper_msgs/piper_msgs/srv/detail/enable__type_support.cpp
[8.953s] -- Installing: /home/sam/piper_ros/install/piper_msgs/include/piper_msgs/piper_msgs/srv/detail/enable__rosidl_typesupport_introspection_cpp.hpp
[8.953s] -- Installing: /home/sam/piper_ros/install/piper_msgs/lib/libpiper_msgs__rosidl_typesupport_introspection_cpp.so
[8.953s] -- Set runtime path of "/home/sam/piper_ros/install/piper_msgs/lib/libpiper_msgs__rosidl_typesupport_introspection_cpp.so" to ""
[8.953s] -- Installing: /home/sam/piper_ros/install/piper_msgs/lib/libpiper_msgs__rosidl_typesupport_cpp.so
[8.953s] -- Set runtime path of "/home/sam/piper_ros/install/piper_msgs/lib/libpiper_msgs__rosidl_typesupport_cpp.so" to ""
[8.954s] -- Installing: /home/sam/piper_ros/install/piper_msgs/share/piper_msgs/environment/pythonpath.sh
[8.954s] -- Installing: /home/sam/piper_ros/install/piper_msgs/share/piper_msgs/environment/pythonpath.dsv
[8.954s] -- Installing: /home/sam/piper_ros/install/piper_msgs/local/lib/python3.10/dist-packages/piper_msgs-0.0.0-py3.10.egg-info
[8.954s] -- Installing: /home/sam/piper_ros/install/piper_msgs/local/lib/python3.10/dist-packages/piper_msgs-0.0.0-py3.10.egg-info/SOURCES.txt
[8.954s] -- Installing: /home/sam/piper_ros/install/piper_msgs/local/lib/python3.10/dist-packages/piper_msgs-0.0.0-py3.10.egg-info/dependency_links.txt
[8.954s] -- Installing: /home/sam/piper_ros/install/piper_msgs/local/lib/python3.10/dist-packages/piper_msgs-0.0.0-py3.10.egg-info/PKG-INFO
[8.955s] -- Installing: /home/sam/piper_ros/install/piper_msgs/local/lib/python3.10/dist-packages/piper_msgs-0.0.0-py3.10.egg-info/top_level.txt
[8.955s] -- Installing: /home/sam/piper_ros/install/piper_msgs/local/lib/python3.10/dist-packages/piper_msgs
[8.955s] -- Installing: /home/sam/piper_ros/install/piper_msgs/local/lib/python3.10/dist-packages/piper_msgs/_piper_msgs_s.ep.rosidl_typesupport_c.c
[8.955s] -- Installing: /home/sam/piper_ros/install/piper_msgs/local/lib/python3.10/dist-packages/piper_msgs/piper_msgs_s__rosidl_typesupport_fastrtps_c.cpython-310-x86_64-linux-gnu.so
[8.955s] -- Installing: /home/sam/piper_ros/install/piper_msgs/local/lib/python3.10/dist-packages/piper_msgs/piper_msgs_s__rosidl_typesupport_c.cpython-310-x86_64-linux-gnu.so
[8.956s] -- Installing: /home/sam/piper_ros/install/piper_msgs/local/lib/python3.10/dist-packages/piper_msgs/_piper_msgs_s.ep.rosidl_typesupport_fastrtps_c.c
[8.956s] -- Installing: /home/sam/piper_ros/install/piper_msgs/local/lib/python3.10/dist-packages/piper_msgs/libpiper_msgs__rosidl_generator_py.so
[8.956s] -- Installing: /home/sam/piper_ros/install/piper_msgs/local/lib/python3.10/dist-packages/piper_msgs/msg
[8.956s] -- Installing: /home/sam/piper_ros/install/piper_msgs/local/lib/python3.10/dist-packages/piper_msgs/msg/_piper_status_msg.py
[8.956s] -- Installing: /home/sam/piper_ros/install/piper_msgs/local/lib/python3.10/dist-packages/piper_msgs/msg/_pos_cmd.py
[8.957s] -- Installing: /home/sam/piper_ros/install/piper_msgs/local/lib/python3.10/dist-packages/piper_msgs/msg/_pos_cmd_s.c
[8.957s] -- Installing: /home/sam/piper_ros/install/piper_msgs/local/lib/python3.10/dist-packages/piper_msgs/msg/__init__.py
[8.957s] -- Installing: /home/sam/piper_ros/install/piper_msgs/local/lib/python3.10/dist-packages/piper_msgs/msg/_piper_status_msg_s.c
[8.957s] -- Installing: /home/sam/piper_ros/install/piper_msgs/local/lib/python3.10/dist-packages/piper_msgs/srv
[8.957s] -- Installing: /home/sam/piper_ros/install/piper_msgs/local/lib/python3.10/dist-packages/piper_msgs/srv/_enable_s.c
[8.958s] -- Installing: /home/sam/piper_ros/install/piper_msgs/local/lib/python3.10/dist-packages/piper_msgs/srv/_enable.py
[8.958s] -- Installing: /home/sam/piper_ros/install/piper_msgs/local/lib/python3.10/dist-packages/piper_msgs/srv/__init__.py
[8.958s] -- Installing: /home/sam/piper_ros/install/piper_msgs/local/lib/python3.10/dist-packages/piper_msgs/piper_msgs_s__rosidl_typesupport_introspection_c.cpython-310-x86_64-linux-gnu.so
[8.958s] -- Installing: /home/sam/piper_ros/install/piper_msgs/local/lib/python3.10/dist-packages/piper_msgs/__init__.py
[8.958s] -- Installing: /home/sam/piper_ros/install/piper_msgs/local/lib/python3.10/dist-packages/piper_msgs/_piper_msgs_s.ep.rosidl_typesupport_introspection_c.c
[9.004s] Listing '/home/sam/piper_ros/install/piper_msgs/local/lib/python3.10/dist-packages/piper_msgs'...
[9.004s] Compiling '/home/sam/piper_ros/install/piper_msgs/local/lib/python3.10/dist-packages/piper_msgs/__init__.py'...
[9.004s] Listing '/home/sam/piper_ros/install/piper_msgs/local/lib/python3.10/dist-packages/piper_msgs/msg'...
[9.004s] Compiling '/home/sam/piper_ros/install/piper_msgs/local/lib/python3.10/dist-packages/piper_msgs/msg/__init__.py'...
[9.004s] Compiling '/home/sam/piper_ros/install/piper_msgs/local/lib/python3.10/dist-packages/piper_msgs/msg/_piper_status_msg.py'...
[9.005s] Compiling '/home/sam/piper_ros/install/piper_msgs/local/lib/python3.10/dist-packages/piper_msgs/msg/_pos_cmd.py'...
[9.005s] Listing '/home/sam/piper_ros/install/piper_msgs/local/lib/python3.10/dist-packages/piper_msgs/srv'...
[9.005s] Compiling '/home/sam/piper_ros/install/piper_msgs/local/lib/python3.10/dist-packages/piper_msgs/srv/__init__.py'...
[9.005s] Compiling '/home/sam/piper_ros/install/piper_msgs/local/lib/python3.10/dist-packages/piper_msgs/srv/_enable.py'...
[9.010s] -- Installing: /home/sam/piper_ros/install/piper_msgs/local/lib/python3.10/dist-packages/piper_msgs/piper_msgs_s__rosidl_typesupport_fastrtps_c.cpython-310-x86_64-linux-gnu.so
[9.011s] -- Set runtime path of "/home/sam/piper_ros/install/piper_msgs/local/lib/python3.10/dist-packages/piper_msgs/piper_msgs_s__rosidl_typesupport_fastrtps_c.cpython-310-x86_64-linux-gnu.so" to ""
[9.011s] -- Installing: /home/sam/piper_ros/install/piper_msgs/local/lib/python3.10/dist-packages/piper_msgs/piper_msgs_s__rosidl_typesupport_introspection_c.cpython-310-x86_64-linux-gnu.so
[9.011s] -- Set runtime path of "/home/sam/piper_ros/install/piper_msgs/local/lib/python3.10/dist-packages/piper_msgs/piper_msgs_s__rosidl_typesupport_introspection_c.cpython-310-x86_64-linux-gnu.so" to ""
[9.012s] -- Installing: /home/sam/piper_ros/install/piper_msgs/local/lib/python3.10/dist-packages/piper_msgs/piper_msgs_s__rosidl_typesupport_c.cpython-310-x86_64-linux-gnu.so
[9.012s] -- Set runtime path of "/home/sam/piper_ros/install/piper_msgs/local/lib/python3.10/dist-packages/piper_msgs/piper_msgs_s__rosidl_typesupport_c.cpython-310-x86_64-linux-gnu.so" to ""
[9.012s] -- Installing: /home/sam/piper_ros/install/piper_msgs/lib/libpiper_msgs__rosidl_generator_py.so
[9.013s] -- Set runtime path of "/home/sam/piper_ros/install/piper_msgs/lib/libpiper_msgs__rosidl_generator_py.so" to ""
[9.013s] -- Installing: /home/sam/piper_ros/install/piper_msgs/share/piper_msgs/msg/PiperStatusMsg.idl
[9.013s] -- Installing: /home/sam/piper_ros/install/piper_msgs/share/piper_msgs/msg/PosCmd.idl
[9.013s] -- Installing: /home/sam/piper_ros/install/piper_msgs/share/piper_msgs/srv/Enable.idl
[9.013s] -- Installing: /home/sam/piper_ros/install/piper_msgs/share/piper_msgs/msg/PiperStatusMsg.msg
[9.014s] -- Installing: /home/sam/piper_ros/install/piper_msgs/share/piper_msgs/msg/PosCmd.msg
[9.014s] -- Installing: /home/sam/piper_ros/install/piper_msgs/share/piper_msgs/srv/Enable.srv
[9.014s] -- Installing: /home/sam/piper_ros/install/piper_msgs/share/piper_msgs/srv/Enable_Request.msg
[9.014s] -- Installing: /home/sam/piper_ros/install/piper_msgs/share/piper_msgs/srv/Enable_Response.msg
[9.014s] -- Installing: /home/sam/piper_ros/install/piper_msgs/share/ament_index/resource_index/package_run_dependencies/piper_msgs
[9.015s] -- Installing: /home/sam/piper_ros/install/piper_msgs/share/ament_index/resource_index/parent_prefix_path/piper_msgs
[9.015s] -- Installing: /home/sam/piper_ros/install/piper_msgs/share/piper_msgs/environment/ament_prefix_path.sh
[9.015s] -- Installing: /home/sam/piper_ros/install/piper_msgs/share/piper_msgs/environment/ament_prefix_path.dsv
[9.015s] -- Installing: /home/sam/piper_ros/install/piper_msgs/share/piper_msgs/environment/path.sh
[9.015s] -- Installing: /home/sam/piper_ros/install/piper_msgs/share/piper_msgs/environment/path.dsv
[9.016s] -- Installing: /home/sam/piper_ros/install/piper_msgs/share/piper_msgs/local_setup.bash
[9.016s] -- Installing: /home/sam/piper_ros/install/piper_msgs/share/piper_msgs/local_setup.sh
[9.016s] -- Installing: /home/sam/piper_ros/install/piper_msgs/share/piper_msgs/local_setup.zsh
[9.016s] -- Installing: /home/sam/piper_ros/install/piper_msgs/share/piper_msgs/local_setup.dsv
[9.016s] -- Installing: /home/sam/piper_ros/install/piper_msgs/share/piper_msgs/package.dsv
[9.017s] -- Installing: /home/sam/piper_ros/install/piper_msgs/share/ament_index/resource_index/packages/piper_msgs
[9.017s] -- Installing: /home/sam/piper_ros/install/piper_msgs/share/piper_msgs/cmake/export_piper_msgs__rosidl_generator_cExport.cmake
[9.017s] -- Installing: /home/sam/piper_ros/install/piper_msgs/share/piper_msgs/cmake/export_piper_msgs__rosidl_generator_cExport-noconfig.cmake
[9.017s] -- Installing: /home/sam/piper_ros/install/piper_msgs/share/piper_msgs/cmake/export_piper_msgs__rosidl_typesupport_fastrtps_cExport.cmake
[9.017s] -- Installing: /home/sam/piper_ros/install/piper_msgs/share/piper_msgs/cmake/export_piper_msgs__rosidl_typesupport_fastrtps_cExport-noconfig.cmake
[9.018s] -- Installing: /home/sam/piper_ros/install/piper_msgs/share/piper_msgs/cmake/piper_msgs__rosidl_typesupport_introspection_cExport.cmake
[9.018s] -- Installing: /home/sam/piper_ros/install/piper_msgs/share/piper_msgs/cmake/piper_msgs__rosidl_typesupport_introspection_cExport-noconfig.cmake
[9.018s] -- Installing: /home/sam/piper_ros/install/piper_msgs/share/piper_msgs/cmake/piper_msgs__rosidl_typesupport_cExport.cmake
[9.018s] -- Installing: /home/sam/piper_ros/install/piper_msgs/share/piper_msgs/cmake/piper_msgs__rosidl_typesupport_cExport-noconfig.cmake
[9.018s] -- Installing: /home/sam/piper_ros/install/piper_msgs/share/piper_msgs/cmake/export_piper_msgs__rosidl_generator_cppExport.cmake
[9.019s] -- Installing: /home/sam/piper_ros/install/piper_msgs/share/piper_msgs/cmake/export_piper_msgs__rosidl_typesupport_fastrtps_cppExport.cmake
[9.019s] -- Installing: /home/sam/piper_ros/install/piper_msgs/share/piper_msgs/cmake/export_piper_msgs__rosidl_typesupport_fastrtps_cppExport-noconfig.cmake
[9.019s] -- Installing: /home/sam/piper_ros/install/piper_msgs/share/piper_msgs/cmake/piper_msgs__rosidl_typesupport_introspection_cppExport.cmake
[9.019s] -- Installing: /home/sam/piper_ros/install/piper_msgs/share/piper_msgs/cmake/piper_msgs__rosidl_typesupport_introspection_cppExport-noconfig.cmake
[9.019s] -- Installing: /home/sam/piper_ros/install/piper_msgs/share/piper_msgs/cmake/piper_msgs__rosidl_typesupport_cppExport.cmake
[9.020s] -- Installing: /home/sam/piper_ros/install/piper_msgs/share/piper_msgs/cmake/piper_msgs__rosidl_typesupport_cppExport-noconfig.cmake
[9.020s] -- Installing: /home/sam/piper_ros/install/piper_msgs/share/piper_msgs/cmake/export_piper_msgs__rosidl_generator_pyExport.cmake
[9.020s] -- Installing: /home/sam/piper_ros/install/piper_msgs/share/piper_msgs/cmake/export_piper_msgs__rosidl_generator_pyExport-noconfig.cmake
[9.020s] -- Installing: /home/sam/piper_ros/install/piper_msgs/share/piper_msgs/cmake/rosidl_cmake-extras.cmake
[9.020s] -- Installing: /home/sam/piper_ros/install/piper_msgs/share/piper_msgs/cmake/ament_cmake_export_include_directories-extras.cmake
[9.021s] -- Installing: /home/sam/piper_ros/install/piper_msgs/share/piper_msgs/cmake/ament_cmake_export_libraries-extras.cmake
[9.021s] -- Installing: /home/sam/piper_ros/install/piper_msgs/share/piper_msgs/cmake/ament_cmake_export_targets-extras.cmake
[9.021s] -- Installing: /home/sam/piper_ros/install/piper_msgs/share/piper_msgs/cmake/rosidl_cmake_export_typesupport_targets-extras.cmake
[9.021s] -- Installing: /home/sam/piper_ros/install/piper_msgs/share/piper_msgs/cmake/ament_cmake_export_dependencies-extras.cmake
[9.021s] -- Installing: /home/sam/piper_ros/install/piper_msgs/share/piper_msgs/cmake/rosidl_cmake_export_typesupport_libraries-extras.cmake
[9.022s] -- Installing: /home/sam/piper_ros/install/piper_msgs/share/piper_msgs/cmake/piper_msgsConfig.cmake
[9.022s] -- Installing: /home/sam/piper_ros/install/piper_msgs/share/piper_msgs/cmake/piper_msgsConfig-version.cmake
[9.022s] -- Installing: /home/sam/piper_ros/install/piper_msgs/share/piper_msgs/package.xml
[9.025s] Invoked command in '/home/sam/piper_ros/build/piper_msgs' returned '0': CMAKE_PREFIX_PATH=/opt/ros/humble /usr/bin/cmake --install /home/sam/piper_ros/build/piper_msgs
