[1.659s] Invoking command in '/home/sam/piper_ros/src/piper': PYTHONPATH=/home/sam/piper_ros/build/piper/prefix_override:/usr/lib/python3/dist-packages/colcon_core/task/python/colcon_distutils_commands:/home/sam/piper_ros/install/piper/lib/python3.10/site-packages:${PYTHONPATH} /usr/bin/python3 -W ignore:setup.py install is deprecated -W ignore:easy_install command is deprecated setup.py egg_info --egg-base ../../build/piper build --build-base /home/sam/piper_ros/build/piper/build install --record /home/sam/piper_ros/build/piper/install.log --single-version-externally-managed install_data
[2.643s] running egg_info
[2.644s] writing ../../build/piper/piper.egg-info/PKG-INFO
[2.645s] writing dependency_links to ../../build/piper/piper.egg-info/dependency_links.txt
[2.645s] writing entry points to ../../build/piper/piper.egg-info/entry_points.txt
[2.645s] writing requirements to ../../build/piper/piper.egg-info/requires.txt
[2.645s] writing top-level names to ../../build/piper/piper.egg-info/top_level.txt
[2.649s] reading manifest file '../../build/piper/piper.egg-info/SOURCES.txt'
[2.649s] adding license file 'LICENSE'
[2.651s] writing manifest file '../../build/piper/piper.egg-info/SOURCES.txt'
[2.651s] running build
[2.651s] running build_py
[2.652s] running install
[2.653s] running install_lib
[2.655s] running install_data
[2.656s] running install_egg_info
[2.659s] removing '/home/sam/piper_ros/install/piper/lib/python3.10/site-packages/piper-0.0.0-py3.10.egg-info' (and everything under it)
[2.660s] Copying ../../build/piper/piper.egg-info to /home/sam/piper_ros/install/piper/lib/python3.10/site-packages/piper-0.0.0-py3.10.egg-info
[2.662s] running install_scripts
[2.709s] Installing piper_ms_ctrl script to /home/sam/piper_ros/install/piper/lib/piper
[2.710s] Installing piper_read_master script to /home/sam/piper_ros/install/piper/lib/piper
[2.711s] Installing piper_single_ctrl script to /home/sam/piper_ros/install/piper/lib/piper
[2.712s] Installing talker script to /home/sam/piper_ros/install/piper/lib/piper
[2.712s] writing list of installed files to '/home/sam/piper_ros/build/piper/install.log'
[2.780s] Invoked command in '/home/sam/piper_ros/src/piper' returned '0': PYTHONPATH=/home/sam/piper_ros/build/piper/prefix_override:/usr/lib/python3/dist-packages/colcon_core/task/python/colcon_distutils_commands:/home/sam/piper_ros/install/piper/lib/python3.10/site-packages:${PYTHONPATH} /usr/bin/python3 -W ignore:setup.py install is deprecated -W ignore:easy_install command is deprecated setup.py egg_info --egg-base ../../build/piper build --build-base /home/sam/piper_ros/build/piper/build install --record /home/sam/piper_ros/build/piper/install.log --single-version-externally-managed install_data
