[0.036s] Invoking command in '/home/sam/piper_ros/build/piper_description': CMAKE_PREFIX_PATH=/opt/ros/humble /usr/bin/cmake /home/sam/piper_ros/src/piper_description -DAMENT_CMAKE_SYMLINK_INSTALL=1 -DCMAKE_INSTALL_PREFIX=/home/sam/piper_ros/install/piper_description
[0.523s] -- Found ament_cmake: 1.3.11 (/opt/ros/humble/share/ament_cmake/cmake)
[0.523s] -- Override CMake install command with custom implementation using symlinks instead of copying resources
[0.523s] -- Found ament_lint_auto: 0.12.11 (/opt/ros/humble/share/ament_lint_auto/cmake)
[0.523s] -- Added test 'copyright' to check source files copyright and LICENSE
[0.524s] -- Added test 'flake8' to check Python code syntax and style conventions
[0.524s] -- Added test 'lint_cmake' to check CMake code style
[0.524s] -- Added test 'pep257' to check Python code against some of the docstring style conventions in PEP 257
[0.524s] -- Added test 'xmllint' to check XML markup files
[0.524s] -- Configuring done
[0.524s] -- Generating done
[0.525s] -- Build files have been written to: /home/sam/piper_ros/build/piper_description
[0.538s] Invoked command in '/home/sam/piper_ros/build/piper_description' returned '0': CMAKE_PREFIX_PATH=/opt/ros/humble /usr/bin/cmake /home/sam/piper_ros/src/piper_description -DAMENT_CMAKE_SYMLINK_INSTALL=1 -DCMAKE_INSTALL_PREFIX=/home/sam/piper_ros/install/piper_description
[0.539s] Invoking command in '/home/sam/piper_ros/build/piper_description': CMAKE_PREFIX_PATH=/opt/ros/humble /usr/bin/cmake --build /home/sam/piper_ros/build/piper_description -- -j4 -l4
[0.609s] Invoked command in '/home/sam/piper_ros/build/piper_description' returned '0': CMAKE_PREFIX_PATH=/opt/ros/humble /usr/bin/cmake --build /home/sam/piper_ros/build/piper_description -- -j4 -l4
[0.634s] Invoking command in '/home/sam/piper_ros/build/piper_description': CMAKE_PREFIX_PATH=/opt/ros/humble /usr/bin/cmake --install /home/sam/piper_ros/build/piper_description
[0.660s] -- Install configuration: ""
[0.661s] -- Execute custom install script
[0.661s] -- Symlinking: /home/sam/piper_ros/install/piper_description/share/piper_description/launch/piper_no_gripper/display_no_gripper_urdf.launch.py
[0.681s] -- Symlinking: /home/sam/piper_ros/install/piper_description/share/piper_description/launch/piper_no_gripper/display_no_gripper_xacro.launch.py
[0.713s] -- Symlinking: /home/sam/piper_ros/install/piper_description/share/piper_description/launch/piper_with_gripper/display_urdf.launch.py
[0.745s] -- Symlinking: /home/sam/piper_ros/install/piper_description/share/piper_description/launch/piper_with_gripper/display_xacro.launch.py
[0.763s] -- Symlinking: /home/sam/piper_ros/install/piper_description/share/piper_description/meshes/base_link.STL
[0.778s] -- Symlinking: /home/sam/piper_ros/install/piper_description/share/piper_description/meshes/gripper_base.STL
[0.796s] -- Symlinking: /home/sam/piper_ros/install/piper_description/share/piper_description/meshes/link1.STL
[0.810s] -- Symlinking: /home/sam/piper_ros/install/piper_description/share/piper_description/meshes/link2.STL
[0.824s] -- Symlinking: /home/sam/piper_ros/install/piper_description/share/piper_description/meshes/link3.STL
[0.841s] -- Symlinking: /home/sam/piper_ros/install/piper_description/share/piper_description/meshes/link4.STL
[0.856s] -- Symlinking: /home/sam/piper_ros/install/piper_description/share/piper_description/meshes/link5.STL
[0.872s] -- Symlinking: /home/sam/piper_ros/install/piper_description/share/piper_description/meshes/link6.STL
[0.887s] -- Symlinking: /home/sam/piper_ros/install/piper_description/share/piper_description/meshes/link7.STL
[0.905s] -- Symlinking: /home/sam/piper_ros/install/piper_description/share/piper_description/meshes/link8.STL
[0.925s] -- Symlinking: /home/sam/piper_ros/install/piper_description/share/piper_description/rviz/piper_ctrl.rviz
[0.957s] -- Symlinking: /home/sam/piper_ros/install/piper_description/share/piper_description/rviz/piper_no_gripper.rviz
[0.966s] -- Symlinking: /home/sam/piper_ros/install/piper_description/share/piper_description/urdf/piper_description.csv
[0.995s] -- Symlinking: /home/sam/piper_ros/install/piper_description/share/piper_description/urdf/piper_description.urdf
[1.026s] -- Symlinking: /home/sam/piper_ros/install/piper_description/share/piper_description/urdf/piper_description.xacro
[1.055s] -- Symlinking: /home/sam/piper_ros/install/piper_description/share/piper_description/urdf/piper_description_gazebo.xacro
[1.105s] -- Symlinking: /home/sam/piper_ros/install/piper_description/share/piper_description/urdf/piper_description_old.urdf
[1.125s] -- Symlinking: /home/sam/piper_ros/install/piper_description/share/piper_description/urdf/piper_no_gripper_description.csv
[1.143s] -- Symlinking: /home/sam/piper_ros/install/piper_description/share/piper_description/urdf/piper_no_gripper_description.urdf
[1.168s] -- Symlinking: /home/sam/piper_ros/install/piper_description/share/piper_description/urdf/piper_no_gripper_description.xacro
[1.181s] -- Symlinking: /home/sam/piper_ros/install/piper_description/share/piper_description/urdf/piper_no_gripper_description_gazebo.xacro
[1.196s] -- Symlinking: /home/sam/piper_ros/install/piper_description/share/piper_description/urdf/piper_no_gripper_description_old.urdf
[1.213s] -- Symlinking: /home/sam/piper_ros/install/piper_description/share/piper_description/mujoco_model/piper_description.xml
[1.242s] -- Symlinking: /home/sam/piper_ros/install/piper_description/share/piper_description/mujoco_model/piper_no_gripper_description.xml
[1.251s] -- Symlinking: /home/sam/piper_ros/install/piper_description/share/ament_index/resource_index/package_run_dependencies/piper_description
[1.266s] -- Symlinking: /home/sam/piper_ros/install/piper_description/share/ament_index/resource_index/parent_prefix_path/piper_description
[1.292s] -- Symlinking: /home/sam/piper_ros/install/piper_description/share/piper_description/environment/ament_prefix_path.sh
[1.323s] -- Symlinking: /home/sam/piper_ros/install/piper_description/share/piper_description/environment/ament_prefix_path.dsv
[1.355s] -- Symlinking: /home/sam/piper_ros/install/piper_description/share/piper_description/environment/path.sh
[1.380s] -- Symlinking: /home/sam/piper_ros/install/piper_description/share/piper_description/environment/path.dsv
[1.408s] -- Symlinking: /home/sam/piper_ros/install/piper_description/share/piper_description/local_setup.bash
[1.422s] -- Symlinking: /home/sam/piper_ros/install/piper_description/share/piper_description/local_setup.sh
[1.450s] -- Symlinking: /home/sam/piper_ros/install/piper_description/share/piper_description/local_setup.zsh
[1.481s] -- Symlinking: /home/sam/piper_ros/install/piper_description/share/piper_description/local_setup.dsv
[1.512s] -- Symlinking: /home/sam/piper_ros/install/piper_description/share/piper_description/package.dsv
[1.548s] -- Symlinking: /home/sam/piper_ros/install/piper_description/share/ament_index/resource_index/packages/piper_description
[1.567s] -- Symlinking: /home/sam/piper_ros/install/piper_description/share/piper_description/cmake/piper_descriptionConfig.cmake
[1.595s] -- Symlinking: /home/sam/piper_ros/install/piper_description/share/piper_description/cmake/piper_descriptionConfig-version.cmake
[1.624s] -- Symlinking: /home/sam/piper_ros/install/piper_description/share/piper_description/package.xml
[1.681s] Invoked command in '/home/sam/piper_ros/build/piper_description' returned '0': CMAKE_PREFIX_PATH=/opt/ros/humble /usr/bin/cmake --install /home/sam/piper_ros/build/piper_description
