[0.144s] DEBUG:colcon:Command line arguments: ['/usr/bin/colcon', 'build']
[0.144s] DEBUG:colcon:Parsed command line arguments: Namespace(log_base=None, log_level=None, verb_name='build', build_base='build', install_base='install', merge_install=False, symlink_install=False, test_result_base=None, continue_on_error=False, executor='parallel', parallel_workers=4, event_handlers=None, ignore_user_meta=False, metas=['./colcon.meta'], base_paths=['.'], packages_ignore=None, packages_ignore_regex=None, paths=None, packages_up_to=None, packages_up_to_regex=None, packages_above=None, packages_above_and_dependencies=None, packages_above_depth=None, packages_select_by_dep=None, packages_skip_by_dep=None, packages_skip_up_to=None, packages_select_build_failed=False, packages_skip_build_finished=False, packages_select_test_failures=False, packages_skip_test_passed=False, packages_select=None, packages_skip=None, packages_select_regex=None, packages_skip_regex=None, packages_start=None, packages_end=None, allow_overriding=[], cmake_args=None, cmake_target=None, cmake_target_skip_unavailable=False, cmake_clean_cache=False, cmake_clean_first=False, cmake_force_configure=False, ament_cmake_args=None, catkin_cmake_args=None, catkin_skip_building_tests=False, verb_parser=<colcon_defaults.argument_parser.defaults.DefaultArgumentsDecorator object at 0x7cc8be375840>, verb_extension=<colcon_core.verb.build.BuildVerb object at 0x7cc8be45b340>, main=<bound method BuildVerb.main of <colcon_core.verb.build.BuildVerb object at 0x7cc8be45b340>>)
[0.375s] Level 1:colcon.colcon_core.package_discovery:discover_packages(colcon_meta) check parameters
[0.375s] Level 1:colcon.colcon_core.package_discovery:discover_packages(recursive) check parameters
[0.375s] Level 1:colcon.colcon_core.package_discovery:discover_packages(ignore) check parameters
[0.375s] Level 1:colcon.colcon_core.package_discovery:discover_packages(path) check parameters
[0.375s] Level 1:colcon.colcon_core.package_discovery:discover_packages(colcon_meta) discover
[0.375s] Level 1:colcon.colcon_core.package_discovery:discover_packages(recursive) discover
[0.375s] INFO:colcon.colcon_core.package_discovery:Crawling recursively for packages in '/home/sam/piper_ros'
[0.376s] Level 1:colcon.colcon_core.package_identification:_identify(.) by extensions ['ignore', 'ignore_ament_install']
[0.376s] Level 1:colcon.colcon_core.package_identification:_identify(.) by extension 'ignore'
[0.376s] Level 1:colcon.colcon_core.package_identification:_identify(.) by extension 'ignore_ament_install'
[0.376s] Level 1:colcon.colcon_core.package_identification:_identify(.) by extensions ['colcon_pkg']
[0.376s] Level 1:colcon.colcon_core.package_identification:_identify(.) by extension 'colcon_pkg'
[0.376s] Level 1:colcon.colcon_core.package_identification:_identify(.) by extensions ['colcon_meta']
[0.376s] Level 1:colcon.colcon_core.package_identification:_identify(.) by extension 'colcon_meta'
[0.376s] Level 1:colcon.colcon_core.package_identification:_identify(.) by extensions ['ros']
[0.376s] Level 1:colcon.colcon_core.package_identification:_identify(.) by extension 'ros'
[0.389s] Level 1:colcon.colcon_core.package_identification:_identify(.) by extensions ['cmake', 'python']
[0.389s] Level 1:colcon.colcon_core.package_identification:_identify(.) by extension 'cmake'
[0.389s] Level 1:colcon.colcon_core.package_identification:_identify(.) by extension 'python'
[0.389s] Level 1:colcon.colcon_core.package_identification:_identify(.) by extensions ['python_setup_py']
[0.389s] Level 1:colcon.colcon_core.package_identification:_identify(.) by extension 'python_setup_py'
[0.389s] Level 1:colcon.colcon_core.package_identification:_identify(asserts) by extensions ['ignore', 'ignore_ament_install']
[0.389s] Level 1:colcon.colcon_core.package_identification:_identify(asserts) by extension 'ignore'
[0.389s] Level 1:colcon.colcon_core.package_identification:_identify(asserts) by extension 'ignore_ament_install'
[0.389s] Level 1:colcon.colcon_core.package_identification:_identify(asserts) by extensions ['colcon_pkg']
[0.389s] Level 1:colcon.colcon_core.package_identification:_identify(asserts) by extension 'colcon_pkg'
[0.389s] Level 1:colcon.colcon_core.package_identification:_identify(asserts) by extensions ['colcon_meta']
[0.389s] Level 1:colcon.colcon_core.package_identification:_identify(asserts) by extension 'colcon_meta'
[0.389s] Level 1:colcon.colcon_core.package_identification:_identify(asserts) by extensions ['ros']
[0.389s] Level 1:colcon.colcon_core.package_identification:_identify(asserts) by extension 'ros'
[0.390s] Level 1:colcon.colcon_core.package_identification:_identify(asserts) by extensions ['cmake', 'python']
[0.390s] Level 1:colcon.colcon_core.package_identification:_identify(asserts) by extension 'cmake'
[0.390s] Level 1:colcon.colcon_core.package_identification:_identify(asserts) by extension 'python'
[0.390s] Level 1:colcon.colcon_core.package_identification:_identify(asserts) by extensions ['python_setup_py']
[0.390s] Level 1:colcon.colcon_core.package_identification:_identify(asserts) by extension 'python_setup_py'
[0.390s] Level 1:colcon.colcon_core.package_identification:_identify(asserts/pictures) by extensions ['ignore', 'ignore_ament_install']
[0.390s] Level 1:colcon.colcon_core.package_identification:_identify(asserts/pictures) by extension 'ignore'
[0.390s] Level 1:colcon.colcon_core.package_identification:_identify(asserts/pictures) by extension 'ignore_ament_install'
[0.390s] Level 1:colcon.colcon_core.package_identification:_identify(asserts/pictures) by extensions ['colcon_pkg']
[0.390s] Level 1:colcon.colcon_core.package_identification:_identify(asserts/pictures) by extension 'colcon_pkg'
[0.390s] Level 1:colcon.colcon_core.package_identification:_identify(asserts/pictures) by extensions ['colcon_meta']
[0.390s] Level 1:colcon.colcon_core.package_identification:_identify(asserts/pictures) by extension 'colcon_meta'
[0.390s] Level 1:colcon.colcon_core.package_identification:_identify(asserts/pictures) by extensions ['ros']
[0.390s] Level 1:colcon.colcon_core.package_identification:_identify(asserts/pictures) by extension 'ros'
[0.390s] Level 1:colcon.colcon_core.package_identification:_identify(asserts/pictures) by extensions ['cmake', 'python']
[0.390s] Level 1:colcon.colcon_core.package_identification:_identify(asserts/pictures) by extension 'cmake'
[0.390s] Level 1:colcon.colcon_core.package_identification:_identify(asserts/pictures) by extension 'python'
[0.390s] Level 1:colcon.colcon_core.package_identification:_identify(asserts/pictures) by extensions ['python_setup_py']
[0.390s] Level 1:colcon.colcon_core.package_identification:_identify(asserts/pictures) by extension 'python_setup_py'
[0.391s] Level 1:colcon.colcon_core.package_identification:_identify(build) by extensions ['ignore', 'ignore_ament_install']
[0.391s] Level 1:colcon.colcon_core.package_identification:_identify(build) by extension 'ignore'
[0.391s] Level 1:colcon.colcon_core.package_identification:_identify(build) ignored
[0.391s] Level 1:colcon.colcon_core.package_identification:_identify(install) by extensions ['ignore', 'ignore_ament_install']
[0.391s] Level 1:colcon.colcon_core.package_identification:_identify(install) by extension 'ignore'
[0.391s] Level 1:colcon.colcon_core.package_identification:_identify(install) ignored
[0.391s] Level 1:colcon.colcon_core.package_identification:_identify(log) by extensions ['ignore', 'ignore_ament_install']
[0.391s] Level 1:colcon.colcon_core.package_identification:_identify(log) by extension 'ignore'
[0.392s] Level 1:colcon.colcon_core.package_identification:_identify(log) ignored
[0.392s] Level 1:colcon.colcon_core.package_identification:_identify(src) by extensions ['ignore', 'ignore_ament_install']
[0.392s] Level 1:colcon.colcon_core.package_identification:_identify(src) by extension 'ignore'
[0.392s] Level 1:colcon.colcon_core.package_identification:_identify(src) by extension 'ignore_ament_install'
[0.392s] Level 1:colcon.colcon_core.package_identification:_identify(src) by extensions ['colcon_pkg']
[0.392s] Level 1:colcon.colcon_core.package_identification:_identify(src) by extension 'colcon_pkg'
[0.392s] Level 1:colcon.colcon_core.package_identification:_identify(src) by extensions ['colcon_meta']
[0.392s] Level 1:colcon.colcon_core.package_identification:_identify(src) by extension 'colcon_meta'
[0.392s] Level 1:colcon.colcon_core.package_identification:_identify(src) by extensions ['ros']
[0.392s] Level 1:colcon.colcon_core.package_identification:_identify(src) by extension 'ros'
[0.392s] Level 1:colcon.colcon_core.package_identification:_identify(src) by extensions ['cmake', 'python']
[0.392s] Level 1:colcon.colcon_core.package_identification:_identify(src) by extension 'cmake'
[0.393s] Level 1:colcon.colcon_core.package_identification:_identify(src) by extension 'python'
[0.393s] Level 1:colcon.colcon_core.package_identification:_identify(src) by extensions ['python_setup_py']
[0.393s] Level 1:colcon.colcon_core.package_identification:_identify(src) by extension 'python_setup_py'
[0.393s] Level 1:colcon.colcon_core.package_identification:_identify(src/piper) by extensions ['ignore', 'ignore_ament_install']
[0.393s] Level 1:colcon.colcon_core.package_identification:_identify(src/piper) by extension 'ignore'
[0.393s] Level 1:colcon.colcon_core.package_identification:_identify(src/piper) by extension 'ignore_ament_install'
[0.393s] Level 1:colcon.colcon_core.package_identification:_identify(src/piper) by extensions ['colcon_pkg']
[0.393s] Level 1:colcon.colcon_core.package_identification:_identify(src/piper) by extension 'colcon_pkg'
[0.393s] Level 1:colcon.colcon_core.package_identification:_identify(src/piper) by extensions ['colcon_meta']
[0.393s] Level 1:colcon.colcon_core.package_identification:_identify(src/piper) by extension 'colcon_meta'
[0.393s] Level 1:colcon.colcon_core.package_identification:_identify(src/piper) by extensions ['ros']
[0.393s] Level 1:colcon.colcon_core.package_identification:_identify(src/piper) by extension 'ros'
[0.398s] DEBUG:colcon.colcon_core.package_identification:Package 'src/piper' with type 'ros.ament_python' and name 'piper'
[0.398s] Level 1:colcon.colcon_core.package_identification:_identify(src/piper_description) by extensions ['ignore', 'ignore_ament_install']
[0.399s] Level 1:colcon.colcon_core.package_identification:_identify(src/piper_description) by extension 'ignore'
[0.399s] Level 1:colcon.colcon_core.package_identification:_identify(src/piper_description) by extension 'ignore_ament_install'
[0.399s] Level 1:colcon.colcon_core.package_identification:_identify(src/piper_description) by extensions ['colcon_pkg']
[0.399s] Level 1:colcon.colcon_core.package_identification:_identify(src/piper_description) by extension 'colcon_pkg'
[0.399s] Level 1:colcon.colcon_core.package_identification:_identify(src/piper_description) by extensions ['colcon_meta']
[0.399s] Level 1:colcon.colcon_core.package_identification:_identify(src/piper_description) by extension 'colcon_meta'
[0.399s] Level 1:colcon.colcon_core.package_identification:_identify(src/piper_description) by extensions ['ros']
[0.399s] Level 1:colcon.colcon_core.package_identification:_identify(src/piper_description) by extension 'ros'
[0.400s] DEBUG:colcon.colcon_core.package_identification:Package 'src/piper_description' with type 'ros.ament_cmake' and name 'piper_description'
[0.400s] Level 1:colcon.colcon_core.package_identification:_identify(src/piper_humble) by extensions ['ignore', 'ignore_ament_install']
[0.400s] Level 1:colcon.colcon_core.package_identification:_identify(src/piper_humble) by extension 'ignore'
[0.400s] Level 1:colcon.colcon_core.package_identification:_identify(src/piper_humble) by extension 'ignore_ament_install'
[0.400s] Level 1:colcon.colcon_core.package_identification:_identify(src/piper_humble) by extensions ['colcon_pkg']
[0.400s] Level 1:colcon.colcon_core.package_identification:_identify(src/piper_humble) by extension 'colcon_pkg'
[0.400s] Level 1:colcon.colcon_core.package_identification:_identify(src/piper_humble) by extensions ['colcon_meta']
[0.400s] Level 1:colcon.colcon_core.package_identification:_identify(src/piper_humble) by extension 'colcon_meta'
[0.400s] Level 1:colcon.colcon_core.package_identification:_identify(src/piper_humble) by extensions ['ros']
[0.400s] Level 1:colcon.colcon_core.package_identification:_identify(src/piper_humble) by extension 'ros'
[0.401s] DEBUG:colcon.colcon_core.package_identification:Package 'src/piper_humble' with type 'ros.ament_cmake' and name 'piper_humble'
[0.401s] Level 1:colcon.colcon_core.package_identification:_identify(src/piper_moveit) by extensions ['ignore', 'ignore_ament_install']
[0.401s] Level 1:colcon.colcon_core.package_identification:_identify(src/piper_moveit) by extension 'ignore'
[0.401s] Level 1:colcon.colcon_core.package_identification:_identify(src/piper_moveit) by extension 'ignore_ament_install'
[0.401s] Level 1:colcon.colcon_core.package_identification:_identify(src/piper_moveit) by extensions ['colcon_pkg']
[0.401s] Level 1:colcon.colcon_core.package_identification:_identify(src/piper_moveit) by extension 'colcon_pkg'
[0.401s] Level 1:colcon.colcon_core.package_identification:_identify(src/piper_moveit) by extensions ['colcon_meta']
[0.401s] Level 1:colcon.colcon_core.package_identification:_identify(src/piper_moveit) by extension 'colcon_meta'
[0.401s] Level 1:colcon.colcon_core.package_identification:_identify(src/piper_moveit) by extensions ['ros']
[0.402s] Level 1:colcon.colcon_core.package_identification:_identify(src/piper_moveit) by extension 'ros'
[0.402s] Level 1:colcon.colcon_core.package_identification:_identify(src/piper_moveit) by extensions ['cmake', 'python']
[0.402s] Level 1:colcon.colcon_core.package_identification:_identify(src/piper_moveit) by extension 'cmake'
[0.402s] Level 1:colcon.colcon_core.package_identification:_identify(src/piper_moveit) by extension 'python'
[0.402s] Level 1:colcon.colcon_core.package_identification:_identify(src/piper_moveit) by extensions ['python_setup_py']
[0.402s] Level 1:colcon.colcon_core.package_identification:_identify(src/piper_moveit) by extension 'python_setup_py'
[0.402s] Level 1:colcon.colcon_core.package_identification:_identify(src/piper_moveit/piper_no_gripper_moveit) by extensions ['ignore', 'ignore_ament_install']
[0.402s] Level 1:colcon.colcon_core.package_identification:_identify(src/piper_moveit/piper_no_gripper_moveit) by extension 'ignore'
[0.402s] Level 1:colcon.colcon_core.package_identification:_identify(src/piper_moveit/piper_no_gripper_moveit) by extension 'ignore_ament_install'
[0.402s] Level 1:colcon.colcon_core.package_identification:_identify(src/piper_moveit/piper_no_gripper_moveit) by extensions ['colcon_pkg']
[0.402s] Level 1:colcon.colcon_core.package_identification:_identify(src/piper_moveit/piper_no_gripper_moveit) by extension 'colcon_pkg'
[0.402s] Level 1:colcon.colcon_core.package_identification:_identify(src/piper_moveit/piper_no_gripper_moveit) by extensions ['colcon_meta']
[0.402s] Level 1:colcon.colcon_core.package_identification:_identify(src/piper_moveit/piper_no_gripper_moveit) by extension 'colcon_meta'
[0.402s] Level 1:colcon.colcon_core.package_identification:_identify(src/piper_moveit/piper_no_gripper_moveit) by extensions ['ros']
[0.403s] Level 1:colcon.colcon_core.package_identification:_identify(src/piper_moveit/piper_no_gripper_moveit) by extension 'ros'
[0.404s] DEBUG:colcon.colcon_core.package_identification:Package 'src/piper_moveit/piper_no_gripper_moveit' with type 'ros.ament_cmake' and name 'piper_no_gripper_moveit'
[0.404s] Level 1:colcon.colcon_core.package_identification:_identify(src/piper_moveit/piper_with_gripper_moveit) by extensions ['ignore', 'ignore_ament_install']
[0.404s] Level 1:colcon.colcon_core.package_identification:_identify(src/piper_moveit/piper_with_gripper_moveit) by extension 'ignore'
[0.404s] Level 1:colcon.colcon_core.package_identification:_identify(src/piper_moveit/piper_with_gripper_moveit) by extension 'ignore_ament_install'
[0.404s] Level 1:colcon.colcon_core.package_identification:_identify(src/piper_moveit/piper_with_gripper_moveit) by extensions ['colcon_pkg']
[0.404s] Level 1:colcon.colcon_core.package_identification:_identify(src/piper_moveit/piper_with_gripper_moveit) by extension 'colcon_pkg'
[0.404s] Level 1:colcon.colcon_core.package_identification:_identify(src/piper_moveit/piper_with_gripper_moveit) by extensions ['colcon_meta']
[0.404s] Level 1:colcon.colcon_core.package_identification:_identify(src/piper_moveit/piper_with_gripper_moveit) by extension 'colcon_meta'
[0.405s] Level 1:colcon.colcon_core.package_identification:_identify(src/piper_moveit/piper_with_gripper_moveit) by extensions ['ros']
[0.405s] Level 1:colcon.colcon_core.package_identification:_identify(src/piper_moveit/piper_with_gripper_moveit) by extension 'ros'
[0.416s] DEBUG:colcon.colcon_core.package_identification:Package 'src/piper_moveit/piper_with_gripper_moveit' with type 'ros.ament_cmake' and name 'piper_with_gripper_moveit'
[0.416s] Level 1:colcon.colcon_core.package_identification:_identify(src/piper_msgs) by extensions ['ignore', 'ignore_ament_install']
[0.417s] Level 1:colcon.colcon_core.package_identification:_identify(src/piper_msgs) by extension 'ignore'
[0.417s] Level 1:colcon.colcon_core.package_identification:_identify(src/piper_msgs) by extension 'ignore_ament_install'
[0.417s] Level 1:colcon.colcon_core.package_identification:_identify(src/piper_msgs) by extensions ['colcon_pkg']
[0.417s] Level 1:colcon.colcon_core.package_identification:_identify(src/piper_msgs) by extension 'colcon_pkg'
[0.417s] Level 1:colcon.colcon_core.package_identification:_identify(src/piper_msgs) by extensions ['colcon_meta']
[0.417s] Level 1:colcon.colcon_core.package_identification:_identify(src/piper_msgs) by extension 'colcon_meta'
[0.417s] Level 1:colcon.colcon_core.package_identification:_identify(src/piper_msgs) by extensions ['ros']
[0.417s] Level 1:colcon.colcon_core.package_identification:_identify(src/piper_msgs) by extension 'ros'
[0.418s] DEBUG:colcon.colcon_core.package_identification:Package 'src/piper_msgs' with type 'ros.ament_cmake' and name 'piper_msgs'
[0.418s] Level 1:colcon.colcon_core.package_identification:_identify(src/piper_sim) by extensions ['ignore', 'ignore_ament_install']
[0.418s] Level 1:colcon.colcon_core.package_identification:_identify(src/piper_sim) by extension 'ignore'
[0.419s] Level 1:colcon.colcon_core.package_identification:_identify(src/piper_sim) by extension 'ignore_ament_install'
[0.419s] Level 1:colcon.colcon_core.package_identification:_identify(src/piper_sim) by extensions ['colcon_pkg']
[0.419s] Level 1:colcon.colcon_core.package_identification:_identify(src/piper_sim) by extension 'colcon_pkg'
[0.419s] Level 1:colcon.colcon_core.package_identification:_identify(src/piper_sim) by extensions ['colcon_meta']
[0.419s] Level 1:colcon.colcon_core.package_identification:_identify(src/piper_sim) by extension 'colcon_meta'
[0.419s] Level 1:colcon.colcon_core.package_identification:_identify(src/piper_sim) by extensions ['ros']
[0.419s] Level 1:colcon.colcon_core.package_identification:_identify(src/piper_sim) by extension 'ros'
[0.419s] Level 1:colcon.colcon_core.package_identification:_identify(src/piper_sim) by extensions ['cmake', 'python']
[0.419s] Level 1:colcon.colcon_core.package_identification:_identify(src/piper_sim) by extension 'cmake'
[0.419s] Level 1:colcon.colcon_core.package_identification:_identify(src/piper_sim) by extension 'python'
[0.419s] Level 1:colcon.colcon_core.package_identification:_identify(src/piper_sim) by extensions ['python_setup_py']
[0.419s] Level 1:colcon.colcon_core.package_identification:_identify(src/piper_sim) by extension 'python_setup_py'
[0.419s] Level 1:colcon.colcon_core.package_identification:_identify(src/piper_sim/piper_gazebo) by extensions ['ignore', 'ignore_ament_install']
[0.420s] Level 1:colcon.colcon_core.package_identification:_identify(src/piper_sim/piper_gazebo) by extension 'ignore'
[0.420s] Level 1:colcon.colcon_core.package_identification:_identify(src/piper_sim/piper_gazebo) by extension 'ignore_ament_install'
[0.420s] Level 1:colcon.colcon_core.package_identification:_identify(src/piper_sim/piper_gazebo) by extensions ['colcon_pkg']
[0.420s] Level 1:colcon.colcon_core.package_identification:_identify(src/piper_sim/piper_gazebo) by extension 'colcon_pkg'
[0.420s] Level 1:colcon.colcon_core.package_identification:_identify(src/piper_sim/piper_gazebo) by extensions ['colcon_meta']
[0.420s] Level 1:colcon.colcon_core.package_identification:_identify(src/piper_sim/piper_gazebo) by extension 'colcon_meta'
[0.420s] Level 1:colcon.colcon_core.package_identification:_identify(src/piper_sim/piper_gazebo) by extensions ['ros']
[0.420s] Level 1:colcon.colcon_core.package_identification:_identify(src/piper_sim/piper_gazebo) by extension 'ros'
[0.420s] DEBUG:colcon.colcon_core.package_identification:Package 'src/piper_sim/piper_gazebo' with type 'ros.ament_cmake' and name 'piper_gazebo'
[0.421s] Level 1:colcon.colcon_core.package_identification:_identify(src/piper_sim/piper_mujoco) by extensions ['ignore', 'ignore_ament_install']
[0.421s] Level 1:colcon.colcon_core.package_identification:_identify(src/piper_sim/piper_mujoco) by extension 'ignore'
[0.421s] Level 1:colcon.colcon_core.package_identification:_identify(src/piper_sim/piper_mujoco) by extension 'ignore_ament_install'
[0.421s] Level 1:colcon.colcon_core.package_identification:_identify(src/piper_sim/piper_mujoco) by extensions ['colcon_pkg']
[0.421s] Level 1:colcon.colcon_core.package_identification:_identify(src/piper_sim/piper_mujoco) by extension 'colcon_pkg'
[0.421s] Level 1:colcon.colcon_core.package_identification:_identify(src/piper_sim/piper_mujoco) by extensions ['colcon_meta']
[0.421s] Level 1:colcon.colcon_core.package_identification:_identify(src/piper_sim/piper_mujoco) by extension 'colcon_meta'
[0.421s] Level 1:colcon.colcon_core.package_identification:_identify(src/piper_sim/piper_mujoco) by extensions ['ros']
[0.421s] Level 1:colcon.colcon_core.package_identification:_identify(src/piper_sim/piper_mujoco) by extension 'ros'
[0.422s] DEBUG:colcon.colcon_core.package_identification:Package 'src/piper_sim/piper_mujoco' with type 'ros.ament_cmake' and name 'piper_mujoco'
[0.422s] Level 1:colcon.colcon_core.package_discovery:discover_packages(recursive) using defaults
[0.422s] Level 1:colcon.colcon_core.package_discovery:discover_packages(ignore) discover
[0.422s] Level 1:colcon.colcon_core.package_discovery:discover_packages(ignore) using defaults
[0.422s] Level 1:colcon.colcon_core.package_discovery:discover_packages(path) discover
[0.422s] Level 1:colcon.colcon_core.package_discovery:discover_packages(path) using defaults
[0.449s] Level 1:colcon.colcon_core.package_discovery:discover_packages(prefix_path) check parameters
[0.449s] Level 1:colcon.colcon_core.package_discovery:discover_packages(prefix_path) discover
[0.452s] DEBUG:colcon.colcon_installed_package_information.package_discovery:Found 8 installed packages in /home/sam/piper_ros/install
[0.454s] DEBUG:colcon.colcon_installed_package_information.package_discovery:Found 316 installed packages in /opt/ros/humble
[0.456s] Level 1:colcon.colcon_core.package_discovery:discover_packages(prefix_path) using defaults
[0.516s] Level 5:colcon.colcon_core.verb:set package 'piper' build argument 'cmake_args' from command line to 'None'
[0.516s] Level 5:colcon.colcon_core.verb:set package 'piper' build argument 'cmake_target' from command line to 'None'
[0.516s] Level 5:colcon.colcon_core.verb:set package 'piper' build argument 'cmake_target_skip_unavailable' from command line to 'False'
[0.516s] Level 5:colcon.colcon_core.verb:set package 'piper' build argument 'cmake_clean_cache' from command line to 'False'
[0.516s] Level 5:colcon.colcon_core.verb:set package 'piper' build argument 'cmake_clean_first' from command line to 'False'
[0.516s] Level 5:colcon.colcon_core.verb:set package 'piper' build argument 'cmake_force_configure' from command line to 'False'
[0.516s] Level 5:colcon.colcon_core.verb:set package 'piper' build argument 'ament_cmake_args' from command line to 'None'
[0.516s] Level 5:colcon.colcon_core.verb:set package 'piper' build argument 'catkin_cmake_args' from command line to 'None'
[0.516s] Level 5:colcon.colcon_core.verb:set package 'piper' build argument 'catkin_skip_building_tests' from command line to 'False'
[0.516s] DEBUG:colcon.colcon_core.verb:Building package 'piper' with the following arguments: {'ament_cmake_args': None, 'build_base': '/home/sam/piper_ros/build/piper', 'catkin_cmake_args': None, 'catkin_skip_building_tests': False, 'cmake_args': None, 'cmake_clean_cache': False, 'cmake_clean_first': False, 'cmake_force_configure': False, 'cmake_target': None, 'cmake_target_skip_unavailable': False, 'install_base': '/home/sam/piper_ros/install/piper', 'merge_install': False, 'path': '/home/sam/piper_ros/src/piper', 'symlink_install': False, 'test_result_base': None}
[0.517s] Level 5:colcon.colcon_core.verb:set package 'piper_description' build argument 'cmake_args' from command line to 'None'
[0.517s] Level 5:colcon.colcon_core.verb:set package 'piper_description' build argument 'cmake_target' from command line to 'None'
[0.517s] Level 5:colcon.colcon_core.verb:set package 'piper_description' build argument 'cmake_target_skip_unavailable' from command line to 'False'
[0.517s] Level 5:colcon.colcon_core.verb:set package 'piper_description' build argument 'cmake_clean_cache' from command line to 'False'
[0.517s] Level 5:colcon.colcon_core.verb:set package 'piper_description' build argument 'cmake_clean_first' from command line to 'False'
[0.517s] Level 5:colcon.colcon_core.verb:set package 'piper_description' build argument 'cmake_force_configure' from command line to 'False'
[0.517s] Level 5:colcon.colcon_core.verb:set package 'piper_description' build argument 'ament_cmake_args' from command line to 'None'
[0.517s] Level 5:colcon.colcon_core.verb:set package 'piper_description' build argument 'catkin_cmake_args' from command line to 'None'
[0.517s] Level 5:colcon.colcon_core.verb:set package 'piper_description' build argument 'catkin_skip_building_tests' from command line to 'False'
[0.517s] DEBUG:colcon.colcon_core.verb:Building package 'piper_description' with the following arguments: {'ament_cmake_args': None, 'build_base': '/home/sam/piper_ros/build/piper_description', 'catkin_cmake_args': None, 'catkin_skip_building_tests': False, 'cmake_args': None, 'cmake_clean_cache': False, 'cmake_clean_first': False, 'cmake_force_configure': False, 'cmake_target': None, 'cmake_target_skip_unavailable': False, 'install_base': '/home/sam/piper_ros/install/piper_description', 'merge_install': False, 'path': '/home/sam/piper_ros/src/piper_description', 'symlink_install': False, 'test_result_base': None}
[0.518s] Level 5:colcon.colcon_core.verb:set package 'piper_gazebo' build argument 'cmake_args' from command line to 'None'
[0.518s] Level 5:colcon.colcon_core.verb:set package 'piper_gazebo' build argument 'cmake_target' from command line to 'None'
[0.518s] Level 5:colcon.colcon_core.verb:set package 'piper_gazebo' build argument 'cmake_target_skip_unavailable' from command line to 'False'
[0.518s] Level 5:colcon.colcon_core.verb:set package 'piper_gazebo' build argument 'cmake_clean_cache' from command line to 'False'
[0.518s] Level 5:colcon.colcon_core.verb:set package 'piper_gazebo' build argument 'cmake_clean_first' from command line to 'False'
[0.518s] Level 5:colcon.colcon_core.verb:set package 'piper_gazebo' build argument 'cmake_force_configure' from command line to 'False'
[0.518s] Level 5:colcon.colcon_core.verb:set package 'piper_gazebo' build argument 'ament_cmake_args' from command line to 'None'
[0.518s] Level 5:colcon.colcon_core.verb:set package 'piper_gazebo' build argument 'catkin_cmake_args' from command line to 'None'
[0.518s] Level 5:colcon.colcon_core.verb:set package 'piper_gazebo' build argument 'catkin_skip_building_tests' from command line to 'False'
[0.518s] DEBUG:colcon.colcon_core.verb:Building package 'piper_gazebo' with the following arguments: {'ament_cmake_args': None, 'build_base': '/home/sam/piper_ros/build/piper_gazebo', 'catkin_cmake_args': None, 'catkin_skip_building_tests': False, 'cmake_args': None, 'cmake_clean_cache': False, 'cmake_clean_first': False, 'cmake_force_configure': False, 'cmake_target': None, 'cmake_target_skip_unavailable': False, 'install_base': '/home/sam/piper_ros/install/piper_gazebo', 'merge_install': False, 'path': '/home/sam/piper_ros/src/piper_sim/piper_gazebo', 'symlink_install': False, 'test_result_base': None}
[0.518s] Level 5:colcon.colcon_core.verb:set package 'piper_humble' build argument 'cmake_args' from command line to 'None'
[0.518s] Level 5:colcon.colcon_core.verb:set package 'piper_humble' build argument 'cmake_target' from command line to 'None'
[0.518s] Level 5:colcon.colcon_core.verb:set package 'piper_humble' build argument 'cmake_target_skip_unavailable' from command line to 'False'
[0.518s] Level 5:colcon.colcon_core.verb:set package 'piper_humble' build argument 'cmake_clean_cache' from command line to 'False'
[0.518s] Level 5:colcon.colcon_core.verb:set package 'piper_humble' build argument 'cmake_clean_first' from command line to 'False'
[0.519s] Level 5:colcon.colcon_core.verb:set package 'piper_humble' build argument 'cmake_force_configure' from command line to 'False'
[0.519s] Level 5:colcon.colcon_core.verb:set package 'piper_humble' build argument 'ament_cmake_args' from command line to 'None'
[0.519s] Level 5:colcon.colcon_core.verb:set package 'piper_humble' build argument 'catkin_cmake_args' from command line to 'None'
[0.519s] Level 5:colcon.colcon_core.verb:set package 'piper_humble' build argument 'catkin_skip_building_tests' from command line to 'False'
[0.519s] DEBUG:colcon.colcon_core.verb:Building package 'piper_humble' with the following arguments: {'ament_cmake_args': None, 'build_base': '/home/sam/piper_ros/build/piper_humble', 'catkin_cmake_args': None, 'catkin_skip_building_tests': False, 'cmake_args': None, 'cmake_clean_cache': False, 'cmake_clean_first': False, 'cmake_force_configure': False, 'cmake_target': None, 'cmake_target_skip_unavailable': False, 'install_base': '/home/sam/piper_ros/install/piper_humble', 'merge_install': False, 'path': '/home/sam/piper_ros/src/piper_humble', 'symlink_install': False, 'test_result_base': None}
[0.519s] Level 5:colcon.colcon_core.verb:set package 'piper_msgs' build argument 'cmake_args' from command line to 'None'
[0.519s] Level 5:colcon.colcon_core.verb:set package 'piper_msgs' build argument 'cmake_target' from command line to 'None'
[0.519s] Level 5:colcon.colcon_core.verb:set package 'piper_msgs' build argument 'cmake_target_skip_unavailable' from command line to 'False'
[0.519s] Level 5:colcon.colcon_core.verb:set package 'piper_msgs' build argument 'cmake_clean_cache' from command line to 'False'
[0.519s] Level 5:colcon.colcon_core.verb:set package 'piper_msgs' build argument 'cmake_clean_first' from command line to 'False'
[0.519s] Level 5:colcon.colcon_core.verb:set package 'piper_msgs' build argument 'cmake_force_configure' from command line to 'False'
[0.519s] Level 5:colcon.colcon_core.verb:set package 'piper_msgs' build argument 'ament_cmake_args' from command line to 'None'
[0.519s] Level 5:colcon.colcon_core.verb:set package 'piper_msgs' build argument 'catkin_cmake_args' from command line to 'None'
[0.519s] Level 5:colcon.colcon_core.verb:set package 'piper_msgs' build argument 'catkin_skip_building_tests' from command line to 'False'
[0.519s] DEBUG:colcon.colcon_core.verb:Building package 'piper_msgs' with the following arguments: {'ament_cmake_args': None, 'build_base': '/home/sam/piper_ros/build/piper_msgs', 'catkin_cmake_args': None, 'catkin_skip_building_tests': False, 'cmake_args': None, 'cmake_clean_cache': False, 'cmake_clean_first': False, 'cmake_force_configure': False, 'cmake_target': None, 'cmake_target_skip_unavailable': False, 'install_base': '/home/sam/piper_ros/install/piper_msgs', 'merge_install': False, 'path': '/home/sam/piper_ros/src/piper_msgs', 'symlink_install': False, 'test_result_base': None}
[0.520s] Level 5:colcon.colcon_core.verb:set package 'piper_mujoco' build argument 'cmake_args' from command line to 'None'
[0.520s] Level 5:colcon.colcon_core.verb:set package 'piper_mujoco' build argument 'cmake_target' from command line to 'None'
[0.520s] Level 5:colcon.colcon_core.verb:set package 'piper_mujoco' build argument 'cmake_target_skip_unavailable' from command line to 'False'
[0.520s] Level 5:colcon.colcon_core.verb:set package 'piper_mujoco' build argument 'cmake_clean_cache' from command line to 'False'
[0.520s] Level 5:colcon.colcon_core.verb:set package 'piper_mujoco' build argument 'cmake_clean_first' from command line to 'False'
[0.520s] Level 5:colcon.colcon_core.verb:set package 'piper_mujoco' build argument 'cmake_force_configure' from command line to 'False'
[0.520s] Level 5:colcon.colcon_core.verb:set package 'piper_mujoco' build argument 'ament_cmake_args' from command line to 'None'
[0.520s] Level 5:colcon.colcon_core.verb:set package 'piper_mujoco' build argument 'catkin_cmake_args' from command line to 'None'
[0.520s] Level 5:colcon.colcon_core.verb:set package 'piper_mujoco' build argument 'catkin_skip_building_tests' from command line to 'False'
[0.520s] DEBUG:colcon.colcon_core.verb:Building package 'piper_mujoco' with the following arguments: {'ament_cmake_args': None, 'build_base': '/home/sam/piper_ros/build/piper_mujoco', 'catkin_cmake_args': None, 'catkin_skip_building_tests': False, 'cmake_args': None, 'cmake_clean_cache': False, 'cmake_clean_first': False, 'cmake_force_configure': False, 'cmake_target': None, 'cmake_target_skip_unavailable': False, 'install_base': '/home/sam/piper_ros/install/piper_mujoco', 'merge_install': False, 'path': '/home/sam/piper_ros/src/piper_sim/piper_mujoco', 'symlink_install': False, 'test_result_base': None}
[0.520s] Level 5:colcon.colcon_core.verb:set package 'piper_no_gripper_moveit' build argument 'cmake_args' from command line to 'None'
[0.521s] Level 5:colcon.colcon_core.verb:set package 'piper_no_gripper_moveit' build argument 'cmake_target' from command line to 'None'
[0.521s] Level 5:colcon.colcon_core.verb:set package 'piper_no_gripper_moveit' build argument 'cmake_target_skip_unavailable' from command line to 'False'
[0.521s] Level 5:colcon.colcon_core.verb:set package 'piper_no_gripper_moveit' build argument 'cmake_clean_cache' from command line to 'False'
[0.521s] Level 5:colcon.colcon_core.verb:set package 'piper_no_gripper_moveit' build argument 'cmake_clean_first' from command line to 'False'
[0.521s] Level 5:colcon.colcon_core.verb:set package 'piper_no_gripper_moveit' build argument 'cmake_force_configure' from command line to 'False'
[0.521s] Level 5:colcon.colcon_core.verb:set package 'piper_no_gripper_moveit' build argument 'ament_cmake_args' from command line to 'None'
[0.521s] Level 5:colcon.colcon_core.verb:set package 'piper_no_gripper_moveit' build argument 'catkin_cmake_args' from command line to 'None'
[0.521s] Level 5:colcon.colcon_core.verb:set package 'piper_no_gripper_moveit' build argument 'catkin_skip_building_tests' from command line to 'False'
[0.521s] DEBUG:colcon.colcon_core.verb:Building package 'piper_no_gripper_moveit' with the following arguments: {'ament_cmake_args': None, 'build_base': '/home/sam/piper_ros/build/piper_no_gripper_moveit', 'catkin_cmake_args': None, 'catkin_skip_building_tests': False, 'cmake_args': None, 'cmake_clean_cache': False, 'cmake_clean_first': False, 'cmake_force_configure': False, 'cmake_target': None, 'cmake_target_skip_unavailable': False, 'install_base': '/home/sam/piper_ros/install/piper_no_gripper_moveit', 'merge_install': False, 'path': '/home/sam/piper_ros/src/piper_moveit/piper_no_gripper_moveit', 'symlink_install': False, 'test_result_base': None}
[0.521s] Level 5:colcon.colcon_core.verb:set package 'piper_with_gripper_moveit' build argument 'cmake_args' from command line to 'None'
[0.521s] Level 5:colcon.colcon_core.verb:set package 'piper_with_gripper_moveit' build argument 'cmake_target' from command line to 'None'
[0.521s] Level 5:colcon.colcon_core.verb:set package 'piper_with_gripper_moveit' build argument 'cmake_target_skip_unavailable' from command line to 'False'
[0.521s] Level 5:colcon.colcon_core.verb:set package 'piper_with_gripper_moveit' build argument 'cmake_clean_cache' from command line to 'False'
[0.521s] Level 5:colcon.colcon_core.verb:set package 'piper_with_gripper_moveit' build argument 'cmake_clean_first' from command line to 'False'
[0.521s] Level 5:colcon.colcon_core.verb:set package 'piper_with_gripper_moveit' build argument 'cmake_force_configure' from command line to 'False'
[0.521s] Level 5:colcon.colcon_core.verb:set package 'piper_with_gripper_moveit' build argument 'ament_cmake_args' from command line to 'None'
[0.521s] Level 5:colcon.colcon_core.verb:set package 'piper_with_gripper_moveit' build argument 'catkin_cmake_args' from command line to 'None'
[0.521s] Level 5:colcon.colcon_core.verb:set package 'piper_with_gripper_moveit' build argument 'catkin_skip_building_tests' from command line to 'False'
[0.522s] DEBUG:colcon.colcon_core.verb:Building package 'piper_with_gripper_moveit' with the following arguments: {'ament_cmake_args': None, 'build_base': '/home/sam/piper_ros/build/piper_with_gripper_moveit', 'catkin_cmake_args': None, 'catkin_skip_building_tests': False, 'cmake_args': None, 'cmake_clean_cache': False, 'cmake_clean_first': False, 'cmake_force_configure': False, 'cmake_target': None, 'cmake_target_skip_unavailable': False, 'install_base': '/home/sam/piper_ros/install/piper_with_gripper_moveit', 'merge_install': False, 'path': '/home/sam/piper_ros/src/piper_moveit/piper_with_gripper_moveit', 'symlink_install': False, 'test_result_base': None}
[0.522s] INFO:colcon.colcon_core.executor:Executing jobs using 'parallel' executor
[0.523s] DEBUG:colcon.colcon_parallel_executor.executor.parallel:run_until_complete
[0.523s] INFO:colcon.colcon_ros.task.ament_cmake.build:Building ROS package in '/home/sam/piper_ros/src/piper_description' with build type 'ament_cmake'
[0.523s] INFO:colcon.colcon_cmake.task.cmake.build:Building CMake package in '/home/sam/piper_ros/src/piper_description'
[0.526s] INFO:colcon.colcon_core.plugin_system:Skipping extension 'colcon_core.shell.bat': Not used on non-Windows systems
[0.527s] INFO:colcon.colcon_core.shell:Skip shell extension 'powershell' for command environment: Not usable outside of PowerShell
[0.527s] DEBUG:colcon.colcon_core.shell:Skip shell extension 'dsv' for command environment
[0.531s] INFO:colcon.colcon_ros.task.ament_python.build:Building ROS package in '/home/sam/piper_ros/src/piper' with build type 'ament_python'
[0.531s] Level 1:colcon.colcon_core.shell:create_environment_hook('piper', 'ament_prefix_path')
[0.532s] INFO:colcon.colcon_core.shell:Creating environment hook '/home/sam/piper_ros/install/piper/share/piper/hook/ament_prefix_path.ps1'
[0.533s] INFO:colcon.colcon_core.shell:Creating environment descriptor '/home/sam/piper_ros/install/piper/share/piper/hook/ament_prefix_path.dsv'
[0.534s] INFO:colcon.colcon_core.shell:Creating environment hook '/home/sam/piper_ros/install/piper/share/piper/hook/ament_prefix_path.sh'
[0.535s] INFO:colcon.colcon_core.shell:Skip shell extension 'powershell' for command environment: Not usable outside of PowerShell
[0.535s] DEBUG:colcon.colcon_core.shell:Skip shell extension 'dsv' for command environment
[0.540s] INFO:colcon.colcon_ros.task.ament_cmake.build:Building ROS package in '/home/sam/piper_ros/src/piper_sim/piper_gazebo' with build type 'ament_cmake'
[0.541s] INFO:colcon.colcon_cmake.task.cmake.build:Building CMake package in '/home/sam/piper_ros/src/piper_sim/piper_gazebo'
[0.541s] INFO:colcon.colcon_core.shell:Skip shell extension 'powershell' for command environment: Not usable outside of PowerShell
[0.541s] DEBUG:colcon.colcon_core.shell:Skip shell extension 'dsv' for command environment
[0.546s] INFO:colcon.colcon_ros.task.ament_cmake.build:Building ROS package in '/home/sam/piper_ros/src/piper_humble' with build type 'ament_cmake'
[0.546s] INFO:colcon.colcon_cmake.task.cmake.build:Building CMake package in '/home/sam/piper_ros/src/piper_humble'
[0.547s] INFO:colcon.colcon_core.shell:Skip shell extension 'powershell' for command environment: Not usable outside of PowerShell
[0.547s] DEBUG:colcon.colcon_core.shell:Skip shell extension 'dsv' for command environment
[0.561s] DEBUG:colcon.colcon_core.event_handler.log_command:Invoking command in '/home/sam/piper_ros/build/piper_description': CMAKE_PREFIX_PATH=${CMAKE_PREFIX_PATH}:/home/sam/piper_ros/install/piper:/opt/ros/humble /usr/bin/cmake --build /home/sam/piper_ros/build/piper_description -- -j4 -l4
[0.900s] INFO:colcon.colcon_core.task.python.build:Building Python package in '/home/sam/piper_ros/src/piper'
[0.901s] INFO:colcon.colcon_core.shell:Skip shell extension 'powershell' for command environment: Not usable outside of PowerShell
[0.901s] DEBUG:colcon.colcon_core.shell:Skip shell extension 'dsv' for command environment
[0.909s] DEBUG:colcon.colcon_core.event_handler.log_command:Invoking command in '/home/sam/piper_ros/build/piper_gazebo': CMAKE_PREFIX_PATH=${CMAKE_PREFIX_PATH}:/home/sam/piper_ros/install/piper:/opt/ros/humble /usr/bin/cmake --build /home/sam/piper_ros/build/piper_gazebo -- -j4 -l4
[0.917s] DEBUG:colcon.colcon_core.event_handler.log_command:Invoking command in '/home/sam/piper_ros/build/piper_humble': CMAKE_PREFIX_PATH=${CMAKE_PREFIX_PATH}:/home/sam/piper_ros/install/piper:/opt/ros/humble /usr/bin/cmake --build /home/sam/piper_ros/build/piper_humble -- -j4 -l4
[0.917s] DEBUG:colcon.colcon_core.event_handler.log_command:Invoked command in '/home/sam/piper_ros/build/piper_description' returned '0': CMAKE_PREFIX_PATH=${CMAKE_PREFIX_PATH}:/home/sam/piper_ros/install/piper:/opt/ros/humble /usr/bin/cmake --build /home/sam/piper_ros/build/piper_description -- -j4 -l4
[0.931s] DEBUG:colcon.colcon_core.event_handler.log_command:Invoking command in '/home/sam/piper_ros/build/piper_description': CMAKE_PREFIX_PATH=${CMAKE_PREFIX_PATH}:/home/sam/piper_ros/install/piper:/opt/ros/humble /usr/bin/cmake --install /home/sam/piper_ros/build/piper_description
[0.953s] Level 1:colcon.colcon_core.environment:create_environment_scripts_only(piper_description)
[0.963s] Level 1:colcon.colcon_core.environment:checking '/home/sam/piper_ros/install/piper_description' for CMake module files
[0.966s] Level 1:colcon.colcon_core.environment:checking '/home/sam/piper_ros/install/piper_description' for CMake config files
[0.967s] Level 1:colcon.colcon_core.shell:create_environment_hook('piper_description', 'cmake_prefix_path')
[0.967s] INFO:colcon.colcon_core.shell:Creating environment hook '/home/sam/piper_ros/install/piper_description/share/piper_description/hook/cmake_prefix_path.ps1'
[0.970s] DEBUG:colcon.colcon_core.event_handler.log_command:Invoked command in '/home/sam/piper_ros/build/piper_description' returned '0': CMAKE_PREFIX_PATH=${CMAKE_PREFIX_PATH}:/home/sam/piper_ros/install/piper:/opt/ros/humble /usr/bin/cmake --install /home/sam/piper_ros/build/piper_description
[0.972s] INFO:colcon.colcon_core.shell:Creating environment descriptor '/home/sam/piper_ros/install/piper_description/share/piper_description/hook/cmake_prefix_path.dsv'
[0.973s] INFO:colcon.colcon_core.shell:Creating environment hook '/home/sam/piper_ros/install/piper_description/share/piper_description/hook/cmake_prefix_path.sh'
[0.974s] Level 1:colcon.colcon_core.environment:checking '/home/sam/piper_ros/install/piper_description/bin'
[0.974s] Level 1:colcon.colcon_core.environment:checking '/home/sam/piper_ros/install/piper_description/lib/pkgconfig/piper_description.pc'
[0.975s] Level 1:colcon.colcon_core.environment:checking '/home/sam/piper_ros/install/piper_description/lib/python3.10/site-packages'
[0.978s] Level 1:colcon.colcon_core.environment:checking '/home/sam/piper_ros/install/piper_description/bin'
[0.978s] INFO:colcon.colcon_core.shell:Creating package script '/home/sam/piper_ros/install/piper_description/share/piper_description/package.ps1'
[0.983s] INFO:colcon.colcon_core.shell:Creating package descriptor '/home/sam/piper_ros/install/piper_description/share/piper_description/package.dsv'
[0.984s] INFO:colcon.colcon_core.shell:Creating package script '/home/sam/piper_ros/install/piper_description/share/piper_description/package.sh'
[0.985s] INFO:colcon.colcon_core.shell:Creating package script '/home/sam/piper_ros/install/piper_description/share/piper_description/package.bash'
[0.987s] INFO:colcon.colcon_core.shell:Creating package script '/home/sam/piper_ros/install/piper_description/share/piper_description/package.zsh'
[0.989s] Level 1:colcon.colcon_core.environment:create_file_with_runtime_dependencies(/home/sam/piper_ros/install/piper_description/share/colcon-core/packages/piper_description)
[0.990s] Level 1:colcon.colcon_core.environment:create_environment_scripts_only(piper_description)
[0.990s] Level 1:colcon.colcon_core.environment:checking '/home/sam/piper_ros/install/piper_description' for CMake module files
[0.991s] Level 1:colcon.colcon_core.environment:checking '/home/sam/piper_ros/install/piper_description' for CMake config files
[0.992s] Level 1:colcon.colcon_core.shell:create_environment_hook('piper_description', 'cmake_prefix_path')
[0.992s] INFO:colcon.colcon_core.shell:Creating environment hook '/home/sam/piper_ros/install/piper_description/share/piper_description/hook/cmake_prefix_path.ps1'
[0.993s] INFO:colcon.colcon_core.shell:Creating environment descriptor '/home/sam/piper_ros/install/piper_description/share/piper_description/hook/cmake_prefix_path.dsv'
[0.994s] INFO:colcon.colcon_core.shell:Creating environment hook '/home/sam/piper_ros/install/piper_description/share/piper_description/hook/cmake_prefix_path.sh'
[0.995s] Level 1:colcon.colcon_core.environment:checking '/home/sam/piper_ros/install/piper_description/bin'
[0.995s] Level 1:colcon.colcon_core.environment:checking '/home/sam/piper_ros/install/piper_description/lib/pkgconfig/piper_description.pc'
[0.995s] Level 1:colcon.colcon_core.environment:checking '/home/sam/piper_ros/install/piper_description/lib/python3.10/site-packages'
[0.996s] Level 1:colcon.colcon_core.environment:checking '/home/sam/piper_ros/install/piper_description/bin'
[0.996s] INFO:colcon.colcon_core.shell:Creating package script '/home/sam/piper_ros/install/piper_description/share/piper_description/package.ps1'
[0.997s] INFO:colcon.colcon_core.shell:Creating package descriptor '/home/sam/piper_ros/install/piper_description/share/piper_description/package.dsv'
[0.998s] INFO:colcon.colcon_core.shell:Creating package script '/home/sam/piper_ros/install/piper_description/share/piper_description/package.sh'
[0.999s] INFO:colcon.colcon_core.shell:Creating package script '/home/sam/piper_ros/install/piper_description/share/piper_description/package.bash'
[1.000s] INFO:colcon.colcon_core.shell:Creating package script '/home/sam/piper_ros/install/piper_description/share/piper_description/package.zsh'
[1.000s] Level 1:colcon.colcon_core.environment:create_file_with_runtime_dependencies(/home/sam/piper_ros/install/piper_description/share/colcon-core/packages/piper_description)
[1.001s] INFO:colcon.colcon_ros.task.ament_cmake.build:Building ROS package in '/home/sam/piper_ros/src/piper_msgs' with build type 'ament_cmake'
[1.001s] INFO:colcon.colcon_cmake.task.cmake.build:Building CMake package in '/home/sam/piper_ros/src/piper_msgs'
[1.002s] INFO:colcon.colcon_core.shell:Skip shell extension 'powershell' for command environment: Not usable outside of PowerShell
[1.002s] DEBUG:colcon.colcon_core.shell:Skip shell extension 'dsv' for command environment
[1.011s] DEBUG:colcon.colcon_core.event_handler.log_command:Invoked command in '/home/sam/piper_ros/build/piper_gazebo' returned '0': CMAKE_PREFIX_PATH=${CMAKE_PREFIX_PATH}:/home/sam/piper_ros/install/piper:/opt/ros/humble /usr/bin/cmake --build /home/sam/piper_ros/build/piper_gazebo -- -j4 -l4
[1.013s] DEBUG:colcon.colcon_core.event_handler.log_command:Invoking command in '/home/sam/piper_ros/build/piper_gazebo': CMAKE_PREFIX_PATH=${CMAKE_PREFIX_PATH}:/home/sam/piper_ros/install/piper:/opt/ros/humble /usr/bin/cmake --install /home/sam/piper_ros/build/piper_gazebo
[1.018s] DEBUG:colcon.colcon_core.event_handler.log_command:Invoked command in '/home/sam/piper_ros/build/piper_humble' returned '0': CMAKE_PREFIX_PATH=${CMAKE_PREFIX_PATH}:/home/sam/piper_ros/install/piper:/opt/ros/humble /usr/bin/cmake --build /home/sam/piper_ros/build/piper_humble -- -j4 -l4
[1.020s] DEBUG:colcon.colcon_core.event_handler.log_command:Invoking command in '/home/sam/piper_ros/build/piper_humble': CMAKE_PREFIX_PATH=${CMAKE_PREFIX_PATH}:/home/sam/piper_ros/install/piper:/opt/ros/humble /usr/bin/cmake --install /home/sam/piper_ros/build/piper_humble
[1.023s] DEBUG:colcon.colcon_core.event_handler.log_command:Invoking command in '/home/sam/piper_ros/build/piper_msgs': CMAKE_PREFIX_PATH=${CMAKE_PREFIX_PATH}:/home/sam/piper_ros/install/piper:/opt/ros/humble /usr/bin/cmake --build /home/sam/piper_ros/build/piper_msgs -- -j4 -l4
[1.033s] Level 1:colcon.colcon_core.environment:create_environment_scripts_only(piper_gazebo)
[1.035s] Level 1:colcon.colcon_core.environment:checking '/home/sam/piper_ros/install/piper_gazebo' for CMake module files
[1.036s] Level 1:colcon.colcon_core.environment:checking '/home/sam/piper_ros/install/piper_gazebo' for CMake config files
[1.037s] Level 1:colcon.colcon_core.shell:create_environment_hook('piper_gazebo', 'cmake_prefix_path')
[1.037s] INFO:colcon.colcon_core.shell:Creating environment hook '/home/sam/piper_ros/install/piper_gazebo/share/piper_gazebo/hook/cmake_prefix_path.ps1'
[1.041s] INFO:colcon.colcon_core.shell:Creating environment descriptor '/home/sam/piper_ros/install/piper_gazebo/share/piper_gazebo/hook/cmake_prefix_path.dsv'
[1.043s] INFO:colcon.colcon_core.shell:Creating environment hook '/home/sam/piper_ros/install/piper_gazebo/share/piper_gazebo/hook/cmake_prefix_path.sh'
[1.046s] DEBUG:colcon.colcon_core.event_handler.log_command:Invoked command in '/home/sam/piper_ros/build/piper_gazebo' returned '0': CMAKE_PREFIX_PATH=${CMAKE_PREFIX_PATH}:/home/sam/piper_ros/install/piper:/opt/ros/humble /usr/bin/cmake --install /home/sam/piper_ros/build/piper_gazebo
[1.046s] Level 1:colcon.colcon_core.environment:checking '/home/sam/piper_ros/install/piper_gazebo/lib'
[1.047s] Level 1:colcon.colcon_core.environment:checking '/home/sam/piper_ros/install/piper_gazebo/bin'
[1.047s] Level 1:colcon.colcon_core.environment:checking '/home/sam/piper_ros/install/piper_gazebo/lib/pkgconfig/piper_gazebo.pc'
[1.047s] Level 1:colcon.colcon_core.environment:checking '/home/sam/piper_ros/install/piper_gazebo/lib/python3.10/site-packages'
[1.047s] Level 1:colcon.colcon_core.environment:checking '/home/sam/piper_ros/install/piper_gazebo/bin'
[1.048s] INFO:colcon.colcon_core.shell:Creating package script '/home/sam/piper_ros/install/piper_gazebo/share/piper_gazebo/package.ps1'
[1.048s] INFO:colcon.colcon_core.shell:Creating package descriptor '/home/sam/piper_ros/install/piper_gazebo/share/piper_gazebo/package.dsv'
[1.049s] INFO:colcon.colcon_core.shell:Creating package script '/home/sam/piper_ros/install/piper_gazebo/share/piper_gazebo/package.sh'
[1.050s] INFO:colcon.colcon_core.shell:Creating package script '/home/sam/piper_ros/install/piper_gazebo/share/piper_gazebo/package.bash'
[1.051s] INFO:colcon.colcon_core.shell:Creating package script '/home/sam/piper_ros/install/piper_gazebo/share/piper_gazebo/package.zsh'
[1.052s] Level 1:colcon.colcon_core.environment:create_file_with_runtime_dependencies(/home/sam/piper_ros/install/piper_gazebo/share/colcon-core/packages/piper_gazebo)
[1.053s] Level 1:colcon.colcon_core.environment:create_environment_scripts_only(piper_gazebo)
[1.054s] Level 1:colcon.colcon_core.environment:checking '/home/sam/piper_ros/install/piper_gazebo' for CMake module files
[1.055s] Level 1:colcon.colcon_core.environment:checking '/home/sam/piper_ros/install/piper_gazebo' for CMake config files
[1.055s] Level 1:colcon.colcon_core.shell:create_environment_hook('piper_gazebo', 'cmake_prefix_path')
[1.056s] INFO:colcon.colcon_core.shell:Creating environment hook '/home/sam/piper_ros/install/piper_gazebo/share/piper_gazebo/hook/cmake_prefix_path.ps1'
[1.057s] INFO:colcon.colcon_core.shell:Creating environment descriptor '/home/sam/piper_ros/install/piper_gazebo/share/piper_gazebo/hook/cmake_prefix_path.dsv'
[1.058s] INFO:colcon.colcon_core.shell:Creating environment hook '/home/sam/piper_ros/install/piper_gazebo/share/piper_gazebo/hook/cmake_prefix_path.sh'
[1.059s] Level 1:colcon.colcon_core.environment:checking '/home/sam/piper_ros/install/piper_gazebo/lib'
[1.059s] Level 1:colcon.colcon_core.environment:checking '/home/sam/piper_ros/install/piper_gazebo/bin'
[1.059s] Level 1:colcon.colcon_core.environment:checking '/home/sam/piper_ros/install/piper_gazebo/lib/pkgconfig/piper_gazebo.pc'
[1.060s] Level 1:colcon.colcon_core.environment:checking '/home/sam/piper_ros/install/piper_gazebo/lib/python3.10/site-packages'
[1.060s] Level 1:colcon.colcon_core.environment:checking '/home/sam/piper_ros/install/piper_gazebo/bin'
[1.061s] INFO:colcon.colcon_core.shell:Creating package script '/home/sam/piper_ros/install/piper_gazebo/share/piper_gazebo/package.ps1'
[1.062s] INFO:colcon.colcon_core.shell:Creating package descriptor '/home/sam/piper_ros/install/piper_gazebo/share/piper_gazebo/package.dsv'
[1.063s] INFO:colcon.colcon_core.shell:Creating package script '/home/sam/piper_ros/install/piper_gazebo/share/piper_gazebo/package.sh'
[1.064s] INFO:colcon.colcon_core.shell:Creating package script '/home/sam/piper_ros/install/piper_gazebo/share/piper_gazebo/package.bash'
[1.065s] INFO:colcon.colcon_core.shell:Creating package script '/home/sam/piper_ros/install/piper_gazebo/share/piper_gazebo/package.zsh'
[1.066s] Level 1:colcon.colcon_core.environment:create_file_with_runtime_dependencies(/home/sam/piper_ros/install/piper_gazebo/share/colcon-core/packages/piper_gazebo)
[1.067s] INFO:colcon.colcon_ros.task.ament_cmake.build:Building ROS package in '/home/sam/piper_ros/src/piper_sim/piper_mujoco' with build type 'ament_cmake'
[1.067s] INFO:colcon.colcon_cmake.task.cmake.build:Building CMake package in '/home/sam/piper_ros/src/piper_sim/piper_mujoco'
[1.068s] INFO:colcon.colcon_core.shell:Skip shell extension 'powershell' for command environment: Not usable outside of PowerShell
[1.068s] DEBUG:colcon.colcon_core.shell:Skip shell extension 'dsv' for command environment
[1.074s] Level 1:colcon.colcon_core.environment:create_environment_scripts_only(piper_humble)
[1.075s] Level 1:colcon.colcon_core.environment:checking '/home/sam/piper_ros/install/piper_humble' for CMake module files
[1.076s] DEBUG:colcon.colcon_core.event_handler.log_command:Invoked command in '/home/sam/piper_ros/build/piper_humble' returned '0': CMAKE_PREFIX_PATH=${CMAKE_PREFIX_PATH}:/home/sam/piper_ros/install/piper:/opt/ros/humble /usr/bin/cmake --install /home/sam/piper_ros/build/piper_humble
[1.077s] Level 1:colcon.colcon_core.environment:checking '/home/sam/piper_ros/install/piper_humble' for CMake config files
[1.077s] Level 1:colcon.colcon_core.shell:create_environment_hook('piper_humble', 'cmake_prefix_path')
[1.078s] INFO:colcon.colcon_core.shell:Creating environment hook '/home/sam/piper_ros/install/piper_humble/share/piper_humble/hook/cmake_prefix_path.ps1'
[1.079s] INFO:colcon.colcon_core.shell:Creating environment descriptor '/home/sam/piper_ros/install/piper_humble/share/piper_humble/hook/cmake_prefix_path.dsv'
[1.080s] INFO:colcon.colcon_core.shell:Creating environment hook '/home/sam/piper_ros/install/piper_humble/share/piper_humble/hook/cmake_prefix_path.sh'
[1.081s] Level 1:colcon.colcon_core.environment:checking '/home/sam/piper_ros/install/piper_humble/bin'
[1.081s] Level 1:colcon.colcon_core.environment:checking '/home/sam/piper_ros/install/piper_humble/lib/pkgconfig/piper_humble.pc'
[1.081s] Level 1:colcon.colcon_core.environment:checking '/home/sam/piper_ros/install/piper_humble/lib/python3.10/site-packages'
[1.082s] Level 1:colcon.colcon_core.environment:checking '/home/sam/piper_ros/install/piper_humble/bin'
[1.084s] INFO:colcon.colcon_core.shell:Creating package script '/home/sam/piper_ros/install/piper_humble/share/piper_humble/package.ps1'
[1.085s] INFO:colcon.colcon_core.shell:Creating package descriptor '/home/sam/piper_ros/install/piper_humble/share/piper_humble/package.dsv'
[1.086s] INFO:colcon.colcon_core.shell:Creating package script '/home/sam/piper_ros/install/piper_humble/share/piper_humble/package.sh'
[1.087s] INFO:colcon.colcon_core.shell:Creating package script '/home/sam/piper_ros/install/piper_humble/share/piper_humble/package.bash'
[1.087s] INFO:colcon.colcon_core.shell:Creating package script '/home/sam/piper_ros/install/piper_humble/share/piper_humble/package.zsh'
[1.088s] Level 1:colcon.colcon_core.environment:create_file_with_runtime_dependencies(/home/sam/piper_ros/install/piper_humble/share/colcon-core/packages/piper_humble)
[1.089s] Level 1:colcon.colcon_core.environment:create_environment_scripts_only(piper_humble)
[1.090s] Level 1:colcon.colcon_core.environment:checking '/home/sam/piper_ros/install/piper_humble' for CMake module files
[1.090s] Level 1:colcon.colcon_core.environment:checking '/home/sam/piper_ros/install/piper_humble' for CMake config files
[1.091s] Level 1:colcon.colcon_core.shell:create_environment_hook('piper_humble', 'cmake_prefix_path')
[1.094s] INFO:colcon.colcon_core.shell:Creating environment hook '/home/sam/piper_ros/install/piper_humble/share/piper_humble/hook/cmake_prefix_path.ps1'
[1.095s] INFO:colcon.colcon_core.shell:Creating environment descriptor '/home/sam/piper_ros/install/piper_humble/share/piper_humble/hook/cmake_prefix_path.dsv'
[1.096s] INFO:colcon.colcon_core.shell:Creating environment hook '/home/sam/piper_ros/install/piper_humble/share/piper_humble/hook/cmake_prefix_path.sh'
[1.097s] Level 1:colcon.colcon_core.environment:checking '/home/sam/piper_ros/install/piper_humble/bin'
[1.097s] Level 1:colcon.colcon_core.environment:checking '/home/sam/piper_ros/install/piper_humble/lib/pkgconfig/piper_humble.pc'
[1.098s] Level 1:colcon.colcon_core.environment:checking '/home/sam/piper_ros/install/piper_humble/lib/python3.10/site-packages'
[1.098s] Level 1:colcon.colcon_core.environment:checking '/home/sam/piper_ros/install/piper_humble/bin'
[1.099s] INFO:colcon.colcon_core.shell:Creating package script '/home/sam/piper_ros/install/piper_humble/share/piper_humble/package.ps1'
[1.100s] INFO:colcon.colcon_core.shell:Creating package descriptor '/home/sam/piper_ros/install/piper_humble/share/piper_humble/package.dsv'
[1.101s] INFO:colcon.colcon_core.shell:Creating package script '/home/sam/piper_ros/install/piper_humble/share/piper_humble/package.sh'
[1.102s] INFO:colcon.colcon_core.shell:Creating package script '/home/sam/piper_ros/install/piper_humble/share/piper_humble/package.bash'
[1.103s] INFO:colcon.colcon_core.shell:Creating package script '/home/sam/piper_ros/install/piper_humble/share/piper_humble/package.zsh'
[1.105s] Level 1:colcon.colcon_core.environment:create_file_with_runtime_dependencies(/home/sam/piper_ros/install/piper_humble/share/colcon-core/packages/piper_humble)
[1.106s] INFO:colcon.colcon_ros.task.ament_cmake.build:Building ROS package in '/home/sam/piper_ros/src/piper_moveit/piper_no_gripper_moveit' with build type 'ament_cmake'
[1.107s] INFO:colcon.colcon_cmake.task.cmake.build:Building CMake package in '/home/sam/piper_ros/src/piper_moveit/piper_no_gripper_moveit'
[1.107s] INFO:colcon.colcon_core.shell:Skip shell extension 'powershell' for command environment: Not usable outside of PowerShell
[1.107s] DEBUG:colcon.colcon_core.shell:Skip shell extension 'dsv' for command environment
[1.123s] DEBUG:colcon.colcon_core.event_handler.log_command:Invoking command in '/home/sam/piper_ros/build/piper_mujoco': CMAKE_PREFIX_PATH=${CMAKE_PREFIX_PATH}:/home/sam/piper_ros/install/piper:/opt/ros/humble /usr/bin/cmake --build /home/sam/piper_ros/build/piper_mujoco -- -j4 -l4
[1.139s] DEBUG:colcon.colcon_core.event_handler.log_command:Invoking command in '/home/sam/piper_ros/build/piper_no_gripper_moveit': CMAKE_PREFIX_PATH=/home/sam/piper_ros/install/piper_description:/home/sam/piper_ros/install/piper_with_gripper_moveit:/home/sam/piper_ros/install/piper_no_gripper_moveit:/home/sam/piper_ros/install/piper_mujoco:/home/sam/piper_ros/install/piper_msgs:/home/sam/piper_ros/install/piper_humble:/home/sam/piper_ros/install/piper_gazebo:/home/sam/piper_ros/install/piper:/opt/ros/humble /usr/bin/cmake --build /home/sam/piper_ros/build/piper_no_gripper_moveit -- -j4 -l4
[1.231s] DEBUG:colcon.colcon_core.event_handler.log_command:Invoked command in '/home/sam/piper_ros/build/piper_no_gripper_moveit' returned '0': CMAKE_PREFIX_PATH=/home/sam/piper_ros/install/piper_description:/home/sam/piper_ros/install/piper_with_gripper_moveit:/home/sam/piper_ros/install/piper_no_gripper_moveit:/home/sam/piper_ros/install/piper_mujoco:/home/sam/piper_ros/install/piper_msgs:/home/sam/piper_ros/install/piper_humble:/home/sam/piper_ros/install/piper_gazebo:/home/sam/piper_ros/install/piper:/opt/ros/humble /usr/bin/cmake --build /home/sam/piper_ros/build/piper_no_gripper_moveit -- -j4 -l4
[1.236s] DEBUG:colcon.colcon_core.event_handler.log_command:Invoking command in '/home/sam/piper_ros/build/piper_no_gripper_moveit': CMAKE_PREFIX_PATH=/home/sam/piper_ros/install/piper_description:/home/sam/piper_ros/install/piper_with_gripper_moveit:/home/sam/piper_ros/install/piper_no_gripper_moveit:/home/sam/piper_ros/install/piper_mujoco:/home/sam/piper_ros/install/piper_msgs:/home/sam/piper_ros/install/piper_humble:/home/sam/piper_ros/install/piper_gazebo:/home/sam/piper_ros/install/piper:/opt/ros/humble /usr/bin/cmake --install /home/sam/piper_ros/build/piper_no_gripper_moveit
[1.247s] DEBUG:colcon.colcon_core.event_handler.log_command:Invoked command in '/home/sam/piper_ros/build/piper_mujoco' returned '0': CMAKE_PREFIX_PATH=${CMAKE_PREFIX_PATH}:/home/sam/piper_ros/install/piper:/opt/ros/humble /usr/bin/cmake --build /home/sam/piper_ros/build/piper_mujoco -- -j4 -l4
[1.249s] DEBUG:colcon.colcon_core.event_handler.log_command:Invoking command in '/home/sam/piper_ros/build/piper_mujoco': CMAKE_PREFIX_PATH=${CMAKE_PREFIX_PATH}:/home/sam/piper_ros/install/piper:/opt/ros/humble /usr/bin/cmake --install /home/sam/piper_ros/build/piper_mujoco
[1.259s] Level 1:colcon.colcon_core.environment:create_environment_scripts_only(piper_no_gripper_moveit)
[1.260s] Level 1:colcon.colcon_core.environment:checking '/home/sam/piper_ros/install/piper_no_gripper_moveit' for CMake module files
[1.261s] Level 1:colcon.colcon_core.environment:checking '/home/sam/piper_ros/install/piper_no_gripper_moveit' for CMake config files
[1.261s] Level 1:colcon.colcon_core.shell:create_environment_hook('piper_no_gripper_moveit', 'cmake_prefix_path')
[1.262s] INFO:colcon.colcon_core.shell:Creating environment hook '/home/sam/piper_ros/install/piper_no_gripper_moveit/share/piper_no_gripper_moveit/hook/cmake_prefix_path.ps1'
[1.263s] DEBUG:colcon.colcon_core.event_handler.log_command:Invoked command in '/home/sam/piper_ros/build/piper_no_gripper_moveit' returned '0': CMAKE_PREFIX_PATH=/home/sam/piper_ros/install/piper_description:/home/sam/piper_ros/install/piper_with_gripper_moveit:/home/sam/piper_ros/install/piper_no_gripper_moveit:/home/sam/piper_ros/install/piper_mujoco:/home/sam/piper_ros/install/piper_msgs:/home/sam/piper_ros/install/piper_humble:/home/sam/piper_ros/install/piper_gazebo:/home/sam/piper_ros/install/piper:/opt/ros/humble /usr/bin/cmake --install /home/sam/piper_ros/build/piper_no_gripper_moveit
[1.266s] INFO:colcon.colcon_core.shell:Creating environment descriptor '/home/sam/piper_ros/install/piper_no_gripper_moveit/share/piper_no_gripper_moveit/hook/cmake_prefix_path.dsv'
[1.267s] INFO:colcon.colcon_core.shell:Creating environment hook '/home/sam/piper_ros/install/piper_no_gripper_moveit/share/piper_no_gripper_moveit/hook/cmake_prefix_path.sh'
[1.269s] Level 1:colcon.colcon_core.environment:checking '/home/sam/piper_ros/install/piper_no_gripper_moveit/bin'
[1.269s] Level 1:colcon.colcon_core.environment:checking '/home/sam/piper_ros/install/piper_no_gripper_moveit/lib/pkgconfig/piper_no_gripper_moveit.pc'
[1.270s] Level 1:colcon.colcon_core.environment:checking '/home/sam/piper_ros/install/piper_no_gripper_moveit/lib/python3.10/site-packages'
[1.270s] Level 1:colcon.colcon_core.environment:checking '/home/sam/piper_ros/install/piper_no_gripper_moveit/bin'
[1.271s] INFO:colcon.colcon_core.shell:Creating package script '/home/sam/piper_ros/install/piper_no_gripper_moveit/share/piper_no_gripper_moveit/package.ps1'
[1.272s] INFO:colcon.colcon_core.shell:Creating package descriptor '/home/sam/piper_ros/install/piper_no_gripper_moveit/share/piper_no_gripper_moveit/package.dsv'
[1.281s] INFO:colcon.colcon_core.shell:Creating package script '/home/sam/piper_ros/install/piper_no_gripper_moveit/share/piper_no_gripper_moveit/package.sh'
[1.282s] INFO:colcon.colcon_core.shell:Creating package script '/home/sam/piper_ros/install/piper_no_gripper_moveit/share/piper_no_gripper_moveit/package.bash'
[1.282s] INFO:colcon.colcon_core.shell:Creating package script '/home/sam/piper_ros/install/piper_no_gripper_moveit/share/piper_no_gripper_moveit/package.zsh'
[1.286s] Level 1:colcon.colcon_core.environment:create_file_with_runtime_dependencies(/home/sam/piper_ros/install/piper_no_gripper_moveit/share/colcon-core/packages/piper_no_gripper_moveit)
[1.287s] Level 1:colcon.colcon_core.environment:create_environment_scripts_only(piper_no_gripper_moveit)
[1.288s] Level 1:colcon.colcon_core.environment:checking '/home/sam/piper_ros/install/piper_no_gripper_moveit' for CMake module files
[1.289s] Level 1:colcon.colcon_core.environment:checking '/home/sam/piper_ros/install/piper_no_gripper_moveit' for CMake config files
[1.291s] Level 1:colcon.colcon_core.shell:create_environment_hook('piper_no_gripper_moveit', 'cmake_prefix_path')
[1.292s] INFO:colcon.colcon_core.shell:Creating environment hook '/home/sam/piper_ros/install/piper_no_gripper_moveit/share/piper_no_gripper_moveit/hook/cmake_prefix_path.ps1'
[1.293s] INFO:colcon.colcon_core.shell:Creating environment descriptor '/home/sam/piper_ros/install/piper_no_gripper_moveit/share/piper_no_gripper_moveit/hook/cmake_prefix_path.dsv'
[1.294s] INFO:colcon.colcon_core.shell:Creating environment hook '/home/sam/piper_ros/install/piper_no_gripper_moveit/share/piper_no_gripper_moveit/hook/cmake_prefix_path.sh'
[1.296s] Level 1:colcon.colcon_core.environment:checking '/home/sam/piper_ros/install/piper_no_gripper_moveit/bin'
[1.296s] Level 1:colcon.colcon_core.environment:checking '/home/sam/piper_ros/install/piper_no_gripper_moveit/lib/pkgconfig/piper_no_gripper_moveit.pc'
[1.296s] Level 1:colcon.colcon_core.environment:checking '/home/sam/piper_ros/install/piper_no_gripper_moveit/lib/python3.10/site-packages'
[1.297s] Level 1:colcon.colcon_core.environment:checking '/home/sam/piper_ros/install/piper_no_gripper_moveit/bin'
[1.297s] INFO:colcon.colcon_core.shell:Creating package script '/home/sam/piper_ros/install/piper_no_gripper_moveit/share/piper_no_gripper_moveit/package.ps1'
[1.298s] INFO:colcon.colcon_core.shell:Creating package descriptor '/home/sam/piper_ros/install/piper_no_gripper_moveit/share/piper_no_gripper_moveit/package.dsv'
[1.299s] INFO:colcon.colcon_core.shell:Creating package script '/home/sam/piper_ros/install/piper_no_gripper_moveit/share/piper_no_gripper_moveit/package.sh'
[1.300s] INFO:colcon.colcon_core.shell:Creating package script '/home/sam/piper_ros/install/piper_no_gripper_moveit/share/piper_no_gripper_moveit/package.bash'
[1.301s] INFO:colcon.colcon_core.shell:Creating package script '/home/sam/piper_ros/install/piper_no_gripper_moveit/share/piper_no_gripper_moveit/package.zsh'
[1.302s] Level 1:colcon.colcon_core.environment:create_file_with_runtime_dependencies(/home/sam/piper_ros/install/piper_no_gripper_moveit/share/colcon-core/packages/piper_no_gripper_moveit)
[1.304s] INFO:colcon.colcon_ros.task.ament_cmake.build:Building ROS package in '/home/sam/piper_ros/src/piper_moveit/piper_with_gripper_moveit' with build type 'ament_cmake'
[1.304s] INFO:colcon.colcon_cmake.task.cmake.build:Building CMake package in '/home/sam/piper_ros/src/piper_moveit/piper_with_gripper_moveit'
[1.305s] INFO:colcon.colcon_core.shell:Skip shell extension 'powershell' for command environment: Not usable outside of PowerShell
[1.305s] DEBUG:colcon.colcon_core.shell:Skip shell extension 'dsv' for command environment
[1.317s] Level 1:colcon.colcon_core.environment:create_environment_scripts_only(piper_mujoco)
[1.318s] Level 1:colcon.colcon_core.environment:checking '/home/sam/piper_ros/install/piper_mujoco' for CMake module files
[1.319s] Level 1:colcon.colcon_core.environment:checking '/home/sam/piper_ros/install/piper_mujoco' for CMake config files
[1.317s] DEBUG:colcon.colcon_core.event_handler.log_command:Invoked command in '/home/sam/piper_ros/build/piper_mujoco' returned '0': CMAKE_PREFIX_PATH=${CMAKE_PREFIX_PATH}:/home/sam/piper_ros/install/piper:/opt/ros/humble /usr/bin/cmake --install /home/sam/piper_ros/build/piper_mujoco
[1.320s] Level 1:colcon.colcon_core.shell:create_environment_hook('piper_mujoco', 'cmake_prefix_path')
[1.320s] INFO:colcon.colcon_core.shell:Creating environment hook '/home/sam/piper_ros/install/piper_mujoco/share/piper_mujoco/hook/cmake_prefix_path.ps1'
[1.321s] INFO:colcon.colcon_core.shell:Creating environment descriptor '/home/sam/piper_ros/install/piper_mujoco/share/piper_mujoco/hook/cmake_prefix_path.dsv'
[1.322s] INFO:colcon.colcon_core.shell:Creating environment hook '/home/sam/piper_ros/install/piper_mujoco/share/piper_mujoco/hook/cmake_prefix_path.sh'
[1.323s] Level 1:colcon.colcon_core.environment:checking '/home/sam/piper_ros/install/piper_mujoco/lib'
[1.323s] Level 1:colcon.colcon_core.environment:checking '/home/sam/piper_ros/install/piper_mujoco/bin'
[1.323s] Level 1:colcon.colcon_core.environment:checking '/home/sam/piper_ros/install/piper_mujoco/lib/pkgconfig/piper_mujoco.pc'
[1.324s] Level 1:colcon.colcon_core.environment:checking '/home/sam/piper_ros/install/piper_mujoco/lib/python3.10/site-packages'
[1.324s] Level 1:colcon.colcon_core.environment:checking '/home/sam/piper_ros/install/piper_mujoco/bin'
[1.325s] INFO:colcon.colcon_core.shell:Creating package script '/home/sam/piper_ros/install/piper_mujoco/share/piper_mujoco/package.ps1'
[1.326s] INFO:colcon.colcon_core.shell:Creating package descriptor '/home/sam/piper_ros/install/piper_mujoco/share/piper_mujoco/package.dsv'
[1.327s] INFO:colcon.colcon_core.shell:Creating package script '/home/sam/piper_ros/install/piper_mujoco/share/piper_mujoco/package.sh'
[1.328s] INFO:colcon.colcon_core.shell:Creating package script '/home/sam/piper_ros/install/piper_mujoco/share/piper_mujoco/package.bash'
[1.330s] INFO:colcon.colcon_core.shell:Creating package script '/home/sam/piper_ros/install/piper_mujoco/share/piper_mujoco/package.zsh'
[1.331s] Level 1:colcon.colcon_core.environment:create_file_with_runtime_dependencies(/home/sam/piper_ros/install/piper_mujoco/share/colcon-core/packages/piper_mujoco)
[1.332s] Level 1:colcon.colcon_core.environment:create_environment_scripts_only(piper_mujoco)
[1.333s] Level 1:colcon.colcon_core.environment:checking '/home/sam/piper_ros/install/piper_mujoco' for CMake module files
[1.337s] Level 1:colcon.colcon_core.environment:checking '/home/sam/piper_ros/install/piper_mujoco' for CMake config files
[1.338s] Level 1:colcon.colcon_core.shell:create_environment_hook('piper_mujoco', 'cmake_prefix_path')
[1.338s] INFO:colcon.colcon_core.shell:Creating environment hook '/home/sam/piper_ros/install/piper_mujoco/share/piper_mujoco/hook/cmake_prefix_path.ps1'
[1.339s] INFO:colcon.colcon_core.shell:Creating environment descriptor '/home/sam/piper_ros/install/piper_mujoco/share/piper_mujoco/hook/cmake_prefix_path.dsv'
[1.340s] INFO:colcon.colcon_core.shell:Creating environment hook '/home/sam/piper_ros/install/piper_mujoco/share/piper_mujoco/hook/cmake_prefix_path.sh'
[1.341s] Level 1:colcon.colcon_core.environment:checking '/home/sam/piper_ros/install/piper_mujoco/lib'
[1.341s] Level 1:colcon.colcon_core.environment:checking '/home/sam/piper_ros/install/piper_mujoco/bin'
[1.341s] Level 1:colcon.colcon_core.environment:checking '/home/sam/piper_ros/install/piper_mujoco/lib/pkgconfig/piper_mujoco.pc'
[1.342s] Level 1:colcon.colcon_core.environment:checking '/home/sam/piper_ros/install/piper_mujoco/lib/python3.10/site-packages'
[1.342s] Level 1:colcon.colcon_core.environment:checking '/home/sam/piper_ros/install/piper_mujoco/bin'
[1.343s] INFO:colcon.colcon_core.shell:Creating package script '/home/sam/piper_ros/install/piper_mujoco/share/piper_mujoco/package.ps1'
[1.344s] INFO:colcon.colcon_core.shell:Creating package descriptor '/home/sam/piper_ros/install/piper_mujoco/share/piper_mujoco/package.dsv'
[1.345s] INFO:colcon.colcon_core.shell:Creating package script '/home/sam/piper_ros/install/piper_mujoco/share/piper_mujoco/package.sh'
[1.346s] INFO:colcon.colcon_core.shell:Creating package script '/home/sam/piper_ros/install/piper_mujoco/share/piper_mujoco/package.bash'
[1.347s] INFO:colcon.colcon_core.shell:Creating package script '/home/sam/piper_ros/install/piper_mujoco/share/piper_mujoco/package.zsh'
[1.348s] Level 1:colcon.colcon_core.environment:create_file_with_runtime_dependencies(/home/sam/piper_ros/install/piper_mujoco/share/colcon-core/packages/piper_mujoco)
[1.353s] DEBUG:colcon.colcon_core.event_handler.log_command:Invoking command in '/home/sam/piper_ros/build/piper_with_gripper_moveit': CMAKE_PREFIX_PATH=/home/sam/piper_ros/install/piper_description:/home/sam/piper_ros/install/piper_with_gripper_moveit:/home/sam/piper_ros/install/piper_no_gripper_moveit:/home/sam/piper_ros/install/piper_mujoco:/home/sam/piper_ros/install/piper_msgs:/home/sam/piper_ros/install/piper_humble:/home/sam/piper_ros/install/piper_gazebo:/home/sam/piper_ros/install/piper:/opt/ros/humble /usr/bin/cmake --build /home/sam/piper_ros/build/piper_with_gripper_moveit -- -j4 -l4
[1.428s] DEBUG:colcon.colcon_core.event_handler.log_command:Invoked command in '/home/sam/piper_ros/build/piper_with_gripper_moveit' returned '0': CMAKE_PREFIX_PATH=/home/sam/piper_ros/install/piper_description:/home/sam/piper_ros/install/piper_with_gripper_moveit:/home/sam/piper_ros/install/piper_no_gripper_moveit:/home/sam/piper_ros/install/piper_mujoco:/home/sam/piper_ros/install/piper_msgs:/home/sam/piper_ros/install/piper_humble:/home/sam/piper_ros/install/piper_gazebo:/home/sam/piper_ros/install/piper:/opt/ros/humble /usr/bin/cmake --build /home/sam/piper_ros/build/piper_with_gripper_moveit -- -j4 -l4
[1.429s] DEBUG:colcon.colcon_core.event_handler.log_command:Invoking command in '/home/sam/piper_ros/build/piper_with_gripper_moveit': CMAKE_PREFIX_PATH=/home/sam/piper_ros/install/piper_description:/home/sam/piper_ros/install/piper_with_gripper_moveit:/home/sam/piper_ros/install/piper_no_gripper_moveit:/home/sam/piper_ros/install/piper_mujoco:/home/sam/piper_ros/install/piper_msgs:/home/sam/piper_ros/install/piper_humble:/home/sam/piper_ros/install/piper_gazebo:/home/sam/piper_ros/install/piper:/opt/ros/humble /usr/bin/cmake --install /home/sam/piper_ros/build/piper_with_gripper_moveit
[1.459s] Level 1:colcon.colcon_core.environment:create_environment_scripts_only(piper_with_gripper_moveit)
[1.460s] Level 1:colcon.colcon_core.environment:checking '/home/sam/piper_ros/install/piper_with_gripper_moveit' for CMake module files
[1.461s] Level 1:colcon.colcon_core.environment:checking '/home/sam/piper_ros/install/piper_with_gripper_moveit' for CMake config files
[1.463s] DEBUG:colcon.colcon_core.event_handler.log_command:Invoked command in '/home/sam/piper_ros/build/piper_with_gripper_moveit' returned '0': CMAKE_PREFIX_PATH=/home/sam/piper_ros/install/piper_description:/home/sam/piper_ros/install/piper_with_gripper_moveit:/home/sam/piper_ros/install/piper_no_gripper_moveit:/home/sam/piper_ros/install/piper_mujoco:/home/sam/piper_ros/install/piper_msgs:/home/sam/piper_ros/install/piper_humble:/home/sam/piper_ros/install/piper_gazebo:/home/sam/piper_ros/install/piper:/opt/ros/humble /usr/bin/cmake --install /home/sam/piper_ros/build/piper_with_gripper_moveit
[1.466s] Level 1:colcon.colcon_core.shell:create_environment_hook('piper_with_gripper_moveit', 'cmake_prefix_path')
[1.467s] INFO:colcon.colcon_core.shell:Creating environment hook '/home/sam/piper_ros/install/piper_with_gripper_moveit/share/piper_with_gripper_moveit/hook/cmake_prefix_path.ps1'
[1.468s] INFO:colcon.colcon_core.shell:Creating environment descriptor '/home/sam/piper_ros/install/piper_with_gripper_moveit/share/piper_with_gripper_moveit/hook/cmake_prefix_path.dsv'
[1.469s] INFO:colcon.colcon_core.shell:Creating environment hook '/home/sam/piper_ros/install/piper_with_gripper_moveit/share/piper_with_gripper_moveit/hook/cmake_prefix_path.sh'
[1.474s] Level 1:colcon.colcon_core.environment:checking '/home/sam/piper_ros/install/piper_with_gripper_moveit/bin'
[1.474s] Level 1:colcon.colcon_core.environment:checking '/home/sam/piper_ros/install/piper_with_gripper_moveit/lib/pkgconfig/piper_with_gripper_moveit.pc'
[1.474s] Level 1:colcon.colcon_core.environment:checking '/home/sam/piper_ros/install/piper_with_gripper_moveit/lib/python3.10/site-packages'
[1.475s] Level 1:colcon.colcon_core.environment:checking '/home/sam/piper_ros/install/piper_with_gripper_moveit/bin'
[1.476s] INFO:colcon.colcon_core.shell:Creating package script '/home/sam/piper_ros/install/piper_with_gripper_moveit/share/piper_with_gripper_moveit/package.ps1'
[1.477s] INFO:colcon.colcon_core.shell:Creating package descriptor '/home/sam/piper_ros/install/piper_with_gripper_moveit/share/piper_with_gripper_moveit/package.dsv'
[1.477s] INFO:colcon.colcon_core.shell:Creating package script '/home/sam/piper_ros/install/piper_with_gripper_moveit/share/piper_with_gripper_moveit/package.sh'
[1.482s] INFO:colcon.colcon_core.shell:Creating package script '/home/sam/piper_ros/install/piper_with_gripper_moveit/share/piper_with_gripper_moveit/package.bash'
[1.482s] INFO:colcon.colcon_core.shell:Creating package script '/home/sam/piper_ros/install/piper_with_gripper_moveit/share/piper_with_gripper_moveit/package.zsh'
[1.486s] Level 1:colcon.colcon_core.environment:create_file_with_runtime_dependencies(/home/sam/piper_ros/install/piper_with_gripper_moveit/share/colcon-core/packages/piper_with_gripper_moveit)
[1.487s] Level 1:colcon.colcon_core.environment:create_environment_scripts_only(piper_with_gripper_moveit)
[1.488s] Level 1:colcon.colcon_core.environment:checking '/home/sam/piper_ros/install/piper_with_gripper_moveit' for CMake module files
[1.489s] Level 1:colcon.colcon_core.environment:checking '/home/sam/piper_ros/install/piper_with_gripper_moveit' for CMake config files
[1.489s] Level 1:colcon.colcon_core.shell:create_environment_hook('piper_with_gripper_moveit', 'cmake_prefix_path')
[1.490s] INFO:colcon.colcon_core.shell:Creating environment hook '/home/sam/piper_ros/install/piper_with_gripper_moveit/share/piper_with_gripper_moveit/hook/cmake_prefix_path.ps1'
[1.493s] INFO:colcon.colcon_core.shell:Creating environment descriptor '/home/sam/piper_ros/install/piper_with_gripper_moveit/share/piper_with_gripper_moveit/hook/cmake_prefix_path.dsv'
[1.494s] INFO:colcon.colcon_core.shell:Creating environment hook '/home/sam/piper_ros/install/piper_with_gripper_moveit/share/piper_with_gripper_moveit/hook/cmake_prefix_path.sh'
[1.495s] Level 1:colcon.colcon_core.environment:checking '/home/sam/piper_ros/install/piper_with_gripper_moveit/bin'
[1.495s] Level 1:colcon.colcon_core.environment:checking '/home/sam/piper_ros/install/piper_with_gripper_moveit/lib/pkgconfig/piper_with_gripper_moveit.pc'
[1.496s] Level 1:colcon.colcon_core.environment:checking '/home/sam/piper_ros/install/piper_with_gripper_moveit/lib/python3.10/site-packages'
[1.496s] Level 1:colcon.colcon_core.environment:checking '/home/sam/piper_ros/install/piper_with_gripper_moveit/bin'
[1.497s] INFO:colcon.colcon_core.shell:Creating package script '/home/sam/piper_ros/install/piper_with_gripper_moveit/share/piper_with_gripper_moveit/package.ps1'
[1.498s] INFO:colcon.colcon_core.shell:Creating package descriptor '/home/sam/piper_ros/install/piper_with_gripper_moveit/share/piper_with_gripper_moveit/package.dsv'
[1.499s] INFO:colcon.colcon_core.shell:Creating package script '/home/sam/piper_ros/install/piper_with_gripper_moveit/share/piper_with_gripper_moveit/package.sh'
[1.500s] INFO:colcon.colcon_core.shell:Creating package script '/home/sam/piper_ros/install/piper_with_gripper_moveit/share/piper_with_gripper_moveit/package.bash'
[1.500s] INFO:colcon.colcon_core.shell:Creating package script '/home/sam/piper_ros/install/piper_with_gripper_moveit/share/piper_with_gripper_moveit/package.zsh'
[1.501s] Level 1:colcon.colcon_core.environment:create_file_with_runtime_dependencies(/home/sam/piper_ros/install/piper_with_gripper_moveit/share/colcon-core/packages/piper_with_gripper_moveit)
[1.682s] DEBUG:colcon.colcon_core.event_handler.log_command:Invoking command in '/home/sam/piper_ros/src/piper': PYTHONPATH=/home/sam/piper_ros/build/piper/prefix_override:/usr/lib/python3/dist-packages/colcon_core/task/python/colcon_distutils_commands:/home/sam/piper_ros/install/piper/lib/python3.10/site-packages:${PYTHONPATH} /usr/bin/python3 -W ignore:setup.py install is deprecated -W ignore:easy_install command is deprecated setup.py egg_info --egg-base ../../build/piper build --build-base /home/sam/piper_ros/build/piper/build install --record /home/sam/piper_ros/build/piper/install.log --single-version-externally-managed install_data
[1.764s] DEBUG:colcon.colcon_core.event_handler.log_command:Invoked command in '/home/sam/piper_ros/build/piper_msgs' returned '0': CMAKE_PREFIX_PATH=${CMAKE_PREFIX_PATH}:/home/sam/piper_ros/install/piper:/opt/ros/humble /usr/bin/cmake --build /home/sam/piper_ros/build/piper_msgs -- -j4 -l4
[1.766s] DEBUG:colcon.colcon_core.event_handler.log_command:Invoking command in '/home/sam/piper_ros/build/piper_msgs': CMAKE_PREFIX_PATH=${CMAKE_PREFIX_PATH}:/home/sam/piper_ros/install/piper:/opt/ros/humble /usr/bin/cmake --install /home/sam/piper_ros/build/piper_msgs
[1.853s] Level 1:colcon.colcon_core.environment:create_environment_scripts_only(piper_msgs)
[1.853s] Level 1:colcon.colcon_core.environment:checking '/home/sam/piper_ros/install/piper_msgs' for CMake module files
[1.854s] DEBUG:colcon.colcon_core.event_handler.log_command:Invoked command in '/home/sam/piper_ros/build/piper_msgs' returned '0': CMAKE_PREFIX_PATH=${CMAKE_PREFIX_PATH}:/home/sam/piper_ros/install/piper:/opt/ros/humble /usr/bin/cmake --install /home/sam/piper_ros/build/piper_msgs
[1.855s] Level 1:colcon.colcon_core.environment:checking '/home/sam/piper_ros/install/piper_msgs' for CMake config files
[1.856s] Level 1:colcon.colcon_core.shell:create_environment_hook('piper_msgs', 'cmake_prefix_path')
[1.856s] INFO:colcon.colcon_core.shell:Creating environment hook '/home/sam/piper_ros/install/piper_msgs/share/piper_msgs/hook/cmake_prefix_path.ps1'
[1.857s] INFO:colcon.colcon_core.shell:Creating environment descriptor '/home/sam/piper_ros/install/piper_msgs/share/piper_msgs/hook/cmake_prefix_path.dsv'
[1.858s] INFO:colcon.colcon_core.shell:Creating environment hook '/home/sam/piper_ros/install/piper_msgs/share/piper_msgs/hook/cmake_prefix_path.sh'
[1.859s] Level 1:colcon.colcon_core.environment:checking '/home/sam/piper_ros/install/piper_msgs/lib'
[1.859s] Level 1:colcon.colcon_core.shell:create_environment_hook('piper_msgs', 'ld_library_path_lib')
[1.860s] INFO:colcon.colcon_core.shell:Creating environment hook '/home/sam/piper_ros/install/piper_msgs/share/piper_msgs/hook/ld_library_path_lib.ps1'
[1.860s] INFO:colcon.colcon_core.shell:Creating environment descriptor '/home/sam/piper_ros/install/piper_msgs/share/piper_msgs/hook/ld_library_path_lib.dsv'
[1.861s] INFO:colcon.colcon_core.shell:Creating environment hook '/home/sam/piper_ros/install/piper_msgs/share/piper_msgs/hook/ld_library_path_lib.sh'
[1.862s] Level 1:colcon.colcon_core.environment:checking '/home/sam/piper_ros/install/piper_msgs/bin'
[1.862s] Level 1:colcon.colcon_core.environment:checking '/home/sam/piper_ros/install/piper_msgs/lib/pkgconfig/piper_msgs.pc'
[1.862s] Level 1:colcon.colcon_core.environment:checking '/home/sam/piper_ros/install/piper_msgs/lib/python3.10/site-packages'
[1.863s] Level 1:colcon.colcon_core.environment:checking '/home/sam/piper_ros/install/piper_msgs/bin'
[1.863s] INFO:colcon.colcon_core.shell:Creating package script '/home/sam/piper_ros/install/piper_msgs/share/piper_msgs/package.ps1'
[1.864s] INFO:colcon.colcon_core.shell:Creating package descriptor '/home/sam/piper_ros/install/piper_msgs/share/piper_msgs/package.dsv'
[1.865s] INFO:colcon.colcon_core.shell:Creating package script '/home/sam/piper_ros/install/piper_msgs/share/piper_msgs/package.sh'
[1.866s] INFO:colcon.colcon_core.shell:Creating package script '/home/sam/piper_ros/install/piper_msgs/share/piper_msgs/package.bash'
[1.867s] INFO:colcon.colcon_core.shell:Creating package script '/home/sam/piper_ros/install/piper_msgs/share/piper_msgs/package.zsh'
[1.867s] Level 1:colcon.colcon_core.environment:create_file_with_runtime_dependencies(/home/sam/piper_ros/install/piper_msgs/share/colcon-core/packages/piper_msgs)
[1.869s] Level 1:colcon.colcon_core.environment:create_environment_scripts_only(piper_msgs)
[1.869s] Level 1:colcon.colcon_core.environment:checking '/home/sam/piper_ros/install/piper_msgs' for CMake module files
[1.870s] Level 1:colcon.colcon_core.environment:checking '/home/sam/piper_ros/install/piper_msgs' for CMake config files
[1.871s] Level 1:colcon.colcon_core.shell:create_environment_hook('piper_msgs', 'cmake_prefix_path')
[1.872s] INFO:colcon.colcon_core.shell:Creating environment hook '/home/sam/piper_ros/install/piper_msgs/share/piper_msgs/hook/cmake_prefix_path.ps1'
[1.873s] INFO:colcon.colcon_core.shell:Creating environment descriptor '/home/sam/piper_ros/install/piper_msgs/share/piper_msgs/hook/cmake_prefix_path.dsv'
[1.873s] INFO:colcon.colcon_core.shell:Creating environment hook '/home/sam/piper_ros/install/piper_msgs/share/piper_msgs/hook/cmake_prefix_path.sh'
[1.875s] Level 1:colcon.colcon_core.environment:checking '/home/sam/piper_ros/install/piper_msgs/lib'
[1.875s] Level 1:colcon.colcon_core.shell:create_environment_hook('piper_msgs', 'ld_library_path_lib')
[1.875s] INFO:colcon.colcon_core.shell:Creating environment hook '/home/sam/piper_ros/install/piper_msgs/share/piper_msgs/hook/ld_library_path_lib.ps1'
[1.876s] INFO:colcon.colcon_core.shell:Creating environment descriptor '/home/sam/piper_ros/install/piper_msgs/share/piper_msgs/hook/ld_library_path_lib.dsv'
[1.877s] INFO:colcon.colcon_core.shell:Creating environment hook '/home/sam/piper_ros/install/piper_msgs/share/piper_msgs/hook/ld_library_path_lib.sh'
[1.878s] Level 1:colcon.colcon_core.environment:checking '/home/sam/piper_ros/install/piper_msgs/bin'
[1.878s] Level 1:colcon.colcon_core.environment:checking '/home/sam/piper_ros/install/piper_msgs/lib/pkgconfig/piper_msgs.pc'
[1.878s] Level 1:colcon.colcon_core.environment:checking '/home/sam/piper_ros/install/piper_msgs/lib/python3.10/site-packages'
[1.878s] Level 1:colcon.colcon_core.environment:checking '/home/sam/piper_ros/install/piper_msgs/bin'
[1.879s] INFO:colcon.colcon_core.shell:Creating package script '/home/sam/piper_ros/install/piper_msgs/share/piper_msgs/package.ps1'
[1.880s] INFO:colcon.colcon_core.shell:Creating package descriptor '/home/sam/piper_ros/install/piper_msgs/share/piper_msgs/package.dsv'
[1.881s] INFO:colcon.colcon_core.shell:Creating package script '/home/sam/piper_ros/install/piper_msgs/share/piper_msgs/package.sh'
[1.882s] INFO:colcon.colcon_core.shell:Creating package script '/home/sam/piper_ros/install/piper_msgs/share/piper_msgs/package.bash'
[1.883s] INFO:colcon.colcon_core.shell:Creating package script '/home/sam/piper_ros/install/piper_msgs/share/piper_msgs/package.zsh'
[1.884s] Level 1:colcon.colcon_core.environment:create_file_with_runtime_dependencies(/home/sam/piper_ros/install/piper_msgs/share/colcon-core/packages/piper_msgs)
[2.123s] Level 1:colcon.colcon_core.environment:checking '/home/sam/piper_ros/install/piper' for CMake module files
[2.124s] DEBUG:colcon.colcon_core.event_handler.log_command:Invoked command in '/home/sam/piper_ros/src/piper' returned '0': PYTHONPATH=/home/sam/piper_ros/build/piper/prefix_override:/usr/lib/python3/dist-packages/colcon_core/task/python/colcon_distutils_commands:/home/sam/piper_ros/install/piper/lib/python3.10/site-packages:${PYTHONPATH} /usr/bin/python3 -W ignore:setup.py install is deprecated -W ignore:easy_install command is deprecated setup.py egg_info --egg-base ../../build/piper build --build-base /home/sam/piper_ros/build/piper/build install --record /home/sam/piper_ros/build/piper/install.log --single-version-externally-managed install_data
[2.124s] Level 1:colcon.colcon_core.environment:checking '/home/sam/piper_ros/install/piper' for CMake config files
[2.124s] Level 1:colcon.colcon_core.environment:checking '/home/sam/piper_ros/install/piper/lib'
[2.125s] Level 1:colcon.colcon_core.environment:checking '/home/sam/piper_ros/install/piper/bin'
[2.125s] Level 1:colcon.colcon_core.environment:checking '/home/sam/piper_ros/install/piper/lib/pkgconfig/piper.pc'
[2.125s] Level 1:colcon.colcon_core.environment:checking '/home/sam/piper_ros/install/piper/lib/python3.10/site-packages'
[2.125s] Level 1:colcon.colcon_core.shell:create_environment_hook('piper', 'pythonpath')
[2.125s] INFO:colcon.colcon_core.shell:Creating environment hook '/home/sam/piper_ros/install/piper/share/piper/hook/pythonpath.ps1'
[2.126s] INFO:colcon.colcon_core.shell:Creating environment descriptor '/home/sam/piper_ros/install/piper/share/piper/hook/pythonpath.dsv'
[2.126s] INFO:colcon.colcon_core.shell:Creating environment hook '/home/sam/piper_ros/install/piper/share/piper/hook/pythonpath.sh'
[2.127s] Level 1:colcon.colcon_core.environment:checking '/home/sam/piper_ros/install/piper/bin'
[2.127s] Level 1:colcon.colcon_core.environment:create_environment_scripts_only(piper)
[2.127s] INFO:colcon.colcon_core.shell:Creating package script '/home/sam/piper_ros/install/piper/share/piper/package.ps1'
[2.128s] INFO:colcon.colcon_core.shell:Creating package descriptor '/home/sam/piper_ros/install/piper/share/piper/package.dsv'
[2.129s] INFO:colcon.colcon_core.shell:Creating package script '/home/sam/piper_ros/install/piper/share/piper/package.sh'
[2.130s] INFO:colcon.colcon_core.shell:Creating package script '/home/sam/piper_ros/install/piper/share/piper/package.bash'
[2.130s] INFO:colcon.colcon_core.shell:Creating package script '/home/sam/piper_ros/install/piper/share/piper/package.zsh'
[2.131s] Level 1:colcon.colcon_core.environment:create_file_with_runtime_dependencies(/home/sam/piper_ros/install/piper/share/colcon-core/packages/piper)
[2.132s] DEBUG:colcon.colcon_parallel_executor.executor.parallel:closing loop
[2.132s] DEBUG:colcon.colcon_parallel_executor.executor.parallel:loop closed
[2.132s] DEBUG:colcon.colcon_parallel_executor.executor.parallel:run_until_complete finished with '0'
[2.132s] DEBUG:colcon.colcon_core.event_reactor:joining thread
[2.138s] INFO:colcon.colcon_core.plugin_system:Skipping extension 'colcon_notification.desktop_notification.terminal_notifier': Not used on non-Darwin systems
[2.139s] INFO:colcon.colcon_core.plugin_system:Skipping extension 'colcon_notification.desktop_notification.win32': Not used on non-Windows systems
[2.139s] INFO:colcon.colcon_notification.desktop_notification:Sending desktop notification using 'notify2'
[2.152s] DEBUG:colcon.colcon_core.event_reactor:joined thread
[2.153s] INFO:colcon.colcon_core.shell:Creating prefix script '/home/sam/piper_ros/install/local_setup.ps1'
[2.154s] INFO:colcon.colcon_core.shell:Creating prefix util module '/home/sam/piper_ros/install/_local_setup_util_ps1.py'
[2.158s] INFO:colcon.colcon_core.shell:Creating prefix chain script '/home/sam/piper_ros/install/setup.ps1'
[2.160s] INFO:colcon.colcon_core.shell:Creating prefix script '/home/sam/piper_ros/install/local_setup.sh'
[2.161s] INFO:colcon.colcon_core.shell:Creating prefix util module '/home/sam/piper_ros/install/_local_setup_util_sh.py'
[2.162s] INFO:colcon.colcon_core.shell:Creating prefix chain script '/home/sam/piper_ros/install/setup.sh'
[2.164s] INFO:colcon.colcon_core.shell:Creating prefix script '/home/sam/piper_ros/install/local_setup.bash'
[2.165s] INFO:colcon.colcon_core.shell:Creating prefix chain script '/home/sam/piper_ros/install/setup.bash'
[2.168s] INFO:colcon.colcon_core.shell:Creating prefix script '/home/sam/piper_ros/install/local_setup.zsh'
[2.169s] INFO:colcon.colcon_core.shell:Creating prefix chain script '/home/sam/piper_ros/install/setup.zsh'
