[0.528s] Invoking command in '/home/sam/piper_ros/build/piper_humble': CMAKE_PREFIX_PATH=${CMAKE_PREFIX_PATH}:/home/sam/piper_ros/install/piper:/home/sam/ws_moveit/install/moveit_configs_utils:/home/sam/ws_moveit/install/launch_param_builder:/opt/ros/humble /usr/bin/cmake --build /home/sam/piper_ros/build/piper_humble -- -j4 -l4
[0.633s] Invoked command in '/home/sam/piper_ros/build/piper_humble' returned '0': CMAKE_PREFIX_PATH=${CMAKE_PREFIX_PATH}:/home/sam/piper_ros/install/piper:/home/sam/ws_moveit/install/moveit_configs_utils:/home/sam/ws_moveit/install/launch_param_builder:/opt/ros/humble /usr/bin/cmake --build /home/sam/piper_ros/build/piper_humble -- -j4 -l4
[0.645s] Invoking command in '/home/sam/piper_ros/build/piper_humble': CMAKE_PREFIX_PATH=${CMAKE_PREFIX_PATH}:/home/sam/piper_ros/install/piper:/home/sam/ws_moveit/install/moveit_configs_utils:/home/sam/ws_moveit/install/launch_param_builder:/opt/ros/humble /usr/bin/cmake --install /home/sam/piper_ros/build/piper_humble
[0.675s] -- Install configuration: "Debug"
[0.684s] -- Execute custom install script
[0.688s] -- Up-to-date symlink: /home/sam/piper_ros/install/piper_humble/share/ament_index/resource_index/package_run_dependencies/piper_humble
[0.688s] -- Up-to-date symlink: /home/sam/piper_ros/install/piper_humble/share/ament_index/resource_index/parent_prefix_path/piper_humble
[0.688s] -- Up-to-date symlink: /home/sam/piper_ros/install/piper_humble/share/piper_humble/environment/ament_prefix_path.sh
[0.689s] -- Up-to-date symlink: /home/sam/piper_ros/install/piper_humble/share/piper_humble/environment/ament_prefix_path.dsv
[0.696s] -- Up-to-date symlink: /home/sam/piper_ros/install/piper_humble/share/piper_humble/environment/path.sh
[0.696s] -- Up-to-date symlink: /home/sam/piper_ros/install/piper_humble/share/piper_humble/environment/path.dsv
[0.697s] -- Up-to-date symlink: /home/sam/piper_ros/install/piper_humble/share/piper_humble/local_setup.bash
[0.697s] -- Up-to-date symlink: /home/sam/piper_ros/install/piper_humble/share/piper_humble/local_setup.sh
[0.698s] -- Up-to-date symlink: /home/sam/piper_ros/install/piper_humble/share/piper_humble/local_setup.zsh
[0.699s] -- Up-to-date symlink: /home/sam/piper_ros/install/piper_humble/share/piper_humble/local_setup.dsv
[0.699s] -- Symlinking: /home/sam/piper_ros/install/piper_humble/share/piper_humble/package.dsv
[0.738s] -- Up-to-date symlink: /home/sam/piper_ros/install/piper_humble/share/ament_index/resource_index/packages/piper_humble
[0.743s] -- Up-to-date symlink: /home/sam/piper_ros/install/piper_humble/share/piper_humble/cmake/piper_humbleConfig.cmake
[0.743s] -- Up-to-date symlink: /home/sam/piper_ros/install/piper_humble/share/piper_humble/cmake/piper_humbleConfig-version.cmake
[0.743s] -- Up-to-date symlink: /home/sam/piper_ros/install/piper_humble/share/piper_humble/package.xml
[0.801s] Invoked command in '/home/sam/piper_ros/build/piper_humble' returned '0': CMAKE_PREFIX_PATH=${CMAKE_PREFIX_PATH}:/home/sam/piper_ros/install/piper:/home/sam/ws_moveit/install/moveit_configs_utils:/home/sam/ws_moveit/install/launch_param_builder:/opt/ros/humble /usr/bin/cmake --install /home/sam/piper_ros/build/piper_humble
