[0.624s] Invoking command in '/home/sam/piper_ros/build/piper_humble': CMAKE_PREFIX_PATH=${CMAKE_PREFIX_PATH}:/home/sam/ws_moveit/install/moveit_configs_utils:/home/sam/ws_moveit/install/launch_param_builder:/opt/ros/humble /usr/bin/cmake /home/sam/piper_ros/src/piper_humble -DCMAKE_BUILD_TYPE=Debug -DCMAKE_INSTALL_PREFIX=/home/sam/piper_ros/install/piper_humble
[0.666s] -- Found ament_cmake: 1.3.11 (/opt/ros/humble/share/ament_cmake/cmake)
[0.976s] -- Override CMake install command with custom implementation using symlinks instead of copying resources
[1.164s] -- Configuring done
[1.184s] -- Generating done
[1.205s] -- Build files have been written to: /home/sam/piper_ros/build/piper_humble
[1.221s] Invoked command in '/home/sam/piper_ros/build/piper_humble' returned '0': CMAKE_PREFIX_PATH=${CMAKE_PREFIX_PATH}:/home/sam/ws_moveit/install/moveit_configs_utils:/home/sam/ws_moveit/install/launch_param_builder:/opt/ros/humble /usr/bin/cmake /home/sam/piper_ros/src/piper_humble -DCMAKE_BUILD_TYPE=Debug -DCMAKE_INSTALL_PREFIX=/home/sam/piper_ros/install/piper_humble
[1.224s] Invoking command in '/home/sam/piper_ros/build/piper_humble': CMAKE_PREFIX_PATH=${CMAKE_PREFIX_PATH}:/home/sam/ws_moveit/install/moveit_configs_utils:/home/sam/ws_moveit/install/launch_param_builder:/opt/ros/humble /usr/bin/cmake --build /home/sam/piper_ros/build/piper_humble -- -j4 -l4
[1.387s] Invoked command in '/home/sam/piper_ros/build/piper_humble' returned '0': CMAKE_PREFIX_PATH=${CMAKE_PREFIX_PATH}:/home/sam/ws_moveit/install/moveit_configs_utils:/home/sam/ws_moveit/install/launch_param_builder:/opt/ros/humble /usr/bin/cmake --build /home/sam/piper_ros/build/piper_humble -- -j4 -l4
[1.388s] Invoking command in '/home/sam/piper_ros/build/piper_humble': CMAKE_PREFIX_PATH=${CMAKE_PREFIX_PATH}:/home/sam/ws_moveit/install/moveit_configs_utils:/home/sam/ws_moveit/install/launch_param_builder:/opt/ros/humble /usr/bin/cmake --install /home/sam/piper_ros/build/piper_humble
[1.423s] -- Install configuration: "Debug"
[1.423s] -- Execute custom install script
[1.425s] -- Up-to-date symlink: /home/sam/piper_ros/install/piper_humble/share/ament_index/resource_index/package_run_dependencies/piper_humble
[1.425s] -- Up-to-date symlink: /home/sam/piper_ros/install/piper_humble/share/ament_index/resource_index/parent_prefix_path/piper_humble
[1.429s] -- Up-to-date symlink: /home/sam/piper_ros/install/piper_humble/share/piper_humble/environment/ament_prefix_path.sh
[1.429s] -- Up-to-date symlink: /home/sam/piper_ros/install/piper_humble/share/piper_humble/environment/ament_prefix_path.dsv
[1.430s] -- Up-to-date symlink: /home/sam/piper_ros/install/piper_humble/share/piper_humble/environment/path.sh
[1.430s] -- Up-to-date symlink: /home/sam/piper_ros/install/piper_humble/share/piper_humble/environment/path.dsv
[1.430s] -- Up-to-date symlink: /home/sam/piper_ros/install/piper_humble/share/piper_humble/local_setup.bash
[1.430s] -- Up-to-date symlink: /home/sam/piper_ros/install/piper_humble/share/piper_humble/local_setup.sh
[1.432s] -- Up-to-date symlink: /home/sam/piper_ros/install/piper_humble/share/piper_humble/local_setup.zsh
[1.432s] -- Up-to-date symlink: /home/sam/piper_ros/install/piper_humble/share/piper_humble/local_setup.dsv
[1.433s] -- Symlinking: /home/sam/piper_ros/install/piper_humble/share/piper_humble/package.dsv
[1.464s] -- Up-to-date symlink: /home/sam/piper_ros/install/piper_humble/share/ament_index/resource_index/packages/piper_humble
[1.464s] -- Up-to-date symlink: /home/sam/piper_ros/install/piper_humble/share/piper_humble/cmake/piper_humbleConfig.cmake
[1.467s] -- Up-to-date symlink: /home/sam/piper_ros/install/piper_humble/share/piper_humble/cmake/piper_humbleConfig-version.cmake
[1.467s] -- Up-to-date symlink: /home/sam/piper_ros/install/piper_humble/share/piper_humble/package.xml
[1.473s] Invoked command in '/home/sam/piper_ros/build/piper_humble' returned '0': CMAKE_PREFIX_PATH=${CMAKE_PREFIX_PATH}:/home/sam/ws_moveit/install/moveit_configs_utils:/home/sam/ws_moveit/install/launch_param_builder:/opt/ros/humble /usr/bin/cmake --install /home/sam/piper_ros/build/piper_humble
