[1.970s] Invoking command in '/home/sam/piper_ros/src/piper': PYTHONPATH=/home/sam/piper_ros/build/piper/prefix_override:/usr/lib/python3/dist-packages/colcon_core/task/python/colcon_distutils_commands:/home/sam/piper_ros/install/piper/lib/python3.10/site-packages:${PYTHONPATH} /usr/bin/python3 -W ignore:setup.py install is deprecated -W ignore:easy_install command is deprecated setup.py egg_info --egg-base ../../build/piper build --build-base /home/sam/piper_ros/build/piper/build install --record /home/sam/piper_ros/build/piper/install.log --single-version-externally-managed install_data
[2.728s] running egg_info
[2.731s] writing ../../build/piper/piper.egg-info/PKG-INFO
[2.731s] writing dependency_links to ../../build/piper/piper.egg-info/dependency_links.txt
[2.731s] writing entry points to ../../build/piper/piper.egg-info/entry_points.txt
[2.732s] writing requirements to ../../build/piper/piper.egg-info/requires.txt
[2.732s] writing top-level names to ../../build/piper/piper.egg-info/top_level.txt
[2.737s] reading manifest file '../../build/piper/piper.egg-info/SOURCES.txt'
[2.737s] adding license file 'LICENSE'
[2.737s] writing manifest file '../../build/piper/piper.egg-info/SOURCES.txt'
[2.737s] running build
[2.738s] running build_py
[2.738s] copying piper/two_state_publisher.py -> /home/sam/piper_ros/build/piper/build/lib/piper
[2.739s] running install
[2.739s] running install_lib
[2.740s] copying /home/sam/piper_ros/build/piper/build/lib/piper/two_state_publisher.py -> /home/sam/piper_ros/install/piper/lib/python3.10/site-packages/piper
[2.742s] byte-compiling /home/sam/piper_ros/install/piper/lib/python3.10/site-packages/piper/two_state_publisher.py to two_state_publisher.cpython-310.pyc
[2.744s] running install_data
[2.744s] running install_egg_info
[2.748s] removing '/home/sam/piper_ros/install/piper/lib/python3.10/site-packages/piper-0.0.0-py3.10.egg-info' (and everything under it)
[2.749s] Copying ../../build/piper/piper.egg-info to /home/sam/piper_ros/install/piper/lib/python3.10/site-packages/piper-0.0.0-py3.10.egg-info
[2.750s] running install_scripts
[2.794s] Installing piper_ms_ctrl script to /home/sam/piper_ros/install/piper/lib/piper
[2.795s] Installing piper_read_master script to /home/sam/piper_ros/install/piper/lib/piper
[2.795s] Installing piper_single_ctrl script to /home/sam/piper_ros/install/piper/lib/piper
[2.795s] Installing talker script to /home/sam/piper_ros/install/piper/lib/piper
[2.795s] writing list of installed files to '/home/sam/piper_ros/build/piper/install.log'
[2.840s] Invoked command in '/home/sam/piper_ros/src/piper' returned '0': PYTHONPATH=/home/sam/piper_ros/build/piper/prefix_override:/usr/lib/python3/dist-packages/colcon_core/task/python/colcon_distutils_commands:/home/sam/piper_ros/install/piper/lib/python3.10/site-packages:${PYTHONPATH} /usr/bin/python3 -W ignore:setup.py install is deprecated -W ignore:easy_install command is deprecated setup.py egg_info --egg-base ../../build/piper build --build-base /home/sam/piper_ros/build/piper/build install --record /home/sam/piper_ros/build/piper/install.log --single-version-externally-managed install_data
