-- Install configuration: ""
-- Up-to-date: /home/sam/piper_ros/install/piper_gazebo/share/piper_gazebo/launch
-- Up-to-date: /home/sam/piper_ros/install/piper_gazebo/share/piper_gazebo/launch/piper_no_gripper
-- Up-to-date: /home/sam/piper_ros/install/piper_gazebo/share/piper_gazebo/launch/piper_no_gripper/piper_no_gripper_gazebo.launch.py
-- Up-to-date: /home/sam/piper_ros/install/piper_gazebo/share/piper_gazebo/launch/piper_with_gripper
-- Up-to-date: /home/sam/piper_ros/install/piper_gazebo/share/piper_gazebo/launch/piper_with_gripper/piper_gazebo.launch.py
-- Up-to-date: /home/sam/piper_ros/install/piper_gazebo/share/piper_gazebo/config
-- Up-to-date: /home/sam/piper_ros/install/piper_gazebo/share/piper_gazebo/config/ros2_controllers.yaml
-- Up-to-date: /home/sam/piper_ros/install/piper_gazebo/share/piper_gazebo/config/ros2_no_gripper_controllers.yaml
-- Up-to-date: /home/sam/piper_ros/install/piper_gazebo/share/piper_gazebo/scripts
-- Up-to-date: /home/sam/piper_ros/install/piper_gazebo/share/piper_gazebo/scripts/joint8_ctrl.py
-- Up-to-date: /home/sam/piper_ros/install/piper_gazebo/lib/piper_gazebo/joint8_ctrl.py
-- Up-to-date: /home/sam/piper_ros/install/piper_gazebo/share/ament_index/resource_index/package_run_dependencies/piper_gazebo
-- Up-to-date: /home/sam/piper_ros/install/piper_gazebo/share/ament_index/resource_index/parent_prefix_path/piper_gazebo
-- Up-to-date: /home/sam/piper_ros/install/piper_gazebo/share/piper_gazebo/environment/ament_prefix_path.sh
-- Up-to-date: /home/sam/piper_ros/install/piper_gazebo/share/piper_gazebo/environment/ament_prefix_path.dsv
-- Up-to-date: /home/sam/piper_ros/install/piper_gazebo/share/piper_gazebo/environment/path.sh
-- Up-to-date: /home/sam/piper_ros/install/piper_gazebo/share/piper_gazebo/environment/path.dsv
-- Up-to-date: /home/sam/piper_ros/install/piper_gazebo/share/piper_gazebo/local_setup.bash
-- Up-to-date: /home/sam/piper_ros/install/piper_gazebo/share/piper_gazebo/local_setup.sh
-- Up-to-date: /home/sam/piper_ros/install/piper_gazebo/share/piper_gazebo/local_setup.zsh
-- Up-to-date: /home/sam/piper_ros/install/piper_gazebo/share/piper_gazebo/local_setup.dsv
-- Up-to-date: /home/sam/piper_ros/install/piper_gazebo/share/piper_gazebo/package.dsv
-- Up-to-date: /home/sam/piper_ros/install/piper_gazebo/share/ament_index/resource_index/packages/piper_gazebo
-- Up-to-date: /home/sam/piper_ros/install/piper_gazebo/share/piper_gazebo/cmake/piper_gazeboConfig.cmake
-- Up-to-date: /home/sam/piper_ros/install/piper_gazebo/share/piper_gazebo/cmake/piper_gazeboConfig-version.cmake
-- Up-to-date: /home/sam/piper_ros/install/piper_gazebo/share/piper_gazebo/package.xml
