[0.081s] Invoking command in '/home/sam/piper_ros/build/piper_description': CMAKE_PREFIX_PATH=${CMAKE_PREFIX_PATH}:/home/sam/piper_ros/install/piper:/home/sam/ws_moveit/install/moveit_configs_utils:/home/sam/ws_moveit/install/launch_param_builder:/opt/ros/humble /usr/bin/cmake /home/sam/piper_ros/src/piper_description -DCMAKE_INSTALL_PREFIX=/home/sam/piper_ros/install/piper_description
[0.625s] -- Found ament_cmake: 1.3.11 (/opt/ros/humble/share/ament_cmake/cmake)
[0.626s] -- Override CMake install command with custom implementation using symlinks instead of copying resources
[0.626s] -- Found ament_lint_auto: 0.12.12 (/opt/ros/humble/share/ament_lint_auto/cmake)
[0.626s] -- Added test 'copyright' to check source files copyright and LICENSE
[0.627s] -- Added test 'flake8' to check Python code syntax and style conventions
[0.627s] -- Added test 'lint_cmake' to check CMake code style
[0.627s] -- Added test 'pep257' to check Python code against some of the docstring style conventions in PEP 257
[0.628s] -- Added test 'xmllint' to check XML markup files
[0.628s] -- Configuring done
[0.628s] -- Generating done
[0.628s] -- Build files have been written to: /home/sam/piper_ros/build/piper_description
[0.649s] Invoked command in '/home/sam/piper_ros/build/piper_description' returned '0': CMAKE_PREFIX_PATH=${CMAKE_PREFIX_PATH}:/home/sam/piper_ros/install/piper:/home/sam/ws_moveit/install/moveit_configs_utils:/home/sam/ws_moveit/install/launch_param_builder:/opt/ros/humble /usr/bin/cmake /home/sam/piper_ros/src/piper_description -DCMAKE_INSTALL_PREFIX=/home/sam/piper_ros/install/piper_description
[0.652s] Invoking command in '/home/sam/piper_ros/build/piper_description': CMAKE_PREFIX_PATH=${CMAKE_PREFIX_PATH}:/home/sam/piper_ros/install/piper:/home/sam/ws_moveit/install/moveit_configs_utils:/home/sam/ws_moveit/install/launch_param_builder:/opt/ros/humble /usr/bin/cmake --build /home/sam/piper_ros/build/piper_description -- -j4 -l4
[0.757s] Invoked command in '/home/sam/piper_ros/build/piper_description' returned '0': CMAKE_PREFIX_PATH=${CMAKE_PREFIX_PATH}:/home/sam/piper_ros/install/piper:/home/sam/ws_moveit/install/moveit_configs_utils:/home/sam/ws_moveit/install/launch_param_builder:/opt/ros/humble /usr/bin/cmake --build /home/sam/piper_ros/build/piper_description -- -j4 -l4
[0.785s] Invoking command in '/home/sam/piper_ros/build/piper_description': CMAKE_PREFIX_PATH=${CMAKE_PREFIX_PATH}:/home/sam/piper_ros/install/piper:/home/sam/ws_moveit/install/moveit_configs_utils:/home/sam/ws_moveit/install/launch_param_builder:/opt/ros/humble /usr/bin/cmake --install /home/sam/piper_ros/build/piper_description
[0.812s] -- Install configuration: "Debug"
[0.814s] -- Execute custom install script
[0.817s] -- Up-to-date symlink: /home/sam/piper_ros/install/piper_description/share/piper_description/launch/piper_no_gripper/display_no_gripper_urdf.launch.py
[0.824s] -- Up-to-date symlink: /home/sam/piper_ros/install/piper_description/share/piper_description/launch/piper_no_gripper/display_no_gripper_xacro.launch.py
[0.824s] -- Up-to-date symlink: /home/sam/piper_ros/install/piper_description/share/piper_description/launch/piper_with_gripper/display_urdf.launch.py
[0.825s] -- Up-to-date symlink: /home/sam/piper_ros/install/piper_description/share/piper_description/launch/piper_with_gripper/display_xacro.launch.py
[0.825s] -- Up-to-date symlink: /home/sam/piper_ros/install/piper_description/share/piper_description/meshes/base_link.STL
[0.825s] -- Up-to-date symlink: /home/sam/piper_ros/install/piper_description/share/piper_description/meshes/gripper_base.STL
[0.825s] -- Up-to-date symlink: /home/sam/piper_ros/install/piper_description/share/piper_description/meshes/link1.STL
[0.830s] -- Up-to-date symlink: /home/sam/piper_ros/install/piper_description/share/piper_description/meshes/link2.STL
[0.830s] -- Up-to-date symlink: /home/sam/piper_ros/install/piper_description/share/piper_description/meshes/link3.STL
[0.833s] -- Up-to-date symlink: /home/sam/piper_ros/install/piper_description/share/piper_description/meshes/link4.STL
[0.834s] -- Up-to-date symlink: /home/sam/piper_ros/install/piper_description/share/piper_description/meshes/link5.STL
[0.836s] -- Up-to-date symlink: /home/sam/piper_ros/install/piper_description/share/piper_description/meshes/link6.STL
[0.841s] -- Up-to-date symlink: /home/sam/piper_ros/install/piper_description/share/piper_description/meshes/link7.STL
[0.843s] -- Up-to-date symlink: /home/sam/piper_ros/install/piper_description/share/piper_description/meshes/link8.STL
[0.843s] -- Up-to-date symlink: /home/sam/piper_ros/install/piper_description/share/piper_description/rviz/piper_ctrl.rviz
[0.843s] -- Up-to-date symlink: /home/sam/piper_ros/install/piper_description/share/piper_description/rviz/piper_no_gripper.rviz
[0.844s] -- Up-to-date symlink: /home/sam/piper_ros/install/piper_description/share/piper_description/urdf/piper_description.csv
[0.844s] -- Up-to-date symlink: /home/sam/piper_ros/install/piper_description/share/piper_description/urdf/piper_description.urdf
[0.847s] -- Up-to-date symlink: /home/sam/piper_ros/install/piper_description/share/piper_description/urdf/piper_description.xacro
[0.847s] -- Up-to-date symlink: /home/sam/piper_ros/install/piper_description/share/piper_description/urdf/piper_description_gazebo.xacro
[0.850s] -- Up-to-date symlink: /home/sam/piper_ros/install/piper_description/share/piper_description/urdf/piper_description_old.urdf
[0.851s] -- Up-to-date symlink: /home/sam/piper_ros/install/piper_description/share/piper_description/urdf/piper_no_gripper_description.csv
[0.857s] -- Up-to-date symlink: /home/sam/piper_ros/install/piper_description/share/piper_description/urdf/piper_no_gripper_description.urdf
[0.857s] -- Up-to-date symlink: /home/sam/piper_ros/install/piper_description/share/piper_description/urdf/piper_no_gripper_description.xacro
[0.858s] -- Up-to-date symlink: /home/sam/piper_ros/install/piper_description/share/piper_description/urdf/piper_no_gripper_description_gazebo.xacro
[0.858s] -- Up-to-date symlink: /home/sam/piper_ros/install/piper_description/share/piper_description/urdf/piper_no_gripper_description_old.urdf
[0.858s] -- Up-to-date symlink: /home/sam/piper_ros/install/piper_description/share/piper_description/mujoco_model/piper_description.xml
[0.858s] -- Up-to-date symlink: /home/sam/piper_ros/install/piper_description/share/piper_description/mujoco_model/piper_no_gripper_description.xml
[0.858s] -- Up-to-date symlink: /home/sam/piper_ros/install/piper_description/share/ament_index/resource_index/package_run_dependencies/piper_description
[0.862s] -- Up-to-date symlink: /home/sam/piper_ros/install/piper_description/share/ament_index/resource_index/parent_prefix_path/piper_description
[0.863s] -- Up-to-date symlink: /home/sam/piper_ros/install/piper_description/share/piper_description/environment/ament_prefix_path.sh
[0.866s] -- Up-to-date symlink: /home/sam/piper_ros/install/piper_description/share/piper_description/environment/ament_prefix_path.dsv
[0.869s] -- Up-to-date symlink: /home/sam/piper_ros/install/piper_description/share/piper_description/environment/path.sh
[0.869s] -- Up-to-date symlink: /home/sam/piper_ros/install/piper_description/share/piper_description/environment/path.dsv
[0.872s] -- Up-to-date symlink: /home/sam/piper_ros/install/piper_description/share/piper_description/local_setup.bash
[0.874s] -- Up-to-date symlink: /home/sam/piper_ros/install/piper_description/share/piper_description/local_setup.sh
[0.874s] -- Up-to-date symlink: /home/sam/piper_ros/install/piper_description/share/piper_description/local_setup.zsh
[0.877s] -- Up-to-date symlink: /home/sam/piper_ros/install/piper_description/share/piper_description/local_setup.dsv
[0.878s] -- Symlinking: /home/sam/piper_ros/install/piper_description/share/piper_description/package.dsv
[0.915s] -- Up-to-date symlink: /home/sam/piper_ros/install/piper_description/share/ament_index/resource_index/packages/piper_description
[0.917s] -- Up-to-date symlink: /home/sam/piper_ros/install/piper_description/share/piper_description/cmake/piper_descriptionConfig.cmake
[0.918s] -- Up-to-date symlink: /home/sam/piper_ros/install/piper_description/share/piper_description/cmake/piper_descriptionConfig-version.cmake
[0.922s] -- Up-to-date symlink: /home/sam/piper_ros/install/piper_description/share/piper_description/package.xml
[0.927s] Invoked command in '/home/sam/piper_ros/build/piper_description' returned '0': CMAKE_PREFIX_PATH=${CMAKE_PREFIX_PATH}:/home/sam/piper_ros/install/piper:/home/sam/ws_moveit/install/moveit_configs_utils:/home/sam/ws_moveit/install/launch_param_builder:/opt/ros/humble /usr/bin/cmake --install /home/sam/piper_ros/build/piper_description
