[0.062s] Invoking command in '/home/sam/piper_ros/build/stowed_goal': CMAKE_PREFIX_PATH=${CMAKE_PREFIX_PATH}:/home/sam/piper_ros/install/piper:/home/sam/ws_moveit/install/moveit_configs_utils:/home/sam/ws_moveit/install/launch_param_builder:/opt/ros/humble /usr/bin/cmake --build /home/sam/piper_ros/build/stowed_goal -- -j4 -l4
[0.529s] [100%] Built target stowed_goal
[0.609s] Invoked command in '/home/sam/piper_ros/build/stowed_goal' returned '0': CMAKE_PREFIX_PATH=${CMAKE_PREFIX_PATH}:/home/sam/piper_ros/install/piper:/home/sam/ws_moveit/install/moveit_configs_utils:/home/sam/ws_moveit/install/launch_param_builder:/opt/ros/humble /usr/bin/cmake --build /home/sam/piper_ros/build/stowed_goal -- -j4 -l4
[0.612s] Invoking command in '/home/sam/piper_ros/build/stowed_goal': CMAKE_PREFIX_PATH=${CMAKE_PREFIX_PATH}:/home/sam/piper_ros/install/piper:/home/sam/ws_moveit/install/moveit_configs_utils:/home/sam/ws_moveit/install/launch_param_builder:/opt/ros/humble /usr/bin/cmake --install /home/sam/piper_ros/build/stowed_goal
[0.646s] -- Install configuration: ""
[0.647s] -- Up-to-date: /home/sam/piper_ros/install/stowed_goal/lib/stowed_goal/stowed_goal
[0.650s] -- Up-to-date: /home/sam/piper_ros/install/stowed_goal/share/ament_index/resource_index/package_run_dependencies/stowed_goal
[0.650s] -- Up-to-date: /home/sam/piper_ros/install/stowed_goal/share/ament_index/resource_index/parent_prefix_path/stowed_goal
[0.650s] -- Up-to-date: /home/sam/piper_ros/install/stowed_goal/share/stowed_goal/environment/ament_prefix_path.sh
[0.650s] -- Up-to-date: /home/sam/piper_ros/install/stowed_goal/share/stowed_goal/environment/ament_prefix_path.dsv
[0.650s] -- Up-to-date: /home/sam/piper_ros/install/stowed_goal/share/stowed_goal/environment/path.sh
[0.651s] -- Up-to-date: /home/sam/piper_ros/install/stowed_goal/share/stowed_goal/environment/path.dsv
[0.651s] -- Up-to-date: /home/sam/piper_ros/install/stowed_goal/share/stowed_goal/local_setup.bash
[0.652s] -- Up-to-date: /home/sam/piper_ros/install/stowed_goal/share/stowed_goal/local_setup.sh
[0.652s] -- Up-to-date: /home/sam/piper_ros/install/stowed_goal/share/stowed_goal/local_setup.zsh
[0.655s] -- Up-to-date: /home/sam/piper_ros/install/stowed_goal/share/stowed_goal/local_setup.dsv
[0.655s] -- Installing: /home/sam/piper_ros/install/stowed_goal/share/stowed_goal/package.dsv
[0.655s] -- Up-to-date: /home/sam/piper_ros/install/stowed_goal/share/ament_index/resource_index/packages/stowed_goal
[0.655s] -- Up-to-date: /home/sam/piper_ros/install/stowed_goal/share/stowed_goal/cmake/stowed_goalConfig.cmake
[0.656s] -- Up-to-date: /home/sam/piper_ros/install/stowed_goal/share/stowed_goal/cmake/stowed_goalConfig-version.cmake
[0.656s] -- Up-to-date: /home/sam/piper_ros/install/stowed_goal/share/stowed_goal/package.xml
[0.692s] Invoked command in '/home/sam/piper_ros/build/stowed_goal' returned '0': CMAKE_PREFIX_PATH=${CMAKE_PREFIX_PATH}:/home/sam/piper_ros/install/piper:/home/sam/ws_moveit/install/moveit_configs_utils:/home/sam/ws_moveit/install/launch_param_builder:/opt/ros/humble /usr/bin/cmake --install /home/sam/piper_ros/build/stowed_goal
