[0.360s] Invoking command in '/home/sam/piper_ros/build/piper_gazebo': CMAKE_PREFIX_PATH=/opt/ros/humble /usr/bin/cmake /home/sam/piper_ros/src/piper_sim/piper_gazebo -DCMAKE_INSTALL_PREFIX=/home/sam/piper_ros/install/piper_gazebo
[0.382s] -- Found ament_cmake: 1.3.11 (/opt/ros/humble/share/ament_cmake/cmake)
[0.671s] -- Found Python3: /usr/bin/python3 (found version "3.10.12") found components: Interpreter 
[0.832s] -- Found ament_lint_auto: 0.12.11 (/opt/ros/humble/share/ament_lint_auto/cmake)
[0.977s] -- Added test 'copyright' to check source files copyright and LICENSE
[0.983s] -- Added test 'flake8' to check Python code syntax and style conventions
[0.983s] -- Added test 'lint_cmake' to check CMake code style
[0.984s] -- Added test 'pep257' to check Python code against some of the docstring style conventions in PEP 257
[0.987s] -- Added test 'xmllint' to check XML markup files
[0.989s] -- Configuring done
[0.994s] -- Generating done
[0.997s] -- Build files have been written to: /home/sam/piper_ros/build/piper_gazebo
[1.006s] Invoked command in '/home/sam/piper_ros/build/piper_gazebo' returned '0': CMAKE_PREFIX_PATH=/opt/ros/humble /usr/bin/cmake /home/sam/piper_ros/src/piper_sim/piper_gazebo -DCMAKE_INSTALL_PREFIX=/home/sam/piper_ros/install/piper_gazebo
[1.007s] Invoking command in '/home/sam/piper_ros/build/piper_gazebo': CMAKE_PREFIX_PATH=/opt/ros/humble /usr/bin/cmake --build /home/sam/piper_ros/build/piper_gazebo -- -j4 -l4
[1.070s] Invoked command in '/home/sam/piper_ros/build/piper_gazebo' returned '0': CMAKE_PREFIX_PATH=/opt/ros/humble /usr/bin/cmake --build /home/sam/piper_ros/build/piper_gazebo -- -j4 -l4
[1.075s] Invoking command in '/home/sam/piper_ros/build/piper_gazebo': CMAKE_PREFIX_PATH=/opt/ros/humble /usr/bin/cmake --install /home/sam/piper_ros/build/piper_gazebo
[1.085s] -- Install configuration: ""
[1.086s] -- Installing: /home/sam/piper_ros/install/piper_gazebo/share/piper_gazebo/launch
[1.086s] -- Installing: /home/sam/piper_ros/install/piper_gazebo/share/piper_gazebo/launch/piper_no_gripper
[1.086s] -- Installing: /home/sam/piper_ros/install/piper_gazebo/share/piper_gazebo/launch/piper_no_gripper/piper_no_gripper_gazebo.launch.py
[1.086s] -- Installing: /home/sam/piper_ros/install/piper_gazebo/share/piper_gazebo/launch/piper_with_gripper
[1.086s] -- Installing: /home/sam/piper_ros/install/piper_gazebo/share/piper_gazebo/launch/piper_with_gripper/piper_gazebo.launch.py
[1.086s] -- Installing: /home/sam/piper_ros/install/piper_gazebo/share/piper_gazebo/config
[1.087s] -- Installing: /home/sam/piper_ros/install/piper_gazebo/share/piper_gazebo/config/ros2_controllers.yaml
[1.087s] -- Installing: /home/sam/piper_ros/install/piper_gazebo/share/piper_gazebo/config/ros2_no_gripper_controllers.yaml
[1.087s] -- Installing: /home/sam/piper_ros/install/piper_gazebo/share/piper_gazebo/scripts
[1.087s] -- Installing: /home/sam/piper_ros/install/piper_gazebo/share/piper_gazebo/scripts/joint8_ctrl.py
[1.087s] -- Installing: /home/sam/piper_ros/install/piper_gazebo/lib/piper_gazebo/joint8_ctrl.py
[1.087s] -- Installing: /home/sam/piper_ros/install/piper_gazebo/share/ament_index/resource_index/package_run_dependencies/piper_gazebo
[1.088s] -- Installing: /home/sam/piper_ros/install/piper_gazebo/share/ament_index/resource_index/parent_prefix_path/piper_gazebo
[1.088s] -- Installing: /home/sam/piper_ros/install/piper_gazebo/share/piper_gazebo/environment/ament_prefix_path.sh
[1.088s] -- Installing: /home/sam/piper_ros/install/piper_gazebo/share/piper_gazebo/environment/ament_prefix_path.dsv
[1.088s] -- Installing: /home/sam/piper_ros/install/piper_gazebo/share/piper_gazebo/environment/path.sh
[1.088s] -- Installing: /home/sam/piper_ros/install/piper_gazebo/share/piper_gazebo/environment/path.dsv
[1.089s] -- Installing: /home/sam/piper_ros/install/piper_gazebo/share/piper_gazebo/local_setup.bash
[1.089s] -- Installing: /home/sam/piper_ros/install/piper_gazebo/share/piper_gazebo/local_setup.sh
[1.089s] -- Installing: /home/sam/piper_ros/install/piper_gazebo/share/piper_gazebo/local_setup.zsh
[1.089s] -- Installing: /home/sam/piper_ros/install/piper_gazebo/share/piper_gazebo/local_setup.dsv
[1.090s] -- Installing: /home/sam/piper_ros/install/piper_gazebo/share/piper_gazebo/package.dsv
[1.090s] -- Installing: /home/sam/piper_ros/install/piper_gazebo/share/ament_index/resource_index/packages/piper_gazebo
[1.090s] -- Installing: /home/sam/piper_ros/install/piper_gazebo/share/piper_gazebo/cmake/piper_gazeboConfig.cmake
[1.091s] -- Installing: /home/sam/piper_ros/install/piper_gazebo/share/piper_gazebo/cmake/piper_gazeboConfig-version.cmake
[1.092s] -- Installing: /home/sam/piper_ros/install/piper_gazebo/share/piper_gazebo/package.xml
[1.094s] Invoked command in '/home/sam/piper_ros/build/piper_gazebo' returned '0': CMAKE_PREFIX_PATH=/opt/ros/humble /usr/bin/cmake --install /home/sam/piper_ros/build/piper_gazebo
