[0.042s] Invoking command in '/home/sam/piper_ros/build/raised_goal': CMAKE_PREFIX_PATH=${CMAKE_PREFIX_PATH}:/home/sam/piper_ros/install/piper:/home/sam/ws_moveit/install/moveit_configs_utils:/home/sam/ws_moveit/install/launch_param_builder:/opt/ros/humble /usr/bin/cmake --build /home/sam/piper_ros/build/raised_goal -- -j4 -l4
[0.296s] [35m[1mConsolidate compiler generated dependencies of target raised_goal[0m
[0.462s] [ 50%] [32mBuilding CXX object CMakeFiles/raised_goal.dir/src/raised_goal.cpp.o[0m
[14.537s] [100%] [32m[1mLinking CXX executable raised_goal[0m
[15.226s] [100%] Built target raised_goal
[15.246s] Invoked command in '/home/sam/piper_ros/build/raised_goal' returned '0': CMAKE_PREFIX_PATH=${CMAKE_PREFIX_PATH}:/home/sam/piper_ros/install/piper:/home/sam/ws_moveit/install/moveit_configs_utils:/home/sam/ws_moveit/install/launch_param_builder:/opt/ros/humble /usr/bin/cmake --build /home/sam/piper_ros/build/raised_goal -- -j4 -l4
[15.248s] Invoking command in '/home/sam/piper_ros/build/raised_goal': CMAKE_PREFIX_PATH=${CMAKE_PREFIX_PATH}:/home/sam/piper_ros/install/piper:/home/sam/ws_moveit/install/moveit_configs_utils:/home/sam/ws_moveit/install/launch_param_builder:/opt/ros/humble /usr/bin/cmake --install /home/sam/piper_ros/build/raised_goal
[15.265s] -- Install configuration: "Debug"
[15.266s] -- Installing: /home/sam/piper_ros/install/raised_goal/lib/raised_goal/raised_goal
[15.285s] -- Set runtime path of "/home/sam/piper_ros/install/raised_goal/lib/raised_goal/raised_goal" to ""
[15.285s] -- Up-to-date: /home/sam/piper_ros/install/raised_goal/share/ament_index/resource_index/package_run_dependencies/raised_goal
[15.285s] -- Up-to-date: /home/sam/piper_ros/install/raised_goal/share/ament_index/resource_index/parent_prefix_path/raised_goal
[15.286s] -- Up-to-date: /home/sam/piper_ros/install/raised_goal/share/raised_goal/environment/ament_prefix_path.sh
[15.286s] -- Up-to-date: /home/sam/piper_ros/install/raised_goal/share/raised_goal/environment/ament_prefix_path.dsv
[15.287s] -- Up-to-date: /home/sam/piper_ros/install/raised_goal/share/raised_goal/environment/path.sh
[15.287s] -- Up-to-date: /home/sam/piper_ros/install/raised_goal/share/raised_goal/environment/path.dsv
[15.287s] -- Up-to-date: /home/sam/piper_ros/install/raised_goal/share/raised_goal/local_setup.bash
[15.287s] -- Up-to-date: /home/sam/piper_ros/install/raised_goal/share/raised_goal/local_setup.sh
[15.287s] -- Up-to-date: /home/sam/piper_ros/install/raised_goal/share/raised_goal/local_setup.zsh
[15.287s] -- Up-to-date: /home/sam/piper_ros/install/raised_goal/share/raised_goal/local_setup.dsv
[15.287s] -- Installing: /home/sam/piper_ros/install/raised_goal/share/raised_goal/package.dsv
[15.288s] -- Up-to-date: /home/sam/piper_ros/install/raised_goal/share/ament_index/resource_index/packages/raised_goal
[15.288s] -- Up-to-date: /home/sam/piper_ros/install/raised_goal/share/raised_goal/cmake/raised_goalConfig.cmake
[15.288s] -- Up-to-date: /home/sam/piper_ros/install/raised_goal/share/raised_goal/cmake/raised_goalConfig-version.cmake
[15.288s] -- Up-to-date: /home/sam/piper_ros/install/raised_goal/share/raised_goal/package.xml
[15.290s] Invoked command in '/home/sam/piper_ros/build/raised_goal' returned '0': CMAKE_PREFIX_PATH=${CMAKE_PREFIX_PATH}:/home/sam/piper_ros/install/piper:/home/sam/ws_moveit/install/moveit_configs_utils:/home/sam/ws_moveit/install/launch_param_builder:/opt/ros/humble /usr/bin/cmake --install /home/sam/piper_ros/build/raised_goal
