[1.140s] Invoking command in '/home/sam/piper_ros/src/piper': PYTHONPATH=/home/sam/piper_ros/build/piper/prefix_override:/usr/lib/python3/dist-packages/colcon_core/task/python/colcon_distutils_commands:/home/sam/piper_ros/install/piper/lib/python3.10/site-packages:${PYTHONPATH} /usr/bin/python3 -W ignore:setup.py install is deprecated -W ignore:easy_install command is deprecated setup.py egg_info --egg-base ../../build/piper build --build-base /home/sam/piper_ros/build/piper/build install --record /home/sam/piper_ros/build/piper/install.log --single-version-externally-managed install_data
[1.481s] running egg_info
[1.482s] writing ../../build/piper/piper.egg-info/PKG-INFO
[1.482s] writing dependency_links to ../../build/piper/piper.egg-info/dependency_links.txt
[1.482s] writing entry points to ../../build/piper/piper.egg-info/entry_points.txt
[1.482s] writing requirements to ../../build/piper/piper.egg-info/requires.txt
[1.483s] writing top-level names to ../../build/piper/piper.egg-info/top_level.txt
[1.485s] reading manifest file '../../build/piper/piper.egg-info/SOURCES.txt'
[1.486s] adding license file 'LICENSE'
[1.487s] writing manifest file '../../build/piper/piper.egg-info/SOURCES.txt'
[1.487s] running build
[1.487s] running build_py
[1.487s] running install
[1.488s] running install_lib
[1.490s] running install_data
[1.490s] running install_egg_info
[1.492s] removing '/home/sam/piper_ros/install/piper/lib/python3.10/site-packages/piper-0.0.0-py3.10.egg-info' (and everything under it)
[1.493s] Copying ../../build/piper/piper.egg-info to /home/sam/piper_ros/install/piper/lib/python3.10/site-packages/piper-0.0.0-py3.10.egg-info
[1.494s] running install_scripts
[1.519s] Installing piper_ms_ctrl script to /home/sam/piper_ros/install/piper/lib/piper
[1.519s] Installing piper_read_master script to /home/sam/piper_ros/install/piper/lib/piper
[1.519s] Installing piper_single_ctrl script to /home/sam/piper_ros/install/piper/lib/piper
[1.519s] Installing talker script to /home/sam/piper_ros/install/piper/lib/piper
[1.520s] writing list of installed files to '/home/sam/piper_ros/build/piper/install.log'
[1.551s] Invoked command in '/home/sam/piper_ros/src/piper' returned '0': PYTHONPATH=/home/sam/piper_ros/build/piper/prefix_override:/usr/lib/python3/dist-packages/colcon_core/task/python/colcon_distutils_commands:/home/sam/piper_ros/install/piper/lib/python3.10/site-packages:${PYTHONPATH} /usr/bin/python3 -W ignore:setup.py install is deprecated -W ignore:easy_install command is deprecated setup.py egg_info --egg-base ../../build/piper build --build-base /home/sam/piper_ros/build/piper/build install --record /home/sam/piper_ros/build/piper/install.log --single-version-externally-managed install_data
