[2.106s] Invoking command in '/home/sam/piper_ros/src/piper': PYTHONPATH=/home/sam/piper_ros/build/piper/prefix_override:/usr/lib/python3/dist-packages/colcon_core/task/python/colcon_distutils_commands:/home/sam/piper_ros/install/piper/lib/python3.10/site-packages:${PYTHONPATH} /usr/bin/python3 -W ignore:setup.py install is deprecated -W ignore:easy_install command is deprecated setup.py egg_info --egg-base ../../build/piper build --build-base /home/sam/piper_ros/build/piper/build install --record /home/sam/piper_ros/build/piper/install.log --single-version-externally-managed install_data
[3.557s] running egg_info
[3.560s] writing ../../build/piper/piper.egg-info/PKG-INFO
[3.560s] writing dependency_links to ../../build/piper/piper.egg-info/dependency_links.txt
[3.560s] writing entry points to ../../build/piper/piper.egg-info/entry_points.txt
[3.562s] writing requirements to ../../build/piper/piper.egg-info/requires.txt
[3.562s] writing top-level names to ../../build/piper/piper.egg-info/top_level.txt
[3.566s] reading manifest file '../../build/piper/piper.egg-info/SOURCES.txt'
[3.567s] adding license file 'LICENSE'
[3.568s] writing manifest file '../../build/piper/piper.egg-info/SOURCES.txt'
[3.568s] running build
[3.568s] running build_py
[3.569s] copying piper/two_state_publisher.py -> /home/sam/piper_ros/build/piper/build/lib/piper
[3.570s] running install
[3.571s] running install_lib
[3.572s] copying /home/sam/piper_ros/build/piper/build/lib/piper/two_state_publisher.py -> /home/sam/piper_ros/install/piper/lib/python3.10/site-packages/piper
[3.574s] byte-compiling /home/sam/piper_ros/install/piper/lib/python3.10/site-packages/piper/two_state_publisher.py to two_state_publisher.cpython-310.pyc
[3.576s] running install_data
[3.578s] running install_egg_info
[3.581s] removing '/home/sam/piper_ros/install/piper/lib/python3.10/site-packages/piper-0.0.0-py3.10.egg-info' (and everything under it)
[3.583s] Copying ../../build/piper/piper.egg-info to /home/sam/piper_ros/install/piper/lib/python3.10/site-packages/piper-0.0.0-py3.10.egg-info
[3.585s] running install_scripts
[3.635s] Installing piper_ms_ctrl script to /home/sam/piper_ros/install/piper/lib/piper
[3.635s] Installing piper_read_master script to /home/sam/piper_ros/install/piper/lib/piper
[3.636s] Installing piper_single_ctrl script to /home/sam/piper_ros/install/piper/lib/piper
[3.636s] Installing talker script to /home/sam/piper_ros/install/piper/lib/piper
[3.639s] writing list of installed files to '/home/sam/piper_ros/build/piper/install.log'
[3.687s] Invoked command in '/home/sam/piper_ros/src/piper' returned '0': PYTHONPATH=/home/sam/piper_ros/build/piper/prefix_override:/usr/lib/python3/dist-packages/colcon_core/task/python/colcon_distutils_commands:/home/sam/piper_ros/install/piper/lib/python3.10/site-packages:${PYTHONPATH} /usr/bin/python3 -W ignore:setup.py install is deprecated -W ignore:easy_install command is deprecated setup.py egg_info --egg-base ../../build/piper build --build-base /home/sam/piper_ros/build/piper/build install --record /home/sam/piper_ros/build/piper/install.log --single-version-externally-managed install_data
