[0.045s] Invoking command in '/home/sam/piper_ros/build/piper_msgs': CMAKE_PREFIX_PATH=${CMAKE_PREFIX_PATH}:/home/sam/piper_ros/install/piper:/home/sam/ws_moveit/install/moveit_configs_utils:/home/sam/ws_moveit/install/launch_param_builder:/opt/ros/humble /usr/bin/cmake --build /home/sam/piper_ros/build/piper_msgs -- -j4 -l4
[0.274s] [ 10%] Built target piper_msgs__rosidl_generator_c
[0.298s] [ 12%] Built target piper_msgs__cpp
[0.333s] [ 12%] Built target ament_cmake_python_symlink_piper_msgs
[0.455s] [ 23%] Built target piper_msgs__rosidl_typesupport_c
[0.456s] [ 34%] Built target piper_msgs__rosidl_typesupport_introspection_c
[0.485s] [ 44%] Built target piper_msgs__rosidl_typesupport_fastrtps_c
[0.604s] [ 55%] Built target piper_msgs__rosidl_typesupport_fastrtps_cpp
[0.691s] [ 65%] Built target piper_msgs__rosidl_typesupport_introspection_cpp
[0.713s] [ 76%] Built target piper_msgs__rosidl_typesupport_cpp
[0.794s] [ 76%] Built target piper_msgs
[0.910s] [ 78%] Built target piper_msgs__py
[1.151s] [ 87%] Built target piper_msgs__rosidl_generator_py
[1.418s] [ 95%] Built target piper_msgs__rosidl_typesupport_c__pyext
[1.424s] [ 95%] Built target piper_msgs__rosidl_typesupport_introspection_c__pyext
[1.458s] [100%] Built target piper_msgs__rosidl_typesupport_fastrtps_c__pyext
[1.905s] running egg_info
[1.907s] writing piper_msgs.egg-info/PKG-INFO
[1.908s] writing dependency_links to piper_msgs.egg-info/dependency_links.txt
[1.908s] writing top-level names to piper_msgs.egg-info/top_level.txt
[1.914s] reading manifest file 'piper_msgs.egg-info/SOURCES.txt'
[1.916s] writing manifest file 'piper_msgs.egg-info/SOURCES.txt'
[2.006s] [100%] Built target ament_cmake_python_build_piper_msgs_egg
[2.042s] Invoked command in '/home/sam/piper_ros/build/piper_msgs' returned '0': CMAKE_PREFIX_PATH=${CMAKE_PREFIX_PATH}:/home/sam/piper_ros/install/piper:/home/sam/ws_moveit/install/moveit_configs_utils:/home/sam/ws_moveit/install/launch_param_builder:/opt/ros/humble /usr/bin/cmake --build /home/sam/piper_ros/build/piper_msgs -- -j4 -l4
[2.043s] Invoking command in '/home/sam/piper_ros/build/piper_msgs': CMAKE_PREFIX_PATH=${CMAKE_PREFIX_PATH}:/home/sam/piper_ros/install/piper:/home/sam/ws_moveit/install/moveit_configs_utils:/home/sam/ws_moveit/install/launch_param_builder:/opt/ros/humble /usr/bin/cmake --install /home/sam/piper_ros/build/piper_msgs
[2.071s] -- Install configuration: "Debug"
[2.072s] -- Execute custom install script
[2.072s] -- Up-to-date symlink: /home/sam/piper_ros/install/piper_msgs/share/ament_index/resource_index/rosidl_interfaces/piper_msgs
[2.077s] -- Up-to-date symlink: /home/sam/piper_ros/install/piper_msgs/include/piper_msgs/piper_msgs/msg/detail/piper_status_msg__functions.h
[2.078s] -- Up-to-date symlink: /home/sam/piper_ros/install/piper_msgs/include/piper_msgs/piper_msgs/msg/detail/piper_status_msg__struct.h
[2.078s] -- Up-to-date symlink: /home/sam/piper_ros/install/piper_msgs/include/piper_msgs/piper_msgs/msg/detail/piper_status_msg__type_support.h
[2.078s] -- Up-to-date symlink: /home/sam/piper_ros/install/piper_msgs/include/piper_msgs/piper_msgs/msg/detail/pos_cmd__functions.h
[2.078s] -- Up-to-date symlink: /home/sam/piper_ros/install/piper_msgs/include/piper_msgs/piper_msgs/msg/detail/pos_cmd__struct.h
[2.079s] -- Up-to-date symlink: /home/sam/piper_ros/install/piper_msgs/include/piper_msgs/piper_msgs/msg/detail/pos_cmd__type_support.h
[2.079s] -- Up-to-date symlink: /home/sam/piper_ros/install/piper_msgs/include/piper_msgs/piper_msgs/msg/piper_status_msg.h
[2.079s] -- Up-to-date symlink: /home/sam/piper_ros/install/piper_msgs/include/piper_msgs/piper_msgs/msg/pos_cmd.h
[2.080s] -- Up-to-date symlink: /home/sam/piper_ros/install/piper_msgs/include/piper_msgs/piper_msgs/msg/rosidl_generator_c__visibility_control.h
[2.080s] -- Up-to-date symlink: /home/sam/piper_ros/install/piper_msgs/include/piper_msgs/piper_msgs/srv/detail/enable__functions.h
[2.080s] -- Up-to-date symlink: /home/sam/piper_ros/install/piper_msgs/include/piper_msgs/piper_msgs/srv/detail/enable__struct.h
[2.080s] -- Up-to-date symlink: /home/sam/piper_ros/install/piper_msgs/include/piper_msgs/piper_msgs/srv/detail/enable__type_support.h
[2.080s] -- Up-to-date symlink: /home/sam/piper_ros/install/piper_msgs/include/piper_msgs/piper_msgs/srv/enable.h
[2.081s] -- Up-to-date symlink: /home/sam/piper_ros/install/piper_msgs/share/piper_msgs/environment/library_path.sh
[2.082s] -- Up-to-date symlink: /home/sam/piper_ros/install/piper_msgs/share/piper_msgs/environment/library_path.dsv
[2.085s] -- Up-to-date symlink: /home/sam/piper_ros/install/piper_msgs/include/piper_msgs/piper_msgs/msg/detail/piper_status_msg__rosidl_typesupport_fastrtps_c.h
[2.085s] -- Up-to-date symlink: /home/sam/piper_ros/install/piper_msgs/include/piper_msgs/piper_msgs/msg/detail/pos_cmd__rosidl_typesupport_fastrtps_c.h
[2.087s] -- Up-to-date symlink: /home/sam/piper_ros/install/piper_msgs/include/piper_msgs/piper_msgs/msg/rosidl_typesupport_fastrtps_c__visibility_control.h
[2.088s] -- Up-to-date symlink: /home/sam/piper_ros/install/piper_msgs/include/piper_msgs/piper_msgs/srv/detail/enable__rosidl_typesupport_fastrtps_c.h
[2.088s] -- Up-to-date symlink: /home/sam/piper_ros/install/piper_msgs/include/piper_msgs/piper_msgs/msg/detail/piper_status_msg__rosidl_typesupport_introspection_c.h
[2.088s] -- Up-to-date symlink: /home/sam/piper_ros/install/piper_msgs/include/piper_msgs/piper_msgs/msg/detail/pos_cmd__rosidl_typesupport_introspection_c.h
[2.088s] -- Up-to-date symlink: /home/sam/piper_ros/install/piper_msgs/include/piper_msgs/piper_msgs/msg/rosidl_typesupport_introspection_c__visibility_control.h
[2.088s] -- Up-to-date symlink: /home/sam/piper_ros/install/piper_msgs/include/piper_msgs/piper_msgs/srv/detail/enable__rosidl_typesupport_introspection_c.h
[2.088s] -- Up-to-date symlink: /home/sam/piper_ros/install/piper_msgs/include/piper_msgs/piper_msgs/msg/detail/piper_status_msg__builder.hpp
[2.089s] -- Up-to-date symlink: /home/sam/piper_ros/install/piper_msgs/include/piper_msgs/piper_msgs/msg/detail/piper_status_msg__struct.hpp
[2.090s] -- Up-to-date symlink: /home/sam/piper_ros/install/piper_msgs/include/piper_msgs/piper_msgs/msg/detail/piper_status_msg__traits.hpp
[2.091s] -- Up-to-date symlink: /home/sam/piper_ros/install/piper_msgs/include/piper_msgs/piper_msgs/msg/detail/piper_status_msg__type_support.hpp
[2.091s] -- Up-to-date symlink: /home/sam/piper_ros/install/piper_msgs/include/piper_msgs/piper_msgs/msg/detail/pos_cmd__builder.hpp
[2.091s] -- Up-to-date symlink: /home/sam/piper_ros/install/piper_msgs/include/piper_msgs/piper_msgs/msg/detail/pos_cmd__struct.hpp
[2.091s] -- Up-to-date symlink: /home/sam/piper_ros/install/piper_msgs/include/piper_msgs/piper_msgs/msg/detail/pos_cmd__traits.hpp
[2.091s] -- Up-to-date symlink: /home/sam/piper_ros/install/piper_msgs/include/piper_msgs/piper_msgs/msg/detail/pos_cmd__type_support.hpp
[2.092s] -- Up-to-date symlink: /home/sam/piper_ros/install/piper_msgs/include/piper_msgs/piper_msgs/msg/piper_status_msg.hpp
[2.092s] -- Up-to-date symlink: /home/sam/piper_ros/install/piper_msgs/include/piper_msgs/piper_msgs/msg/pos_cmd.hpp
[2.092s] -- Up-to-date symlink: /home/sam/piper_ros/install/piper_msgs/include/piper_msgs/piper_msgs/msg/rosidl_generator_cpp__visibility_control.hpp
[2.092s] -- Up-to-date symlink: /home/sam/piper_ros/install/piper_msgs/include/piper_msgs/piper_msgs/srv/detail/enable__builder.hpp
[2.096s] -- Up-to-date symlink: /home/sam/piper_ros/install/piper_msgs/include/piper_msgs/piper_msgs/srv/detail/enable__struct.hpp
[2.097s] -- Up-to-date symlink: /home/sam/piper_ros/install/piper_msgs/include/piper_msgs/piper_msgs/srv/detail/enable__traits.hpp
[2.098s] -- Up-to-date symlink: /home/sam/piper_ros/install/piper_msgs/include/piper_msgs/piper_msgs/srv/detail/enable__type_support.hpp
[2.098s] -- Up-to-date symlink: /home/sam/piper_ros/install/piper_msgs/include/piper_msgs/piper_msgs/srv/enable.hpp
[2.100s] -- Up-to-date symlink: /home/sam/piper_ros/install/piper_msgs/include/piper_msgs/piper_msgs/msg/detail/piper_status_msg__rosidl_typesupport_fastrtps_cpp.hpp
[2.100s] -- Up-to-date symlink: /home/sam/piper_ros/install/piper_msgs/include/piper_msgs/piper_msgs/msg/detail/pos_cmd__rosidl_typesupport_fastrtps_cpp.hpp
[2.100s] -- Up-to-date symlink: /home/sam/piper_ros/install/piper_msgs/include/piper_msgs/piper_msgs/msg/rosidl_typesupport_fastrtps_cpp__visibility_control.h
[2.101s] -- Up-to-date symlink: /home/sam/piper_ros/install/piper_msgs/include/piper_msgs/piper_msgs/srv/detail/enable__rosidl_typesupport_fastrtps_cpp.hpp
[2.101s] -- Up-to-date symlink: /home/sam/piper_ros/install/piper_msgs/include/piper_msgs/piper_msgs/msg/detail/piper_status_msg__rosidl_typesupport_introspection_cpp.hpp
[2.103s] -- Up-to-date symlink: /home/sam/piper_ros/install/piper_msgs/include/piper_msgs/piper_msgs/msg/detail/pos_cmd__rosidl_typesupport_introspection_cpp.hpp
[2.103s] -- Up-to-date symlink: /home/sam/piper_ros/install/piper_msgs/include/piper_msgs/piper_msgs/srv/detail/enable__rosidl_typesupport_introspection_cpp.hpp
[2.104s] -- Up-to-date symlink: /home/sam/piper_ros/install/piper_msgs/share/piper_msgs/environment/pythonpath.sh
[2.104s] -- Up-to-date symlink: /home/sam/piper_ros/install/piper_msgs/share/piper_msgs/environment/pythonpath.dsv
[2.104s] -- Up-to-date symlink: /home/sam/piper_ros/install/piper_msgs/local/lib/python3.10/dist-packages/piper_msgs-0.0.0-py3.10.egg-info/PKG-INFO
[2.105s] -- Up-to-date symlink: /home/sam/piper_ros/install/piper_msgs/local/lib/python3.10/dist-packages/piper_msgs-0.0.0-py3.10.egg-info/SOURCES.txt
[2.105s] -- Up-to-date symlink: /home/sam/piper_ros/install/piper_msgs/local/lib/python3.10/dist-packages/piper_msgs-0.0.0-py3.10.egg-info/dependency_links.txt
[2.106s] -- Up-to-date symlink: /home/sam/piper_ros/install/piper_msgs/local/lib/python3.10/dist-packages/piper_msgs-0.0.0-py3.10.egg-info/top_level.txt
[2.108s] -- Up-to-date symlink: /home/sam/piper_ros/install/piper_msgs/local/lib/python3.10/dist-packages/piper_msgs/__init__.py
[2.109s] -- Up-to-date symlink: /home/sam/piper_ros/install/piper_msgs/local/lib/python3.10/dist-packages/piper_msgs/_piper_msgs_s.ep.rosidl_typesupport_c.c
[2.109s] -- Up-to-date symlink: /home/sam/piper_ros/install/piper_msgs/local/lib/python3.10/dist-packages/piper_msgs/_piper_msgs_s.ep.rosidl_typesupport_fastrtps_c.c
[2.110s] -- Up-to-date symlink: /home/sam/piper_ros/install/piper_msgs/local/lib/python3.10/dist-packages/piper_msgs/_piper_msgs_s.ep.rosidl_typesupport_introspection_c.c
[2.110s] -- Up-to-date symlink: /home/sam/piper_ros/install/piper_msgs/local/lib/python3.10/dist-packages/piper_msgs/libpiper_msgs__rosidl_generator_py.so
[2.111s] -- Up-to-date symlink: /home/sam/piper_ros/install/piper_msgs/local/lib/python3.10/dist-packages/piper_msgs/msg/__init__.py
[2.111s] -- Up-to-date symlink: /home/sam/piper_ros/install/piper_msgs/local/lib/python3.10/dist-packages/piper_msgs/msg/_piper_status_msg.py
[2.112s] -- Up-to-date symlink: /home/sam/piper_ros/install/piper_msgs/local/lib/python3.10/dist-packages/piper_msgs/msg/_piper_status_msg_s.c
[2.113s] -- Up-to-date symlink: /home/sam/piper_ros/install/piper_msgs/local/lib/python3.10/dist-packages/piper_msgs/msg/_pos_cmd.py
[2.113s] -- Up-to-date symlink: /home/sam/piper_ros/install/piper_msgs/local/lib/python3.10/dist-packages/piper_msgs/msg/_pos_cmd_s.c
[2.113s] -- Up-to-date symlink: /home/sam/piper_ros/install/piper_msgs/local/lib/python3.10/dist-packages/piper_msgs/piper_msgs_s__rosidl_typesupport_c.cpython-310-x86_64-linux-gnu.so
[2.113s] -- Up-to-date symlink: /home/sam/piper_ros/install/piper_msgs/local/lib/python3.10/dist-packages/piper_msgs/piper_msgs_s__rosidl_typesupport_fastrtps_c.cpython-310-x86_64-linux-gnu.so
[2.114s] -- Up-to-date symlink: /home/sam/piper_ros/install/piper_msgs/local/lib/python3.10/dist-packages/piper_msgs/piper_msgs_s__rosidl_typesupport_introspection_c.cpython-310-x86_64-linux-gnu.so
[2.116s] -- Up-to-date symlink: /home/sam/piper_ros/install/piper_msgs/local/lib/python3.10/dist-packages/piper_msgs/srv/__init__.py
[2.116s] -- Up-to-date symlink: /home/sam/piper_ros/install/piper_msgs/local/lib/python3.10/dist-packages/piper_msgs/srv/_enable.py
[2.116s] -- Up-to-date symlink: /home/sam/piper_ros/install/piper_msgs/local/lib/python3.10/dist-packages/piper_msgs/srv/_enable_s.c
[2.116s] -- Up-to-date symlink: /home/sam/piper_ros/install/piper_msgs/local/lib/python3.10/dist-packages/piper_msgs/piper_msgs_s__rosidl_typesupport_fastrtps_c.cpython-310-x86_64-linux-gnu.so
[2.117s] -- Up-to-date symlink: /home/sam/piper_ros/install/piper_msgs/local/lib/python3.10/dist-packages/piper_msgs/piper_msgs_s__rosidl_typesupport_introspection_c.cpython-310-x86_64-linux-gnu.so
[2.117s] -- Up-to-date symlink: /home/sam/piper_ros/install/piper_msgs/local/lib/python3.10/dist-packages/piper_msgs/piper_msgs_s__rosidl_typesupport_c.cpython-310-x86_64-linux-gnu.so
[2.118s] -- Up-to-date symlink: /home/sam/piper_ros/install/piper_msgs/share/piper_msgs/msg/PiperStatusMsg.idl
[2.119s] -- Up-to-date symlink: /home/sam/piper_ros/install/piper_msgs/share/piper_msgs/msg/PosCmd.idl
[2.122s] -- Up-to-date symlink: /home/sam/piper_ros/install/piper_msgs/share/piper_msgs/srv/Enable.idl
[2.123s] -- Up-to-date symlink: /home/sam/piper_ros/install/piper_msgs/share/piper_msgs/msg/PiperStatusMsg.msg
[2.123s] -- Up-to-date symlink: /home/sam/piper_ros/install/piper_msgs/share/piper_msgs/msg/PosCmd.msg
[2.124s] -- Up-to-date symlink: /home/sam/piper_ros/install/piper_msgs/share/piper_msgs/srv/Enable.srv
[2.124s] -- Up-to-date symlink: /home/sam/piper_ros/install/piper_msgs/share/piper_msgs/srv/Enable_Request.msg
[2.125s] -- Up-to-date symlink: /home/sam/piper_ros/install/piper_msgs/share/piper_msgs/srv/Enable_Response.msg
[2.125s] -- Up-to-date symlink: /home/sam/piper_ros/install/piper_msgs/share/ament_index/resource_index/package_run_dependencies/piper_msgs
[2.125s] -- Up-to-date symlink: /home/sam/piper_ros/install/piper_msgs/share/ament_index/resource_index/parent_prefix_path/piper_msgs
[2.125s] -- Up-to-date symlink: /home/sam/piper_ros/install/piper_msgs/share/piper_msgs/environment/ament_prefix_path.sh
[2.126s] -- Up-to-date symlink: /home/sam/piper_ros/install/piper_msgs/share/piper_msgs/environment/ament_prefix_path.dsv
[2.126s] -- Up-to-date symlink: /home/sam/piper_ros/install/piper_msgs/share/piper_msgs/environment/path.sh
[2.127s] -- Up-to-date symlink: /home/sam/piper_ros/install/piper_msgs/share/piper_msgs/environment/path.dsv
[2.128s] -- Up-to-date symlink: /home/sam/piper_ros/install/piper_msgs/share/piper_msgs/local_setup.bash
[2.128s] -- Up-to-date symlink: /home/sam/piper_ros/install/piper_msgs/share/piper_msgs/local_setup.sh
[2.129s] -- Up-to-date symlink: /home/sam/piper_ros/install/piper_msgs/share/piper_msgs/local_setup.zsh
[2.129s] -- Up-to-date symlink: /home/sam/piper_ros/install/piper_msgs/share/piper_msgs/local_setup.dsv
[2.130s] -- Symlinking: /home/sam/piper_ros/install/piper_msgs/share/piper_msgs/package.dsv
[2.154s] -- Up-to-date symlink: /home/sam/piper_ros/install/piper_msgs/share/ament_index/resource_index/packages/piper_msgs
[2.154s] -- Up-to-date symlink: /home/sam/piper_ros/install/piper_msgs/share/piper_msgs/cmake/rosidl_cmake-extras.cmake
[2.155s] -- Up-to-date symlink: /home/sam/piper_ros/install/piper_msgs/share/piper_msgs/cmake/ament_cmake_export_include_directories-extras.cmake
[2.155s] -- Up-to-date symlink: /home/sam/piper_ros/install/piper_msgs/share/piper_msgs/cmake/ament_cmake_export_libraries-extras.cmake
[2.155s] -- Up-to-date symlink: /home/sam/piper_ros/install/piper_msgs/share/piper_msgs/cmake/ament_cmake_export_targets-extras.cmake
[2.156s] -- Up-to-date symlink: /home/sam/piper_ros/install/piper_msgs/share/piper_msgs/cmake/rosidl_cmake_export_typesupport_targets-extras.cmake
[2.157s] -- Up-to-date symlink: /home/sam/piper_ros/install/piper_msgs/share/piper_msgs/cmake/ament_cmake_export_dependencies-extras.cmake
[2.158s] -- Up-to-date symlink: /home/sam/piper_ros/install/piper_msgs/share/piper_msgs/cmake/rosidl_cmake_export_typesupport_libraries-extras.cmake
[2.158s] -- Up-to-date symlink: /home/sam/piper_ros/install/piper_msgs/share/piper_msgs/cmake/piper_msgsConfig.cmake
[2.158s] -- Up-to-date symlink: /home/sam/piper_ros/install/piper_msgs/share/piper_msgs/cmake/piper_msgsConfig-version.cmake
[2.158s] -- Up-to-date symlink: /home/sam/piper_ros/install/piper_msgs/share/piper_msgs/package.xml
[2.160s] -- Up-to-date: /home/sam/piper_ros/install/piper_msgs/lib/libpiper_msgs__rosidl_generator_c.so
[2.160s] -- Up-to-date: /home/sam/piper_ros/install/piper_msgs/lib/libpiper_msgs__rosidl_typesupport_fastrtps_c.so
[2.163s] -- Up-to-date: /home/sam/piper_ros/install/piper_msgs/lib/libpiper_msgs__rosidl_typesupport_introspection_c.so
[2.163s] -- Up-to-date: /home/sam/piper_ros/install/piper_msgs/lib/libpiper_msgs__rosidl_typesupport_c.so
[2.163s] -- Up-to-date: /home/sam/piper_ros/install/piper_msgs/lib/libpiper_msgs__rosidl_typesupport_fastrtps_cpp.so
[2.163s] -- Up-to-date: /home/sam/piper_ros/install/piper_msgs/lib/libpiper_msgs__rosidl_typesupport_introspection_cpp.so
[2.164s] -- Up-to-date: /home/sam/piper_ros/install/piper_msgs/lib/libpiper_msgs__rosidl_typesupport_cpp.so
[2.249s] Listing '/home/sam/piper_ros/install/piper_msgs/local/lib/python3.10/dist-packages/piper_msgs'...
[2.249s] Listing '/home/sam/piper_ros/install/piper_msgs/local/lib/python3.10/dist-packages/piper_msgs/msg'...
[2.249s] Listing '/home/sam/piper_ros/install/piper_msgs/local/lib/python3.10/dist-packages/piper_msgs/srv'...
[2.263s] -- Up-to-date: /home/sam/piper_ros/install/piper_msgs/lib/libpiper_msgs__rosidl_generator_py.so
[2.263s] -- Up-to-date: /home/sam/piper_ros/install/piper_msgs/share/piper_msgs/cmake/export_piper_msgs__rosidl_generator_cExport.cmake
[2.264s] -- Up-to-date: /home/sam/piper_ros/install/piper_msgs/share/piper_msgs/cmake/export_piper_msgs__rosidl_generator_cExport-debug.cmake
[2.264s] -- Up-to-date: /home/sam/piper_ros/install/piper_msgs/share/piper_msgs/cmake/export_piper_msgs__rosidl_typesupport_fastrtps_cExport.cmake
[2.264s] -- Up-to-date: /home/sam/piper_ros/install/piper_msgs/share/piper_msgs/cmake/export_piper_msgs__rosidl_typesupport_fastrtps_cExport-debug.cmake
[2.264s] -- Up-to-date: /home/sam/piper_ros/install/piper_msgs/share/piper_msgs/cmake/piper_msgs__rosidl_typesupport_introspection_cExport.cmake
[2.264s] -- Up-to-date: /home/sam/piper_ros/install/piper_msgs/share/piper_msgs/cmake/piper_msgs__rosidl_typesupport_introspection_cExport-debug.cmake
[2.265s] -- Up-to-date: /home/sam/piper_ros/install/piper_msgs/share/piper_msgs/cmake/piper_msgs__rosidl_typesupport_cExport.cmake
[2.265s] -- Up-to-date: /home/sam/piper_ros/install/piper_msgs/share/piper_msgs/cmake/piper_msgs__rosidl_typesupport_cExport-debug.cmake
[2.265s] -- Up-to-date: /home/sam/piper_ros/install/piper_msgs/share/piper_msgs/cmake/export_piper_msgs__rosidl_generator_cppExport.cmake
[2.265s] -- Up-to-date: /home/sam/piper_ros/install/piper_msgs/share/piper_msgs/cmake/export_piper_msgs__rosidl_typesupport_fastrtps_cppExport.cmake
[2.265s] -- Up-to-date: /home/sam/piper_ros/install/piper_msgs/share/piper_msgs/cmake/export_piper_msgs__rosidl_typesupport_fastrtps_cppExport-debug.cmake
[2.266s] -- Up-to-date: /home/sam/piper_ros/install/piper_msgs/share/piper_msgs/cmake/piper_msgs__rosidl_typesupport_introspection_cppExport.cmake
[2.266s] -- Up-to-date: /home/sam/piper_ros/install/piper_msgs/share/piper_msgs/cmake/piper_msgs__rosidl_typesupport_introspection_cppExport-debug.cmake
[2.266s] -- Up-to-date: /home/sam/piper_ros/install/piper_msgs/share/piper_msgs/cmake/piper_msgs__rosidl_typesupport_cppExport.cmake
[2.266s] -- Up-to-date: /home/sam/piper_ros/install/piper_msgs/share/piper_msgs/cmake/piper_msgs__rosidl_typesupport_cppExport-debug.cmake
[2.266s] -- Up-to-date: /home/sam/piper_ros/install/piper_msgs/share/piper_msgs/cmake/export_piper_msgs__rosidl_generator_pyExport.cmake
[2.266s] -- Up-to-date: /home/sam/piper_ros/install/piper_msgs/share/piper_msgs/cmake/export_piper_msgs__rosidl_generator_pyExport-debug.cmake
[2.270s] Invoked command in '/home/sam/piper_ros/build/piper_msgs' returned '0': CMAKE_PREFIX_PATH=${CMAKE_PREFIX_PATH}:/home/sam/piper_ros/install/piper:/home/sam/ws_moveit/install/moveit_configs_utils:/home/sam/ws_moveit/install/launch_param_builder:/opt/ros/humble /usr/bin/cmake --install /home/sam/piper_ros/build/piper_msgs
