[35m[1mConsolidate compiler generated dependencies of target stowed_goal[0m
[ 50%] [32mBuilding CXX object CMakeFiles/stowed_goal.dir/src/stowed_goal.cpp.o[0m
[100%] [32m[1mLinking CXX executable stowed_goal[0m
[100%] Built target stowed_goal
-- Install configuration: ""
-- Installing: /home/sam/piper_ros/install/stowed_goal/lib/stowed_goal/stowed_goal
-- Set runtime path of "/home/sam/piper_ros/install/stowed_goal/lib/stowed_goal/stowed_goal" to ""
-- Up-to-date: /home/sam/piper_ros/install/stowed_goal/share/ament_index/resource_index/package_run_dependencies/stowed_goal
-- Up-to-date: /home/sam/piper_ros/install/stowed_goal/share/ament_index/resource_index/parent_prefix_path/stowed_goal
-- Up-to-date: /home/sam/piper_ros/install/stowed_goal/share/stowed_goal/environment/ament_prefix_path.sh
-- Up-to-date: /home/sam/piper_ros/install/stowed_goal/share/stowed_goal/environment/ament_prefix_path.dsv
-- Up-to-date: /home/sam/piper_ros/install/stowed_goal/share/stowed_goal/environment/path.sh
-- Up-to-date: /home/sam/piper_ros/install/stowed_goal/share/stowed_goal/environment/path.dsv
-- Up-to-date: /home/sam/piper_ros/install/stowed_goal/share/stowed_goal/local_setup.bash
-- Up-to-date: /home/sam/piper_ros/install/stowed_goal/share/stowed_goal/local_setup.sh
-- Up-to-date: /home/sam/piper_ros/install/stowed_goal/share/stowed_goal/local_setup.zsh
-- Up-to-date: /home/sam/piper_ros/install/stowed_goal/share/stowed_goal/local_setup.dsv
-- Installing: /home/sam/piper_ros/install/stowed_goal/share/stowed_goal/package.dsv
-- Up-to-date: /home/sam/piper_ros/install/stowed_goal/share/ament_index/resource_index/packages/stowed_goal
-- Up-to-date: /home/sam/piper_ros/install/stowed_goal/share/stowed_goal/cmake/stowed_goalConfig.cmake
-- Up-to-date: /home/sam/piper_ros/install/stowed_goal/share/stowed_goal/cmake/stowed_goalConfig-version.cmake
-- Up-to-date: /home/sam/piper_ros/install/stowed_goal/share/stowed_goal/package.xml
