[0.134s] DEBUG:colcon:Command line arguments: ['/usr/bin/colcon', 'build']
[0.134s] DEBUG:colcon:Parsed command line arguments: Namespace(log_base=None, log_level=None, verb_name='build', build_base='build', install_base='install', merge_install=False, symlink_install=False, test_result_base=None, continue_on_error=False, executor='parallel', parallel_workers=4, event_handlers=None, ignore_user_meta=False, metas=['./colcon.meta'], base_paths=['.'], packages_ignore=None, packages_ignore_regex=None, paths=None, packages_up_to=None, packages_up_to_regex=None, packages_above=None, packages_above_and_dependencies=None, packages_above_depth=None, packages_select_by_dep=None, packages_skip_by_dep=None, packages_skip_up_to=None, packages_select_build_failed=False, packages_skip_build_finished=False, packages_select_test_failures=False, packages_skip_test_passed=False, packages_select=None, packages_skip=None, packages_select_regex=None, packages_skip_regex=None, packages_start=None, packages_end=None, allow_overriding=[], cmake_args=None, cmake_target=None, cmake_target_skip_unavailable=False, cmake_clean_cache=False, cmake_clean_first=False, cmake_force_configure=False, ament_cmake_args=None, catkin_cmake_args=None, catkin_skip_building_tests=False, verb_parser=<colcon_defaults.argument_parser.defaults.DefaultArgumentsDecorator object at 0x7167b7661870>, verb_extension=<colcon_core.verb.build.BuildVerb object at 0x7167b7747370>, main=<bound method BuildVerb.main of <colcon_core.verb.build.BuildVerb object at 0x7167b7747370>>)
[0.352s] Level 1:colcon.colcon_core.package_discovery:discover_packages(colcon_meta) check parameters
[0.352s] Level 1:colcon.colcon_core.package_discovery:discover_packages(recursive) check parameters
[0.352s] Level 1:colcon.colcon_core.package_discovery:discover_packages(ignore) check parameters
[0.352s] Level 1:colcon.colcon_core.package_discovery:discover_packages(path) check parameters
[0.352s] Level 1:colcon.colcon_core.package_discovery:discover_packages(colcon_meta) discover
[0.352s] Level 1:colcon.colcon_core.package_discovery:discover_packages(recursive) discover
[0.352s] INFO:colcon.colcon_core.package_discovery:Crawling recursively for packages in '/home/sam/piper_ros'
[0.352s] Level 1:colcon.colcon_core.package_identification:_identify(.) by extensions ['ignore', 'ignore_ament_install']
[0.353s] Level 1:colcon.colcon_core.package_identification:_identify(.) by extension 'ignore'
[0.353s] Level 1:colcon.colcon_core.package_identification:_identify(.) by extension 'ignore_ament_install'
[0.353s] Level 1:colcon.colcon_core.package_identification:_identify(.) by extensions ['colcon_pkg']
[0.353s] Level 1:colcon.colcon_core.package_identification:_identify(.) by extension 'colcon_pkg'
[0.353s] Level 1:colcon.colcon_core.package_identification:_identify(.) by extensions ['colcon_meta']
[0.353s] Level 1:colcon.colcon_core.package_identification:_identify(.) by extension 'colcon_meta'
[0.353s] Level 1:colcon.colcon_core.package_identification:_identify(.) by extensions ['ros']
[0.353s] Level 1:colcon.colcon_core.package_identification:_identify(.) by extension 'ros'
[0.366s] Level 1:colcon.colcon_core.package_identification:_identify(.) by extensions ['cmake', 'python']
[0.366s] Level 1:colcon.colcon_core.package_identification:_identify(.) by extension 'cmake'
[0.366s] Level 1:colcon.colcon_core.package_identification:_identify(.) by extension 'python'
[0.366s] Level 1:colcon.colcon_core.package_identification:_identify(.) by extensions ['python_setup_py']
[0.366s] Level 1:colcon.colcon_core.package_identification:_identify(.) by extension 'python_setup_py'
[0.366s] Level 1:colcon.colcon_core.package_identification:_identify(asserts) by extensions ['ignore', 'ignore_ament_install']
[0.366s] Level 1:colcon.colcon_core.package_identification:_identify(asserts) by extension 'ignore'
[0.366s] Level 1:colcon.colcon_core.package_identification:_identify(asserts) by extension 'ignore_ament_install'
[0.366s] Level 1:colcon.colcon_core.package_identification:_identify(asserts) by extensions ['colcon_pkg']
[0.367s] Level 1:colcon.colcon_core.package_identification:_identify(asserts) by extension 'colcon_pkg'
[0.367s] Level 1:colcon.colcon_core.package_identification:_identify(asserts) by extensions ['colcon_meta']
[0.367s] Level 1:colcon.colcon_core.package_identification:_identify(asserts) by extension 'colcon_meta'
[0.367s] Level 1:colcon.colcon_core.package_identification:_identify(asserts) by extensions ['ros']
[0.367s] Level 1:colcon.colcon_core.package_identification:_identify(asserts) by extension 'ros'
[0.367s] Level 1:colcon.colcon_core.package_identification:_identify(asserts) by extensions ['cmake', 'python']
[0.367s] Level 1:colcon.colcon_core.package_identification:_identify(asserts) by extension 'cmake'
[0.367s] Level 1:colcon.colcon_core.package_identification:_identify(asserts) by extension 'python'
[0.367s] Level 1:colcon.colcon_core.package_identification:_identify(asserts) by extensions ['python_setup_py']
[0.367s] Level 1:colcon.colcon_core.package_identification:_identify(asserts) by extension 'python_setup_py'
[0.367s] Level 1:colcon.colcon_core.package_identification:_identify(asserts/pictures) by extensions ['ignore', 'ignore_ament_install']
[0.367s] Level 1:colcon.colcon_core.package_identification:_identify(asserts/pictures) by extension 'ignore'
[0.367s] Level 1:colcon.colcon_core.package_identification:_identify(asserts/pictures) by extension 'ignore_ament_install'
[0.367s] Level 1:colcon.colcon_core.package_identification:_identify(asserts/pictures) by extensions ['colcon_pkg']
[0.367s] Level 1:colcon.colcon_core.package_identification:_identify(asserts/pictures) by extension 'colcon_pkg'
[0.367s] Level 1:colcon.colcon_core.package_identification:_identify(asserts/pictures) by extensions ['colcon_meta']
[0.367s] Level 1:colcon.colcon_core.package_identification:_identify(asserts/pictures) by extension 'colcon_meta'
[0.367s] Level 1:colcon.colcon_core.package_identification:_identify(asserts/pictures) by extensions ['ros']
[0.367s] Level 1:colcon.colcon_core.package_identification:_identify(asserts/pictures) by extension 'ros'
[0.368s] Level 1:colcon.colcon_core.package_identification:_identify(asserts/pictures) by extensions ['cmake', 'python']
[0.368s] Level 1:colcon.colcon_core.package_identification:_identify(asserts/pictures) by extension 'cmake'
[0.368s] Level 1:colcon.colcon_core.package_identification:_identify(asserts/pictures) by extension 'python'
[0.368s] Level 1:colcon.colcon_core.package_identification:_identify(asserts/pictures) by extensions ['python_setup_py']
[0.368s] Level 1:colcon.colcon_core.package_identification:_identify(asserts/pictures) by extension 'python_setup_py'
[0.368s] Level 1:colcon.colcon_core.package_identification:_identify(build) by extensions ['ignore', 'ignore_ament_install']
[0.368s] Level 1:colcon.colcon_core.package_identification:_identify(build) by extension 'ignore'
[0.368s] Level 1:colcon.colcon_core.package_identification:_identify(build) ignored
[0.368s] Level 1:colcon.colcon_core.package_identification:_identify(install) by extensions ['ignore', 'ignore_ament_install']
[0.368s] Level 1:colcon.colcon_core.package_identification:_identify(install) by extension 'ignore'
[0.368s] Level 1:colcon.colcon_core.package_identification:_identify(install) ignored
[0.368s] Level 1:colcon.colcon_core.package_identification:_identify(log) by extensions ['ignore', 'ignore_ament_install']
[0.368s] Level 1:colcon.colcon_core.package_identification:_identify(log) by extension 'ignore'
[0.369s] Level 1:colcon.colcon_core.package_identification:_identify(log) ignored
[0.369s] Level 1:colcon.colcon_core.package_identification:_identify(src) by extensions ['ignore', 'ignore_ament_install']
[0.369s] Level 1:colcon.colcon_core.package_identification:_identify(src) by extension 'ignore'
[0.369s] Level 1:colcon.colcon_core.package_identification:_identify(src) by extension 'ignore_ament_install'
[0.369s] Level 1:colcon.colcon_core.package_identification:_identify(src) by extensions ['colcon_pkg']
[0.369s] Level 1:colcon.colcon_core.package_identification:_identify(src) by extension 'colcon_pkg'
[0.369s] Level 1:colcon.colcon_core.package_identification:_identify(src) by extensions ['colcon_meta']
[0.369s] Level 1:colcon.colcon_core.package_identification:_identify(src) by extension 'colcon_meta'
[0.369s] Level 1:colcon.colcon_core.package_identification:_identify(src) by extensions ['ros']
[0.369s] Level 1:colcon.colcon_core.package_identification:_identify(src) by extension 'ros'
[0.369s] Level 1:colcon.colcon_core.package_identification:_identify(src) by extensions ['cmake', 'python']
[0.369s] Level 1:colcon.colcon_core.package_identification:_identify(src) by extension 'cmake'
[0.369s] Level 1:colcon.colcon_core.package_identification:_identify(src) by extension 'python'
[0.369s] Level 1:colcon.colcon_core.package_identification:_identify(src) by extensions ['python_setup_py']
[0.369s] Level 1:colcon.colcon_core.package_identification:_identify(src) by extension 'python_setup_py'
[0.370s] Level 1:colcon.colcon_core.package_identification:_identify(src/piper) by extensions ['ignore', 'ignore_ament_install']
[0.370s] Level 1:colcon.colcon_core.package_identification:_identify(src/piper) by extension 'ignore'
[0.370s] Level 1:colcon.colcon_core.package_identification:_identify(src/piper) by extension 'ignore_ament_install'
[0.370s] Level 1:colcon.colcon_core.package_identification:_identify(src/piper) by extensions ['colcon_pkg']
[0.370s] Level 1:colcon.colcon_core.package_identification:_identify(src/piper) by extension 'colcon_pkg'
[0.370s] Level 1:colcon.colcon_core.package_identification:_identify(src/piper) by extensions ['colcon_meta']
[0.370s] Level 1:colcon.colcon_core.package_identification:_identify(src/piper) by extension 'colcon_meta'
[0.370s] Level 1:colcon.colcon_core.package_identification:_identify(src/piper) by extensions ['ros']
[0.370s] Level 1:colcon.colcon_core.package_identification:_identify(src/piper) by extension 'ros'
[0.374s] DEBUG:colcon.colcon_core.package_identification:Package 'src/piper' with type 'ros.ament_python' and name 'piper'
[0.374s] Level 1:colcon.colcon_core.package_identification:_identify(src/piper_description) by extensions ['ignore', 'ignore_ament_install']
[0.375s] Level 1:colcon.colcon_core.package_identification:_identify(src/piper_description) by extension 'ignore'
[0.375s] Level 1:colcon.colcon_core.package_identification:_identify(src/piper_description) by extension 'ignore_ament_install'
[0.375s] Level 1:colcon.colcon_core.package_identification:_identify(src/piper_description) by extensions ['colcon_pkg']
[0.375s] Level 1:colcon.colcon_core.package_identification:_identify(src/piper_description) by extension 'colcon_pkg'
[0.375s] Level 1:colcon.colcon_core.package_identification:_identify(src/piper_description) by extensions ['colcon_meta']
[0.375s] Level 1:colcon.colcon_core.package_identification:_identify(src/piper_description) by extension 'colcon_meta'
[0.375s] Level 1:colcon.colcon_core.package_identification:_identify(src/piper_description) by extensions ['ros']
[0.375s] Level 1:colcon.colcon_core.package_identification:_identify(src/piper_description) by extension 'ros'
[0.376s] DEBUG:colcon.colcon_core.package_identification:Package 'src/piper_description' with type 'ros.ament_cmake' and name 'piper_description'
[0.376s] Level 1:colcon.colcon_core.package_identification:_identify(src/piper_humble) by extensions ['ignore', 'ignore_ament_install']
[0.376s] Level 1:colcon.colcon_core.package_identification:_identify(src/piper_humble) by extension 'ignore'
[0.376s] Level 1:colcon.colcon_core.package_identification:_identify(src/piper_humble) by extension 'ignore_ament_install'
[0.376s] Level 1:colcon.colcon_core.package_identification:_identify(src/piper_humble) by extensions ['colcon_pkg']
[0.376s] Level 1:colcon.colcon_core.package_identification:_identify(src/piper_humble) by extension 'colcon_pkg'
[0.376s] Level 1:colcon.colcon_core.package_identification:_identify(src/piper_humble) by extensions ['colcon_meta']
[0.376s] Level 1:colcon.colcon_core.package_identification:_identify(src/piper_humble) by extension 'colcon_meta'
[0.376s] Level 1:colcon.colcon_core.package_identification:_identify(src/piper_humble) by extensions ['ros']
[0.376s] Level 1:colcon.colcon_core.package_identification:_identify(src/piper_humble) by extension 'ros'
[0.377s] DEBUG:colcon.colcon_core.package_identification:Package 'src/piper_humble' with type 'ros.ament_cmake' and name 'piper_humble'
[0.377s] Level 1:colcon.colcon_core.package_identification:_identify(src/piper_moveit) by extensions ['ignore', 'ignore_ament_install']
[0.377s] Level 1:colcon.colcon_core.package_identification:_identify(src/piper_moveit) by extension 'ignore'
[0.377s] Level 1:colcon.colcon_core.package_identification:_identify(src/piper_moveit) by extension 'ignore_ament_install'
[0.377s] Level 1:colcon.colcon_core.package_identification:_identify(src/piper_moveit) by extensions ['colcon_pkg']
[0.377s] Level 1:colcon.colcon_core.package_identification:_identify(src/piper_moveit) by extension 'colcon_pkg'
[0.377s] Level 1:colcon.colcon_core.package_identification:_identify(src/piper_moveit) by extensions ['colcon_meta']
[0.377s] Level 1:colcon.colcon_core.package_identification:_identify(src/piper_moveit) by extension 'colcon_meta'
[0.377s] Level 1:colcon.colcon_core.package_identification:_identify(src/piper_moveit) by extensions ['ros']
[0.377s] Level 1:colcon.colcon_core.package_identification:_identify(src/piper_moveit) by extension 'ros'
[0.377s] Level 1:colcon.colcon_core.package_identification:_identify(src/piper_moveit) by extensions ['cmake', 'python']
[0.377s] Level 1:colcon.colcon_core.package_identification:_identify(src/piper_moveit) by extension 'cmake'
[0.378s] Level 1:colcon.colcon_core.package_identification:_identify(src/piper_moveit) by extension 'python'
[0.378s] Level 1:colcon.colcon_core.package_identification:_identify(src/piper_moveit) by extensions ['python_setup_py']
[0.378s] Level 1:colcon.colcon_core.package_identification:_identify(src/piper_moveit) by extension 'python_setup_py'
[0.378s] Level 1:colcon.colcon_core.package_identification:_identify(src/piper_moveit/piper_no_gripper_moveit) by extensions ['ignore', 'ignore_ament_install']
[0.378s] Level 1:colcon.colcon_core.package_identification:_identify(src/piper_moveit/piper_no_gripper_moveit) by extension 'ignore'
[0.378s] Level 1:colcon.colcon_core.package_identification:_identify(src/piper_moveit/piper_no_gripper_moveit) by extension 'ignore_ament_install'
[0.378s] Level 1:colcon.colcon_core.package_identification:_identify(src/piper_moveit/piper_no_gripper_moveit) by extensions ['colcon_pkg']
[0.378s] Level 1:colcon.colcon_core.package_identification:_identify(src/piper_moveit/piper_no_gripper_moveit) by extension 'colcon_pkg'
[0.378s] Level 1:colcon.colcon_core.package_identification:_identify(src/piper_moveit/piper_no_gripper_moveit) by extensions ['colcon_meta']
[0.378s] Level 1:colcon.colcon_core.package_identification:_identify(src/piper_moveit/piper_no_gripper_moveit) by extension 'colcon_meta'
[0.378s] Level 1:colcon.colcon_core.package_identification:_identify(src/piper_moveit/piper_no_gripper_moveit) by extensions ['ros']
[0.378s] Level 1:colcon.colcon_core.package_identification:_identify(src/piper_moveit/piper_no_gripper_moveit) by extension 'ros'
[0.379s] DEBUG:colcon.colcon_core.package_identification:Package 'src/piper_moveit/piper_no_gripper_moveit' with type 'ros.ament_cmake' and name 'piper_no_gripper_moveit'
[0.379s] Level 1:colcon.colcon_core.package_identification:_identify(src/piper_moveit/piper_with_gripper_moveit) by extensions ['ignore', 'ignore_ament_install']
[0.379s] Level 1:colcon.colcon_core.package_identification:_identify(src/piper_moveit/piper_with_gripper_moveit) by extension 'ignore'
[0.380s] Level 1:colcon.colcon_core.package_identification:_identify(src/piper_moveit/piper_with_gripper_moveit) by extension 'ignore_ament_install'
[0.380s] Level 1:colcon.colcon_core.package_identification:_identify(src/piper_moveit/piper_with_gripper_moveit) by extensions ['colcon_pkg']
[0.380s] Level 1:colcon.colcon_core.package_identification:_identify(src/piper_moveit/piper_with_gripper_moveit) by extension 'colcon_pkg'
[0.380s] Level 1:colcon.colcon_core.package_identification:_identify(src/piper_moveit/piper_with_gripper_moveit) by extensions ['colcon_meta']
[0.380s] Level 1:colcon.colcon_core.package_identification:_identify(src/piper_moveit/piper_with_gripper_moveit) by extension 'colcon_meta'
[0.380s] Level 1:colcon.colcon_core.package_identification:_identify(src/piper_moveit/piper_with_gripper_moveit) by extensions ['ros']
[0.380s] Level 1:colcon.colcon_core.package_identification:_identify(src/piper_moveit/piper_with_gripper_moveit) by extension 'ros'
[0.391s] DEBUG:colcon.colcon_core.package_identification:Package 'src/piper_moveit/piper_with_gripper_moveit' with type 'ros.ament_cmake' and name 'piper_with_gripper_moveit'
[0.391s] Level 1:colcon.colcon_core.package_identification:_identify(src/piper_msgs) by extensions ['ignore', 'ignore_ament_install']
[0.391s] Level 1:colcon.colcon_core.package_identification:_identify(src/piper_msgs) by extension 'ignore'
[0.391s] Level 1:colcon.colcon_core.package_identification:_identify(src/piper_msgs) by extension 'ignore_ament_install'
[0.391s] Level 1:colcon.colcon_core.package_identification:_identify(src/piper_msgs) by extensions ['colcon_pkg']
[0.391s] Level 1:colcon.colcon_core.package_identification:_identify(src/piper_msgs) by extension 'colcon_pkg'
[0.391s] Level 1:colcon.colcon_core.package_identification:_identify(src/piper_msgs) by extensions ['colcon_meta']
[0.391s] Level 1:colcon.colcon_core.package_identification:_identify(src/piper_msgs) by extension 'colcon_meta'
[0.391s] Level 1:colcon.colcon_core.package_identification:_identify(src/piper_msgs) by extensions ['ros']
[0.391s] Level 1:colcon.colcon_core.package_identification:_identify(src/piper_msgs) by extension 'ros'
[0.392s] DEBUG:colcon.colcon_core.package_identification:Package 'src/piper_msgs' with type 'ros.ament_cmake' and name 'piper_msgs'
[0.392s] Level 1:colcon.colcon_core.package_identification:_identify(src/piper_sim) by extensions ['ignore', 'ignore_ament_install']
[0.392s] Level 1:colcon.colcon_core.package_identification:_identify(src/piper_sim) by extension 'ignore'
[0.392s] Level 1:colcon.colcon_core.package_identification:_identify(src/piper_sim) by extension 'ignore_ament_install'
[0.393s] Level 1:colcon.colcon_core.package_identification:_identify(src/piper_sim) by extensions ['colcon_pkg']
[0.393s] Level 1:colcon.colcon_core.package_identification:_identify(src/piper_sim) by extension 'colcon_pkg'
[0.393s] Level 1:colcon.colcon_core.package_identification:_identify(src/piper_sim) by extensions ['colcon_meta']
[0.393s] Level 1:colcon.colcon_core.package_identification:_identify(src/piper_sim) by extension 'colcon_meta'
[0.393s] Level 1:colcon.colcon_core.package_identification:_identify(src/piper_sim) by extensions ['ros']
[0.393s] Level 1:colcon.colcon_core.package_identification:_identify(src/piper_sim) by extension 'ros'
[0.393s] Level 1:colcon.colcon_core.package_identification:_identify(src/piper_sim) by extensions ['cmake', 'python']
[0.393s] Level 1:colcon.colcon_core.package_identification:_identify(src/piper_sim) by extension 'cmake'
[0.393s] Level 1:colcon.colcon_core.package_identification:_identify(src/piper_sim) by extension 'python'
[0.393s] Level 1:colcon.colcon_core.package_identification:_identify(src/piper_sim) by extensions ['python_setup_py']
[0.393s] Level 1:colcon.colcon_core.package_identification:_identify(src/piper_sim) by extension 'python_setup_py'
[0.393s] Level 1:colcon.colcon_core.package_identification:_identify(src/piper_sim/piper_gazebo) by extensions ['ignore', 'ignore_ament_install']
[0.393s] Level 1:colcon.colcon_core.package_identification:_identify(src/piper_sim/piper_gazebo) by extension 'ignore'
[0.393s] Level 1:colcon.colcon_core.package_identification:_identify(src/piper_sim/piper_gazebo) by extension 'ignore_ament_install'
[0.393s] Level 1:colcon.colcon_core.package_identification:_identify(src/piper_sim/piper_gazebo) by extensions ['colcon_pkg']
[0.393s] Level 1:colcon.colcon_core.package_identification:_identify(src/piper_sim/piper_gazebo) by extension 'colcon_pkg'
[0.393s] Level 1:colcon.colcon_core.package_identification:_identify(src/piper_sim/piper_gazebo) by extensions ['colcon_meta']
[0.393s] Level 1:colcon.colcon_core.package_identification:_identify(src/piper_sim/piper_gazebo) by extension 'colcon_meta'
[0.394s] Level 1:colcon.colcon_core.package_identification:_identify(src/piper_sim/piper_gazebo) by extensions ['ros']
[0.394s] Level 1:colcon.colcon_core.package_identification:_identify(src/piper_sim/piper_gazebo) by extension 'ros'
[0.394s] DEBUG:colcon.colcon_core.package_identification:Package 'src/piper_sim/piper_gazebo' with type 'ros.ament_cmake' and name 'piper_gazebo'
[0.394s] Level 1:colcon.colcon_core.package_identification:_identify(src/piper_sim/piper_mujoco) by extensions ['ignore', 'ignore_ament_install']
[0.395s] Level 1:colcon.colcon_core.package_identification:_identify(src/piper_sim/piper_mujoco) by extension 'ignore'
[0.395s] Level 1:colcon.colcon_core.package_identification:_identify(src/piper_sim/piper_mujoco) by extension 'ignore_ament_install'
[0.395s] Level 1:colcon.colcon_core.package_identification:_identify(src/piper_sim/piper_mujoco) by extensions ['colcon_pkg']
[0.395s] Level 1:colcon.colcon_core.package_identification:_identify(src/piper_sim/piper_mujoco) by extension 'colcon_pkg'
[0.395s] Level 1:colcon.colcon_core.package_identification:_identify(src/piper_sim/piper_mujoco) by extensions ['colcon_meta']
[0.395s] Level 1:colcon.colcon_core.package_identification:_identify(src/piper_sim/piper_mujoco) by extension 'colcon_meta'
[0.395s] Level 1:colcon.colcon_core.package_identification:_identify(src/piper_sim/piper_mujoco) by extensions ['ros']
[0.395s] Level 1:colcon.colcon_core.package_identification:_identify(src/piper_sim/piper_mujoco) by extension 'ros'
[0.396s] DEBUG:colcon.colcon_core.package_identification:Package 'src/piper_sim/piper_mujoco' with type 'ros.ament_cmake' and name 'piper_mujoco'
[0.396s] Level 1:colcon.colcon_core.package_discovery:discover_packages(recursive) using defaults
[0.396s] Level 1:colcon.colcon_core.package_discovery:discover_packages(ignore) discover
[0.396s] Level 1:colcon.colcon_core.package_discovery:discover_packages(ignore) using defaults
[0.396s] Level 1:colcon.colcon_core.package_discovery:discover_packages(path) discover
[0.396s] Level 1:colcon.colcon_core.package_discovery:discover_packages(path) using defaults
[0.421s] Level 1:colcon.colcon_core.package_discovery:discover_packages(prefix_path) check parameters
[0.421s] Level 1:colcon.colcon_core.package_discovery:discover_packages(prefix_path) discover
[0.423s] DEBUG:colcon.colcon_installed_package_information.package_discovery:Found 8 installed packages in /home/sam/piper_ros/install
[0.425s] DEBUG:colcon.colcon_installed_package_information.package_discovery:Found 316 installed packages in /opt/ros/humble
[0.427s] Level 1:colcon.colcon_core.package_discovery:discover_packages(prefix_path) using defaults
[0.478s] Level 5:colcon.colcon_core.verb:set package 'piper' build argument 'cmake_args' from command line to 'None'
[0.478s] Level 5:colcon.colcon_core.verb:set package 'piper' build argument 'cmake_target' from command line to 'None'
[0.478s] Level 5:colcon.colcon_core.verb:set package 'piper' build argument 'cmake_target_skip_unavailable' from command line to 'False'
[0.478s] Level 5:colcon.colcon_core.verb:set package 'piper' build argument 'cmake_clean_cache' from command line to 'False'
[0.478s] Level 5:colcon.colcon_core.verb:set package 'piper' build argument 'cmake_clean_first' from command line to 'False'
[0.478s] Level 5:colcon.colcon_core.verb:set package 'piper' build argument 'cmake_force_configure' from command line to 'False'
[0.478s] Level 5:colcon.colcon_core.verb:set package 'piper' build argument 'ament_cmake_args' from command line to 'None'
[0.478s] Level 5:colcon.colcon_core.verb:set package 'piper' build argument 'catkin_cmake_args' from command line to 'None'
[0.478s] Level 5:colcon.colcon_core.verb:set package 'piper' build argument 'catkin_skip_building_tests' from command line to 'False'
[0.478s] DEBUG:colcon.colcon_core.verb:Building package 'piper' with the following arguments: {'ament_cmake_args': None, 'build_base': '/home/sam/piper_ros/build/piper', 'catkin_cmake_args': None, 'catkin_skip_building_tests': False, 'cmake_args': None, 'cmake_clean_cache': False, 'cmake_clean_first': False, 'cmake_force_configure': False, 'cmake_target': None, 'cmake_target_skip_unavailable': False, 'install_base': '/home/sam/piper_ros/install/piper', 'merge_install': False, 'path': '/home/sam/piper_ros/src/piper', 'symlink_install': False, 'test_result_base': None}
[0.478s] Level 5:colcon.colcon_core.verb:set package 'piper_description' build argument 'cmake_args' from command line to 'None'
[0.478s] Level 5:colcon.colcon_core.verb:set package 'piper_description' build argument 'cmake_target' from command line to 'None'
[0.478s] Level 5:colcon.colcon_core.verb:set package 'piper_description' build argument 'cmake_target_skip_unavailable' from command line to 'False'
[0.478s] Level 5:colcon.colcon_core.verb:set package 'piper_description' build argument 'cmake_clean_cache' from command line to 'False'
[0.479s] Level 5:colcon.colcon_core.verb:set package 'piper_description' build argument 'cmake_clean_first' from command line to 'False'
[0.479s] Level 5:colcon.colcon_core.verb:set package 'piper_description' build argument 'cmake_force_configure' from command line to 'False'
[0.479s] Level 5:colcon.colcon_core.verb:set package 'piper_description' build argument 'ament_cmake_args' from command line to 'None'
[0.479s] Level 5:colcon.colcon_core.verb:set package 'piper_description' build argument 'catkin_cmake_args' from command line to 'None'
[0.479s] Level 5:colcon.colcon_core.verb:set package 'piper_description' build argument 'catkin_skip_building_tests' from command line to 'False'
[0.479s] DEBUG:colcon.colcon_core.verb:Building package 'piper_description' with the following arguments: {'ament_cmake_args': None, 'build_base': '/home/sam/piper_ros/build/piper_description', 'catkin_cmake_args': None, 'catkin_skip_building_tests': False, 'cmake_args': None, 'cmake_clean_cache': False, 'cmake_clean_first': False, 'cmake_force_configure': False, 'cmake_target': None, 'cmake_target_skip_unavailable': False, 'install_base': '/home/sam/piper_ros/install/piper_description', 'merge_install': False, 'path': '/home/sam/piper_ros/src/piper_description', 'symlink_install': False, 'test_result_base': None}
[0.479s] Level 5:colcon.colcon_core.verb:set package 'piper_gazebo' build argument 'cmake_args' from command line to 'None'
[0.479s] Level 5:colcon.colcon_core.verb:set package 'piper_gazebo' build argument 'cmake_target' from command line to 'None'
[0.479s] Level 5:colcon.colcon_core.verb:set package 'piper_gazebo' build argument 'cmake_target_skip_unavailable' from command line to 'False'
[0.479s] Level 5:colcon.colcon_core.verb:set package 'piper_gazebo' build argument 'cmake_clean_cache' from command line to 'False'
[0.479s] Level 5:colcon.colcon_core.verb:set package 'piper_gazebo' build argument 'cmake_clean_first' from command line to 'False'
[0.479s] Level 5:colcon.colcon_core.verb:set package 'piper_gazebo' build argument 'cmake_force_configure' from command line to 'False'
[0.479s] Level 5:colcon.colcon_core.verb:set package 'piper_gazebo' build argument 'ament_cmake_args' from command line to 'None'
[0.479s] Level 5:colcon.colcon_core.verb:set package 'piper_gazebo' build argument 'catkin_cmake_args' from command line to 'None'
[0.479s] Level 5:colcon.colcon_core.verb:set package 'piper_gazebo' build argument 'catkin_skip_building_tests' from command line to 'False'
[0.479s] DEBUG:colcon.colcon_core.verb:Building package 'piper_gazebo' with the following arguments: {'ament_cmake_args': None, 'build_base': '/home/sam/piper_ros/build/piper_gazebo', 'catkin_cmake_args': None, 'catkin_skip_building_tests': False, 'cmake_args': None, 'cmake_clean_cache': False, 'cmake_clean_first': False, 'cmake_force_configure': False, 'cmake_target': None, 'cmake_target_skip_unavailable': False, 'install_base': '/home/sam/piper_ros/install/piper_gazebo', 'merge_install': False, 'path': '/home/sam/piper_ros/src/piper_sim/piper_gazebo', 'symlink_install': False, 'test_result_base': None}
[0.480s] Level 5:colcon.colcon_core.verb:set package 'piper_humble' build argument 'cmake_args' from command line to 'None'
[0.480s] Level 5:colcon.colcon_core.verb:set package 'piper_humble' build argument 'cmake_target' from command line to 'None'
[0.480s] Level 5:colcon.colcon_core.verb:set package 'piper_humble' build argument 'cmake_target_skip_unavailable' from command line to 'False'
[0.480s] Level 5:colcon.colcon_core.verb:set package 'piper_humble' build argument 'cmake_clean_cache' from command line to 'False'
[0.480s] Level 5:colcon.colcon_core.verb:set package 'piper_humble' build argument 'cmake_clean_first' from command line to 'False'
[0.480s] Level 5:colcon.colcon_core.verb:set package 'piper_humble' build argument 'cmake_force_configure' from command line to 'False'
[0.480s] Level 5:colcon.colcon_core.verb:set package 'piper_humble' build argument 'ament_cmake_args' from command line to 'None'
[0.480s] Level 5:colcon.colcon_core.verb:set package 'piper_humble' build argument 'catkin_cmake_args' from command line to 'None'
[0.480s] Level 5:colcon.colcon_core.verb:set package 'piper_humble' build argument 'catkin_skip_building_tests' from command line to 'False'
[0.480s] DEBUG:colcon.colcon_core.verb:Building package 'piper_humble' with the following arguments: {'ament_cmake_args': None, 'build_base': '/home/sam/piper_ros/build/piper_humble', 'catkin_cmake_args': None, 'catkin_skip_building_tests': False, 'cmake_args': None, 'cmake_clean_cache': False, 'cmake_clean_first': False, 'cmake_force_configure': False, 'cmake_target': None, 'cmake_target_skip_unavailable': False, 'install_base': '/home/sam/piper_ros/install/piper_humble', 'merge_install': False, 'path': '/home/sam/piper_ros/src/piper_humble', 'symlink_install': False, 'test_result_base': None}
[0.481s] Level 5:colcon.colcon_core.verb:set package 'piper_msgs' build argument 'cmake_args' from command line to 'None'
[0.481s] Level 5:colcon.colcon_core.verb:set package 'piper_msgs' build argument 'cmake_target' from command line to 'None'
[0.481s] Level 5:colcon.colcon_core.verb:set package 'piper_msgs' build argument 'cmake_target_skip_unavailable' from command line to 'False'
[0.481s] Level 5:colcon.colcon_core.verb:set package 'piper_msgs' build argument 'cmake_clean_cache' from command line to 'False'
[0.481s] Level 5:colcon.colcon_core.verb:set package 'piper_msgs' build argument 'cmake_clean_first' from command line to 'False'
[0.481s] Level 5:colcon.colcon_core.verb:set package 'piper_msgs' build argument 'cmake_force_configure' from command line to 'False'
[0.481s] Level 5:colcon.colcon_core.verb:set package 'piper_msgs' build argument 'ament_cmake_args' from command line to 'None'
[0.481s] Level 5:colcon.colcon_core.verb:set package 'piper_msgs' build argument 'catkin_cmake_args' from command line to 'None'
[0.481s] Level 5:colcon.colcon_core.verb:set package 'piper_msgs' build argument 'catkin_skip_building_tests' from command line to 'False'
[0.481s] DEBUG:colcon.colcon_core.verb:Building package 'piper_msgs' with the following arguments: {'ament_cmake_args': None, 'build_base': '/home/sam/piper_ros/build/piper_msgs', 'catkin_cmake_args': None, 'catkin_skip_building_tests': False, 'cmake_args': None, 'cmake_clean_cache': False, 'cmake_clean_first': False, 'cmake_force_configure': False, 'cmake_target': None, 'cmake_target_skip_unavailable': False, 'install_base': '/home/sam/piper_ros/install/piper_msgs', 'merge_install': False, 'path': '/home/sam/piper_ros/src/piper_msgs', 'symlink_install': False, 'test_result_base': None}
[0.481s] Level 5:colcon.colcon_core.verb:set package 'piper_mujoco' build argument 'cmake_args' from command line to 'None'
[0.481s] Level 5:colcon.colcon_core.verb:set package 'piper_mujoco' build argument 'cmake_target' from command line to 'None'
[0.481s] Level 5:colcon.colcon_core.verb:set package 'piper_mujoco' build argument 'cmake_target_skip_unavailable' from command line to 'False'
[0.481s] Level 5:colcon.colcon_core.verb:set package 'piper_mujoco' build argument 'cmake_clean_cache' from command line to 'False'
[0.481s] Level 5:colcon.colcon_core.verb:set package 'piper_mujoco' build argument 'cmake_clean_first' from command line to 'False'
[0.481s] Level 5:colcon.colcon_core.verb:set package 'piper_mujoco' build argument 'cmake_force_configure' from command line to 'False'
[0.481s] Level 5:colcon.colcon_core.verb:set package 'piper_mujoco' build argument 'ament_cmake_args' from command line to 'None'
[0.481s] Level 5:colcon.colcon_core.verb:set package 'piper_mujoco' build argument 'catkin_cmake_args' from command line to 'None'
[0.481s] Level 5:colcon.colcon_core.verb:set package 'piper_mujoco' build argument 'catkin_skip_building_tests' from command line to 'False'
[0.481s] DEBUG:colcon.colcon_core.verb:Building package 'piper_mujoco' with the following arguments: {'ament_cmake_args': None, 'build_base': '/home/sam/piper_ros/build/piper_mujoco', 'catkin_cmake_args': None, 'catkin_skip_building_tests': False, 'cmake_args': None, 'cmake_clean_cache': False, 'cmake_clean_first': False, 'cmake_force_configure': False, 'cmake_target': None, 'cmake_target_skip_unavailable': False, 'install_base': '/home/sam/piper_ros/install/piper_mujoco', 'merge_install': False, 'path': '/home/sam/piper_ros/src/piper_sim/piper_mujoco', 'symlink_install': False, 'test_result_base': None}
[0.482s] Level 5:colcon.colcon_core.verb:set package 'piper_no_gripper_moveit' build argument 'cmake_args' from command line to 'None'
[0.482s] Level 5:colcon.colcon_core.verb:set package 'piper_no_gripper_moveit' build argument 'cmake_target' from command line to 'None'
[0.482s] Level 5:colcon.colcon_core.verb:set package 'piper_no_gripper_moveit' build argument 'cmake_target_skip_unavailable' from command line to 'False'
[0.482s] Level 5:colcon.colcon_core.verb:set package 'piper_no_gripper_moveit' build argument 'cmake_clean_cache' from command line to 'False'
[0.482s] Level 5:colcon.colcon_core.verb:set package 'piper_no_gripper_moveit' build argument 'cmake_clean_first' from command line to 'False'
[0.482s] Level 5:colcon.colcon_core.verb:set package 'piper_no_gripper_moveit' build argument 'cmake_force_configure' from command line to 'False'
[0.482s] Level 5:colcon.colcon_core.verb:set package 'piper_no_gripper_moveit' build argument 'ament_cmake_args' from command line to 'None'
[0.482s] Level 5:colcon.colcon_core.verb:set package 'piper_no_gripper_moveit' build argument 'catkin_cmake_args' from command line to 'None'
[0.482s] Level 5:colcon.colcon_core.verb:set package 'piper_no_gripper_moveit' build argument 'catkin_skip_building_tests' from command line to 'False'
[0.482s] DEBUG:colcon.colcon_core.verb:Building package 'piper_no_gripper_moveit' with the following arguments: {'ament_cmake_args': None, 'build_base': '/home/sam/piper_ros/build/piper_no_gripper_moveit', 'catkin_cmake_args': None, 'catkin_skip_building_tests': False, 'cmake_args': None, 'cmake_clean_cache': False, 'cmake_clean_first': False, 'cmake_force_configure': False, 'cmake_target': None, 'cmake_target_skip_unavailable': False, 'install_base': '/home/sam/piper_ros/install/piper_no_gripper_moveit', 'merge_install': False, 'path': '/home/sam/piper_ros/src/piper_moveit/piper_no_gripper_moveit', 'symlink_install': False, 'test_result_base': None}
[0.483s] Level 5:colcon.colcon_core.verb:set package 'piper_with_gripper_moveit' build argument 'cmake_args' from command line to 'None'
[0.483s] Level 5:colcon.colcon_core.verb:set package 'piper_with_gripper_moveit' build argument 'cmake_target' from command line to 'None'
[0.483s] Level 5:colcon.colcon_core.verb:set package 'piper_with_gripper_moveit' build argument 'cmake_target_skip_unavailable' from command line to 'False'
[0.483s] Level 5:colcon.colcon_core.verb:set package 'piper_with_gripper_moveit' build argument 'cmake_clean_cache' from command line to 'False'
[0.483s] Level 5:colcon.colcon_core.verb:set package 'piper_with_gripper_moveit' build argument 'cmake_clean_first' from command line to 'False'
[0.483s] Level 5:colcon.colcon_core.verb:set package 'piper_with_gripper_moveit' build argument 'cmake_force_configure' from command line to 'False'
[0.483s] Level 5:colcon.colcon_core.verb:set package 'piper_with_gripper_moveit' build argument 'ament_cmake_args' from command line to 'None'
[0.483s] Level 5:colcon.colcon_core.verb:set package 'piper_with_gripper_moveit' build argument 'catkin_cmake_args' from command line to 'None'
[0.483s] Level 5:colcon.colcon_core.verb:set package 'piper_with_gripper_moveit' build argument 'catkin_skip_building_tests' from command line to 'False'
[0.483s] DEBUG:colcon.colcon_core.verb:Building package 'piper_with_gripper_moveit' with the following arguments: {'ament_cmake_args': None, 'build_base': '/home/sam/piper_ros/build/piper_with_gripper_moveit', 'catkin_cmake_args': None, 'catkin_skip_building_tests': False, 'cmake_args': None, 'cmake_clean_cache': False, 'cmake_clean_first': False, 'cmake_force_configure': False, 'cmake_target': None, 'cmake_target_skip_unavailable': False, 'install_base': '/home/sam/piper_ros/install/piper_with_gripper_moveit', 'merge_install': False, 'path': '/home/sam/piper_ros/src/piper_moveit/piper_with_gripper_moveit', 'symlink_install': False, 'test_result_base': None}
[0.483s] INFO:colcon.colcon_core.executor:Executing jobs using 'parallel' executor
[0.484s] DEBUG:colcon.colcon_parallel_executor.executor.parallel:run_until_complete
[0.485s] INFO:colcon.colcon_ros.task.ament_cmake.build:Building ROS package in '/home/sam/piper_ros/src/piper_description' with build type 'ament_cmake'
[0.485s] INFO:colcon.colcon_cmake.task.cmake.build:Building CMake package in '/home/sam/piper_ros/src/piper_description'
[0.487s] INFO:colcon.colcon_core.plugin_system:Skipping extension 'colcon_core.shell.bat': Not used on non-Windows systems
[0.488s] INFO:colcon.colcon_core.shell:Skip shell extension 'powershell' for command environment: Not usable outside of PowerShell
[0.488s] DEBUG:colcon.colcon_core.shell:Skip shell extension 'dsv' for command environment
[0.493s] INFO:colcon.colcon_ros.task.ament_python.build:Building ROS package in '/home/sam/piper_ros/src/piper' with build type 'ament_python'
[0.493s] Level 1:colcon.colcon_core.shell:create_environment_hook('piper', 'ament_prefix_path')
[0.494s] INFO:colcon.colcon_core.shell:Creating environment hook '/home/sam/piper_ros/install/piper/share/piper/hook/ament_prefix_path.ps1'
[0.495s] INFO:colcon.colcon_core.shell:Creating environment descriptor '/home/sam/piper_ros/install/piper/share/piper/hook/ament_prefix_path.dsv'
[0.496s] INFO:colcon.colcon_core.shell:Creating environment hook '/home/sam/piper_ros/install/piper/share/piper/hook/ament_prefix_path.sh'
[0.497s] INFO:colcon.colcon_core.shell:Skip shell extension 'powershell' for command environment: Not usable outside of PowerShell
[0.497s] DEBUG:colcon.colcon_core.shell:Skip shell extension 'dsv' for command environment
[0.502s] INFO:colcon.colcon_ros.task.ament_cmake.build:Building ROS package in '/home/sam/piper_ros/src/piper_sim/piper_gazebo' with build type 'ament_cmake'
[0.502s] INFO:colcon.colcon_cmake.task.cmake.build:Building CMake package in '/home/sam/piper_ros/src/piper_sim/piper_gazebo'
[0.502s] INFO:colcon.colcon_core.shell:Skip shell extension 'powershell' for command environment: Not usable outside of PowerShell
[0.502s] DEBUG:colcon.colcon_core.shell:Skip shell extension 'dsv' for command environment
[0.507s] INFO:colcon.colcon_ros.task.ament_cmake.build:Building ROS package in '/home/sam/piper_ros/src/piper_humble' with build type 'ament_cmake'
[0.507s] INFO:colcon.colcon_cmake.task.cmake.build:Building CMake package in '/home/sam/piper_ros/src/piper_humble'
[0.508s] INFO:colcon.colcon_core.shell:Skip shell extension 'powershell' for command environment: Not usable outside of PowerShell
[0.508s] DEBUG:colcon.colcon_core.shell:Skip shell extension 'dsv' for command environment
[0.521s] DEBUG:colcon.colcon_core.event_handler.log_command:Invoking command in '/home/sam/piper_ros/build/piper_description': CMAKE_PREFIX_PATH=${CMAKE_PREFIX_PATH}:/home/sam/piper_ros/install/piper:/opt/ros/humble /usr/bin/cmake --build /home/sam/piper_ros/build/piper_description -- -j4 -l4
[0.852s] INFO:colcon.colcon_core.task.python.build:Building Python package in '/home/sam/piper_ros/src/piper'
[0.853s] INFO:colcon.colcon_core.shell:Skip shell extension 'powershell' for command environment: Not usable outside of PowerShell
[0.853s] DEBUG:colcon.colcon_core.shell:Skip shell extension 'dsv' for command environment
[0.862s] DEBUG:colcon.colcon_core.event_handler.log_command:Invoking command in '/home/sam/piper_ros/build/piper_gazebo': CMAKE_PREFIX_PATH=${CMAKE_PREFIX_PATH}:/home/sam/piper_ros/install/piper:/opt/ros/humble /usr/bin/cmake --build /home/sam/piper_ros/build/piper_gazebo -- -j4 -l4
[0.869s] DEBUG:colcon.colcon_core.event_handler.log_command:Invoking command in '/home/sam/piper_ros/build/piper_humble': CMAKE_PREFIX_PATH=${CMAKE_PREFIX_PATH}:/home/sam/piper_ros/install/piper:/opt/ros/humble /usr/bin/cmake --build /home/sam/piper_ros/build/piper_humble -- -j4 -l4
[0.870s] DEBUG:colcon.colcon_core.event_handler.log_command:Invoked command in '/home/sam/piper_ros/build/piper_description' returned '0': CMAKE_PREFIX_PATH=${CMAKE_PREFIX_PATH}:/home/sam/piper_ros/install/piper:/opt/ros/humble /usr/bin/cmake --build /home/sam/piper_ros/build/piper_description -- -j4 -l4
[0.884s] DEBUG:colcon.colcon_core.event_handler.log_command:Invoking command in '/home/sam/piper_ros/build/piper_description': CMAKE_PREFIX_PATH=${CMAKE_PREFIX_PATH}:/home/sam/piper_ros/install/piper:/opt/ros/humble /usr/bin/cmake --install /home/sam/piper_ros/build/piper_description
[0.903s] Level 1:colcon.colcon_core.environment:create_environment_scripts_only(piper_description)
[0.911s] Level 1:colcon.colcon_core.environment:checking '/home/sam/piper_ros/install/piper_description' for CMake module files
[0.912s] Level 1:colcon.colcon_core.environment:checking '/home/sam/piper_ros/install/piper_description' for CMake config files
[0.914s] DEBUG:colcon.colcon_core.event_handler.log_command:Invoked command in '/home/sam/piper_ros/build/piper_description' returned '0': CMAKE_PREFIX_PATH=${CMAKE_PREFIX_PATH}:/home/sam/piper_ros/install/piper:/opt/ros/humble /usr/bin/cmake --install /home/sam/piper_ros/build/piper_description
[0.915s] Level 1:colcon.colcon_core.shell:create_environment_hook('piper_description', 'cmake_prefix_path')
[0.915s] INFO:colcon.colcon_core.shell:Creating environment hook '/home/sam/piper_ros/install/piper_description/share/piper_description/hook/cmake_prefix_path.ps1'
[0.916s] INFO:colcon.colcon_core.shell:Creating environment descriptor '/home/sam/piper_ros/install/piper_description/share/piper_description/hook/cmake_prefix_path.dsv'
[0.917s] INFO:colcon.colcon_core.shell:Creating environment hook '/home/sam/piper_ros/install/piper_description/share/piper_description/hook/cmake_prefix_path.sh'
[0.918s] Level 1:colcon.colcon_core.environment:checking '/home/sam/piper_ros/install/piper_description/bin'
[0.918s] Level 1:colcon.colcon_core.environment:checking '/home/sam/piper_ros/install/piper_description/lib/pkgconfig/piper_description.pc'
[0.919s] Level 1:colcon.colcon_core.environment:checking '/home/sam/piper_ros/install/piper_description/lib/python3.10/site-packages'
[0.919s] Level 1:colcon.colcon_core.environment:checking '/home/sam/piper_ros/install/piper_description/bin'
[0.920s] INFO:colcon.colcon_core.shell:Creating package script '/home/sam/piper_ros/install/piper_description/share/piper_description/package.ps1'
[0.921s] INFO:colcon.colcon_core.shell:Creating package descriptor '/home/sam/piper_ros/install/piper_description/share/piper_description/package.dsv'
[0.923s] INFO:colcon.colcon_core.shell:Creating package script '/home/sam/piper_ros/install/piper_description/share/piper_description/package.sh'
[0.924s] INFO:colcon.colcon_core.shell:Creating package script '/home/sam/piper_ros/install/piper_description/share/piper_description/package.bash'
[0.926s] INFO:colcon.colcon_core.shell:Creating package script '/home/sam/piper_ros/install/piper_description/share/piper_description/package.zsh'
[0.927s] Level 1:colcon.colcon_core.environment:create_file_with_runtime_dependencies(/home/sam/piper_ros/install/piper_description/share/colcon-core/packages/piper_description)
[0.929s] Level 1:colcon.colcon_core.environment:create_environment_scripts_only(piper_description)
[0.929s] Level 1:colcon.colcon_core.environment:checking '/home/sam/piper_ros/install/piper_description' for CMake module files
[0.930s] Level 1:colcon.colcon_core.environment:checking '/home/sam/piper_ros/install/piper_description' for CMake config files
[0.931s] Level 1:colcon.colcon_core.shell:create_environment_hook('piper_description', 'cmake_prefix_path')
[0.931s] INFO:colcon.colcon_core.shell:Creating environment hook '/home/sam/piper_ros/install/piper_description/share/piper_description/hook/cmake_prefix_path.ps1'
[0.932s] INFO:colcon.colcon_core.shell:Creating environment descriptor '/home/sam/piper_ros/install/piper_description/share/piper_description/hook/cmake_prefix_path.dsv'
[0.932s] INFO:colcon.colcon_core.shell:Creating environment hook '/home/sam/piper_ros/install/piper_description/share/piper_description/hook/cmake_prefix_path.sh'
[0.933s] Level 1:colcon.colcon_core.environment:checking '/home/sam/piper_ros/install/piper_description/bin'
[0.933s] Level 1:colcon.colcon_core.environment:checking '/home/sam/piper_ros/install/piper_description/lib/pkgconfig/piper_description.pc'
[0.934s] Level 1:colcon.colcon_core.environment:checking '/home/sam/piper_ros/install/piper_description/lib/python3.10/site-packages'
[0.934s] Level 1:colcon.colcon_core.environment:checking '/home/sam/piper_ros/install/piper_description/bin'
[0.935s] INFO:colcon.colcon_core.shell:Creating package script '/home/sam/piper_ros/install/piper_description/share/piper_description/package.ps1'
[0.936s] INFO:colcon.colcon_core.shell:Creating package descriptor '/home/sam/piper_ros/install/piper_description/share/piper_description/package.dsv'
[0.937s] INFO:colcon.colcon_core.shell:Creating package script '/home/sam/piper_ros/install/piper_description/share/piper_description/package.sh'
[0.937s] INFO:colcon.colcon_core.shell:Creating package script '/home/sam/piper_ros/install/piper_description/share/piper_description/package.bash'
[0.938s] INFO:colcon.colcon_core.shell:Creating package script '/home/sam/piper_ros/install/piper_description/share/piper_description/package.zsh'
[0.939s] Level 1:colcon.colcon_core.environment:create_file_with_runtime_dependencies(/home/sam/piper_ros/install/piper_description/share/colcon-core/packages/piper_description)
[0.940s] INFO:colcon.colcon_ros.task.ament_cmake.build:Building ROS package in '/home/sam/piper_ros/src/piper_msgs' with build type 'ament_cmake'
[0.940s] INFO:colcon.colcon_cmake.task.cmake.build:Building CMake package in '/home/sam/piper_ros/src/piper_msgs'
[0.940s] INFO:colcon.colcon_core.shell:Skip shell extension 'powershell' for command environment: Not usable outside of PowerShell
[0.941s] DEBUG:colcon.colcon_core.shell:Skip shell extension 'dsv' for command environment
[0.949s] DEBUG:colcon.colcon_core.event_handler.log_command:Invoked command in '/home/sam/piper_ros/build/piper_gazebo' returned '0': CMAKE_PREFIX_PATH=${CMAKE_PREFIX_PATH}:/home/sam/piper_ros/install/piper:/opt/ros/humble /usr/bin/cmake --build /home/sam/piper_ros/build/piper_gazebo -- -j4 -l4
[0.952s] DEBUG:colcon.colcon_core.event_handler.log_command:Invoking command in '/home/sam/piper_ros/build/piper_gazebo': CMAKE_PREFIX_PATH=${CMAKE_PREFIX_PATH}:/home/sam/piper_ros/install/piper:/opt/ros/humble /usr/bin/cmake --install /home/sam/piper_ros/build/piper_gazebo
[0.953s] DEBUG:colcon.colcon_core.event_handler.log_command:Invoked command in '/home/sam/piper_ros/build/piper_humble' returned '0': CMAKE_PREFIX_PATH=${CMAKE_PREFIX_PATH}:/home/sam/piper_ros/install/piper:/opt/ros/humble /usr/bin/cmake --build /home/sam/piper_ros/build/piper_humble -- -j4 -l4
[0.956s] DEBUG:colcon.colcon_core.event_handler.log_command:Invoking command in '/home/sam/piper_ros/build/piper_humble': CMAKE_PREFIX_PATH=${CMAKE_PREFIX_PATH}:/home/sam/piper_ros/install/piper:/opt/ros/humble /usr/bin/cmake --install /home/sam/piper_ros/build/piper_humble
[0.964s] DEBUG:colcon.colcon_core.event_handler.log_command:Invoking command in '/home/sam/piper_ros/build/piper_msgs': CMAKE_PREFIX_PATH=${CMAKE_PREFIX_PATH}:/home/sam/piper_ros/install/piper:/opt/ros/humble /usr/bin/cmake --build /home/sam/piper_ros/build/piper_msgs -- -j4 -l4
[0.974s] Level 1:colcon.colcon_core.environment:create_environment_scripts_only(piper_gazebo)
[0.975s] Level 1:colcon.colcon_core.environment:checking '/home/sam/piper_ros/install/piper_gazebo' for CMake module files
[0.978s] Level 1:colcon.colcon_core.environment:checking '/home/sam/piper_ros/install/piper_gazebo' for CMake config files
[0.979s] DEBUG:colcon.colcon_core.event_handler.log_command:Invoked command in '/home/sam/piper_ros/build/piper_gazebo' returned '0': CMAKE_PREFIX_PATH=${CMAKE_PREFIX_PATH}:/home/sam/piper_ros/install/piper:/opt/ros/humble /usr/bin/cmake --install /home/sam/piper_ros/build/piper_gazebo
[0.980s] Level 1:colcon.colcon_core.shell:create_environment_hook('piper_gazebo', 'cmake_prefix_path')
[0.980s] INFO:colcon.colcon_core.shell:Creating environment hook '/home/sam/piper_ros/install/piper_gazebo/share/piper_gazebo/hook/cmake_prefix_path.ps1'
[0.981s] INFO:colcon.colcon_core.shell:Creating environment descriptor '/home/sam/piper_ros/install/piper_gazebo/share/piper_gazebo/hook/cmake_prefix_path.dsv'
[0.982s] INFO:colcon.colcon_core.shell:Creating environment hook '/home/sam/piper_ros/install/piper_gazebo/share/piper_gazebo/hook/cmake_prefix_path.sh'
[0.982s] Level 1:colcon.colcon_core.environment:checking '/home/sam/piper_ros/install/piper_gazebo/lib'
[0.983s] Level 1:colcon.colcon_core.environment:checking '/home/sam/piper_ros/install/piper_gazebo/bin'
[0.983s] Level 1:colcon.colcon_core.environment:checking '/home/sam/piper_ros/install/piper_gazebo/lib/pkgconfig/piper_gazebo.pc'
[0.983s] Level 1:colcon.colcon_core.environment:checking '/home/sam/piper_ros/install/piper_gazebo/lib/python3.10/site-packages'
[0.983s] Level 1:colcon.colcon_core.environment:checking '/home/sam/piper_ros/install/piper_gazebo/bin'
[0.984s] INFO:colcon.colcon_core.shell:Creating package script '/home/sam/piper_ros/install/piper_gazebo/share/piper_gazebo/package.ps1'
[0.984s] INFO:colcon.colcon_core.shell:Creating package descriptor '/home/sam/piper_ros/install/piper_gazebo/share/piper_gazebo/package.dsv'
[0.985s] INFO:colcon.colcon_core.shell:Creating package script '/home/sam/piper_ros/install/piper_gazebo/share/piper_gazebo/package.sh'
[0.986s] INFO:colcon.colcon_core.shell:Creating package script '/home/sam/piper_ros/install/piper_gazebo/share/piper_gazebo/package.bash'
[0.986s] INFO:colcon.colcon_core.shell:Creating package script '/home/sam/piper_ros/install/piper_gazebo/share/piper_gazebo/package.zsh'
[0.987s] Level 1:colcon.colcon_core.environment:create_file_with_runtime_dependencies(/home/sam/piper_ros/install/piper_gazebo/share/colcon-core/packages/piper_gazebo)
[0.988s] Level 1:colcon.colcon_core.environment:create_environment_scripts_only(piper_gazebo)
[0.988s] Level 1:colcon.colcon_core.environment:checking '/home/sam/piper_ros/install/piper_gazebo' for CMake module files
[0.988s] Level 1:colcon.colcon_core.environment:checking '/home/sam/piper_ros/install/piper_gazebo' for CMake config files
[0.989s] Level 1:colcon.colcon_core.shell:create_environment_hook('piper_gazebo', 'cmake_prefix_path')
[0.989s] INFO:colcon.colcon_core.shell:Creating environment hook '/home/sam/piper_ros/install/piper_gazebo/share/piper_gazebo/hook/cmake_prefix_path.ps1'
[0.990s] INFO:colcon.colcon_core.shell:Creating environment descriptor '/home/sam/piper_ros/install/piper_gazebo/share/piper_gazebo/hook/cmake_prefix_path.dsv'
[0.991s] INFO:colcon.colcon_core.shell:Creating environment hook '/home/sam/piper_ros/install/piper_gazebo/share/piper_gazebo/hook/cmake_prefix_path.sh'
[0.991s] Level 1:colcon.colcon_core.environment:checking '/home/sam/piper_ros/install/piper_gazebo/lib'
[0.991s] Level 1:colcon.colcon_core.environment:checking '/home/sam/piper_ros/install/piper_gazebo/bin'
[0.991s] Level 1:colcon.colcon_core.environment:checking '/home/sam/piper_ros/install/piper_gazebo/lib/pkgconfig/piper_gazebo.pc'
[0.992s] Level 1:colcon.colcon_core.environment:checking '/home/sam/piper_ros/install/piper_gazebo/lib/python3.10/site-packages'
[0.992s] Level 1:colcon.colcon_core.environment:checking '/home/sam/piper_ros/install/piper_gazebo/bin'
[0.992s] INFO:colcon.colcon_core.shell:Creating package script '/home/sam/piper_ros/install/piper_gazebo/share/piper_gazebo/package.ps1'
[0.993s] INFO:colcon.colcon_core.shell:Creating package descriptor '/home/sam/piper_ros/install/piper_gazebo/share/piper_gazebo/package.dsv'
[0.994s] INFO:colcon.colcon_core.shell:Creating package script '/home/sam/piper_ros/install/piper_gazebo/share/piper_gazebo/package.sh'
[0.994s] INFO:colcon.colcon_core.shell:Creating package script '/home/sam/piper_ros/install/piper_gazebo/share/piper_gazebo/package.bash'
[0.995s] INFO:colcon.colcon_core.shell:Creating package script '/home/sam/piper_ros/install/piper_gazebo/share/piper_gazebo/package.zsh'
[0.995s] Level 1:colcon.colcon_core.environment:create_file_with_runtime_dependencies(/home/sam/piper_ros/install/piper_gazebo/share/colcon-core/packages/piper_gazebo)
[0.996s] INFO:colcon.colcon_ros.task.ament_cmake.build:Building ROS package in '/home/sam/piper_ros/src/piper_sim/piper_mujoco' with build type 'ament_cmake'
[0.996s] INFO:colcon.colcon_cmake.task.cmake.build:Building CMake package in '/home/sam/piper_ros/src/piper_sim/piper_mujoco'
[0.997s] INFO:colcon.colcon_core.shell:Skip shell extension 'powershell' for command environment: Not usable outside of PowerShell
[0.997s] DEBUG:colcon.colcon_core.shell:Skip shell extension 'dsv' for command environment
[1.006s] Level 1:colcon.colcon_core.environment:create_environment_scripts_only(piper_humble)
[1.006s] Level 1:colcon.colcon_core.environment:checking '/home/sam/piper_ros/install/piper_humble' for CMake module files
[1.008s] DEBUG:colcon.colcon_core.event_handler.log_command:Invoked command in '/home/sam/piper_ros/build/piper_humble' returned '0': CMAKE_PREFIX_PATH=${CMAKE_PREFIX_PATH}:/home/sam/piper_ros/install/piper:/opt/ros/humble /usr/bin/cmake --install /home/sam/piper_ros/build/piper_humble
[1.009s] Level 1:colcon.colcon_core.environment:checking '/home/sam/piper_ros/install/piper_humble' for CMake config files
[1.009s] Level 1:colcon.colcon_core.shell:create_environment_hook('piper_humble', 'cmake_prefix_path')
[1.010s] INFO:colcon.colcon_core.shell:Creating environment hook '/home/sam/piper_ros/install/piper_humble/share/piper_humble/hook/cmake_prefix_path.ps1'
[1.010s] INFO:colcon.colcon_core.shell:Creating environment descriptor '/home/sam/piper_ros/install/piper_humble/share/piper_humble/hook/cmake_prefix_path.dsv'
[1.011s] INFO:colcon.colcon_core.shell:Creating environment hook '/home/sam/piper_ros/install/piper_humble/share/piper_humble/hook/cmake_prefix_path.sh'
[1.012s] Level 1:colcon.colcon_core.environment:checking '/home/sam/piper_ros/install/piper_humble/bin'
[1.012s] Level 1:colcon.colcon_core.environment:checking '/home/sam/piper_ros/install/piper_humble/lib/pkgconfig/piper_humble.pc'
[1.013s] Level 1:colcon.colcon_core.environment:checking '/home/sam/piper_ros/install/piper_humble/lib/python3.10/site-packages'
[1.013s] Level 1:colcon.colcon_core.environment:checking '/home/sam/piper_ros/install/piper_humble/bin'
[1.014s] INFO:colcon.colcon_core.shell:Creating package script '/home/sam/piper_ros/install/piper_humble/share/piper_humble/package.ps1'
[1.015s] INFO:colcon.colcon_core.shell:Creating package descriptor '/home/sam/piper_ros/install/piper_humble/share/piper_humble/package.dsv'
[1.016s] INFO:colcon.colcon_core.shell:Creating package script '/home/sam/piper_ros/install/piper_humble/share/piper_humble/package.sh'
[1.017s] INFO:colcon.colcon_core.shell:Creating package script '/home/sam/piper_ros/install/piper_humble/share/piper_humble/package.bash'
[1.019s] INFO:colcon.colcon_core.shell:Creating package script '/home/sam/piper_ros/install/piper_humble/share/piper_humble/package.zsh'
[1.019s] Level 1:colcon.colcon_core.environment:create_file_with_runtime_dependencies(/home/sam/piper_ros/install/piper_humble/share/colcon-core/packages/piper_humble)
[1.020s] Level 1:colcon.colcon_core.environment:create_environment_scripts_only(piper_humble)
[1.021s] Level 1:colcon.colcon_core.environment:checking '/home/sam/piper_ros/install/piper_humble' for CMake module files
[1.022s] Level 1:colcon.colcon_core.environment:checking '/home/sam/piper_ros/install/piper_humble' for CMake config files
[1.023s] Level 1:colcon.colcon_core.shell:create_environment_hook('piper_humble', 'cmake_prefix_path')
[1.024s] INFO:colcon.colcon_core.shell:Creating environment hook '/home/sam/piper_ros/install/piper_humble/share/piper_humble/hook/cmake_prefix_path.ps1'
[1.024s] INFO:colcon.colcon_core.shell:Creating environment descriptor '/home/sam/piper_ros/install/piper_humble/share/piper_humble/hook/cmake_prefix_path.dsv'
[1.027s] INFO:colcon.colcon_core.shell:Creating environment hook '/home/sam/piper_ros/install/piper_humble/share/piper_humble/hook/cmake_prefix_path.sh'
[1.028s] Level 1:colcon.colcon_core.environment:checking '/home/sam/piper_ros/install/piper_humble/bin'
[1.028s] Level 1:colcon.colcon_core.environment:checking '/home/sam/piper_ros/install/piper_humble/lib/pkgconfig/piper_humble.pc'
[1.029s] Level 1:colcon.colcon_core.environment:checking '/home/sam/piper_ros/install/piper_humble/lib/python3.10/site-packages'
[1.029s] Level 1:colcon.colcon_core.environment:checking '/home/sam/piper_ros/install/piper_humble/bin'
[1.030s] INFO:colcon.colcon_core.shell:Creating package script '/home/sam/piper_ros/install/piper_humble/share/piper_humble/package.ps1'
[1.031s] INFO:colcon.colcon_core.shell:Creating package descriptor '/home/sam/piper_ros/install/piper_humble/share/piper_humble/package.dsv'
[1.032s] INFO:colcon.colcon_core.shell:Creating package script '/home/sam/piper_ros/install/piper_humble/share/piper_humble/package.sh'
[1.033s] INFO:colcon.colcon_core.shell:Creating package script '/home/sam/piper_ros/install/piper_humble/share/piper_humble/package.bash'
[1.034s] INFO:colcon.colcon_core.shell:Creating package script '/home/sam/piper_ros/install/piper_humble/share/piper_humble/package.zsh'
[1.035s] Level 1:colcon.colcon_core.environment:create_file_with_runtime_dependencies(/home/sam/piper_ros/install/piper_humble/share/colcon-core/packages/piper_humble)
[1.036s] INFO:colcon.colcon_ros.task.ament_cmake.build:Building ROS package in '/home/sam/piper_ros/src/piper_moveit/piper_no_gripper_moveit' with build type 'ament_cmake'
[1.036s] INFO:colcon.colcon_cmake.task.cmake.build:Building CMake package in '/home/sam/piper_ros/src/piper_moveit/piper_no_gripper_moveit'
[1.037s] INFO:colcon.colcon_core.shell:Skip shell extension 'powershell' for command environment: Not usable outside of PowerShell
[1.037s] DEBUG:colcon.colcon_core.shell:Skip shell extension 'dsv' for command environment
[1.062s] DEBUG:colcon.colcon_core.event_handler.log_command:Invoking command in '/home/sam/piper_ros/build/piper_mujoco': CMAKE_PREFIX_PATH=${CMAKE_PREFIX_PATH}:/home/sam/piper_ros/install/piper:/opt/ros/humble /usr/bin/cmake --build /home/sam/piper_ros/build/piper_mujoco -- -j4 -l4
[1.069s] DEBUG:colcon.colcon_core.event_handler.log_command:Invoking command in '/home/sam/piper_ros/build/piper_no_gripper_moveit': CMAKE_PREFIX_PATH=/home/sam/piper_ros/install/piper_description:/home/sam/piper_ros/install/piper_with_gripper_moveit:/home/sam/piper_ros/install/piper_no_gripper_moveit:/home/sam/piper_ros/install/piper_mujoco:/home/sam/piper_ros/install/piper_msgs:/home/sam/piper_ros/install/piper_humble:/home/sam/piper_ros/install/piper_gazebo:/home/sam/piper_ros/install/piper:/opt/ros/humble /usr/bin/cmake --build /home/sam/piper_ros/build/piper_no_gripper_moveit -- -j4 -l4
[1.189s] DEBUG:colcon.colcon_core.event_handler.log_command:Invoked command in '/home/sam/piper_ros/build/piper_mujoco' returned '0': CMAKE_PREFIX_PATH=${CMAKE_PREFIX_PATH}:/home/sam/piper_ros/install/piper:/opt/ros/humble /usr/bin/cmake --build /home/sam/piper_ros/build/piper_mujoco -- -j4 -l4
[1.200s] DEBUG:colcon.colcon_core.event_handler.log_command:Invoking command in '/home/sam/piper_ros/build/piper_mujoco': CMAKE_PREFIX_PATH=${CMAKE_PREFIX_PATH}:/home/sam/piper_ros/install/piper:/opt/ros/humble /usr/bin/cmake --install /home/sam/piper_ros/build/piper_mujoco
[1.207s] DEBUG:colcon.colcon_core.event_handler.log_command:Invoked command in '/home/sam/piper_ros/build/piper_no_gripper_moveit' returned '0': CMAKE_PREFIX_PATH=/home/sam/piper_ros/install/piper_description:/home/sam/piper_ros/install/piper_with_gripper_moveit:/home/sam/piper_ros/install/piper_no_gripper_moveit:/home/sam/piper_ros/install/piper_mujoco:/home/sam/piper_ros/install/piper_msgs:/home/sam/piper_ros/install/piper_humble:/home/sam/piper_ros/install/piper_gazebo:/home/sam/piper_ros/install/piper:/opt/ros/humble /usr/bin/cmake --build /home/sam/piper_ros/build/piper_no_gripper_moveit -- -j4 -l4
[1.208s] DEBUG:colcon.colcon_core.event_handler.log_command:Invoking command in '/home/sam/piper_ros/build/piper_no_gripper_moveit': CMAKE_PREFIX_PATH=/home/sam/piper_ros/install/piper_description:/home/sam/piper_ros/install/piper_with_gripper_moveit:/home/sam/piper_ros/install/piper_no_gripper_moveit:/home/sam/piper_ros/install/piper_mujoco:/home/sam/piper_ros/install/piper_msgs:/home/sam/piper_ros/install/piper_humble:/home/sam/piper_ros/install/piper_gazebo:/home/sam/piper_ros/install/piper:/opt/ros/humble /usr/bin/cmake --install /home/sam/piper_ros/build/piper_no_gripper_moveit
[1.232s] Level 1:colcon.colcon_core.environment:create_environment_scripts_only(piper_mujoco)
[1.232s] Level 1:colcon.colcon_core.environment:checking '/home/sam/piper_ros/install/piper_mujoco' for CMake module files
[1.233s] Level 1:colcon.colcon_core.environment:checking '/home/sam/piper_ros/install/piper_mujoco' for CMake config files
[1.234s] Level 1:colcon.colcon_core.shell:create_environment_hook('piper_mujoco', 'cmake_prefix_path')
[1.235s] INFO:colcon.colcon_core.shell:Creating environment hook '/home/sam/piper_ros/install/piper_mujoco/share/piper_mujoco/hook/cmake_prefix_path.ps1'
[1.238s] INFO:colcon.colcon_core.shell:Creating environment descriptor '/home/sam/piper_ros/install/piper_mujoco/share/piper_mujoco/hook/cmake_prefix_path.dsv'
[1.238s] INFO:colcon.colcon_core.shell:Creating environment hook '/home/sam/piper_ros/install/piper_mujoco/share/piper_mujoco/hook/cmake_prefix_path.sh'
[1.241s] Level 1:colcon.colcon_core.environment:checking '/home/sam/piper_ros/install/piper_mujoco/lib'
[1.241s] Level 1:colcon.colcon_core.environment:checking '/home/sam/piper_ros/install/piper_mujoco/bin'
[1.241s] Level 1:colcon.colcon_core.environment:checking '/home/sam/piper_ros/install/piper_mujoco/lib/pkgconfig/piper_mujoco.pc'
[1.242s] Level 1:colcon.colcon_core.environment:checking '/home/sam/piper_ros/install/piper_mujoco/lib/python3.10/site-packages'
[1.242s] Level 1:colcon.colcon_core.environment:checking '/home/sam/piper_ros/install/piper_mujoco/bin'
[1.243s] INFO:colcon.colcon_core.shell:Creating package script '/home/sam/piper_ros/install/piper_mujoco/share/piper_mujoco/package.ps1'
[1.247s] INFO:colcon.colcon_core.shell:Creating package descriptor '/home/sam/piper_ros/install/piper_mujoco/share/piper_mujoco/package.dsv'
[1.248s] INFO:colcon.colcon_core.shell:Creating package script '/home/sam/piper_ros/install/piper_mujoco/share/piper_mujoco/package.sh'
[1.250s] DEBUG:colcon.colcon_core.event_handler.log_command:Invoked command in '/home/sam/piper_ros/build/piper_mujoco' returned '0': CMAKE_PREFIX_PATH=${CMAKE_PREFIX_PATH}:/home/sam/piper_ros/install/piper:/opt/ros/humble /usr/bin/cmake --install /home/sam/piper_ros/build/piper_mujoco
[1.250s] INFO:colcon.colcon_core.shell:Creating package script '/home/sam/piper_ros/install/piper_mujoco/share/piper_mujoco/package.bash'
[1.251s] INFO:colcon.colcon_core.shell:Creating package script '/home/sam/piper_ros/install/piper_mujoco/share/piper_mujoco/package.zsh'
[1.252s] Level 1:colcon.colcon_core.environment:create_file_with_runtime_dependencies(/home/sam/piper_ros/install/piper_mujoco/share/colcon-core/packages/piper_mujoco)
[1.253s] Level 1:colcon.colcon_core.environment:create_environment_scripts_only(piper_mujoco)
[1.254s] Level 1:colcon.colcon_core.environment:checking '/home/sam/piper_ros/install/piper_mujoco' for CMake module files
[1.255s] Level 1:colcon.colcon_core.environment:checking '/home/sam/piper_ros/install/piper_mujoco' for CMake config files
[1.256s] Level 1:colcon.colcon_core.shell:create_environment_hook('piper_mujoco', 'cmake_prefix_path')
[1.257s] INFO:colcon.colcon_core.shell:Creating environment hook '/home/sam/piper_ros/install/piper_mujoco/share/piper_mujoco/hook/cmake_prefix_path.ps1'
[1.257s] INFO:colcon.colcon_core.shell:Creating environment descriptor '/home/sam/piper_ros/install/piper_mujoco/share/piper_mujoco/hook/cmake_prefix_path.dsv'
[1.258s] INFO:colcon.colcon_core.shell:Creating environment hook '/home/sam/piper_ros/install/piper_mujoco/share/piper_mujoco/hook/cmake_prefix_path.sh'
[1.260s] Level 1:colcon.colcon_core.environment:checking '/home/sam/piper_ros/install/piper_mujoco/lib'
[1.260s] Level 1:colcon.colcon_core.environment:checking '/home/sam/piper_ros/install/piper_mujoco/bin'
[1.260s] Level 1:colcon.colcon_core.environment:checking '/home/sam/piper_ros/install/piper_mujoco/lib/pkgconfig/piper_mujoco.pc'
[1.261s] Level 1:colcon.colcon_core.environment:checking '/home/sam/piper_ros/install/piper_mujoco/lib/python3.10/site-packages'
[1.261s] Level 1:colcon.colcon_core.environment:checking '/home/sam/piper_ros/install/piper_mujoco/bin'
[1.262s] INFO:colcon.colcon_core.shell:Creating package script '/home/sam/piper_ros/install/piper_mujoco/share/piper_mujoco/package.ps1'
[1.263s] INFO:colcon.colcon_core.shell:Creating package descriptor '/home/sam/piper_ros/install/piper_mujoco/share/piper_mujoco/package.dsv'
[1.264s] INFO:colcon.colcon_core.shell:Creating package script '/home/sam/piper_ros/install/piper_mujoco/share/piper_mujoco/package.sh'
[1.265s] INFO:colcon.colcon_core.shell:Creating package script '/home/sam/piper_ros/install/piper_mujoco/share/piper_mujoco/package.bash'
[1.266s] INFO:colcon.colcon_core.shell:Creating package script '/home/sam/piper_ros/install/piper_mujoco/share/piper_mujoco/package.zsh'
[1.267s] Level 1:colcon.colcon_core.environment:create_file_with_runtime_dependencies(/home/sam/piper_ros/install/piper_mujoco/share/colcon-core/packages/piper_mujoco)
[1.268s] Level 1:colcon.colcon_core.environment:create_environment_scripts_only(piper_no_gripper_moveit)
[1.268s] Level 1:colcon.colcon_core.environment:checking '/home/sam/piper_ros/install/piper_no_gripper_moveit' for CMake module files
[1.270s] DEBUG:colcon.colcon_core.event_handler.log_command:Invoked command in '/home/sam/piper_ros/build/piper_no_gripper_moveit' returned '0': CMAKE_PREFIX_PATH=/home/sam/piper_ros/install/piper_description:/home/sam/piper_ros/install/piper_with_gripper_moveit:/home/sam/piper_ros/install/piper_no_gripper_moveit:/home/sam/piper_ros/install/piper_mujoco:/home/sam/piper_ros/install/piper_msgs:/home/sam/piper_ros/install/piper_humble:/home/sam/piper_ros/install/piper_gazebo:/home/sam/piper_ros/install/piper:/opt/ros/humble /usr/bin/cmake --install /home/sam/piper_ros/build/piper_no_gripper_moveit
[1.271s] Level 1:colcon.colcon_core.environment:checking '/home/sam/piper_ros/install/piper_no_gripper_moveit' for CMake config files
[1.272s] Level 1:colcon.colcon_core.shell:create_environment_hook('piper_no_gripper_moveit', 'cmake_prefix_path')
[1.272s] INFO:colcon.colcon_core.shell:Creating environment hook '/home/sam/piper_ros/install/piper_no_gripper_moveit/share/piper_no_gripper_moveit/hook/cmake_prefix_path.ps1'
[1.273s] INFO:colcon.colcon_core.shell:Creating environment descriptor '/home/sam/piper_ros/install/piper_no_gripper_moveit/share/piper_no_gripper_moveit/hook/cmake_prefix_path.dsv'
[1.274s] INFO:colcon.colcon_core.shell:Creating environment hook '/home/sam/piper_ros/install/piper_no_gripper_moveit/share/piper_no_gripper_moveit/hook/cmake_prefix_path.sh'
[1.276s] Level 1:colcon.colcon_core.environment:checking '/home/sam/piper_ros/install/piper_no_gripper_moveit/bin'
[1.276s] Level 1:colcon.colcon_core.environment:checking '/home/sam/piper_ros/install/piper_no_gripper_moveit/lib/pkgconfig/piper_no_gripper_moveit.pc'
[1.276s] Level 1:colcon.colcon_core.environment:checking '/home/sam/piper_ros/install/piper_no_gripper_moveit/lib/python3.10/site-packages'
[1.277s] Level 1:colcon.colcon_core.environment:checking '/home/sam/piper_ros/install/piper_no_gripper_moveit/bin'
[1.278s] INFO:colcon.colcon_core.shell:Creating package script '/home/sam/piper_ros/install/piper_no_gripper_moveit/share/piper_no_gripper_moveit/package.ps1'
[1.279s] INFO:colcon.colcon_core.shell:Creating package descriptor '/home/sam/piper_ros/install/piper_no_gripper_moveit/share/piper_no_gripper_moveit/package.dsv'
[1.280s] INFO:colcon.colcon_core.shell:Creating package script '/home/sam/piper_ros/install/piper_no_gripper_moveit/share/piper_no_gripper_moveit/package.sh'
[1.281s] INFO:colcon.colcon_core.shell:Creating package script '/home/sam/piper_ros/install/piper_no_gripper_moveit/share/piper_no_gripper_moveit/package.bash'
[1.282s] INFO:colcon.colcon_core.shell:Creating package script '/home/sam/piper_ros/install/piper_no_gripper_moveit/share/piper_no_gripper_moveit/package.zsh'
[1.283s] Level 1:colcon.colcon_core.environment:create_file_with_runtime_dependencies(/home/sam/piper_ros/install/piper_no_gripper_moveit/share/colcon-core/packages/piper_no_gripper_moveit)
[1.284s] Level 1:colcon.colcon_core.environment:create_environment_scripts_only(piper_no_gripper_moveit)
[1.285s] Level 1:colcon.colcon_core.environment:checking '/home/sam/piper_ros/install/piper_no_gripper_moveit' for CMake module files
[1.286s] Level 1:colcon.colcon_core.environment:checking '/home/sam/piper_ros/install/piper_no_gripper_moveit' for CMake config files
[1.286s] Level 1:colcon.colcon_core.shell:create_environment_hook('piper_no_gripper_moveit', 'cmake_prefix_path')
[1.287s] INFO:colcon.colcon_core.shell:Creating environment hook '/home/sam/piper_ros/install/piper_no_gripper_moveit/share/piper_no_gripper_moveit/hook/cmake_prefix_path.ps1'
[1.288s] INFO:colcon.colcon_core.shell:Creating environment descriptor '/home/sam/piper_ros/install/piper_no_gripper_moveit/share/piper_no_gripper_moveit/hook/cmake_prefix_path.dsv'
[1.289s] INFO:colcon.colcon_core.shell:Creating environment hook '/home/sam/piper_ros/install/piper_no_gripper_moveit/share/piper_no_gripper_moveit/hook/cmake_prefix_path.sh'
[1.290s] Level 1:colcon.colcon_core.environment:checking '/home/sam/piper_ros/install/piper_no_gripper_moveit/bin'
[1.290s] Level 1:colcon.colcon_core.environment:checking '/home/sam/piper_ros/install/piper_no_gripper_moveit/lib/pkgconfig/piper_no_gripper_moveit.pc'
[1.291s] Level 1:colcon.colcon_core.environment:checking '/home/sam/piper_ros/install/piper_no_gripper_moveit/lib/python3.10/site-packages'
[1.291s] Level 1:colcon.colcon_core.environment:checking '/home/sam/piper_ros/install/piper_no_gripper_moveit/bin'
[1.292s] INFO:colcon.colcon_core.shell:Creating package script '/home/sam/piper_ros/install/piper_no_gripper_moveit/share/piper_no_gripper_moveit/package.ps1'
[1.293s] INFO:colcon.colcon_core.shell:Creating package descriptor '/home/sam/piper_ros/install/piper_no_gripper_moveit/share/piper_no_gripper_moveit/package.dsv'
[1.295s] INFO:colcon.colcon_core.shell:Creating package script '/home/sam/piper_ros/install/piper_no_gripper_moveit/share/piper_no_gripper_moveit/package.sh'
[1.296s] INFO:colcon.colcon_core.shell:Creating package script '/home/sam/piper_ros/install/piper_no_gripper_moveit/share/piper_no_gripper_moveit/package.bash'
[1.297s] INFO:colcon.colcon_core.shell:Creating package script '/home/sam/piper_ros/install/piper_no_gripper_moveit/share/piper_no_gripper_moveit/package.zsh'
[1.298s] Level 1:colcon.colcon_core.environment:create_file_with_runtime_dependencies(/home/sam/piper_ros/install/piper_no_gripper_moveit/share/colcon-core/packages/piper_no_gripper_moveit)
[1.299s] INFO:colcon.colcon_ros.task.ament_cmake.build:Building ROS package in '/home/sam/piper_ros/src/piper_moveit/piper_with_gripper_moveit' with build type 'ament_cmake'
[1.300s] INFO:colcon.colcon_cmake.task.cmake.build:Building CMake package in '/home/sam/piper_ros/src/piper_moveit/piper_with_gripper_moveit'
[1.300s] INFO:colcon.colcon_core.shell:Skip shell extension 'powershell' for command environment: Not usable outside of PowerShell
[1.300s] DEBUG:colcon.colcon_core.shell:Skip shell extension 'dsv' for command environment
[1.320s] DEBUG:colcon.colcon_core.event_handler.log_command:Invoking command in '/home/sam/piper_ros/build/piper_with_gripper_moveit': CMAKE_PREFIX_PATH=/home/sam/piper_ros/install/piper_description:/home/sam/piper_ros/install/piper_with_gripper_moveit:/home/sam/piper_ros/install/piper_no_gripper_moveit:/home/sam/piper_ros/install/piper_mujoco:/home/sam/piper_ros/install/piper_msgs:/home/sam/piper_ros/install/piper_humble:/home/sam/piper_ros/install/piper_gazebo:/home/sam/piper_ros/install/piper:/opt/ros/humble /usr/bin/cmake --build /home/sam/piper_ros/build/piper_with_gripper_moveit -- -j4 -l4
[1.405s] DEBUG:colcon.colcon_core.event_handler.log_command:Invoked command in '/home/sam/piper_ros/build/piper_with_gripper_moveit' returned '0': CMAKE_PREFIX_PATH=/home/sam/piper_ros/install/piper_description:/home/sam/piper_ros/install/piper_with_gripper_moveit:/home/sam/piper_ros/install/piper_no_gripper_moveit:/home/sam/piper_ros/install/piper_mujoco:/home/sam/piper_ros/install/piper_msgs:/home/sam/piper_ros/install/piper_humble:/home/sam/piper_ros/install/piper_gazebo:/home/sam/piper_ros/install/piper:/opt/ros/humble /usr/bin/cmake --build /home/sam/piper_ros/build/piper_with_gripper_moveit -- -j4 -l4
[1.412s] DEBUG:colcon.colcon_core.event_handler.log_command:Invoking command in '/home/sam/piper_ros/build/piper_with_gripper_moveit': CMAKE_PREFIX_PATH=/home/sam/piper_ros/install/piper_description:/home/sam/piper_ros/install/piper_with_gripper_moveit:/home/sam/piper_ros/install/piper_no_gripper_moveit:/home/sam/piper_ros/install/piper_mujoco:/home/sam/piper_ros/install/piper_msgs:/home/sam/piper_ros/install/piper_humble:/home/sam/piper_ros/install/piper_gazebo:/home/sam/piper_ros/install/piper:/opt/ros/humble /usr/bin/cmake --install /home/sam/piper_ros/build/piper_with_gripper_moveit
[1.433s] Level 1:colcon.colcon_core.environment:create_environment_scripts_only(piper_with_gripper_moveit)
[1.433s] Level 1:colcon.colcon_core.environment:checking '/home/sam/piper_ros/install/piper_with_gripper_moveit' for CMake module files
[1.436s] DEBUG:colcon.colcon_core.event_handler.log_command:Invoked command in '/home/sam/piper_ros/build/piper_with_gripper_moveit' returned '0': CMAKE_PREFIX_PATH=/home/sam/piper_ros/install/piper_description:/home/sam/piper_ros/install/piper_with_gripper_moveit:/home/sam/piper_ros/install/piper_no_gripper_moveit:/home/sam/piper_ros/install/piper_mujoco:/home/sam/piper_ros/install/piper_msgs:/home/sam/piper_ros/install/piper_humble:/home/sam/piper_ros/install/piper_gazebo:/home/sam/piper_ros/install/piper:/opt/ros/humble /usr/bin/cmake --install /home/sam/piper_ros/build/piper_with_gripper_moveit
[1.436s] Level 1:colcon.colcon_core.environment:checking '/home/sam/piper_ros/install/piper_with_gripper_moveit' for CMake config files
[1.436s] Level 1:colcon.colcon_core.shell:create_environment_hook('piper_with_gripper_moveit', 'cmake_prefix_path')
[1.437s] INFO:colcon.colcon_core.shell:Creating environment hook '/home/sam/piper_ros/install/piper_with_gripper_moveit/share/piper_with_gripper_moveit/hook/cmake_prefix_path.ps1'
[1.438s] INFO:colcon.colcon_core.shell:Creating environment descriptor '/home/sam/piper_ros/install/piper_with_gripper_moveit/share/piper_with_gripper_moveit/hook/cmake_prefix_path.dsv'
[1.438s] INFO:colcon.colcon_core.shell:Creating environment hook '/home/sam/piper_ros/install/piper_with_gripper_moveit/share/piper_with_gripper_moveit/hook/cmake_prefix_path.sh'
[1.439s] Level 1:colcon.colcon_core.environment:checking '/home/sam/piper_ros/install/piper_with_gripper_moveit/bin'
[1.439s] Level 1:colcon.colcon_core.environment:checking '/home/sam/piper_ros/install/piper_with_gripper_moveit/lib/pkgconfig/piper_with_gripper_moveit.pc'
[1.440s] Level 1:colcon.colcon_core.environment:checking '/home/sam/piper_ros/install/piper_with_gripper_moveit/lib/python3.10/site-packages'
[1.440s] Level 1:colcon.colcon_core.environment:checking '/home/sam/piper_ros/install/piper_with_gripper_moveit/bin'
[1.441s] INFO:colcon.colcon_core.shell:Creating package script '/home/sam/piper_ros/install/piper_with_gripper_moveit/share/piper_with_gripper_moveit/package.ps1'
[1.442s] INFO:colcon.colcon_core.shell:Creating package descriptor '/home/sam/piper_ros/install/piper_with_gripper_moveit/share/piper_with_gripper_moveit/package.dsv'
[1.443s] INFO:colcon.colcon_core.shell:Creating package script '/home/sam/piper_ros/install/piper_with_gripper_moveit/share/piper_with_gripper_moveit/package.sh'
[1.443s] INFO:colcon.colcon_core.shell:Creating package script '/home/sam/piper_ros/install/piper_with_gripper_moveit/share/piper_with_gripper_moveit/package.bash'
[1.444s] INFO:colcon.colcon_core.shell:Creating package script '/home/sam/piper_ros/install/piper_with_gripper_moveit/share/piper_with_gripper_moveit/package.zsh'
[1.445s] Level 1:colcon.colcon_core.environment:create_file_with_runtime_dependencies(/home/sam/piper_ros/install/piper_with_gripper_moveit/share/colcon-core/packages/piper_with_gripper_moveit)
[1.446s] Level 1:colcon.colcon_core.environment:create_environment_scripts_only(piper_with_gripper_moveit)
[1.446s] Level 1:colcon.colcon_core.environment:checking '/home/sam/piper_ros/install/piper_with_gripper_moveit' for CMake module files
[1.447s] Level 1:colcon.colcon_core.environment:checking '/home/sam/piper_ros/install/piper_with_gripper_moveit' for CMake config files
[1.448s] Level 1:colcon.colcon_core.shell:create_environment_hook('piper_with_gripper_moveit', 'cmake_prefix_path')
[1.448s] INFO:colcon.colcon_core.shell:Creating environment hook '/home/sam/piper_ros/install/piper_with_gripper_moveit/share/piper_with_gripper_moveit/hook/cmake_prefix_path.ps1'
[1.449s] INFO:colcon.colcon_core.shell:Creating environment descriptor '/home/sam/piper_ros/install/piper_with_gripper_moveit/share/piper_with_gripper_moveit/hook/cmake_prefix_path.dsv'
[1.450s] INFO:colcon.colcon_core.shell:Creating environment hook '/home/sam/piper_ros/install/piper_with_gripper_moveit/share/piper_with_gripper_moveit/hook/cmake_prefix_path.sh'
[1.451s] Level 1:colcon.colcon_core.environment:checking '/home/sam/piper_ros/install/piper_with_gripper_moveit/bin'
[1.451s] Level 1:colcon.colcon_core.environment:checking '/home/sam/piper_ros/install/piper_with_gripper_moveit/lib/pkgconfig/piper_with_gripper_moveit.pc'
[1.451s] Level 1:colcon.colcon_core.environment:checking '/home/sam/piper_ros/install/piper_with_gripper_moveit/lib/python3.10/site-packages'
[1.452s] Level 1:colcon.colcon_core.environment:checking '/home/sam/piper_ros/install/piper_with_gripper_moveit/bin'
[1.452s] INFO:colcon.colcon_core.shell:Creating package script '/home/sam/piper_ros/install/piper_with_gripper_moveit/share/piper_with_gripper_moveit/package.ps1'
[1.453s] INFO:colcon.colcon_core.shell:Creating package descriptor '/home/sam/piper_ros/install/piper_with_gripper_moveit/share/piper_with_gripper_moveit/package.dsv'
[1.454s] INFO:colcon.colcon_core.shell:Creating package script '/home/sam/piper_ros/install/piper_with_gripper_moveit/share/piper_with_gripper_moveit/package.sh'
[1.455s] INFO:colcon.colcon_core.shell:Creating package script '/home/sam/piper_ros/install/piper_with_gripper_moveit/share/piper_with_gripper_moveit/package.bash'
[1.456s] INFO:colcon.colcon_core.shell:Creating package script '/home/sam/piper_ros/install/piper_with_gripper_moveit/share/piper_with_gripper_moveit/package.zsh'
[1.458s] Level 1:colcon.colcon_core.environment:create_file_with_runtime_dependencies(/home/sam/piper_ros/install/piper_with_gripper_moveit/share/colcon-core/packages/piper_with_gripper_moveit)
[1.673s] DEBUG:colcon.colcon_core.event_handler.log_command:Invoking command in '/home/sam/piper_ros/src/piper': PYTHONPATH=/home/sam/piper_ros/build/piper/prefix_override:/usr/lib/python3/dist-packages/colcon_core/task/python/colcon_distutils_commands:/home/sam/piper_ros/install/piper/lib/python3.10/site-packages:${PYTHONPATH} /usr/bin/python3 -W ignore:setup.py install is deprecated -W ignore:easy_install command is deprecated setup.py egg_info --egg-base ../../build/piper build --build-base /home/sam/piper_ros/build/piper/build install --record /home/sam/piper_ros/build/piper/install.log --single-version-externally-managed install_data
[1.690s] DEBUG:colcon.colcon_core.event_handler.log_command:Invoked command in '/home/sam/piper_ros/build/piper_msgs' returned '0': CMAKE_PREFIX_PATH=${CMAKE_PREFIX_PATH}:/home/sam/piper_ros/install/piper:/opt/ros/humble /usr/bin/cmake --build /home/sam/piper_ros/build/piper_msgs -- -j4 -l4
[1.693s] DEBUG:colcon.colcon_core.event_handler.log_command:Invoking command in '/home/sam/piper_ros/build/piper_msgs': CMAKE_PREFIX_PATH=${CMAKE_PREFIX_PATH}:/home/sam/piper_ros/install/piper:/opt/ros/humble /usr/bin/cmake --install /home/sam/piper_ros/build/piper_msgs
[1.783s] Level 1:colcon.colcon_core.environment:create_environment_scripts_only(piper_msgs)
[1.784s] Level 1:colcon.colcon_core.environment:checking '/home/sam/piper_ros/install/piper_msgs' for CMake module files
[1.784s] DEBUG:colcon.colcon_core.event_handler.log_command:Invoked command in '/home/sam/piper_ros/build/piper_msgs' returned '0': CMAKE_PREFIX_PATH=${CMAKE_PREFIX_PATH}:/home/sam/piper_ros/install/piper:/opt/ros/humble /usr/bin/cmake --install /home/sam/piper_ros/build/piper_msgs
[1.785s] Level 1:colcon.colcon_core.environment:checking '/home/sam/piper_ros/install/piper_msgs' for CMake config files
[1.786s] Level 1:colcon.colcon_core.shell:create_environment_hook('piper_msgs', 'cmake_prefix_path')
[1.787s] INFO:colcon.colcon_core.shell:Creating environment hook '/home/sam/piper_ros/install/piper_msgs/share/piper_msgs/hook/cmake_prefix_path.ps1'
[1.787s] INFO:colcon.colcon_core.shell:Creating environment descriptor '/home/sam/piper_ros/install/piper_msgs/share/piper_msgs/hook/cmake_prefix_path.dsv'
[1.788s] INFO:colcon.colcon_core.shell:Creating environment hook '/home/sam/piper_ros/install/piper_msgs/share/piper_msgs/hook/cmake_prefix_path.sh'
[1.789s] Level 1:colcon.colcon_core.environment:checking '/home/sam/piper_ros/install/piper_msgs/lib'
[1.789s] Level 1:colcon.colcon_core.shell:create_environment_hook('piper_msgs', 'ld_library_path_lib')
[1.790s] INFO:colcon.colcon_core.shell:Creating environment hook '/home/sam/piper_ros/install/piper_msgs/share/piper_msgs/hook/ld_library_path_lib.ps1'
[1.790s] INFO:colcon.colcon_core.shell:Creating environment descriptor '/home/sam/piper_ros/install/piper_msgs/share/piper_msgs/hook/ld_library_path_lib.dsv'
[1.791s] INFO:colcon.colcon_core.shell:Creating environment hook '/home/sam/piper_ros/install/piper_msgs/share/piper_msgs/hook/ld_library_path_lib.sh'
[1.792s] Level 1:colcon.colcon_core.environment:checking '/home/sam/piper_ros/install/piper_msgs/bin'
[1.792s] Level 1:colcon.colcon_core.environment:checking '/home/sam/piper_ros/install/piper_msgs/lib/pkgconfig/piper_msgs.pc'
[1.792s] Level 1:colcon.colcon_core.environment:checking '/home/sam/piper_ros/install/piper_msgs/lib/python3.10/site-packages'
[1.793s] Level 1:colcon.colcon_core.environment:checking '/home/sam/piper_ros/install/piper_msgs/bin'
[1.793s] INFO:colcon.colcon_core.shell:Creating package script '/home/sam/piper_ros/install/piper_msgs/share/piper_msgs/package.ps1'
[1.794s] INFO:colcon.colcon_core.shell:Creating package descriptor '/home/sam/piper_ros/install/piper_msgs/share/piper_msgs/package.dsv'
[1.794s] INFO:colcon.colcon_core.shell:Creating package script '/home/sam/piper_ros/install/piper_msgs/share/piper_msgs/package.sh'
[1.795s] INFO:colcon.colcon_core.shell:Creating package script '/home/sam/piper_ros/install/piper_msgs/share/piper_msgs/package.bash'
[1.795s] INFO:colcon.colcon_core.shell:Creating package script '/home/sam/piper_ros/install/piper_msgs/share/piper_msgs/package.zsh'
[1.796s] Level 1:colcon.colcon_core.environment:create_file_with_runtime_dependencies(/home/sam/piper_ros/install/piper_msgs/share/colcon-core/packages/piper_msgs)
[1.797s] Level 1:colcon.colcon_core.environment:create_environment_scripts_only(piper_msgs)
[1.797s] Level 1:colcon.colcon_core.environment:checking '/home/sam/piper_ros/install/piper_msgs' for CMake module files
[1.798s] Level 1:colcon.colcon_core.environment:checking '/home/sam/piper_ros/install/piper_msgs' for CMake config files
[1.798s] Level 1:colcon.colcon_core.shell:create_environment_hook('piper_msgs', 'cmake_prefix_path')
[1.799s] INFO:colcon.colcon_core.shell:Creating environment hook '/home/sam/piper_ros/install/piper_msgs/share/piper_msgs/hook/cmake_prefix_path.ps1'
[1.799s] INFO:colcon.colcon_core.shell:Creating environment descriptor '/home/sam/piper_ros/install/piper_msgs/share/piper_msgs/hook/cmake_prefix_path.dsv'
[1.800s] INFO:colcon.colcon_core.shell:Creating environment hook '/home/sam/piper_ros/install/piper_msgs/share/piper_msgs/hook/cmake_prefix_path.sh'
[1.800s] Level 1:colcon.colcon_core.environment:checking '/home/sam/piper_ros/install/piper_msgs/lib'
[1.801s] Level 1:colcon.colcon_core.shell:create_environment_hook('piper_msgs', 'ld_library_path_lib')
[1.801s] INFO:colcon.colcon_core.shell:Creating environment hook '/home/sam/piper_ros/install/piper_msgs/share/piper_msgs/hook/ld_library_path_lib.ps1'
[1.802s] INFO:colcon.colcon_core.shell:Creating environment descriptor '/home/sam/piper_ros/install/piper_msgs/share/piper_msgs/hook/ld_library_path_lib.dsv'
[1.802s] INFO:colcon.colcon_core.shell:Creating environment hook '/home/sam/piper_ros/install/piper_msgs/share/piper_msgs/hook/ld_library_path_lib.sh'
[1.803s] Level 1:colcon.colcon_core.environment:checking '/home/sam/piper_ros/install/piper_msgs/bin'
[1.803s] Level 1:colcon.colcon_core.environment:checking '/home/sam/piper_ros/install/piper_msgs/lib/pkgconfig/piper_msgs.pc'
[1.803s] Level 1:colcon.colcon_core.environment:checking '/home/sam/piper_ros/install/piper_msgs/lib/python3.10/site-packages'
[1.803s] Level 1:colcon.colcon_core.environment:checking '/home/sam/piper_ros/install/piper_msgs/bin'
[1.804s] INFO:colcon.colcon_core.shell:Creating package script '/home/sam/piper_ros/install/piper_msgs/share/piper_msgs/package.ps1'
[1.805s] INFO:colcon.colcon_core.shell:Creating package descriptor '/home/sam/piper_ros/install/piper_msgs/share/piper_msgs/package.dsv'
[1.806s] INFO:colcon.colcon_core.shell:Creating package script '/home/sam/piper_ros/install/piper_msgs/share/piper_msgs/package.sh'
[1.806s] INFO:colcon.colcon_core.shell:Creating package script '/home/sam/piper_ros/install/piper_msgs/share/piper_msgs/package.bash'
[1.807s] INFO:colcon.colcon_core.shell:Creating package script '/home/sam/piper_ros/install/piper_msgs/share/piper_msgs/package.zsh'
[1.807s] Level 1:colcon.colcon_core.environment:create_file_with_runtime_dependencies(/home/sam/piper_ros/install/piper_msgs/share/colcon-core/packages/piper_msgs)
[2.069s] Level 1:colcon.colcon_core.environment:checking '/home/sam/piper_ros/install/piper' for CMake module files
[2.070s] DEBUG:colcon.colcon_core.event_handler.log_command:Invoked command in '/home/sam/piper_ros/src/piper' returned '0': PYTHONPATH=/home/sam/piper_ros/build/piper/prefix_override:/usr/lib/python3/dist-packages/colcon_core/task/python/colcon_distutils_commands:/home/sam/piper_ros/install/piper/lib/python3.10/site-packages:${PYTHONPATH} /usr/bin/python3 -W ignore:setup.py install is deprecated -W ignore:easy_install command is deprecated setup.py egg_info --egg-base ../../build/piper build --build-base /home/sam/piper_ros/build/piper/build install --record /home/sam/piper_ros/build/piper/install.log --single-version-externally-managed install_data
[2.071s] Level 1:colcon.colcon_core.environment:checking '/home/sam/piper_ros/install/piper' for CMake config files
[2.071s] Level 1:colcon.colcon_core.environment:checking '/home/sam/piper_ros/install/piper/lib'
[2.071s] Level 1:colcon.colcon_core.environment:checking '/home/sam/piper_ros/install/piper/bin'
[2.072s] Level 1:colcon.colcon_core.environment:checking '/home/sam/piper_ros/install/piper/lib/pkgconfig/piper.pc'
[2.072s] Level 1:colcon.colcon_core.environment:checking '/home/sam/piper_ros/install/piper/lib/python3.10/site-packages'
[2.072s] Level 1:colcon.colcon_core.shell:create_environment_hook('piper', 'pythonpath')
[2.072s] INFO:colcon.colcon_core.shell:Creating environment hook '/home/sam/piper_ros/install/piper/share/piper/hook/pythonpath.ps1'
[2.073s] INFO:colcon.colcon_core.shell:Creating environment descriptor '/home/sam/piper_ros/install/piper/share/piper/hook/pythonpath.dsv'
[2.074s] INFO:colcon.colcon_core.shell:Creating environment hook '/home/sam/piper_ros/install/piper/share/piper/hook/pythonpath.sh'
[2.074s] Level 1:colcon.colcon_core.environment:checking '/home/sam/piper_ros/install/piper/bin'
[2.075s] Level 1:colcon.colcon_core.environment:create_environment_scripts_only(piper)
[2.075s] INFO:colcon.colcon_core.shell:Creating package script '/home/sam/piper_ros/install/piper/share/piper/package.ps1'
[2.076s] INFO:colcon.colcon_core.shell:Creating package descriptor '/home/sam/piper_ros/install/piper/share/piper/package.dsv'
[2.077s] INFO:colcon.colcon_core.shell:Creating package script '/home/sam/piper_ros/install/piper/share/piper/package.sh'
[2.078s] INFO:colcon.colcon_core.shell:Creating package script '/home/sam/piper_ros/install/piper/share/piper/package.bash'
[2.079s] INFO:colcon.colcon_core.shell:Creating package script '/home/sam/piper_ros/install/piper/share/piper/package.zsh'
[2.079s] Level 1:colcon.colcon_core.environment:create_file_with_runtime_dependencies(/home/sam/piper_ros/install/piper/share/colcon-core/packages/piper)
[2.080s] DEBUG:colcon.colcon_parallel_executor.executor.parallel:closing loop
[2.080s] DEBUG:colcon.colcon_parallel_executor.executor.parallel:loop closed
[2.080s] DEBUG:colcon.colcon_parallel_executor.executor.parallel:run_until_complete finished with '0'
[2.081s] DEBUG:colcon.colcon_core.event_reactor:joining thread
[2.087s] INFO:colcon.colcon_core.plugin_system:Skipping extension 'colcon_notification.desktop_notification.terminal_notifier': Not used on non-Darwin systems
[2.087s] INFO:colcon.colcon_core.plugin_system:Skipping extension 'colcon_notification.desktop_notification.win32': Not used on non-Windows systems
[2.087s] INFO:colcon.colcon_notification.desktop_notification:Sending desktop notification using 'notify2'
[2.100s] DEBUG:colcon.colcon_core.event_reactor:joined thread
[2.100s] INFO:colcon.colcon_core.shell:Creating prefix script '/home/sam/piper_ros/install/local_setup.ps1'
[2.102s] INFO:colcon.colcon_core.shell:Creating prefix util module '/home/sam/piper_ros/install/_local_setup_util_ps1.py'
[2.103s] INFO:colcon.colcon_core.shell:Creating prefix chain script '/home/sam/piper_ros/install/setup.ps1'
[2.105s] INFO:colcon.colcon_core.shell:Creating prefix script '/home/sam/piper_ros/install/local_setup.sh'
[2.106s] INFO:colcon.colcon_core.shell:Creating prefix util module '/home/sam/piper_ros/install/_local_setup_util_sh.py'
[2.106s] INFO:colcon.colcon_core.shell:Creating prefix chain script '/home/sam/piper_ros/install/setup.sh'
[2.108s] INFO:colcon.colcon_core.shell:Creating prefix script '/home/sam/piper_ros/install/local_setup.bash'
[2.110s] INFO:colcon.colcon_core.shell:Creating prefix chain script '/home/sam/piper_ros/install/setup.bash'
[2.112s] INFO:colcon.colcon_core.shell:Creating prefix script '/home/sam/piper_ros/install/local_setup.zsh'
[2.113s] INFO:colcon.colcon_core.shell:Creating prefix chain script '/home/sam/piper_ros/install/setup.zsh'
