[0.361s] Invoking command in '/home/sam/piper_ros/build/piper_humble': CMAKE_PREFIX_PATH=/opt/ros/humble /usr/bin/cmake /home/sam/piper_ros/src/piper_humble -DCMAKE_INSTALL_PREFIX=/home/sam/piper_ros/install/piper_humble
[0.470s] -- The C compiler identification is GNU 11.4.0
[0.592s] -- The CXX compiler identification is GNU 11.4.0
[0.607s] -- Detecting C compiler ABI info
[0.745s] -- Detecting C compiler ABI info - done
[0.766s] -- Check for working C compiler: /usr/bin/cc - skipped
[0.767s] -- Detecting C compile features
[0.767s] -- Detecting C compile features - done
[0.775s] -- Detecting CXX compiler ABI info
[0.932s] -- Detecting CXX compiler ABI info - done
[0.953s] -- Check for working CXX compiler: /usr/bin/c++ - skipped
[0.954s] -- Detecting CXX compile features
[0.956s] -- Detecting CXX compile features - done
[0.960s] -- Found ament_cmake: 1.3.11 (/opt/ros/humble/share/ament_cmake/cmake)
[1.272s] -- Found Python3: /usr/bin/python3 (found version "3.10.12") found components: Interpreter 
[1.569s] -- Configuring done
[1.573s] -- Generating done
[1.577s] -- Build files have been written to: /home/sam/piper_ros/build/piper_humble
[1.587s] Invoked command in '/home/sam/piper_ros/build/piper_humble' returned '0': CMAKE_PREFIX_PATH=/opt/ros/humble /usr/bin/cmake /home/sam/piper_ros/src/piper_humble -DCMAKE_INSTALL_PREFIX=/home/sam/piper_ros/install/piper_humble
[1.591s] Invoking command in '/home/sam/piper_ros/build/piper_humble': CMAKE_PREFIX_PATH=/opt/ros/humble /usr/bin/cmake --build /home/sam/piper_ros/build/piper_humble -- -j4 -l4
[1.657s] Invoked command in '/home/sam/piper_ros/build/piper_humble' returned '0': CMAKE_PREFIX_PATH=/opt/ros/humble /usr/bin/cmake --build /home/sam/piper_ros/build/piper_humble -- -j4 -l4
[1.658s] Invoking command in '/home/sam/piper_ros/build/piper_humble': CMAKE_PREFIX_PATH=/opt/ros/humble /usr/bin/cmake --install /home/sam/piper_ros/build/piper_humble
[1.668s] -- Install configuration: ""
[1.669s] -- Installing: /home/sam/piper_ros/install/piper_humble/share/ament_index/resource_index/package_run_dependencies/piper_humble
[1.669s] -- Installing: /home/sam/piper_ros/install/piper_humble/share/ament_index/resource_index/parent_prefix_path/piper_humble
[1.670s] -- Installing: /home/sam/piper_ros/install/piper_humble/share/piper_humble/environment/ament_prefix_path.sh
[1.670s] -- Installing: /home/sam/piper_ros/install/piper_humble/share/piper_humble/environment/ament_prefix_path.dsv
[1.671s] -- Installing: /home/sam/piper_ros/install/piper_humble/share/piper_humble/environment/path.sh
[1.672s] -- Installing: /home/sam/piper_ros/install/piper_humble/share/piper_humble/environment/path.dsv
[1.672s] -- Installing: /home/sam/piper_ros/install/piper_humble/share/piper_humble/local_setup.bash
[1.674s] -- Installing: /home/sam/piper_ros/install/piper_humble/share/piper_humble/local_setup.sh
[1.674s] -- Installing: /home/sam/piper_ros/install/piper_humble/share/piper_humble/local_setup.zsh
[1.675s] -- Installing: /home/sam/piper_ros/install/piper_humble/share/piper_humble/local_setup.dsv
[1.675s] -- Installing: /home/sam/piper_ros/install/piper_humble/share/piper_humble/package.dsv
[1.675s] -- Installing: /home/sam/piper_ros/install/piper_humble/share/ament_index/resource_index/packages/piper_humble
[1.675s] -- Installing: /home/sam/piper_ros/install/piper_humble/share/piper_humble/cmake/piper_humbleConfig.cmake
[1.676s] -- Installing: /home/sam/piper_ros/install/piper_humble/share/piper_humble/cmake/piper_humbleConfig-version.cmake
[1.676s] -- Installing: /home/sam/piper_ros/install/piper_humble/share/piper_humble/package.xml
[1.679s] Invoked command in '/home/sam/piper_ros/build/piper_humble' returned '0': CMAKE_PREFIX_PATH=/opt/ros/humble /usr/bin/cmake --install /home/sam/piper_ros/build/piper_humble
