[0.512s] Invoking command in '/home/sam/piper_ros/build/piper_gazebo': CMAKE_PREFIX_PATH=/opt/ros/humble /usr/bin/cmake /home/sam/piper_ros/src/piper_sim/piper_gazebo -DAMENT_CMAKE_SYMLINK_INSTALL=1 -DCMAKE_INSTALL_PREFIX=/home/sam/piper_ros/install/piper_gazebo
[0.651s] -- The C compiler identification is GNU 11.4.0
[0.773s] -- The CXX compiler identification is GNU 11.4.0
[0.787s] -- Detecting C compiler ABI info
[0.943s] -- Detecting C compiler ABI info - done
[0.960s] -- Check for working C compiler: /usr/bin/cc - skipped
[0.961s] -- Detecting C compile features
[0.962s] -- Detecting C compile features - done
[0.968s] -- Detecting CXX compiler ABI info
[1.158s] -- Detecting CXX compiler ABI info - done
[1.190s] -- Check for working CXX compiler: /usr/bin/c++ - skipped
[1.191s] -- Detecting CXX compile features
[1.191s] -- Detecting CXX compile features - done
[1.194s] -- Found ament_cmake: 1.3.11 (/opt/ros/humble/share/ament_cmake/cmake)
[1.575s] -- Found Python3: /usr/bin/python3 (found version "3.10.12") found components: Interpreter 
[1.726s] -- Override CMake install command with custom implementation using symlinks instead of copying resources
[1.834s] -- Found ament_lint_auto: 0.12.11 (/opt/ros/humble/share/ament_lint_auto/cmake)
[2.267s] -- Added test 'copyright' to check source files copyright and LICENSE
[2.272s] -- Added test 'flake8' to check Python code syntax and style conventions
[2.274s] -- Added test 'lint_cmake' to check CMake code style
[2.274s] -- Added test 'pep257' to check Python code against some of the docstring style conventions in PEP 257
[2.276s] -- Added test 'xmllint' to check XML markup files
[2.279s] -- Configuring done
[2.284s] -- Generating done
[2.287s] -- Build files have been written to: /home/sam/piper_ros/build/piper_gazebo
[2.300s] Invoked command in '/home/sam/piper_ros/build/piper_gazebo' returned '0': CMAKE_PREFIX_PATH=/opt/ros/humble /usr/bin/cmake /home/sam/piper_ros/src/piper_sim/piper_gazebo -DAMENT_CMAKE_SYMLINK_INSTALL=1 -DCMAKE_INSTALL_PREFIX=/home/sam/piper_ros/install/piper_gazebo
[2.301s] Invoking command in '/home/sam/piper_ros/build/piper_gazebo': CMAKE_PREFIX_PATH=/opt/ros/humble /usr/bin/cmake --build /home/sam/piper_ros/build/piper_gazebo -- -j4 -l4
[2.414s] Invoked command in '/home/sam/piper_ros/build/piper_gazebo' returned '0': CMAKE_PREFIX_PATH=/opt/ros/humble /usr/bin/cmake --build /home/sam/piper_ros/build/piper_gazebo -- -j4 -l4
[2.424s] Invoking command in '/home/sam/piper_ros/build/piper_gazebo': CMAKE_PREFIX_PATH=/opt/ros/humble /usr/bin/cmake --install /home/sam/piper_ros/build/piper_gazebo
[2.446s] -- Install configuration: ""
[2.446s] -- Execute custom install script
[2.449s] -- Symlinking: /home/sam/piper_ros/install/piper_gazebo/share/piper_gazebo/launch/piper_no_gripper/piper_no_gripper_gazebo.launch.py
[2.525s] -- Symlinking: /home/sam/piper_ros/install/piper_gazebo/share/piper_gazebo/launch/piper_with_gripper/piper_gazebo.launch.py
[2.568s] -- Symlinking: /home/sam/piper_ros/install/piper_gazebo/share/piper_gazebo/config/ros2_controllers.yaml
[2.618s] -- Symlinking: /home/sam/piper_ros/install/piper_gazebo/share/piper_gazebo/config/ros2_no_gripper_controllers.yaml
[2.659s] -- Symlinking: /home/sam/piper_ros/install/piper_gazebo/share/piper_gazebo/scripts/joint8_ctrl.py
[2.689s] -- Symlinking: /home/sam/piper_ros/install/piper_gazebo/lib/piper_gazebo/joint8_ctrl.py
[2.709s] -- Symlinking: /home/sam/piper_ros/install/piper_gazebo/share/ament_index/resource_index/package_run_dependencies/piper_gazebo
[2.728s] -- Symlinking: /home/sam/piper_ros/install/piper_gazebo/share/ament_index/resource_index/parent_prefix_path/piper_gazebo
[2.746s] -- Symlinking: /home/sam/piper_ros/install/piper_gazebo/share/piper_gazebo/environment/ament_prefix_path.sh
[2.767s] -- Symlinking: /home/sam/piper_ros/install/piper_gazebo/share/piper_gazebo/environment/ament_prefix_path.dsv
[2.787s] -- Symlinking: /home/sam/piper_ros/install/piper_gazebo/share/piper_gazebo/environment/path.sh
[2.827s] -- Symlinking: /home/sam/piper_ros/install/piper_gazebo/share/piper_gazebo/environment/path.dsv
[2.851s] -- Symlinking: /home/sam/piper_ros/install/piper_gazebo/share/piper_gazebo/local_setup.bash
[2.874s] -- Symlinking: /home/sam/piper_ros/install/piper_gazebo/share/piper_gazebo/local_setup.sh
[2.905s] -- Symlinking: /home/sam/piper_ros/install/piper_gazebo/share/piper_gazebo/local_setup.zsh
[2.928s] -- Symlinking: /home/sam/piper_ros/install/piper_gazebo/share/piper_gazebo/local_setup.dsv
[2.999s] -- Symlinking: /home/sam/piper_ros/install/piper_gazebo/share/piper_gazebo/package.dsv
[3.085s] -- Symlinking: /home/sam/piper_ros/install/piper_gazebo/share/ament_index/resource_index/packages/piper_gazebo
[3.136s] -- Symlinking: /home/sam/piper_ros/install/piper_gazebo/share/piper_gazebo/cmake/piper_gazeboConfig.cmake
[3.187s] -- Symlinking: /home/sam/piper_ros/install/piper_gazebo/share/piper_gazebo/cmake/piper_gazeboConfig-version.cmake
[3.211s] -- Symlinking: /home/sam/piper_ros/install/piper_gazebo/share/piper_gazebo/package.xml
[3.284s] Invoked command in '/home/sam/piper_ros/build/piper_gazebo' returned '0': CMAKE_PREFIX_PATH=/opt/ros/humble /usr/bin/cmake --install /home/sam/piper_ros/build/piper_gazebo
