[0.588s] Invoking command in '/home/sam/piper_ros/build/piper_humble': CMAKE_PREFIX_PATH=${CMAKE_PREFIX_PATH}:/home/sam/piper_ros/install/piper:/home/sam/ws_moveit/install/moveit_configs_utils:/home/sam/ws_moveit/install/launch_param_builder:/opt/ros/humble /usr/bin/cmake --build /home/sam/piper_ros/build/piper_humble -- -j4 -l4
[0.748s] Invoked command in '/home/sam/piper_ros/build/piper_humble' returned '0': CMAKE_PREFIX_PATH=${CMAKE_PREFIX_PATH}:/home/sam/piper_ros/install/piper:/home/sam/ws_moveit/install/moveit_configs_utils:/home/sam/ws_moveit/install/launch_param_builder:/opt/ros/humble /usr/bin/cmake --build /home/sam/piper_ros/build/piper_humble -- -j4 -l4
[0.752s] Invoking command in '/home/sam/piper_ros/build/piper_humble': CMAKE_PREFIX_PATH=${CMAKE_PREFIX_PATH}:/home/sam/piper_ros/install/piper:/home/sam/ws_moveit/install/moveit_configs_utils:/home/sam/ws_moveit/install/launch_param_builder:/opt/ros/humble /usr/bin/cmake --install /home/sam/piper_ros/build/piper_humble
[0.783s] -- Install configuration: "Debug"
[0.783s] -- Execute custom install script
[0.784s] -- Up-to-date symlink: /home/sam/piper_ros/install/piper_humble/share/ament_index/resource_index/package_run_dependencies/piper_humble
[0.785s] -- Up-to-date symlink: /home/sam/piper_ros/install/piper_humble/share/ament_index/resource_index/parent_prefix_path/piper_humble
[0.786s] -- Up-to-date symlink: /home/sam/piper_ros/install/piper_humble/share/piper_humble/environment/ament_prefix_path.sh
[0.786s] -- Up-to-date symlink: /home/sam/piper_ros/install/piper_humble/share/piper_humble/environment/ament_prefix_path.dsv
[0.788s] -- Up-to-date symlink: /home/sam/piper_ros/install/piper_humble/share/piper_humble/environment/path.sh
[0.788s] -- Up-to-date symlink: /home/sam/piper_ros/install/piper_humble/share/piper_humble/environment/path.dsv
[0.789s] -- Up-to-date symlink: /home/sam/piper_ros/install/piper_humble/share/piper_humble/local_setup.bash
[0.790s] -- Up-to-date symlink: /home/sam/piper_ros/install/piper_humble/share/piper_humble/local_setup.sh
[0.791s] -- Up-to-date symlink: /home/sam/piper_ros/install/piper_humble/share/piper_humble/local_setup.zsh
[0.794s] -- Up-to-date symlink: /home/sam/piper_ros/install/piper_humble/share/piper_humble/local_setup.dsv
[0.794s] -- Symlinking: /home/sam/piper_ros/install/piper_humble/share/piper_humble/package.dsv
[0.817s] -- Up-to-date symlink: /home/sam/piper_ros/install/piper_humble/share/ament_index/resource_index/packages/piper_humble
[0.819s] -- Up-to-date symlink: /home/sam/piper_ros/install/piper_humble/share/piper_humble/cmake/piper_humbleConfig.cmake
[0.820s] -- Up-to-date symlink: /home/sam/piper_ros/install/piper_humble/share/piper_humble/cmake/piper_humbleConfig-version.cmake
[0.821s] -- Up-to-date symlink: /home/sam/piper_ros/install/piper_humble/share/piper_humble/package.xml
[0.829s] Invoked command in '/home/sam/piper_ros/build/piper_humble' returned '0': CMAKE_PREFIX_PATH=${CMAKE_PREFIX_PATH}:/home/sam/piper_ros/install/piper:/home/sam/ws_moveit/install/moveit_configs_utils:/home/sam/ws_moveit/install/launch_param_builder:/opt/ros/humble /usr/bin/cmake --install /home/sam/piper_ros/build/piper_humble
