[0.017s] Invoking command in '/home/sam/piper_ros/build/piper_no_gripper_moveit': AMENT_PREFIX_PATH=/home/sam/piper_ros/install/piper_description:${AMENT_PREFIX_PATH} CMAKE_PREFIX_PATH=/home/sam/piper_ros/install/piper_description:/opt/ros/humble /usr/bin/cmake /home/sam/piper_ros/src/piper_moveit/piper_no_gripper_moveit -DCMAKE_INSTALL_PREFIX=/home/sam/piper_ros/install/piper_no_gripper_moveit
[0.118s] -- The C compiler identification is GNU 11.4.0
[0.231s] -- The CXX compiler identification is GNU 11.4.0
[0.243s] -- Detecting C compiler ABI info
[0.369s] -- Detecting C compiler ABI info - done
[0.388s] -- Check for working C compiler: /usr/bin/cc - skipped
[0.389s] -- Detecting C compile features
[0.390s] -- Detecting C compile features - done
[0.397s] -- Detecting CXX compiler ABI info
[0.558s] -- Detecting CXX compiler ABI info - done
[0.577s] -- Check for working CXX compiler: /usr/bin/c++ - skipped
[0.577s] -- Detecting CXX compile features
[0.578s] -- Detecting CXX compile features - done
[0.581s] -- Found ament_cmake: 1.3.11 (/opt/ros/humble/share/ament_cmake/cmake)
[0.881s] -- Found Python3: /usr/bin/python3 (found version "3.10.12") found components: Interpreter 
[1.145s] -- Configuring done
[1.149s] -- Generating done
[1.152s] -- Build files have been written to: /home/sam/piper_ros/build/piper_no_gripper_moveit
[1.158s] Invoked command in '/home/sam/piper_ros/build/piper_no_gripper_moveit' returned '0': AMENT_PREFIX_PATH=/home/sam/piper_ros/install/piper_description:${AMENT_PREFIX_PATH} CMAKE_PREFIX_PATH=/home/sam/piper_ros/install/piper_description:/opt/ros/humble /usr/bin/cmake /home/sam/piper_ros/src/piper_moveit/piper_no_gripper_moveit -DCMAKE_INSTALL_PREFIX=/home/sam/piper_ros/install/piper_no_gripper_moveit
[1.161s] Invoking command in '/home/sam/piper_ros/build/piper_no_gripper_moveit': AMENT_PREFIX_PATH=/home/sam/piper_ros/install/piper_description:${AMENT_PREFIX_PATH} CMAKE_PREFIX_PATH=/home/sam/piper_ros/install/piper_description:/opt/ros/humble /usr/bin/cmake --build /home/sam/piper_ros/build/piper_no_gripper_moveit -- -j4 -l4
[1.217s] Invoked command in '/home/sam/piper_ros/build/piper_no_gripper_moveit' returned '0': AMENT_PREFIX_PATH=/home/sam/piper_ros/install/piper_description:${AMENT_PREFIX_PATH} CMAKE_PREFIX_PATH=/home/sam/piper_ros/install/piper_description:/opt/ros/humble /usr/bin/cmake --build /home/sam/piper_ros/build/piper_no_gripper_moveit -- -j4 -l4
[1.219s] Invoking command in '/home/sam/piper_ros/build/piper_no_gripper_moveit': AMENT_PREFIX_PATH=/home/sam/piper_ros/install/piper_description:${AMENT_PREFIX_PATH} CMAKE_PREFIX_PATH=/home/sam/piper_ros/install/piper_description:/opt/ros/humble /usr/bin/cmake --install /home/sam/piper_ros/build/piper_no_gripper_moveit
[1.229s] -- Install configuration: ""
[1.231s] -- Installing: /home/sam/piper_ros/install/piper_no_gripper_moveit/share/ament_index/resource_index/package_run_dependencies/piper_no_gripper_moveit
[1.231s] -- Installing: /home/sam/piper_ros/install/piper_no_gripper_moveit/share/ament_index/resource_index/parent_prefix_path/piper_no_gripper_moveit
[1.232s] -- Installing: /home/sam/piper_ros/install/piper_no_gripper_moveit/share/piper_no_gripper_moveit/environment/ament_prefix_path.sh
[1.232s] -- Installing: /home/sam/piper_ros/install/piper_no_gripper_moveit/share/piper_no_gripper_moveit/environment/ament_prefix_path.dsv
[1.232s] -- Installing: /home/sam/piper_ros/install/piper_no_gripper_moveit/share/piper_no_gripper_moveit/environment/path.sh
[1.232s] -- Installing: /home/sam/piper_ros/install/piper_no_gripper_moveit/share/piper_no_gripper_moveit/environment/path.dsv
[1.232s] -- Installing: /home/sam/piper_ros/install/piper_no_gripper_moveit/share/piper_no_gripper_moveit/local_setup.bash
[1.233s] -- Installing: /home/sam/piper_ros/install/piper_no_gripper_moveit/share/piper_no_gripper_moveit/local_setup.sh
[1.233s] -- Installing: /home/sam/piper_ros/install/piper_no_gripper_moveit/share/piper_no_gripper_moveit/local_setup.zsh
[1.233s] -- Installing: /home/sam/piper_ros/install/piper_no_gripper_moveit/share/piper_no_gripper_moveit/local_setup.dsv
[1.233s] -- Installing: /home/sam/piper_ros/install/piper_no_gripper_moveit/share/piper_no_gripper_moveit/package.dsv
[1.233s] -- Installing: /home/sam/piper_ros/install/piper_no_gripper_moveit/share/ament_index/resource_index/packages/piper_no_gripper_moveit
[1.234s] -- Installing: /home/sam/piper_ros/install/piper_no_gripper_moveit/share/piper_no_gripper_moveit/cmake/piper_no_gripper_moveitConfig.cmake
[1.234s] -- Installing: /home/sam/piper_ros/install/piper_no_gripper_moveit/share/piper_no_gripper_moveit/cmake/piper_no_gripper_moveitConfig-version.cmake
[1.234s] -- Installing: /home/sam/piper_ros/install/piper_no_gripper_moveit/share/piper_no_gripper_moveit/package.xml
[1.234s] -- Installing: /home/sam/piper_ros/install/piper_no_gripper_moveit/share/piper_no_gripper_moveit/launch
[1.235s] -- Installing: /home/sam/piper_ros/install/piper_no_gripper_moveit/share/piper_no_gripper_moveit/launch/warehouse_db.launch.py
[1.235s] -- Installing: /home/sam/piper_ros/install/piper_no_gripper_moveit/share/piper_no_gripper_moveit/launch/static_virtual_joint_tfs.launch.py
[1.235s] -- Installing: /home/sam/piper_ros/install/piper_no_gripper_moveit/share/piper_no_gripper_moveit/launch/spawn_controllers.launch.py
[1.235s] -- Installing: /home/sam/piper_ros/install/piper_no_gripper_moveit/share/piper_no_gripper_moveit/launch/setup_assistant.launch.py
[1.235s] -- Installing: /home/sam/piper_ros/install/piper_no_gripper_moveit/share/piper_no_gripper_moveit/launch/piper_moveit.launch.py
[1.236s] -- Installing: /home/sam/piper_ros/install/piper_no_gripper_moveit/share/piper_no_gripper_moveit/launch/rsp.launch.py
[1.236s] -- Installing: /home/sam/piper_ros/install/piper_no_gripper_moveit/share/piper_no_gripper_moveit/launch/move_group.launch.py
[1.236s] -- Installing: /home/sam/piper_ros/install/piper_no_gripper_moveit/share/piper_no_gripper_moveit/launch/moveit_rviz.launch.py
[1.236s] -- Installing: /home/sam/piper_ros/install/piper_no_gripper_moveit/share/piper_no_gripper_moveit/launch/demo.launch.py
[1.236s] -- Installing: /home/sam/piper_ros/install/piper_no_gripper_moveit/share/piper_no_gripper_moveit/config
[1.237s] -- Installing: /home/sam/piper_ros/install/piper_no_gripper_moveit/share/piper_no_gripper_moveit/config/initial_positions.yaml
[1.237s] -- Installing: /home/sam/piper_ros/install/piper_no_gripper_moveit/share/piper_no_gripper_moveit/config/kinematics.yaml
[1.237s] -- Installing: /home/sam/piper_ros/install/piper_no_gripper_moveit/share/piper_no_gripper_moveit/config/moveit.rviz
[1.237s] -- Installing: /home/sam/piper_ros/install/piper_no_gripper_moveit/share/piper_no_gripper_moveit/config/piper.ros2_control.xacro
[1.237s] -- Installing: /home/sam/piper_ros/install/piper_no_gripper_moveit/share/piper_no_gripper_moveit/config/pilz_cartesian_limits.yaml
[1.237s] -- Installing: /home/sam/piper_ros/install/piper_no_gripper_moveit/share/piper_no_gripper_moveit/config/moveit_controllers.yaml
[1.237s] -- Installing: /home/sam/piper_ros/install/piper_no_gripper_moveit/share/piper_no_gripper_moveit/config/ros2_controllers.yaml
[1.238s] -- Installing: /home/sam/piper_ros/install/piper_no_gripper_moveit/share/piper_no_gripper_moveit/config/piper.urdf.xacro
[1.238s] -- Installing: /home/sam/piper_ros/install/piper_no_gripper_moveit/share/piper_no_gripper_moveit/config/piper.srdf
[1.238s] -- Installing: /home/sam/piper_ros/install/piper_no_gripper_moveit/share/piper_no_gripper_moveit/config/joint_limits.yaml
[1.238s] -- Installing: /home/sam/piper_ros/install/piper_no_gripper_moveit/share/piper_no_gripper_moveit/.setup_assistant
[1.240s] Invoked command in '/home/sam/piper_ros/build/piper_no_gripper_moveit' returned '0': AMENT_PREFIX_PATH=/home/sam/piper_ros/install/piper_description:${AMENT_PREFIX_PATH} CMAKE_PREFIX_PATH=/home/sam/piper_ros/install/piper_description:/opt/ros/humble /usr/bin/cmake --install /home/sam/piper_ros/build/piper_no_gripper_moveit
