running develop
Removing /home/sam/piper_ros/install/piper/lib/python3.10/site-packages/piper.egg-link (link to .)
running egg_info
writing ../../build/piper/piper.egg-info/PKG-INFO
writing dependency_links to ../../build/piper/piper.egg-info/dependency_links.txt
writing entry points to ../../build/piper/piper.egg-info/entry_points.txt
writing requirements to ../../build/piper/piper.egg-info/requires.txt
writing top-level names to ../../build/piper/piper.egg-info/top_level.txt
reading manifest file '../../build/piper/piper.egg-info/SOURCES.txt'
adding license file 'LICENSE'
writing manifest file '../../build/piper/piper.egg-info/SOURCES.txt'
running build
running build_py
creating /home/sam/piper_ros/build/piper/build
creating /home/sam/piper_ros/build/piper/build/lib
creating /home/sam/piper_ros/build/piper/build/lib/piper
copying piper/two_state_publisher.py -> /home/sam/piper_ros/build/piper/build/lib/piper
copying piper/piper_ctrl_single_node.py -> /home/sam/piper_ros/build/piper/build/lib/piper
copying piper/piper_ctrl_single_two_state_node.py -> /home/sam/piper_ros/build/piper/build/lib/piper
copying piper/__init__.py -> /home/sam/piper_ros/build/piper/build/lib/piper
running install
running install_lib
creating /home/sam/piper_ros/install/piper/lib/python3.10/site-packages/piper
copying /home/sam/piper_ros/build/piper/build/lib/piper/two_state_publisher.py -> /home/sam/piper_ros/install/piper/lib/python3.10/site-packages/piper
copying /home/sam/piper_ros/build/piper/build/lib/piper/piper_ctrl_single_node.py -> /home/sam/piper_ros/install/piper/lib/python3.10/site-packages/piper
copying /home/sam/piper_ros/build/piper/build/lib/piper/piper_ctrl_single_two_state_node.py -> /home/sam/piper_ros/install/piper/lib/python3.10/site-packages/piper
copying /home/sam/piper_ros/build/piper/build/lib/piper/__init__.py -> /home/sam/piper_ros/install/piper/lib/python3.10/site-packages/piper
byte-compiling /home/sam/piper_ros/install/piper/lib/python3.10/site-packages/piper/two_state_publisher.py to two_state_publisher.cpython-310.pyc
byte-compiling /home/sam/piper_ros/install/piper/lib/python3.10/site-packages/piper/piper_ctrl_single_node.py to piper_ctrl_single_node.cpython-310.pyc
byte-compiling /home/sam/piper_ros/install/piper/lib/python3.10/site-packages/piper/piper_ctrl_single_two_state_node.py to piper_ctrl_single_two_state_node.cpython-310.pyc
byte-compiling /home/sam/piper_ros/install/piper/lib/python3.10/site-packages/piper/__init__.py to __init__.cpython-310.pyc
running install_data
copying resource/piper -> /home/sam/piper_ros/install/piper/share/ament_index/resource_index/packages
copying package.xml -> /home/sam/piper_ros/install/piper/share/piper
copying launch/start_single_piper_two_state.launch.py -> /home/sam/piper_ros/install/piper/share/piper/launch
copying launch/start_single_piper.launch.py -> /home/sam/piper_ros/install/piper/share/piper/launch
copying launch/start_single_piper_rviz.launch.py -> /home/sam/piper_ros/install/piper/share/piper/launch
running install_egg_info
Copying ../../build/piper/piper.egg-info to /home/sam/piper_ros/install/piper/lib/python3.10/site-packages/piper-0.0.0-py3.10.egg-info
running install_scripts
Installing piper_ms_ctrl script to /home/sam/piper_ros/install/piper/lib/piper
Installing piper_read_master script to /home/sam/piper_ros/install/piper/lib/piper
Installing piper_single_ctrl script to /home/sam/piper_ros/install/piper/lib/piper
Installing talker script to /home/sam/piper_ros/install/piper/lib/piper
writing list of installed files to '/home/sam/piper_ros/build/piper/install.log'
