[1.798s] Invoking command in '/home/sam/piper_ros/build/piper': PYTHONPATH=/home/sam/piper_ros/build/piper/prefix_override:/usr/lib/python3/dist-packages/colcon_core/task/python/colcon_distutils_commands:/home/sam/piper_ros/install/piper/lib/python3.10/site-packages:${PYTHONPATH} /usr/bin/python3 -W ignore:setup.py install is deprecated -W ignore:easy_install command is deprecated setup.py develop --uninstall --editable --build-directory /home/sam/piper_ros/build/piper/build
[2.478s] running develop
[3.017s] Removing /home/sam/piper_ros/install/piper/lib/python3.10/site-packages/piper.egg-link (link to .)
[3.085s] Invoked command in '/home/sam/piper_ros/build/piper' returned '0': PYTHONPATH=/home/sam/piper_ros/build/piper/prefix_override:/usr/lib/python3/dist-packages/colcon_core/task/python/colcon_distutils_commands:/home/sam/piper_ros/install/piper/lib/python3.10/site-packages:${PYTHONPATH} /usr/bin/python3 -W ignore:setup.py install is deprecated -W ignore:easy_install command is deprecated setup.py develop --uninstall --editable --build-directory /home/sam/piper_ros/build/piper/build
[3.091s] Invoking command in '/home/sam/piper_ros/src/piper': PYTHONPATH=/home/sam/piper_ros/build/piper/prefix_override:/usr/lib/python3/dist-packages/colcon_core/task/python/colcon_distutils_commands:/home/sam/piper_ros/install/piper/lib/python3.10/site-packages:${PYTHONPATH} /usr/bin/python3 -W ignore:setup.py install is deprecated -W ignore:easy_install command is deprecated setup.py egg_info --egg-base ../../build/piper build --build-base /home/sam/piper_ros/build/piper/build install --record /home/sam/piper_ros/build/piper/install.log --single-version-externally-managed install_data --force
[3.765s] running egg_info
[3.765s] writing ../../build/piper/piper.egg-info/PKG-INFO
[3.766s] writing dependency_links to ../../build/piper/piper.egg-info/dependency_links.txt
[3.767s] writing entry points to ../../build/piper/piper.egg-info/entry_points.txt
[3.768s] writing requirements to ../../build/piper/piper.egg-info/requires.txt
[3.768s] writing top-level names to ../../build/piper/piper.egg-info/top_level.txt
[3.771s] reading manifest file '../../build/piper/piper.egg-info/SOURCES.txt'
[3.772s] adding license file 'LICENSE'
[3.774s] writing manifest file '../../build/piper/piper.egg-info/SOURCES.txt'
[3.776s] running build
[3.776s] running build_py
[3.777s] creating /home/sam/piper_ros/build/piper/build
[3.777s] creating /home/sam/piper_ros/build/piper/build/lib
[3.779s] creating /home/sam/piper_ros/build/piper/build/lib/piper
[3.779s] copying piper/two_state_publisher.py -> /home/sam/piper_ros/build/piper/build/lib/piper
[3.779s] copying piper/piper_ctrl_single_node.py -> /home/sam/piper_ros/build/piper/build/lib/piper
[3.779s] copying piper/piper_ctrl_single_two_state_node.py -> /home/sam/piper_ros/build/piper/build/lib/piper
[3.780s] copying piper/__init__.py -> /home/sam/piper_ros/build/piper/build/lib/piper
[3.780s] running install
[3.780s] running install_lib
[3.783s] creating /home/sam/piper_ros/install/piper/lib/python3.10/site-packages/piper
[3.785s] copying /home/sam/piper_ros/build/piper/build/lib/piper/two_state_publisher.py -> /home/sam/piper_ros/install/piper/lib/python3.10/site-packages/piper
[3.785s] copying /home/sam/piper_ros/build/piper/build/lib/piper/piper_ctrl_single_node.py -> /home/sam/piper_ros/install/piper/lib/python3.10/site-packages/piper
[3.785s] copying /home/sam/piper_ros/build/piper/build/lib/piper/piper_ctrl_single_two_state_node.py -> /home/sam/piper_ros/install/piper/lib/python3.10/site-packages/piper
[3.785s] copying /home/sam/piper_ros/build/piper/build/lib/piper/__init__.py -> /home/sam/piper_ros/install/piper/lib/python3.10/site-packages/piper
[3.786s] byte-compiling /home/sam/piper_ros/install/piper/lib/python3.10/site-packages/piper/two_state_publisher.py to two_state_publisher.cpython-310.pyc
[3.789s] byte-compiling /home/sam/piper_ros/install/piper/lib/python3.10/site-packages/piper/piper_ctrl_single_node.py to piper_ctrl_single_node.cpython-310.pyc
[3.792s] byte-compiling /home/sam/piper_ros/install/piper/lib/python3.10/site-packages/piper/piper_ctrl_single_two_state_node.py to piper_ctrl_single_two_state_node.cpython-310.pyc
[3.798s] byte-compiling /home/sam/piper_ros/install/piper/lib/python3.10/site-packages/piper/__init__.py to __init__.cpython-310.pyc
[3.798s] running install_data
[3.798s] copying resource/piper -> /home/sam/piper_ros/install/piper/share/ament_index/resource_index/packages
[3.798s] copying package.xml -> /home/sam/piper_ros/install/piper/share/piper
[3.798s] copying launch/start_single_piper_two_state.launch.py -> /home/sam/piper_ros/install/piper/share/piper/launch
[3.800s] copying launch/start_single_piper.launch.py -> /home/sam/piper_ros/install/piper/share/piper/launch
[3.801s] copying launch/start_single_piper_rviz.launch.py -> /home/sam/piper_ros/install/piper/share/piper/launch
[3.802s] running install_egg_info
[3.812s] Copying ../../build/piper/piper.egg-info to /home/sam/piper_ros/install/piper/lib/python3.10/site-packages/piper-0.0.0-py3.10.egg-info
[3.818s] running install_scripts
[3.869s] Installing piper_ms_ctrl script to /home/sam/piper_ros/install/piper/lib/piper
[3.869s] Installing piper_read_master script to /home/sam/piper_ros/install/piper/lib/piper
[3.870s] Installing piper_single_ctrl script to /home/sam/piper_ros/install/piper/lib/piper
[3.871s] Installing talker script to /home/sam/piper_ros/install/piper/lib/piper
[3.872s] writing list of installed files to '/home/sam/piper_ros/build/piper/install.log'
[3.931s] Invoked command in '/home/sam/piper_ros/src/piper' returned '0': PYTHONPATH=/home/sam/piper_ros/build/piper/prefix_override:/usr/lib/python3/dist-packages/colcon_core/task/python/colcon_distutils_commands:/home/sam/piper_ros/install/piper/lib/python3.10/site-packages:${PYTHONPATH} /usr/bin/python3 -W ignore:setup.py install is deprecated -W ignore:easy_install command is deprecated setup.py egg_info --egg-base ../../build/piper build --build-base /home/sam/piper_ros/build/piper/build install --record /home/sam/piper_ros/build/piper/install.log --single-version-externally-managed install_data --force
