[0.021s] Invoking command in '/home/sam/piper_ros/build/piper_msgs': CMAKE_PREFIX_PATH=${CMAKE_PREFIX_PATH}:/home/sam/piper_ros/install/piper:/opt/ros/humble /usr/bin/cmake --build /home/sam/piper_ros/build/piper_msgs -- -j4 -l4
[0.127s] [  2%] Built target piper_msgs__cpp
[0.149s] [ 12%] Built target piper_msgs__rosidl_generator_c
[0.192s] [ 12%] Built target ament_cmake_python_copy_piper_msgs
[0.212s] [ 23%] Built target piper_msgs__rosidl_typesupport_cpp
[0.214s] [ 34%] Built target piper_msgs__rosidl_typesupport_fastrtps_cpp
[0.226s] [ 44%] Built target piper_msgs__rosidl_typesupport_introspection_cpp
[0.288s] [ 55%] Built target piper_msgs__rosidl_typesupport_fastrtps_c
[0.290s] [ 65%] Built target piper_msgs__rosidl_typesupport_introspection_c
[0.291s] [ 76%] Built target piper_msgs__rosidl_typesupport_c
[0.334s] [ 76%] Built target piper_msgs
[0.374s] [ 78%] Built target piper_msgs__py
[0.419s] [ 87%] Built target piper_msgs__rosidl_generator_py
[0.477s] [ 91%] Built target piper_msgs__rosidl_typesupport_fastrtps_c__pyext
[0.492s] [ 95%] Built target piper_msgs__rosidl_typesupport_introspection_c__pyext
[0.492s] [100%] Built target piper_msgs__rosidl_typesupport_c__pyext
[0.711s] running egg_info
[0.712s] writing piper_msgs.egg-info/PKG-INFO
[0.712s] writing dependency_links to piper_msgs.egg-info/dependency_links.txt
[0.712s] writing top-level names to piper_msgs.egg-info/top_level.txt
[0.715s] reading manifest file 'piper_msgs.egg-info/SOURCES.txt'
[0.716s] writing manifest file 'piper_msgs.egg-info/SOURCES.txt'
[0.750s] [100%] Built target ament_cmake_python_build_piper_msgs_egg
[0.765s] Invoked command in '/home/sam/piper_ros/build/piper_msgs' returned '0': CMAKE_PREFIX_PATH=${CMAKE_PREFIX_PATH}:/home/sam/piper_ros/install/piper:/opt/ros/humble /usr/bin/cmake --build /home/sam/piper_ros/build/piper_msgs -- -j4 -l4
[0.767s] Invoking command in '/home/sam/piper_ros/build/piper_msgs': CMAKE_PREFIX_PATH=${CMAKE_PREFIX_PATH}:/home/sam/piper_ros/install/piper:/opt/ros/humble /usr/bin/cmake --install /home/sam/piper_ros/build/piper_msgs
[0.776s] -- Install configuration: ""
[0.776s] -- Up-to-date: /home/sam/piper_ros/install/piper_msgs/share/ament_index/resource_index/rosidl_interfaces/piper_msgs
[0.777s] -- Up-to-date: /home/sam/piper_ros/install/piper_msgs/include/piper_msgs/piper_msgs
[0.777s] -- Up-to-date: /home/sam/piper_ros/install/piper_msgs/include/piper_msgs/piper_msgs/msg
[0.777s] -- Up-to-date: /home/sam/piper_ros/install/piper_msgs/include/piper_msgs/piper_msgs/msg/pos_cmd.h
[0.777s] -- Up-to-date: /home/sam/piper_ros/install/piper_msgs/include/piper_msgs/piper_msgs/msg/piper_status_msg.h
[0.777s] -- Up-to-date: /home/sam/piper_ros/install/piper_msgs/include/piper_msgs/piper_msgs/msg/detail
[0.777s] -- Up-to-date: /home/sam/piper_ros/install/piper_msgs/include/piper_msgs/piper_msgs/msg/detail/piper_status_msg__functions.c
[0.778s] -- Up-to-date: /home/sam/piper_ros/install/piper_msgs/include/piper_msgs/piper_msgs/msg/detail/pos_cmd__type_support.h
[0.778s] -- Up-to-date: /home/sam/piper_ros/install/piper_msgs/include/piper_msgs/piper_msgs/msg/detail/pos_cmd__functions.h
[0.778s] -- Up-to-date: /home/sam/piper_ros/install/piper_msgs/include/piper_msgs/piper_msgs/msg/detail/piper_status_msg__functions.h
[0.778s] -- Up-to-date: /home/sam/piper_ros/install/piper_msgs/include/piper_msgs/piper_msgs/msg/detail/pos_cmd__functions.c
[0.778s] -- Up-to-date: /home/sam/piper_ros/install/piper_msgs/include/piper_msgs/piper_msgs/msg/detail/pos_cmd__struct.h
[0.778s] -- Up-to-date: /home/sam/piper_ros/install/piper_msgs/include/piper_msgs/piper_msgs/msg/detail/piper_status_msg__struct.h
[0.779s] -- Up-to-date: /home/sam/piper_ros/install/piper_msgs/include/piper_msgs/piper_msgs/msg/detail/piper_status_msg__type_support.h
[0.779s] -- Up-to-date: /home/sam/piper_ros/install/piper_msgs/include/piper_msgs/piper_msgs/msg/rosidl_generator_c__visibility_control.h
[0.779s] -- Up-to-date: /home/sam/piper_ros/install/piper_msgs/include/piper_msgs/piper_msgs/srv
[0.779s] -- Up-to-date: /home/sam/piper_ros/install/piper_msgs/include/piper_msgs/piper_msgs/srv/enable.h
[0.780s] -- Up-to-date: /home/sam/piper_ros/install/piper_msgs/include/piper_msgs/piper_msgs/srv/detail
[0.780s] -- Up-to-date: /home/sam/piper_ros/install/piper_msgs/include/piper_msgs/piper_msgs/srv/detail/enable__functions.h
[0.780s] -- Up-to-date: /home/sam/piper_ros/install/piper_msgs/include/piper_msgs/piper_msgs/srv/detail/enable__struct.h
[0.780s] -- Up-to-date: /home/sam/piper_ros/install/piper_msgs/include/piper_msgs/piper_msgs/srv/detail/enable__type_support.h
[0.781s] -- Up-to-date: /home/sam/piper_ros/install/piper_msgs/include/piper_msgs/piper_msgs/srv/detail/enable__functions.c
[0.781s] -- Up-to-date: /home/sam/piper_ros/install/piper_msgs/share/piper_msgs/environment/library_path.sh
[0.781s] -- Up-to-date: /home/sam/piper_ros/install/piper_msgs/share/piper_msgs/environment/library_path.dsv
[0.781s] -- Up-to-date: /home/sam/piper_ros/install/piper_msgs/lib/libpiper_msgs__rosidl_generator_c.so
[0.781s] -- Up-to-date: /home/sam/piper_ros/install/piper_msgs/include/piper_msgs/piper_msgs
[0.781s] -- Up-to-date: /home/sam/piper_ros/install/piper_msgs/include/piper_msgs/piper_msgs/msg
[0.782s] -- Up-to-date: /home/sam/piper_ros/install/piper_msgs/include/piper_msgs/piper_msgs/msg/rosidl_typesupport_fastrtps_c__visibility_control.h
[0.782s] -- Up-to-date: /home/sam/piper_ros/install/piper_msgs/include/piper_msgs/piper_msgs/msg/detail
[0.782s] -- Up-to-date: /home/sam/piper_ros/install/piper_msgs/include/piper_msgs/piper_msgs/msg/detail/pos_cmd__rosidl_typesupport_fastrtps_c.h
[0.782s] -- Up-to-date: /home/sam/piper_ros/install/piper_msgs/include/piper_msgs/piper_msgs/msg/detail/piper_status_msg__rosidl_typesupport_fastrtps_c.h
[0.782s] -- Up-to-date: /home/sam/piper_ros/install/piper_msgs/include/piper_msgs/piper_msgs/srv
[0.782s] -- Up-to-date: /home/sam/piper_ros/install/piper_msgs/include/piper_msgs/piper_msgs/srv/detail
[0.782s] -- Up-to-date: /home/sam/piper_ros/install/piper_msgs/include/piper_msgs/piper_msgs/srv/detail/enable__rosidl_typesupport_fastrtps_c.h
[0.782s] -- Up-to-date: /home/sam/piper_ros/install/piper_msgs/lib/libpiper_msgs__rosidl_typesupport_fastrtps_c.so
[0.783s] -- Up-to-date: /home/sam/piper_ros/install/piper_msgs/include/piper_msgs/piper_msgs
[0.783s] -- Up-to-date: /home/sam/piper_ros/install/piper_msgs/include/piper_msgs/piper_msgs/msg
[0.783s] -- Up-to-date: /home/sam/piper_ros/install/piper_msgs/include/piper_msgs/piper_msgs/msg/rosidl_typesupport_introspection_c__visibility_control.h
[0.783s] -- Up-to-date: /home/sam/piper_ros/install/piper_msgs/include/piper_msgs/piper_msgs/msg/detail
[0.783s] -- Up-to-date: /home/sam/piper_ros/install/piper_msgs/include/piper_msgs/piper_msgs/msg/detail/pos_cmd__rosidl_typesupport_introspection_c.h
[0.783s] -- Up-to-date: /home/sam/piper_ros/install/piper_msgs/include/piper_msgs/piper_msgs/msg/detail/pos_cmd__type_support.c
[0.783s] -- Up-to-date: /home/sam/piper_ros/install/piper_msgs/include/piper_msgs/piper_msgs/msg/detail/piper_status_msg__type_support.c
[0.784s] -- Up-to-date: /home/sam/piper_ros/install/piper_msgs/include/piper_msgs/piper_msgs/msg/detail/piper_status_msg__rosidl_typesupport_introspection_c.h
[0.784s] -- Up-to-date: /home/sam/piper_ros/install/piper_msgs/include/piper_msgs/piper_msgs/srv
[0.784s] -- Up-to-date: /home/sam/piper_ros/install/piper_msgs/include/piper_msgs/piper_msgs/srv/detail
[0.784s] -- Up-to-date: /home/sam/piper_ros/install/piper_msgs/include/piper_msgs/piper_msgs/srv/detail/enable__type_support.c
[0.784s] -- Up-to-date: /home/sam/piper_ros/install/piper_msgs/include/piper_msgs/piper_msgs/srv/detail/enable__rosidl_typesupport_introspection_c.h
[0.784s] -- Up-to-date: /home/sam/piper_ros/install/piper_msgs/lib/libpiper_msgs__rosidl_typesupport_introspection_c.so
[0.785s] -- Up-to-date: /home/sam/piper_ros/install/piper_msgs/lib/libpiper_msgs__rosidl_typesupport_c.so
[0.785s] -- Up-to-date: /home/sam/piper_ros/install/piper_msgs/include/piper_msgs/piper_msgs
[0.785s] -- Up-to-date: /home/sam/piper_ros/install/piper_msgs/include/piper_msgs/piper_msgs/msg
[0.785s] -- Up-to-date: /home/sam/piper_ros/install/piper_msgs/include/piper_msgs/piper_msgs/msg/rosidl_generator_cpp__visibility_control.hpp
[0.785s] -- Up-to-date: /home/sam/piper_ros/install/piper_msgs/include/piper_msgs/piper_msgs/msg/pos_cmd.hpp
[0.785s] -- Up-to-date: /home/sam/piper_ros/install/piper_msgs/include/piper_msgs/piper_msgs/msg/piper_status_msg.hpp
[0.786s] -- Up-to-date: /home/sam/piper_ros/install/piper_msgs/include/piper_msgs/piper_msgs/msg/detail
[0.786s] -- Up-to-date: /home/sam/piper_ros/install/piper_msgs/include/piper_msgs/piper_msgs/msg/detail/piper_status_msg__struct.hpp
[0.786s] -- Up-to-date: /home/sam/piper_ros/install/piper_msgs/include/piper_msgs/piper_msgs/msg/detail/pos_cmd__traits.hpp
[0.786s] -- Up-to-date: /home/sam/piper_ros/install/piper_msgs/include/piper_msgs/piper_msgs/msg/detail/pos_cmd__struct.hpp
[0.786s] -- Up-to-date: /home/sam/piper_ros/install/piper_msgs/include/piper_msgs/piper_msgs/msg/detail/piper_status_msg__type_support.hpp
[0.786s] -- Up-to-date: /home/sam/piper_ros/install/piper_msgs/include/piper_msgs/piper_msgs/msg/detail/piper_status_msg__traits.hpp
[0.787s] -- Up-to-date: /home/sam/piper_ros/install/piper_msgs/include/piper_msgs/piper_msgs/msg/detail/pos_cmd__type_support.hpp
[0.787s] -- Up-to-date: /home/sam/piper_ros/install/piper_msgs/include/piper_msgs/piper_msgs/msg/detail/pos_cmd__builder.hpp
[0.787s] -- Up-to-date: /home/sam/piper_ros/install/piper_msgs/include/piper_msgs/piper_msgs/msg/detail/piper_status_msg__builder.hpp
[0.787s] -- Up-to-date: /home/sam/piper_ros/install/piper_msgs/include/piper_msgs/piper_msgs/srv
[0.787s] -- Up-to-date: /home/sam/piper_ros/install/piper_msgs/include/piper_msgs/piper_msgs/srv/enable.hpp
[0.787s] -- Up-to-date: /home/sam/piper_ros/install/piper_msgs/include/piper_msgs/piper_msgs/srv/detail
[0.787s] -- Up-to-date: /home/sam/piper_ros/install/piper_msgs/include/piper_msgs/piper_msgs/srv/detail/enable__struct.hpp
[0.787s] -- Up-to-date: /home/sam/piper_ros/install/piper_msgs/include/piper_msgs/piper_msgs/srv/detail/enable__builder.hpp
[0.788s] -- Up-to-date: /home/sam/piper_ros/install/piper_msgs/include/piper_msgs/piper_msgs/srv/detail/enable__type_support.hpp
[0.788s] -- Up-to-date: /home/sam/piper_ros/install/piper_msgs/include/piper_msgs/piper_msgs/srv/detail/enable__traits.hpp
[0.788s] -- Up-to-date: /home/sam/piper_ros/install/piper_msgs/include/piper_msgs/piper_msgs
[0.788s] -- Up-to-date: /home/sam/piper_ros/install/piper_msgs/include/piper_msgs/piper_msgs/msg
[0.788s] -- Up-to-date: /home/sam/piper_ros/install/piper_msgs/include/piper_msgs/piper_msgs/msg/detail
[0.788s] -- Up-to-date: /home/sam/piper_ros/install/piper_msgs/include/piper_msgs/piper_msgs/msg/detail/pos_cmd__rosidl_typesupport_fastrtps_cpp.hpp
[0.788s] -- Up-to-date: /home/sam/piper_ros/install/piper_msgs/include/piper_msgs/piper_msgs/msg/detail/piper_status_msg__rosidl_typesupport_fastrtps_cpp.hpp
[0.789s] -- Up-to-date: /home/sam/piper_ros/install/piper_msgs/include/piper_msgs/piper_msgs/msg/detail/dds_fastrtps
[0.789s] -- Up-to-date: /home/sam/piper_ros/install/piper_msgs/include/piper_msgs/piper_msgs/msg/rosidl_typesupport_fastrtps_cpp__visibility_control.h
[0.789s] -- Up-to-date: /home/sam/piper_ros/install/piper_msgs/include/piper_msgs/piper_msgs/srv
[0.789s] -- Up-to-date: /home/sam/piper_ros/install/piper_msgs/include/piper_msgs/piper_msgs/srv/detail
[0.789s] -- Up-to-date: /home/sam/piper_ros/install/piper_msgs/include/piper_msgs/piper_msgs/srv/detail/enable__rosidl_typesupport_fastrtps_cpp.hpp
[0.789s] -- Up-to-date: /home/sam/piper_ros/install/piper_msgs/include/piper_msgs/piper_msgs/srv/detail/dds_fastrtps
[0.789s] -- Up-to-date: /home/sam/piper_ros/install/piper_msgs/lib/libpiper_msgs__rosidl_typesupport_fastrtps_cpp.so
[0.789s] -- Up-to-date: /home/sam/piper_ros/install/piper_msgs/include/piper_msgs/piper_msgs
[0.790s] -- Up-to-date: /home/sam/piper_ros/install/piper_msgs/include/piper_msgs/piper_msgs/msg
[0.790s] -- Up-to-date: /home/sam/piper_ros/install/piper_msgs/include/piper_msgs/piper_msgs/msg/detail
[0.790s] -- Up-to-date: /home/sam/piper_ros/install/piper_msgs/include/piper_msgs/piper_msgs/msg/detail/piper_status_msg__type_support.cpp
[0.790s] -- Up-to-date: /home/sam/piper_ros/install/piper_msgs/include/piper_msgs/piper_msgs/msg/detail/pos_cmd__rosidl_typesupport_introspection_cpp.hpp
[0.790s] -- Up-to-date: /home/sam/piper_ros/install/piper_msgs/include/piper_msgs/piper_msgs/msg/detail/piper_status_msg__rosidl_typesupport_introspection_cpp.hpp
[0.790s] -- Up-to-date: /home/sam/piper_ros/install/piper_msgs/include/piper_msgs/piper_msgs/msg/detail/pos_cmd__type_support.cpp
[0.790s] -- Up-to-date: /home/sam/piper_ros/install/piper_msgs/include/piper_msgs/piper_msgs/srv
[0.790s] -- Up-to-date: /home/sam/piper_ros/install/piper_msgs/include/piper_msgs/piper_msgs/srv/detail
[0.791s] -- Up-to-date: /home/sam/piper_ros/install/piper_msgs/include/piper_msgs/piper_msgs/srv/detail/enable__type_support.cpp
[0.791s] -- Up-to-date: /home/sam/piper_ros/install/piper_msgs/include/piper_msgs/piper_msgs/srv/detail/enable__rosidl_typesupport_introspection_cpp.hpp
[0.791s] -- Up-to-date: /home/sam/piper_ros/install/piper_msgs/lib/libpiper_msgs__rosidl_typesupport_introspection_cpp.so
[0.791s] -- Up-to-date: /home/sam/piper_ros/install/piper_msgs/lib/libpiper_msgs__rosidl_typesupport_cpp.so
[0.791s] -- Up-to-date: /home/sam/piper_ros/install/piper_msgs/share/piper_msgs/environment/pythonpath.sh
[0.791s] -- Up-to-date: /home/sam/piper_ros/install/piper_msgs/share/piper_msgs/environment/pythonpath.dsv
[0.791s] -- Up-to-date: /home/sam/piper_ros/install/piper_msgs/local/lib/python3.10/dist-packages/piper_msgs-0.0.0-py3.10.egg-info
[0.791s] -- Installing: /home/sam/piper_ros/install/piper_msgs/local/lib/python3.10/dist-packages/piper_msgs-0.0.0-py3.10.egg-info/SOURCES.txt
[0.791s] -- Installing: /home/sam/piper_ros/install/piper_msgs/local/lib/python3.10/dist-packages/piper_msgs-0.0.0-py3.10.egg-info/dependency_links.txt
[0.792s] -- Installing: /home/sam/piper_ros/install/piper_msgs/local/lib/python3.10/dist-packages/piper_msgs-0.0.0-py3.10.egg-info/PKG-INFO
[0.792s] -- Installing: /home/sam/piper_ros/install/piper_msgs/local/lib/python3.10/dist-packages/piper_msgs-0.0.0-py3.10.egg-info/top_level.txt
[0.792s] -- Up-to-date: /home/sam/piper_ros/install/piper_msgs/local/lib/python3.10/dist-packages/piper_msgs
[0.792s] -- Up-to-date: /home/sam/piper_ros/install/piper_msgs/local/lib/python3.10/dist-packages/piper_msgs/_piper_msgs_s.ep.rosidl_typesupport_c.c
[0.792s] -- Up-to-date: /home/sam/piper_ros/install/piper_msgs/local/lib/python3.10/dist-packages/piper_msgs/piper_msgs_s__rosidl_typesupport_fastrtps_c.cpython-310-x86_64-linux-gnu.so
[0.792s] -- Up-to-date: /home/sam/piper_ros/install/piper_msgs/local/lib/python3.10/dist-packages/piper_msgs/piper_msgs_s__rosidl_typesupport_c.cpython-310-x86_64-linux-gnu.so
[0.792s] -- Up-to-date: /home/sam/piper_ros/install/piper_msgs/local/lib/python3.10/dist-packages/piper_msgs/_piper_msgs_s.ep.rosidl_typesupport_fastrtps_c.c
[0.793s] -- Up-to-date: /home/sam/piper_ros/install/piper_msgs/local/lib/python3.10/dist-packages/piper_msgs/libpiper_msgs__rosidl_generator_py.so
[0.793s] -- Up-to-date: /home/sam/piper_ros/install/piper_msgs/local/lib/python3.10/dist-packages/piper_msgs/msg
[0.793s] -- Up-to-date: /home/sam/piper_ros/install/piper_msgs/local/lib/python3.10/dist-packages/piper_msgs/msg/_piper_status_msg.py
[0.793s] -- Up-to-date: /home/sam/piper_ros/install/piper_msgs/local/lib/python3.10/dist-packages/piper_msgs/msg/_pos_cmd.py
[0.793s] -- Up-to-date: /home/sam/piper_ros/install/piper_msgs/local/lib/python3.10/dist-packages/piper_msgs/msg/_pos_cmd_s.c
[0.793s] -- Up-to-date: /home/sam/piper_ros/install/piper_msgs/local/lib/python3.10/dist-packages/piper_msgs/msg/__init__.py
[0.793s] -- Up-to-date: /home/sam/piper_ros/install/piper_msgs/local/lib/python3.10/dist-packages/piper_msgs/msg/_piper_status_msg_s.c
[0.794s] -- Up-to-date: /home/sam/piper_ros/install/piper_msgs/local/lib/python3.10/dist-packages/piper_msgs/srv
[0.794s] -- Up-to-date: /home/sam/piper_ros/install/piper_msgs/local/lib/python3.10/dist-packages/piper_msgs/srv/_enable_s.c
[0.794s] -- Up-to-date: /home/sam/piper_ros/install/piper_msgs/local/lib/python3.10/dist-packages/piper_msgs/srv/_enable.py
[0.794s] -- Up-to-date: /home/sam/piper_ros/install/piper_msgs/local/lib/python3.10/dist-packages/piper_msgs/srv/__init__.py
[0.794s] -- Up-to-date: /home/sam/piper_ros/install/piper_msgs/local/lib/python3.10/dist-packages/piper_msgs/piper_msgs_s__rosidl_typesupport_introspection_c.cpython-310-x86_64-linux-gnu.so
[0.795s] -- Up-to-date: /home/sam/piper_ros/install/piper_msgs/local/lib/python3.10/dist-packages/piper_msgs/__init__.py
[0.795s] -- Up-to-date: /home/sam/piper_ros/install/piper_msgs/local/lib/python3.10/dist-packages/piper_msgs/_piper_msgs_s.ep.rosidl_typesupport_introspection_c.c
[0.826s] Listing '/home/sam/piper_ros/install/piper_msgs/local/lib/python3.10/dist-packages/piper_msgs'...
[0.827s] Listing '/home/sam/piper_ros/install/piper_msgs/local/lib/python3.10/dist-packages/piper_msgs/msg'...
[0.827s] Listing '/home/sam/piper_ros/install/piper_msgs/local/lib/python3.10/dist-packages/piper_msgs/srv'...
[0.832s] -- Up-to-date: /home/sam/piper_ros/install/piper_msgs/local/lib/python3.10/dist-packages/piper_msgs/piper_msgs_s__rosidl_typesupport_fastrtps_c.cpython-310-x86_64-linux-gnu.so
[0.833s] -- Up-to-date: /home/sam/piper_ros/install/piper_msgs/local/lib/python3.10/dist-packages/piper_msgs/piper_msgs_s__rosidl_typesupport_introspection_c.cpython-310-x86_64-linux-gnu.so
[0.834s] -- Up-to-date: /home/sam/piper_ros/install/piper_msgs/local/lib/python3.10/dist-packages/piper_msgs/piper_msgs_s__rosidl_typesupport_c.cpython-310-x86_64-linux-gnu.so
[0.834s] -- Up-to-date: /home/sam/piper_ros/install/piper_msgs/lib/libpiper_msgs__rosidl_generator_py.so
[0.835s] -- Up-to-date: /home/sam/piper_ros/install/piper_msgs/share/piper_msgs/msg/PiperStatusMsg.idl
[0.835s] -- Up-to-date: /home/sam/piper_ros/install/piper_msgs/share/piper_msgs/msg/PosCmd.idl
[0.835s] -- Up-to-date: /home/sam/piper_ros/install/piper_msgs/share/piper_msgs/srv/Enable.idl
[0.835s] -- Up-to-date: /home/sam/piper_ros/install/piper_msgs/share/piper_msgs/msg/PiperStatusMsg.msg
[0.835s] -- Up-to-date: /home/sam/piper_ros/install/piper_msgs/share/piper_msgs/msg/PosCmd.msg
[0.836s] -- Up-to-date: /home/sam/piper_ros/install/piper_msgs/share/piper_msgs/srv/Enable.srv
[0.836s] -- Up-to-date: /home/sam/piper_ros/install/piper_msgs/share/piper_msgs/srv/Enable_Request.msg
[0.836s] -- Up-to-date: /home/sam/piper_ros/install/piper_msgs/share/piper_msgs/srv/Enable_Response.msg
[0.836s] -- Up-to-date: /home/sam/piper_ros/install/piper_msgs/share/ament_index/resource_index/package_run_dependencies/piper_msgs
[0.836s] -- Up-to-date: /home/sam/piper_ros/install/piper_msgs/share/ament_index/resource_index/parent_prefix_path/piper_msgs
[0.837s] -- Up-to-date: /home/sam/piper_ros/install/piper_msgs/share/piper_msgs/environment/ament_prefix_path.sh
[0.837s] -- Up-to-date: /home/sam/piper_ros/install/piper_msgs/share/piper_msgs/environment/ament_prefix_path.dsv
[0.837s] -- Up-to-date: /home/sam/piper_ros/install/piper_msgs/share/piper_msgs/environment/path.sh
[0.837s] -- Up-to-date: /home/sam/piper_ros/install/piper_msgs/share/piper_msgs/environment/path.dsv
[0.837s] -- Up-to-date: /home/sam/piper_ros/install/piper_msgs/share/piper_msgs/local_setup.bash
[0.837s] -- Up-to-date: /home/sam/piper_ros/install/piper_msgs/share/piper_msgs/local_setup.sh
[0.838s] -- Up-to-date: /home/sam/piper_ros/install/piper_msgs/share/piper_msgs/local_setup.zsh
[0.838s] -- Up-to-date: /home/sam/piper_ros/install/piper_msgs/share/piper_msgs/local_setup.dsv
[0.838s] -- Installing: /home/sam/piper_ros/install/piper_msgs/share/piper_msgs/package.dsv
[0.838s] -- Up-to-date: /home/sam/piper_ros/install/piper_msgs/share/ament_index/resource_index/packages/piper_msgs
[0.838s] -- Up-to-date: /home/sam/piper_ros/install/piper_msgs/share/piper_msgs/cmake/export_piper_msgs__rosidl_generator_cExport.cmake
[0.839s] -- Up-to-date: /home/sam/piper_ros/install/piper_msgs/share/piper_msgs/cmake/export_piper_msgs__rosidl_generator_cExport-noconfig.cmake
[0.839s] -- Up-to-date: /home/sam/piper_ros/install/piper_msgs/share/piper_msgs/cmake/export_piper_msgs__rosidl_typesupport_fastrtps_cExport.cmake
[0.839s] -- Up-to-date: /home/sam/piper_ros/install/piper_msgs/share/piper_msgs/cmake/export_piper_msgs__rosidl_typesupport_fastrtps_cExport-noconfig.cmake
[0.839s] -- Up-to-date: /home/sam/piper_ros/install/piper_msgs/share/piper_msgs/cmake/piper_msgs__rosidl_typesupport_introspection_cExport.cmake
[0.840s] -- Up-to-date: /home/sam/piper_ros/install/piper_msgs/share/piper_msgs/cmake/piper_msgs__rosidl_typesupport_introspection_cExport-noconfig.cmake
[0.840s] -- Up-to-date: /home/sam/piper_ros/install/piper_msgs/share/piper_msgs/cmake/piper_msgs__rosidl_typesupport_cExport.cmake
[0.840s] -- Up-to-date: /home/sam/piper_ros/install/piper_msgs/share/piper_msgs/cmake/piper_msgs__rosidl_typesupport_cExport-noconfig.cmake
[0.840s] -- Up-to-date: /home/sam/piper_ros/install/piper_msgs/share/piper_msgs/cmake/export_piper_msgs__rosidl_generator_cppExport.cmake
[0.840s] -- Up-to-date: /home/sam/piper_ros/install/piper_msgs/share/piper_msgs/cmake/export_piper_msgs__rosidl_typesupport_fastrtps_cppExport.cmake
[0.840s] -- Up-to-date: /home/sam/piper_ros/install/piper_msgs/share/piper_msgs/cmake/export_piper_msgs__rosidl_typesupport_fastrtps_cppExport-noconfig.cmake
[0.840s] -- Up-to-date: /home/sam/piper_ros/install/piper_msgs/share/piper_msgs/cmake/piper_msgs__rosidl_typesupport_introspection_cppExport.cmake
[0.841s] -- Up-to-date: /home/sam/piper_ros/install/piper_msgs/share/piper_msgs/cmake/piper_msgs__rosidl_typesupport_introspection_cppExport-noconfig.cmake
[0.841s] -- Up-to-date: /home/sam/piper_ros/install/piper_msgs/share/piper_msgs/cmake/piper_msgs__rosidl_typesupport_cppExport.cmake
[0.841s] -- Up-to-date: /home/sam/piper_ros/install/piper_msgs/share/piper_msgs/cmake/piper_msgs__rosidl_typesupport_cppExport-noconfig.cmake
[0.841s] -- Up-to-date: /home/sam/piper_ros/install/piper_msgs/share/piper_msgs/cmake/export_piper_msgs__rosidl_generator_pyExport.cmake
[0.841s] -- Up-to-date: /home/sam/piper_ros/install/piper_msgs/share/piper_msgs/cmake/export_piper_msgs__rosidl_generator_pyExport-noconfig.cmake
[0.841s] -- Up-to-date: /home/sam/piper_ros/install/piper_msgs/share/piper_msgs/cmake/rosidl_cmake-extras.cmake
[0.841s] -- Up-to-date: /home/sam/piper_ros/install/piper_msgs/share/piper_msgs/cmake/ament_cmake_export_include_directories-extras.cmake
[0.842s] -- Up-to-date: /home/sam/piper_ros/install/piper_msgs/share/piper_msgs/cmake/ament_cmake_export_libraries-extras.cmake
[0.842s] -- Up-to-date: /home/sam/piper_ros/install/piper_msgs/share/piper_msgs/cmake/ament_cmake_export_targets-extras.cmake
[0.842s] -- Up-to-date: /home/sam/piper_ros/install/piper_msgs/share/piper_msgs/cmake/rosidl_cmake_export_typesupport_targets-extras.cmake
[0.842s] -- Up-to-date: /home/sam/piper_ros/install/piper_msgs/share/piper_msgs/cmake/ament_cmake_export_dependencies-extras.cmake
[0.842s] -- Up-to-date: /home/sam/piper_ros/install/piper_msgs/share/piper_msgs/cmake/rosidl_cmake_export_typesupport_libraries-extras.cmake
[0.842s] -- Up-to-date: /home/sam/piper_ros/install/piper_msgs/share/piper_msgs/cmake/piper_msgsConfig.cmake
[0.843s] -- Up-to-date: /home/sam/piper_ros/install/piper_msgs/share/piper_msgs/cmake/piper_msgsConfig-version.cmake
[0.843s] -- Up-to-date: /home/sam/piper_ros/install/piper_msgs/share/piper_msgs/package.xml
[0.844s] Invoked command in '/home/sam/piper_ros/build/piper_msgs' returned '0': CMAKE_PREFIX_PATH=${CMAKE_PREFIX_PATH}:/home/sam/piper_ros/install/piper:/opt/ros/humble /usr/bin/cmake --install /home/sam/piper_ros/build/piper_msgs
