[0.068s] Invoking command in '/home/sam/piper_ros/build/stowed_goal': CMAKE_PREFIX_PATH=${CMAKE_PREFIX_PATH}:/home/sam/piper_ros/install/piper:/home/sam/ws_moveit/install/moveit_configs_utils:/home/sam/ws_moveit/install/launch_param_builder:/opt/ros/humble /usr/bin/cmake --build /home/sam/piper_ros/build/stowed_goal -- -j4 -l4
[0.380s] [100%] Built target stowed_goal
[0.429s] Invoked command in '/home/sam/piper_ros/build/stowed_goal' returned '0': CMAKE_PREFIX_PATH=${CMAKE_PREFIX_PATH}:/home/sam/piper_ros/install/piper:/home/sam/ws_moveit/install/moveit_configs_utils:/home/sam/ws_moveit/install/launch_param_builder:/opt/ros/humble /usr/bin/cmake --build /home/sam/piper_ros/build/stowed_goal -- -j4 -l4
[0.433s] Invoking command in '/home/sam/piper_ros/build/stowed_goal': CMAKE_PREFIX_PATH=${CMAKE_PREFIX_PATH}:/home/sam/piper_ros/install/piper:/home/sam/ws_moveit/install/moveit_configs_utils:/home/sam/ws_moveit/install/launch_param_builder:/opt/ros/humble /usr/bin/cmake --install /home/sam/piper_ros/build/stowed_goal
[0.477s] -- Install configuration: ""
[0.479s] -- Up-to-date: /home/sam/piper_ros/install/stowed_goal/lib/stowed_goal/stowed_goal
[0.479s] -- Up-to-date: /home/sam/piper_ros/install/stowed_goal/share/ament_index/resource_index/package_run_dependencies/stowed_goal
[0.479s] -- Up-to-date: /home/sam/piper_ros/install/stowed_goal/share/ament_index/resource_index/parent_prefix_path/stowed_goal
[0.481s] -- Up-to-date: /home/sam/piper_ros/install/stowed_goal/share/stowed_goal/environment/ament_prefix_path.sh
[0.482s] -- Up-to-date: /home/sam/piper_ros/install/stowed_goal/share/stowed_goal/environment/ament_prefix_path.dsv
[0.483s] -- Up-to-date: /home/sam/piper_ros/install/stowed_goal/share/stowed_goal/environment/path.sh
[0.483s] -- Up-to-date: /home/sam/piper_ros/install/stowed_goal/share/stowed_goal/environment/path.dsv
[0.483s] -- Up-to-date: /home/sam/piper_ros/install/stowed_goal/share/stowed_goal/local_setup.bash
[0.484s] -- Up-to-date: /home/sam/piper_ros/install/stowed_goal/share/stowed_goal/local_setup.sh
[0.484s] -- Up-to-date: /home/sam/piper_ros/install/stowed_goal/share/stowed_goal/local_setup.zsh
[0.484s] -- Up-to-date: /home/sam/piper_ros/install/stowed_goal/share/stowed_goal/local_setup.dsv
[0.484s] -- Installing: /home/sam/piper_ros/install/stowed_goal/share/stowed_goal/package.dsv
[0.484s] -- Up-to-date: /home/sam/piper_ros/install/stowed_goal/share/ament_index/resource_index/packages/stowed_goal
[0.485s] -- Up-to-date: /home/sam/piper_ros/install/stowed_goal/share/stowed_goal/cmake/stowed_goalConfig.cmake
[0.485s] -- Up-to-date: /home/sam/piper_ros/install/stowed_goal/share/stowed_goal/cmake/stowed_goalConfig-version.cmake
[0.485s] -- Up-to-date: /home/sam/piper_ros/install/stowed_goal/share/stowed_goal/package.xml
[0.499s] Invoked command in '/home/sam/piper_ros/build/stowed_goal' returned '0': CMAKE_PREFIX_PATH=${CMAKE_PREFIX_PATH}:/home/sam/piper_ros/install/piper:/home/sam/ws_moveit/install/moveit_configs_utils:/home/sam/ws_moveit/install/launch_param_builder:/opt/ros/humble /usr/bin/cmake --install /home/sam/piper_ros/build/stowed_goal
