[0.578s] Invoking command in '/home/sam/piper_ros/build/piper_gazebo': CMAKE_PREFIX_PATH=${CMAKE_PREFIX_PATH}:/home/sam/piper_ros/install/piper:/home/sam/ws_moveit/install/moveit_configs_utils:/home/sam/ws_moveit/install/launch_param_builder:/opt/ros/humble /usr/bin/cmake /home/sam/piper_ros/src/piper_sim/piper_gazebo -DCMAKE_INSTALL_PREFIX=/home/sam/piper_ros/install/piper_gazebo
[0.624s] -- Found ament_cmake: 1.3.11 (/opt/ros/humble/share/ament_cmake/cmake)
[1.013s] -- Override CMake install command with custom implementation using symlinks instead of copying resources
[1.036s] -- Found ament_lint_auto: 0.12.12 (/opt/ros/humble/share/ament_lint_auto/cmake)
[1.245s] -- Added test 'copyright' to check source files copyright and LICENSE
[1.248s] -- Added test 'flake8' to check Python code syntax and style conventions
[1.251s] -- Added test 'lint_cmake' to check CMake code style
[1.254s] -- Added test 'pep257' to check Python code against some of the docstring style conventions in PEP 257
[1.261s] -- Added test 'xmllint' to check XML markup files
[1.273s] -- Configuring done
[1.289s] -- Generating done
[1.298s] -- Build files have been written to: /home/sam/piper_ros/build/piper_gazebo
[1.305s] Invoked command in '/home/sam/piper_ros/build/piper_gazebo' returned '0': CMAKE_PREFIX_PATH=${CMAKE_PREFIX_PATH}:/home/sam/piper_ros/install/piper:/home/sam/ws_moveit/install/moveit_configs_utils:/home/sam/ws_moveit/install/launch_param_builder:/opt/ros/humble /usr/bin/cmake /home/sam/piper_ros/src/piper_sim/piper_gazebo -DCMAKE_INSTALL_PREFIX=/home/sam/piper_ros/install/piper_gazebo
[1.316s] Invoking command in '/home/sam/piper_ros/build/piper_gazebo': CMAKE_PREFIX_PATH=${CMAKE_PREFIX_PATH}:/home/sam/piper_ros/install/piper:/home/sam/ws_moveit/install/moveit_configs_utils:/home/sam/ws_moveit/install/launch_param_builder:/opt/ros/humble /usr/bin/cmake --build /home/sam/piper_ros/build/piper_gazebo -- -j4 -l4
[1.418s] Invoked command in '/home/sam/piper_ros/build/piper_gazebo' returned '0': CMAKE_PREFIX_PATH=${CMAKE_PREFIX_PATH}:/home/sam/piper_ros/install/piper:/home/sam/ws_moveit/install/moveit_configs_utils:/home/sam/ws_moveit/install/launch_param_builder:/opt/ros/humble /usr/bin/cmake --build /home/sam/piper_ros/build/piper_gazebo -- -j4 -l4
[1.422s] Invoking command in '/home/sam/piper_ros/build/piper_gazebo': CMAKE_PREFIX_PATH=${CMAKE_PREFIX_PATH}:/home/sam/piper_ros/install/piper:/home/sam/ws_moveit/install/moveit_configs_utils:/home/sam/ws_moveit/install/launch_param_builder:/opt/ros/humble /usr/bin/cmake --install /home/sam/piper_ros/build/piper_gazebo
[1.453s] -- Install configuration: "Debug"
[1.454s] -- Execute custom install script
[1.459s] -- Up-to-date symlink: /home/sam/piper_ros/install/piper_gazebo/share/piper_gazebo/launch/piper_no_gripper/piper_no_gripper_gazebo.launch.py
[1.459s] -- Up-to-date symlink: /home/sam/piper_ros/install/piper_gazebo/share/piper_gazebo/launch/piper_with_gripper/piper_gazebo.launch.py
[1.461s] -- Up-to-date symlink: /home/sam/piper_ros/install/piper_gazebo/share/piper_gazebo/config/ros2_controllers.yaml
[1.466s] -- Up-to-date symlink: /home/sam/piper_ros/install/piper_gazebo/share/piper_gazebo/config/ros2_no_gripper_controllers.yaml
[1.468s] -- Up-to-date symlink: /home/sam/piper_ros/install/piper_gazebo/share/piper_gazebo/scripts/joint8_ctrl.py
[1.468s] -- Up-to-date symlink: /home/sam/piper_ros/install/piper_gazebo/lib/piper_gazebo/joint8_ctrl.py
[1.473s] -- Up-to-date symlink: /home/sam/piper_ros/install/piper_gazebo/share/ament_index/resource_index/package_run_dependencies/piper_gazebo
[1.473s] -- Up-to-date symlink: /home/sam/piper_ros/install/piper_gazebo/share/ament_index/resource_index/parent_prefix_path/piper_gazebo
[1.473s] -- Up-to-date symlink: /home/sam/piper_ros/install/piper_gazebo/share/piper_gazebo/environment/ament_prefix_path.sh
[1.473s] -- Up-to-date symlink: /home/sam/piper_ros/install/piper_gazebo/share/piper_gazebo/environment/ament_prefix_path.dsv
[1.473s] -- Up-to-date symlink: /home/sam/piper_ros/install/piper_gazebo/share/piper_gazebo/environment/path.sh
[1.473s] -- Up-to-date symlink: /home/sam/piper_ros/install/piper_gazebo/share/piper_gazebo/environment/path.dsv
[1.478s] -- Up-to-date symlink: /home/sam/piper_ros/install/piper_gazebo/share/piper_gazebo/local_setup.bash
[1.478s] -- Up-to-date symlink: /home/sam/piper_ros/install/piper_gazebo/share/piper_gazebo/local_setup.sh
[1.479s] -- Up-to-date symlink: /home/sam/piper_ros/install/piper_gazebo/share/piper_gazebo/local_setup.zsh
[1.481s] -- Up-to-date symlink: /home/sam/piper_ros/install/piper_gazebo/share/piper_gazebo/local_setup.dsv
[1.481s] -- Symlinking: /home/sam/piper_ros/install/piper_gazebo/share/piper_gazebo/package.dsv
[1.510s] -- Up-to-date symlink: /home/sam/piper_ros/install/piper_gazebo/share/ament_index/resource_index/packages/piper_gazebo
[1.516s] -- Up-to-date symlink: /home/sam/piper_ros/install/piper_gazebo/share/piper_gazebo/cmake/piper_gazeboConfig.cmake
[1.517s] -- Up-to-date symlink: /home/sam/piper_ros/install/piper_gazebo/share/piper_gazebo/cmake/piper_gazeboConfig-version.cmake
[1.517s] -- Up-to-date symlink: /home/sam/piper_ros/install/piper_gazebo/share/piper_gazebo/package.xml
[1.545s] Invoked command in '/home/sam/piper_ros/build/piper_gazebo' returned '0': CMAKE_PREFIX_PATH=${CMAKE_PREFIX_PATH}:/home/sam/piper_ros/install/piper:/home/sam/ws_moveit/install/moveit_configs_utils:/home/sam/ws_moveit/install/launch_param_builder:/opt/ros/humble /usr/bin/cmake --install /home/sam/piper_ros/build/piper_gazebo
