[0.043s] Invoking command in '/home/sam/piper_ros/build/raised_goal': CMAKE_PREFIX_PATH=${CMAKE_PREFIX_PATH}:/home/sam/ws_moveit/install/moveit_configs_utils:/home/sam/ws_moveit/install/launch_param_builder:/opt/ros/humble /usr/bin/cmake /home/sam/piper_ros/src/raised_goal -DCMAKE_BUILD_TYPE=Debug -DCMAKE_INSTALL_PREFIX=/home/sam/piper_ros/install/raised_goal
[0.255s] -- The C compiler identification is GNU 11.4.0
[0.436s] -- The CXX compiler identification is GNU 11.4.0
[0.460s] -- Detecting C compiler ABI info
[0.704s] -- Detecting C compiler ABI info - done
[0.736s] -- Check for working C compiler: /usr/bin/cc - skipped
[0.736s] -- Detecting C compile features
[0.736s] -- Detecting C compile features - done
[0.745s] -- Detecting CXX compiler ABI info
[1.024s] -- Detecting CXX compiler ABI info - done
[1.069s] -- Check for working CXX compiler: /usr/bin/c++ - skipped
[1.071s] -- Detecting CXX compile features
[1.073s] -- Detecting CXX compile features - done
[1.093s] -- Found ament_cmake: 1.3.11 (/opt/ros/humble/share/ament_cmake/cmake)
[1.596s] -- Found Python3: /usr/bin/python3 (found version "3.10.12") found components: Interpreter 
[1.983s] -- Found moveit_ros_planning_interface: 2.5.9 (/home/sam/ws_moveit/install/moveit_ros_planning_interface/share/moveit_ros_planning_interface/cmake)
[2.762s] -- Found Boost: /usr/lib/x86_64-linux-gnu/cmake/Boost-1.74.0/BoostConfig.cmake (found version "1.74.0") found components: date_time filesystem program_options system thread 
[2.989s] -- Found rosidl_generator_c: 3.1.6 (/opt/ros/humble/share/rosidl_generator_c/cmake)
[3.021s] -- Found rosidl_adapter: 3.1.6 (/opt/ros/humble/share/rosidl_adapter/cmake)
[3.060s] -- Found rosidl_generator_cpp: 3.1.6 (/opt/ros/humble/share/rosidl_generator_cpp/cmake)
[3.114s] -- Using all available rosidl_typesupport_c: rosidl_typesupport_fastrtps_c;rosidl_typesupport_introspection_c
[3.200s] -- Using all available rosidl_typesupport_cpp: rosidl_typesupport_fastrtps_cpp;rosidl_typesupport_introspection_cpp
[4.473s] -- Found Boost: /usr/lib/x86_64-linux-gnu/cmake/Boost-1.74.0/BoostConfig.cmake (found version "1.74.0") found components: chrono date_time filesystem iostreams program_options regex serialization system thread 
[4.722s] -- Found parameter_traits: 0.5.0 (/opt/ros/humble/share/parameter_traits/cmake)
[4.942s] -- Found rmw_implementation_cmake: 6.1.2 (/opt/ros/humble/share/rmw_implementation_cmake/cmake)
[4.967s] -- Found rmw_fastrtps_cpp: 6.2.7 (/opt/ros/humble/share/rmw_fastrtps_cpp/cmake)
[5.461s] -- Found OpenSSL: /usr/lib/x86_64-linux-gnu/libcrypto.so (found version "3.0.2")  
[5.560s] -- Found FastRTPS: /opt/ros/humble/include  
[5.718s] -- Using RMW implementation 'rmw_fastrtps_cpp' as default
[5.830s] -- Found Threads: TRUE  
[6.148s] -- Found rclcpp_lifecycle: 16.0.12 (/opt/ros/humble/share/rclcpp_lifecycle/cmake)
[6.254s] -- Found Boost: /usr/lib/x86_64-linux-gnu/cmake/Boost-1.74.0/BoostConfig.cmake (found version "1.74.0") found components: filesystem 
[6.640s] -- library: /usr/lib/x86_64-linux-gnu/libcurl.so
[6.903s] -- Found Eigen3: TRUE (found version "3.4.0") 
[6.909s] -- Ensuring Eigen3 include directory is part of orocos-kdl CMake target
[7.525s] -- Found Boost: /usr/lib/x86_64-linux-gnu/cmake/Boost-1.74.0/BoostConfig.cmake (found version "1.74.0") found components: system filesystem date_time program_options thread chrono 
[7.612s] -- Found Boost: /usr/lib/x86_64-linux-gnu/cmake/Boost-1.74.0/BoostConfig.cmake (found version "1.74.0") found components: thread system filesystem regex date_time program_options 
[7.690s] -- Found Boost: /usr/lib/x86_64-linux-gnu/cmake/Boost-1.74.0/BoostConfig.cmake (found version "1.74.0") found components: system filesystem date_time program_options thread 
[7.806s] -- Found ament_lint_auto: 0.12.12 (/opt/ros/humble/share/ament_lint_auto/cmake)
[8.150s] -- Added test 'cppcheck' to perform static code analysis on C / C++ code
[8.153s] -- Configured cppcheck include dirs: $<BUILD_INTERFACE:/home/sam/piper_ros/src/raised_goal/include>
[8.153s] -- Configured cppcheck exclude dirs and/or files: 
[8.155s] -- Added test 'lint_cmake' to check CMake code style
[8.169s] -- Added test 'uncrustify' to check C / C++ code style
[8.169s] -- Configured uncrustify additional arguments: 
[8.172s] -- Added test 'xmllint' to check XML markup files
[8.181s] -- Configuring done
[8.306s] -- Generating done
[8.352s] -- Build files have been written to: /home/sam/piper_ros/build/raised_goal
[8.382s] Invoked command in '/home/sam/piper_ros/build/raised_goal' returned '0': CMAKE_PREFIX_PATH=${CMAKE_PREFIX_PATH}:/home/sam/ws_moveit/install/moveit_configs_utils:/home/sam/ws_moveit/install/launch_param_builder:/opt/ros/humble /usr/bin/cmake /home/sam/piper_ros/src/raised_goal -DCMAKE_BUILD_TYPE=Debug -DCMAKE_INSTALL_PREFIX=/home/sam/piper_ros/install/raised_goal
[8.387s] Invoking command in '/home/sam/piper_ros/build/raised_goal': CMAKE_PREFIX_PATH=${CMAKE_PREFIX_PATH}:/home/sam/ws_moveit/install/moveit_configs_utils:/home/sam/ws_moveit/install/launch_param_builder:/opt/ros/humble /usr/bin/cmake --build /home/sam/piper_ros/build/raised_goal -- -j4 -l4
[8.563s] [ 50%] [32mBuilding CXX object CMakeFiles/raised_goal.dir/src/raised_goal.cpp.o[0m
[20.753s] [100%] [32m[1mLinking CXX executable raised_goal[0m
[21.385s] [100%] Built target raised_goal
[21.404s] Invoked command in '/home/sam/piper_ros/build/raised_goal' returned '0': CMAKE_PREFIX_PATH=${CMAKE_PREFIX_PATH}:/home/sam/ws_moveit/install/moveit_configs_utils:/home/sam/ws_moveit/install/launch_param_builder:/opt/ros/humble /usr/bin/cmake --build /home/sam/piper_ros/build/raised_goal -- -j4 -l4
[21.406s] Invoking command in '/home/sam/piper_ros/build/raised_goal': CMAKE_PREFIX_PATH=${CMAKE_PREFIX_PATH}:/home/sam/ws_moveit/install/moveit_configs_utils:/home/sam/ws_moveit/install/launch_param_builder:/opt/ros/humble /usr/bin/cmake --install /home/sam/piper_ros/build/raised_goal
[21.420s] -- Install configuration: "Debug"
[21.420s] -- Installing: /home/sam/piper_ros/install/raised_goal/lib/raised_goal/raised_goal
[21.429s] -- Set runtime path of "/home/sam/piper_ros/install/raised_goal/lib/raised_goal/raised_goal" to ""
[21.430s] -- Installing: /home/sam/piper_ros/install/raised_goal/share/ament_index/resource_index/package_run_dependencies/raised_goal
[21.430s] -- Installing: /home/sam/piper_ros/install/raised_goal/share/ament_index/resource_index/parent_prefix_path/raised_goal
[21.430s] -- Installing: /home/sam/piper_ros/install/raised_goal/share/raised_goal/environment/ament_prefix_path.sh
[21.430s] -- Installing: /home/sam/piper_ros/install/raised_goal/share/raised_goal/environment/ament_prefix_path.dsv
[21.431s] -- Installing: /home/sam/piper_ros/install/raised_goal/share/raised_goal/environment/path.sh
[21.431s] -- Installing: /home/sam/piper_ros/install/raised_goal/share/raised_goal/environment/path.dsv
[21.431s] -- Installing: /home/sam/piper_ros/install/raised_goal/share/raised_goal/local_setup.bash
[21.431s] -- Installing: /home/sam/piper_ros/install/raised_goal/share/raised_goal/local_setup.sh
[21.432s] -- Installing: /home/sam/piper_ros/install/raised_goal/share/raised_goal/local_setup.zsh
[21.432s] -- Installing: /home/sam/piper_ros/install/raised_goal/share/raised_goal/local_setup.dsv
[21.432s] -- Installing: /home/sam/piper_ros/install/raised_goal/share/raised_goal/package.dsv
[21.432s] -- Installing: /home/sam/piper_ros/install/raised_goal/share/ament_index/resource_index/packages/raised_goal
[21.433s] -- Installing: /home/sam/piper_ros/install/raised_goal/share/raised_goal/cmake/raised_goalConfig.cmake
[21.433s] -- Installing: /home/sam/piper_ros/install/raised_goal/share/raised_goal/cmake/raised_goalConfig-version.cmake
[21.433s] -- Installing: /home/sam/piper_ros/install/raised_goal/share/raised_goal/package.xml
[21.437s] Invoked command in '/home/sam/piper_ros/build/raised_goal' returned '0': CMAKE_PREFIX_PATH=${CMAKE_PREFIX_PATH}:/home/sam/ws_moveit/install/moveit_configs_utils:/home/sam/ws_moveit/install/launch_param_builder:/opt/ros/humble /usr/bin/cmake --install /home/sam/piper_ros/build/raised_goal
