[0.515s] Invoking command in '/home/sam/piper_ros/build/piper_humble': CMAKE_PREFIX_PATH=/opt/ros/humble /usr/bin/cmake /home/sam/piper_ros/src/piper_humble -DAMENT_CMAKE_SYMLINK_INSTALL=1 -DCMAKE_INSTALL_PREFIX=/home/sam/piper_ros/install/piper_humble
[0.696s] -- The C compiler identification is GNU 11.4.0
[0.853s] -- The CXX compiler identification is GNU 11.4.0
[0.867s] -- Detecting C compiler ABI info
[1.101s] -- Detecting C compiler ABI info - done
[1.137s] -- Check for working C compiler: /usr/bin/cc - skipped
[1.137s] -- Detecting C compile features
[1.138s] -- Detecting C compile features - done
[1.146s] -- Detecting CXX compiler ABI info
[1.398s] -- Detecting CXX compiler ABI info - done
[1.452s] -- Check for working CXX compiler: /usr/bin/c++ - skipped
[1.452s] -- Detecting CXX compile features
[1.464s] -- Detecting CXX compile features - done
[1.464s] -- Found ament_cmake: 1.3.11 (/opt/ros/humble/share/ament_cmake/cmake)
[2.073s] -- Found Python3: /usr/bin/python3 (found version "3.10.12") found components: Interpreter 
[2.252s] -- Override CMake install command with custom implementation using symlinks instead of copying resources
[2.717s] -- Configuring done
[2.743s] -- Generating done
[2.754s] -- Build files have been written to: /home/sam/piper_ros/build/piper_humble
[2.805s] Invoked command in '/home/sam/piper_ros/build/piper_humble' returned '0': CMAKE_PREFIX_PATH=/opt/ros/humble /usr/bin/cmake /home/sam/piper_ros/src/piper_humble -DAMENT_CMAKE_SYMLINK_INSTALL=1 -DCMAKE_INSTALL_PREFIX=/home/sam/piper_ros/install/piper_humble
[2.806s] Invoking command in '/home/sam/piper_ros/build/piper_humble': CMAKE_PREFIX_PATH=/opt/ros/humble /usr/bin/cmake --build /home/sam/piper_ros/build/piper_humble -- -j4 -l4
[2.991s] Invoked command in '/home/sam/piper_ros/build/piper_humble' returned '0': CMAKE_PREFIX_PATH=/opt/ros/humble /usr/bin/cmake --build /home/sam/piper_ros/build/piper_humble -- -j4 -l4
[2.998s] Invoking command in '/home/sam/piper_ros/build/piper_humble': CMAKE_PREFIX_PATH=/opt/ros/humble /usr/bin/cmake --install /home/sam/piper_ros/build/piper_humble
[3.065s] -- Install configuration: ""
[3.077s] -- Execute custom install script
[3.079s] -- Symlinking: /home/sam/piper_ros/install/piper_humble/share/ament_index/resource_index/package_run_dependencies/piper_humble
[3.144s] -- Symlinking: /home/sam/piper_ros/install/piper_humble/share/ament_index/resource_index/parent_prefix_path/piper_humble
[3.192s] -- Symlinking: /home/sam/piper_ros/install/piper_humble/share/piper_humble/environment/ament_prefix_path.sh
[3.233s] -- Symlinking: /home/sam/piper_ros/install/piper_humble/share/piper_humble/environment/ament_prefix_path.dsv
[3.269s] -- Symlinking: /home/sam/piper_ros/install/piper_humble/share/piper_humble/environment/path.sh
[3.323s] -- Symlinking: /home/sam/piper_ros/install/piper_humble/share/piper_humble/environment/path.dsv
[3.359s] -- Symlinking: /home/sam/piper_ros/install/piper_humble/share/piper_humble/local_setup.bash
[3.390s] -- Symlinking: /home/sam/piper_ros/install/piper_humble/share/piper_humble/local_setup.sh
[3.424s] -- Symlinking: /home/sam/piper_ros/install/piper_humble/share/piper_humble/local_setup.zsh
[3.449s] -- Symlinking: /home/sam/piper_ros/install/piper_humble/share/piper_humble/local_setup.dsv
[3.490s] -- Symlinking: /home/sam/piper_ros/install/piper_humble/share/piper_humble/package.dsv
[3.526s] -- Symlinking: /home/sam/piper_ros/install/piper_humble/share/ament_index/resource_index/packages/piper_humble
[3.569s] -- Symlinking: /home/sam/piper_ros/install/piper_humble/share/piper_humble/cmake/piper_humbleConfig.cmake
[3.648s] -- Symlinking: /home/sam/piper_ros/install/piper_humble/share/piper_humble/cmake/piper_humbleConfig-version.cmake
[3.689s] -- Symlinking: /home/sam/piper_ros/install/piper_humble/share/piper_humble/package.xml
[3.735s] Invoked command in '/home/sam/piper_ros/build/piper_humble' returned '0': CMAKE_PREFIX_PATH=/opt/ros/humble /usr/bin/cmake --install /home/sam/piper_ros/build/piper_humble
