[0.023s] Invoking command in '/home/sam/piper_ros/build/piper_msgs': CMAKE_PREFIX_PATH=${CMAKE_PREFIX_PATH}:/home/sam/piper_ros/install/piper:/opt/ros/humble /usr/bin/cmake --build /home/sam/piper_ros/build/piper_msgs -- -j4 -l4
[0.117s] [  2%] Built target piper_msgs__cpp
[0.127s] [ 12%] Built target piper_msgs__rosidl_generator_c
[0.173s] [ 12%] Built target ament_cmake_python_copy_piper_msgs
[0.195s] [ 23%] Built target piper_msgs__rosidl_typesupport_cpp
[0.195s] [ 34%] Built target piper_msgs__rosidl_typesupport_fastrtps_cpp
[0.217s] [ 44%] Built target piper_msgs__rosidl_typesupport_introspection_cpp
[0.252s] [ 55%] Built target piper_msgs__rosidl_typesupport_fastrtps_c
[0.267s] [ 65%] Built target piper_msgs__rosidl_typesupport_introspection_c
[0.274s] [ 76%] Built target piper_msgs__rosidl_typesupport_c
[0.311s] [ 76%] Built target piper_msgs
[0.346s] [ 78%] Built target piper_msgs__py
[0.387s] [ 87%] Built target piper_msgs__rosidl_generator_py
[0.450s] [ 91%] Built target piper_msgs__rosidl_typesupport_introspection_c__pyext
[0.451s] [ 95%] Built target piper_msgs__rosidl_typesupport_fastrtps_c__pyext
[0.459s] [100%] Built target piper_msgs__rosidl_typesupport_c__pyext
[0.694s] running egg_info
[0.695s] writing piper_msgs.egg-info/PKG-INFO
[0.695s] writing dependency_links to piper_msgs.egg-info/dependency_links.txt
[0.695s] writing top-level names to piper_msgs.egg-info/top_level.txt
[0.699s] reading manifest file 'piper_msgs.egg-info/SOURCES.txt'
[0.700s] writing manifest file 'piper_msgs.egg-info/SOURCES.txt'
[0.735s] [100%] Built target ament_cmake_python_build_piper_msgs_egg
[0.749s] Invoked command in '/home/sam/piper_ros/build/piper_msgs' returned '0': CMAKE_PREFIX_PATH=${CMAKE_PREFIX_PATH}:/home/sam/piper_ros/install/piper:/opt/ros/humble /usr/bin/cmake --build /home/sam/piper_ros/build/piper_msgs -- -j4 -l4
[0.751s] Invoking command in '/home/sam/piper_ros/build/piper_msgs': CMAKE_PREFIX_PATH=${CMAKE_PREFIX_PATH}:/home/sam/piper_ros/install/piper:/opt/ros/humble /usr/bin/cmake --install /home/sam/piper_ros/build/piper_msgs
[0.760s] -- Install configuration: ""
[0.760s] -- Up-to-date: /home/sam/piper_ros/install/piper_msgs/share/ament_index/resource_index/rosidl_interfaces/piper_msgs
[0.761s] -- Up-to-date: /home/sam/piper_ros/install/piper_msgs/include/piper_msgs/piper_msgs
[0.761s] -- Up-to-date: /home/sam/piper_ros/install/piper_msgs/include/piper_msgs/piper_msgs/msg
[0.761s] -- Up-to-date: /home/sam/piper_ros/install/piper_msgs/include/piper_msgs/piper_msgs/msg/pos_cmd.h
[0.761s] -- Up-to-date: /home/sam/piper_ros/install/piper_msgs/include/piper_msgs/piper_msgs/msg/piper_status_msg.h
[0.761s] -- Up-to-date: /home/sam/piper_ros/install/piper_msgs/include/piper_msgs/piper_msgs/msg/detail
[0.761s] -- Up-to-date: /home/sam/piper_ros/install/piper_msgs/include/piper_msgs/piper_msgs/msg/detail/piper_status_msg__functions.c
[0.761s] -- Up-to-date: /home/sam/piper_ros/install/piper_msgs/include/piper_msgs/piper_msgs/msg/detail/pos_cmd__type_support.h
[0.762s] -- Up-to-date: /home/sam/piper_ros/install/piper_msgs/include/piper_msgs/piper_msgs/msg/detail/pos_cmd__functions.h
[0.762s] -- Up-to-date: /home/sam/piper_ros/install/piper_msgs/include/piper_msgs/piper_msgs/msg/detail/piper_status_msg__functions.h
[0.762s] -- Up-to-date: /home/sam/piper_ros/install/piper_msgs/include/piper_msgs/piper_msgs/msg/detail/pos_cmd__functions.c
[0.762s] -- Up-to-date: /home/sam/piper_ros/install/piper_msgs/include/piper_msgs/piper_msgs/msg/detail/pos_cmd__struct.h
[0.762s] -- Up-to-date: /home/sam/piper_ros/install/piper_msgs/include/piper_msgs/piper_msgs/msg/detail/piper_status_msg__struct.h
[0.762s] -- Up-to-date: /home/sam/piper_ros/install/piper_msgs/include/piper_msgs/piper_msgs/msg/detail/piper_status_msg__type_support.h
[0.762s] -- Up-to-date: /home/sam/piper_ros/install/piper_msgs/include/piper_msgs/piper_msgs/msg/rosidl_generator_c__visibility_control.h
[0.762s] -- Up-to-date: /home/sam/piper_ros/install/piper_msgs/include/piper_msgs/piper_msgs/srv
[0.763s] -- Up-to-date: /home/sam/piper_ros/install/piper_msgs/include/piper_msgs/piper_msgs/srv/enable.h
[0.763s] -- Up-to-date: /home/sam/piper_ros/install/piper_msgs/include/piper_msgs/piper_msgs/srv/detail
[0.763s] -- Up-to-date: /home/sam/piper_ros/install/piper_msgs/include/piper_msgs/piper_msgs/srv/detail/enable__functions.h
[0.763s] -- Up-to-date: /home/sam/piper_ros/install/piper_msgs/include/piper_msgs/piper_msgs/srv/detail/enable__struct.h
[0.763s] -- Up-to-date: /home/sam/piper_ros/install/piper_msgs/include/piper_msgs/piper_msgs/srv/detail/enable__type_support.h
[0.764s] -- Up-to-date: /home/sam/piper_ros/install/piper_msgs/include/piper_msgs/piper_msgs/srv/detail/enable__functions.c
[0.764s] -- Up-to-date: /home/sam/piper_ros/install/piper_msgs/share/piper_msgs/environment/library_path.sh
[0.764s] -- Up-to-date: /home/sam/piper_ros/install/piper_msgs/share/piper_msgs/environment/library_path.dsv
[0.764s] -- Up-to-date: /home/sam/piper_ros/install/piper_msgs/lib/libpiper_msgs__rosidl_generator_c.so
[0.764s] -- Up-to-date: /home/sam/piper_ros/install/piper_msgs/include/piper_msgs/piper_msgs
[0.765s] -- Up-to-date: /home/sam/piper_ros/install/piper_msgs/include/piper_msgs/piper_msgs/msg
[0.765s] -- Up-to-date: /home/sam/piper_ros/install/piper_msgs/include/piper_msgs/piper_msgs/msg/rosidl_typesupport_fastrtps_c__visibility_control.h
[0.765s] -- Up-to-date: /home/sam/piper_ros/install/piper_msgs/include/piper_msgs/piper_msgs/msg/detail
[0.766s] -- Up-to-date: /home/sam/piper_ros/install/piper_msgs/include/piper_msgs/piper_msgs/msg/detail/pos_cmd__rosidl_typesupport_fastrtps_c.h
[0.766s] -- Up-to-date: /home/sam/piper_ros/install/piper_msgs/include/piper_msgs/piper_msgs/msg/detail/piper_status_msg__rosidl_typesupport_fastrtps_c.h
[0.766s] -- Up-to-date: /home/sam/piper_ros/install/piper_msgs/include/piper_msgs/piper_msgs/srv
[0.766s] -- Up-to-date: /home/sam/piper_ros/install/piper_msgs/include/piper_msgs/piper_msgs/srv/detail
[0.766s] -- Up-to-date: /home/sam/piper_ros/install/piper_msgs/include/piper_msgs/piper_msgs/srv/detail/enable__rosidl_typesupport_fastrtps_c.h
[0.767s] -- Up-to-date: /home/sam/piper_ros/install/piper_msgs/lib/libpiper_msgs__rosidl_typesupport_fastrtps_c.so
[0.767s] -- Up-to-date: /home/sam/piper_ros/install/piper_msgs/include/piper_msgs/piper_msgs
[0.767s] -- Up-to-date: /home/sam/piper_ros/install/piper_msgs/include/piper_msgs/piper_msgs/msg
[0.767s] -- Up-to-date: /home/sam/piper_ros/install/piper_msgs/include/piper_msgs/piper_msgs/msg/rosidl_typesupport_introspection_c__visibility_control.h
[0.768s] -- Up-to-date: /home/sam/piper_ros/install/piper_msgs/include/piper_msgs/piper_msgs/msg/detail
[0.768s] -- Up-to-date: /home/sam/piper_ros/install/piper_msgs/include/piper_msgs/piper_msgs/msg/detail/pos_cmd__rosidl_typesupport_introspection_c.h
[0.768s] -- Up-to-date: /home/sam/piper_ros/install/piper_msgs/include/piper_msgs/piper_msgs/msg/detail/pos_cmd__type_support.c
[0.768s] -- Up-to-date: /home/sam/piper_ros/install/piper_msgs/include/piper_msgs/piper_msgs/msg/detail/piper_status_msg__type_support.c
[0.768s] -- Up-to-date: /home/sam/piper_ros/install/piper_msgs/include/piper_msgs/piper_msgs/msg/detail/piper_status_msg__rosidl_typesupport_introspection_c.h
[0.768s] -- Up-to-date: /home/sam/piper_ros/install/piper_msgs/include/piper_msgs/piper_msgs/srv
[0.769s] -- Up-to-date: /home/sam/piper_ros/install/piper_msgs/include/piper_msgs/piper_msgs/srv/detail
[0.769s] -- Up-to-date: /home/sam/piper_ros/install/piper_msgs/include/piper_msgs/piper_msgs/srv/detail/enable__type_support.c
[0.769s] -- Up-to-date: /home/sam/piper_ros/install/piper_msgs/include/piper_msgs/piper_msgs/srv/detail/enable__rosidl_typesupport_introspection_c.h
[0.769s] -- Up-to-date: /home/sam/piper_ros/install/piper_msgs/lib/libpiper_msgs__rosidl_typesupport_introspection_c.so
[0.769s] -- Up-to-date: /home/sam/piper_ros/install/piper_msgs/lib/libpiper_msgs__rosidl_typesupport_c.so
[0.770s] -- Up-to-date: /home/sam/piper_ros/install/piper_msgs/include/piper_msgs/piper_msgs
[0.770s] -- Up-to-date: /home/sam/piper_ros/install/piper_msgs/include/piper_msgs/piper_msgs/msg
[0.770s] -- Up-to-date: /home/sam/piper_ros/install/piper_msgs/include/piper_msgs/piper_msgs/msg/rosidl_generator_cpp__visibility_control.hpp
[0.770s] -- Up-to-date: /home/sam/piper_ros/install/piper_msgs/include/piper_msgs/piper_msgs/msg/pos_cmd.hpp
[0.770s] -- Up-to-date: /home/sam/piper_ros/install/piper_msgs/include/piper_msgs/piper_msgs/msg/piper_status_msg.hpp
[0.771s] -- Up-to-date: /home/sam/piper_ros/install/piper_msgs/include/piper_msgs/piper_msgs/msg/detail
[0.771s] -- Up-to-date: /home/sam/piper_ros/install/piper_msgs/include/piper_msgs/piper_msgs/msg/detail/piper_status_msg__struct.hpp
[0.771s] -- Up-to-date: /home/sam/piper_ros/install/piper_msgs/include/piper_msgs/piper_msgs/msg/detail/pos_cmd__traits.hpp
[0.771s] -- Up-to-date: /home/sam/piper_ros/install/piper_msgs/include/piper_msgs/piper_msgs/msg/detail/pos_cmd__struct.hpp
[0.771s] -- Up-to-date: /home/sam/piper_ros/install/piper_msgs/include/piper_msgs/piper_msgs/msg/detail/piper_status_msg__type_support.hpp
[0.771s] -- Up-to-date: /home/sam/piper_ros/install/piper_msgs/include/piper_msgs/piper_msgs/msg/detail/piper_status_msg__traits.hpp
[0.772s] -- Up-to-date: /home/sam/piper_ros/install/piper_msgs/include/piper_msgs/piper_msgs/msg/detail/pos_cmd__type_support.hpp
[0.772s] -- Up-to-date: /home/sam/piper_ros/install/piper_msgs/include/piper_msgs/piper_msgs/msg/detail/pos_cmd__builder.hpp
[0.772s] -- Up-to-date: /home/sam/piper_ros/install/piper_msgs/include/piper_msgs/piper_msgs/msg/detail/piper_status_msg__builder.hpp
[0.772s] -- Up-to-date: /home/sam/piper_ros/install/piper_msgs/include/piper_msgs/piper_msgs/srv
[0.772s] -- Up-to-date: /home/sam/piper_ros/install/piper_msgs/include/piper_msgs/piper_msgs/srv/enable.hpp
[0.772s] -- Up-to-date: /home/sam/piper_ros/install/piper_msgs/include/piper_msgs/piper_msgs/srv/detail
[0.772s] -- Up-to-date: /home/sam/piper_ros/install/piper_msgs/include/piper_msgs/piper_msgs/srv/detail/enable__struct.hpp
[0.772s] -- Up-to-date: /home/sam/piper_ros/install/piper_msgs/include/piper_msgs/piper_msgs/srv/detail/enable__builder.hpp
[0.772s] -- Up-to-date: /home/sam/piper_ros/install/piper_msgs/include/piper_msgs/piper_msgs/srv/detail/enable__type_support.hpp
[0.772s] -- Up-to-date: /home/sam/piper_ros/install/piper_msgs/include/piper_msgs/piper_msgs/srv/detail/enable__traits.hpp
[0.772s] -- Up-to-date: /home/sam/piper_ros/install/piper_msgs/include/piper_msgs/piper_msgs
[0.772s] -- Up-to-date: /home/sam/piper_ros/install/piper_msgs/include/piper_msgs/piper_msgs/msg
[0.772s] -- Up-to-date: /home/sam/piper_ros/install/piper_msgs/include/piper_msgs/piper_msgs/msg/detail
[0.772s] -- Up-to-date: /home/sam/piper_ros/install/piper_msgs/include/piper_msgs/piper_msgs/msg/detail/pos_cmd__rosidl_typesupport_fastrtps_cpp.hpp
[0.772s] -- Up-to-date: /home/sam/piper_ros/install/piper_msgs/include/piper_msgs/piper_msgs/msg/detail/piper_status_msg__rosidl_typesupport_fastrtps_cpp.hpp
[0.773s] -- Up-to-date: /home/sam/piper_ros/install/piper_msgs/include/piper_msgs/piper_msgs/msg/detail/dds_fastrtps
[0.773s] -- Up-to-date: /home/sam/piper_ros/install/piper_msgs/include/piper_msgs/piper_msgs/msg/rosidl_typesupport_fastrtps_cpp__visibility_control.h
[0.773s] -- Up-to-date: /home/sam/piper_ros/install/piper_msgs/include/piper_msgs/piper_msgs/srv
[0.773s] -- Up-to-date: /home/sam/piper_ros/install/piper_msgs/include/piper_msgs/piper_msgs/srv/detail
[0.773s] -- Up-to-date: /home/sam/piper_ros/install/piper_msgs/include/piper_msgs/piper_msgs/srv/detail/enable__rosidl_typesupport_fastrtps_cpp.hpp
[0.773s] -- Up-to-date: /home/sam/piper_ros/install/piper_msgs/include/piper_msgs/piper_msgs/srv/detail/dds_fastrtps
[0.773s] -- Up-to-date: /home/sam/piper_ros/install/piper_msgs/lib/libpiper_msgs__rosidl_typesupport_fastrtps_cpp.so
[0.773s] -- Up-to-date: /home/sam/piper_ros/install/piper_msgs/include/piper_msgs/piper_msgs
[0.773s] -- Up-to-date: /home/sam/piper_ros/install/piper_msgs/include/piper_msgs/piper_msgs/msg
[0.773s] -- Up-to-date: /home/sam/piper_ros/install/piper_msgs/include/piper_msgs/piper_msgs/msg/detail
[0.773s] -- Up-to-date: /home/sam/piper_ros/install/piper_msgs/include/piper_msgs/piper_msgs/msg/detail/piper_status_msg__type_support.cpp
[0.774s] -- Up-to-date: /home/sam/piper_ros/install/piper_msgs/include/piper_msgs/piper_msgs/msg/detail/pos_cmd__rosidl_typesupport_introspection_cpp.hpp
[0.774s] -- Up-to-date: /home/sam/piper_ros/install/piper_msgs/include/piper_msgs/piper_msgs/msg/detail/piper_status_msg__rosidl_typesupport_introspection_cpp.hpp
[0.774s] -- Up-to-date: /home/sam/piper_ros/install/piper_msgs/include/piper_msgs/piper_msgs/msg/detail/pos_cmd__type_support.cpp
[0.774s] -- Up-to-date: /home/sam/piper_ros/install/piper_msgs/include/piper_msgs/piper_msgs/srv
[0.774s] -- Up-to-date: /home/sam/piper_ros/install/piper_msgs/include/piper_msgs/piper_msgs/srv/detail
[0.774s] -- Up-to-date: /home/sam/piper_ros/install/piper_msgs/include/piper_msgs/piper_msgs/srv/detail/enable__type_support.cpp
[0.774s] -- Up-to-date: /home/sam/piper_ros/install/piper_msgs/include/piper_msgs/piper_msgs/srv/detail/enable__rosidl_typesupport_introspection_cpp.hpp
[0.774s] -- Up-to-date: /home/sam/piper_ros/install/piper_msgs/lib/libpiper_msgs__rosidl_typesupport_introspection_cpp.so
[0.774s] -- Up-to-date: /home/sam/piper_ros/install/piper_msgs/lib/libpiper_msgs__rosidl_typesupport_cpp.so
[0.775s] -- Up-to-date: /home/sam/piper_ros/install/piper_msgs/share/piper_msgs/environment/pythonpath.sh
[0.775s] -- Up-to-date: /home/sam/piper_ros/install/piper_msgs/share/piper_msgs/environment/pythonpath.dsv
[0.775s] -- Up-to-date: /home/sam/piper_ros/install/piper_msgs/local/lib/python3.10/dist-packages/piper_msgs-0.0.0-py3.10.egg-info
[0.775s] -- Installing: /home/sam/piper_ros/install/piper_msgs/local/lib/python3.10/dist-packages/piper_msgs-0.0.0-py3.10.egg-info/SOURCES.txt
[0.775s] -- Installing: /home/sam/piper_ros/install/piper_msgs/local/lib/python3.10/dist-packages/piper_msgs-0.0.0-py3.10.egg-info/dependency_links.txt
[0.775s] -- Installing: /home/sam/piper_ros/install/piper_msgs/local/lib/python3.10/dist-packages/piper_msgs-0.0.0-py3.10.egg-info/PKG-INFO
[0.775s] -- Installing: /home/sam/piper_ros/install/piper_msgs/local/lib/python3.10/dist-packages/piper_msgs-0.0.0-py3.10.egg-info/top_level.txt
[0.775s] -- Up-to-date: /home/sam/piper_ros/install/piper_msgs/local/lib/python3.10/dist-packages/piper_msgs
[0.776s] -- Up-to-date: /home/sam/piper_ros/install/piper_msgs/local/lib/python3.10/dist-packages/piper_msgs/_piper_msgs_s.ep.rosidl_typesupport_c.c
[0.776s] -- Up-to-date: /home/sam/piper_ros/install/piper_msgs/local/lib/python3.10/dist-packages/piper_msgs/piper_msgs_s__rosidl_typesupport_fastrtps_c.cpython-310-x86_64-linux-gnu.so
[0.776s] -- Up-to-date: /home/sam/piper_ros/install/piper_msgs/local/lib/python3.10/dist-packages/piper_msgs/piper_msgs_s__rosidl_typesupport_c.cpython-310-x86_64-linux-gnu.so
[0.776s] -- Up-to-date: /home/sam/piper_ros/install/piper_msgs/local/lib/python3.10/dist-packages/piper_msgs/_piper_msgs_s.ep.rosidl_typesupport_fastrtps_c.c
[0.776s] -- Up-to-date: /home/sam/piper_ros/install/piper_msgs/local/lib/python3.10/dist-packages/piper_msgs/libpiper_msgs__rosidl_generator_py.so
[0.776s] -- Up-to-date: /home/sam/piper_ros/install/piper_msgs/local/lib/python3.10/dist-packages/piper_msgs/msg
[0.776s] -- Up-to-date: /home/sam/piper_ros/install/piper_msgs/local/lib/python3.10/dist-packages/piper_msgs/msg/_piper_status_msg.py
[0.777s] -- Up-to-date: /home/sam/piper_ros/install/piper_msgs/local/lib/python3.10/dist-packages/piper_msgs/msg/_pos_cmd.py
[0.777s] -- Up-to-date: /home/sam/piper_ros/install/piper_msgs/local/lib/python3.10/dist-packages/piper_msgs/msg/_pos_cmd_s.c
[0.777s] -- Up-to-date: /home/sam/piper_ros/install/piper_msgs/local/lib/python3.10/dist-packages/piper_msgs/msg/__init__.py
[0.777s] -- Up-to-date: /home/sam/piper_ros/install/piper_msgs/local/lib/python3.10/dist-packages/piper_msgs/msg/_piper_status_msg_s.c
[0.777s] -- Up-to-date: /home/sam/piper_ros/install/piper_msgs/local/lib/python3.10/dist-packages/piper_msgs/srv
[0.777s] -- Up-to-date: /home/sam/piper_ros/install/piper_msgs/local/lib/python3.10/dist-packages/piper_msgs/srv/_enable_s.c
[0.777s] -- Up-to-date: /home/sam/piper_ros/install/piper_msgs/local/lib/python3.10/dist-packages/piper_msgs/srv/_enable.py
[0.777s] -- Up-to-date: /home/sam/piper_ros/install/piper_msgs/local/lib/python3.10/dist-packages/piper_msgs/srv/__init__.py
[0.778s] -- Up-to-date: /home/sam/piper_ros/install/piper_msgs/local/lib/python3.10/dist-packages/piper_msgs/piper_msgs_s__rosidl_typesupport_introspection_c.cpython-310-x86_64-linux-gnu.so
[0.778s] -- Up-to-date: /home/sam/piper_ros/install/piper_msgs/local/lib/python3.10/dist-packages/piper_msgs/__init__.py
[0.778s] -- Up-to-date: /home/sam/piper_ros/install/piper_msgs/local/lib/python3.10/dist-packages/piper_msgs/_piper_msgs_s.ep.rosidl_typesupport_introspection_c.c
[0.815s] Listing '/home/sam/piper_ros/install/piper_msgs/local/lib/python3.10/dist-packages/piper_msgs'...
[0.815s] Listing '/home/sam/piper_ros/install/piper_msgs/local/lib/python3.10/dist-packages/piper_msgs/msg'...
[0.815s] Listing '/home/sam/piper_ros/install/piper_msgs/local/lib/python3.10/dist-packages/piper_msgs/srv'...
[0.821s] -- Up-to-date: /home/sam/piper_ros/install/piper_msgs/local/lib/python3.10/dist-packages/piper_msgs/piper_msgs_s__rosidl_typesupport_fastrtps_c.cpython-310-x86_64-linux-gnu.so
[0.821s] -- Up-to-date: /home/sam/piper_ros/install/piper_msgs/local/lib/python3.10/dist-packages/piper_msgs/piper_msgs_s__rosidl_typesupport_introspection_c.cpython-310-x86_64-linux-gnu.so
[0.822s] -- Up-to-date: /home/sam/piper_ros/install/piper_msgs/local/lib/python3.10/dist-packages/piper_msgs/piper_msgs_s__rosidl_typesupport_c.cpython-310-x86_64-linux-gnu.so
[0.822s] -- Up-to-date: /home/sam/piper_ros/install/piper_msgs/lib/libpiper_msgs__rosidl_generator_py.so
[0.822s] -- Up-to-date: /home/sam/piper_ros/install/piper_msgs/share/piper_msgs/msg/PiperStatusMsg.idl
[0.823s] -- Up-to-date: /home/sam/piper_ros/install/piper_msgs/share/piper_msgs/msg/PosCmd.idl
[0.823s] -- Up-to-date: /home/sam/piper_ros/install/piper_msgs/share/piper_msgs/srv/Enable.idl
[0.823s] -- Up-to-date: /home/sam/piper_ros/install/piper_msgs/share/piper_msgs/msg/PiperStatusMsg.msg
[0.823s] -- Up-to-date: /home/sam/piper_ros/install/piper_msgs/share/piper_msgs/msg/PosCmd.msg
[0.823s] -- Up-to-date: /home/sam/piper_ros/install/piper_msgs/share/piper_msgs/srv/Enable.srv
[0.823s] -- Up-to-date: /home/sam/piper_ros/install/piper_msgs/share/piper_msgs/srv/Enable_Request.msg
[0.824s] -- Up-to-date: /home/sam/piper_ros/install/piper_msgs/share/piper_msgs/srv/Enable_Response.msg
[0.824s] -- Up-to-date: /home/sam/piper_ros/install/piper_msgs/share/ament_index/resource_index/package_run_dependencies/piper_msgs
[0.824s] -- Up-to-date: /home/sam/piper_ros/install/piper_msgs/share/ament_index/resource_index/parent_prefix_path/piper_msgs
[0.824s] -- Up-to-date: /home/sam/piper_ros/install/piper_msgs/share/piper_msgs/environment/ament_prefix_path.sh
[0.824s] -- Up-to-date: /home/sam/piper_ros/install/piper_msgs/share/piper_msgs/environment/ament_prefix_path.dsv
[0.824s] -- Up-to-date: /home/sam/piper_ros/install/piper_msgs/share/piper_msgs/environment/path.sh
[0.825s] -- Up-to-date: /home/sam/piper_ros/install/piper_msgs/share/piper_msgs/environment/path.dsv
[0.825s] -- Up-to-date: /home/sam/piper_ros/install/piper_msgs/share/piper_msgs/local_setup.bash
[0.825s] -- Up-to-date: /home/sam/piper_ros/install/piper_msgs/share/piper_msgs/local_setup.sh
[0.825s] -- Up-to-date: /home/sam/piper_ros/install/piper_msgs/share/piper_msgs/local_setup.zsh
[0.825s] -- Up-to-date: /home/sam/piper_ros/install/piper_msgs/share/piper_msgs/local_setup.dsv
[0.825s] -- Installing: /home/sam/piper_ros/install/piper_msgs/share/piper_msgs/package.dsv
[0.826s] -- Up-to-date: /home/sam/piper_ros/install/piper_msgs/share/ament_index/resource_index/packages/piper_msgs
[0.826s] -- Up-to-date: /home/sam/piper_ros/install/piper_msgs/share/piper_msgs/cmake/export_piper_msgs__rosidl_generator_cExport.cmake
[0.826s] -- Up-to-date: /home/sam/piper_ros/install/piper_msgs/share/piper_msgs/cmake/export_piper_msgs__rosidl_generator_cExport-noconfig.cmake
[0.826s] -- Up-to-date: /home/sam/piper_ros/install/piper_msgs/share/piper_msgs/cmake/export_piper_msgs__rosidl_typesupport_fastrtps_cExport.cmake
[0.826s] -- Up-to-date: /home/sam/piper_ros/install/piper_msgs/share/piper_msgs/cmake/export_piper_msgs__rosidl_typesupport_fastrtps_cExport-noconfig.cmake
[0.826s] -- Up-to-date: /home/sam/piper_ros/install/piper_msgs/share/piper_msgs/cmake/piper_msgs__rosidl_typesupport_introspection_cExport.cmake
[0.827s] -- Up-to-date: /home/sam/piper_ros/install/piper_msgs/share/piper_msgs/cmake/piper_msgs__rosidl_typesupport_introspection_cExport-noconfig.cmake
[0.827s] -- Up-to-date: /home/sam/piper_ros/install/piper_msgs/share/piper_msgs/cmake/piper_msgs__rosidl_typesupport_cExport.cmake
[0.827s] -- Up-to-date: /home/sam/piper_ros/install/piper_msgs/share/piper_msgs/cmake/piper_msgs__rosidl_typesupport_cExport-noconfig.cmake
[0.827s] -- Up-to-date: /home/sam/piper_ros/install/piper_msgs/share/piper_msgs/cmake/export_piper_msgs__rosidl_generator_cppExport.cmake
[0.827s] -- Up-to-date: /home/sam/piper_ros/install/piper_msgs/share/piper_msgs/cmake/export_piper_msgs__rosidl_typesupport_fastrtps_cppExport.cmake
[0.827s] -- Up-to-date: /home/sam/piper_ros/install/piper_msgs/share/piper_msgs/cmake/export_piper_msgs__rosidl_typesupport_fastrtps_cppExport-noconfig.cmake
[0.827s] -- Up-to-date: /home/sam/piper_ros/install/piper_msgs/share/piper_msgs/cmake/piper_msgs__rosidl_typesupport_introspection_cppExport.cmake
[0.828s] -- Up-to-date: /home/sam/piper_ros/install/piper_msgs/share/piper_msgs/cmake/piper_msgs__rosidl_typesupport_introspection_cppExport-noconfig.cmake
[0.828s] -- Up-to-date: /home/sam/piper_ros/install/piper_msgs/share/piper_msgs/cmake/piper_msgs__rosidl_typesupport_cppExport.cmake
[0.828s] -- Up-to-date: /home/sam/piper_ros/install/piper_msgs/share/piper_msgs/cmake/piper_msgs__rosidl_typesupport_cppExport-noconfig.cmake
[0.828s] -- Up-to-date: /home/sam/piper_ros/install/piper_msgs/share/piper_msgs/cmake/export_piper_msgs__rosidl_generator_pyExport.cmake
[0.828s] -- Up-to-date: /home/sam/piper_ros/install/piper_msgs/share/piper_msgs/cmake/export_piper_msgs__rosidl_generator_pyExport-noconfig.cmake
[0.828s] -- Up-to-date: /home/sam/piper_ros/install/piper_msgs/share/piper_msgs/cmake/rosidl_cmake-extras.cmake
[0.828s] -- Up-to-date: /home/sam/piper_ros/install/piper_msgs/share/piper_msgs/cmake/ament_cmake_export_include_directories-extras.cmake
[0.829s] -- Up-to-date: /home/sam/piper_ros/install/piper_msgs/share/piper_msgs/cmake/ament_cmake_export_libraries-extras.cmake
[0.829s] -- Up-to-date: /home/sam/piper_ros/install/piper_msgs/share/piper_msgs/cmake/ament_cmake_export_targets-extras.cmake
[0.829s] -- Up-to-date: /home/sam/piper_ros/install/piper_msgs/share/piper_msgs/cmake/rosidl_cmake_export_typesupport_targets-extras.cmake
[0.829s] -- Up-to-date: /home/sam/piper_ros/install/piper_msgs/share/piper_msgs/cmake/ament_cmake_export_dependencies-extras.cmake
[0.829s] -- Up-to-date: /home/sam/piper_ros/install/piper_msgs/share/piper_msgs/cmake/rosidl_cmake_export_typesupport_libraries-extras.cmake
[0.830s] -- Up-to-date: /home/sam/piper_ros/install/piper_msgs/share/piper_msgs/cmake/piper_msgsConfig.cmake
[0.831s] -- Up-to-date: /home/sam/piper_ros/install/piper_msgs/share/piper_msgs/cmake/piper_msgsConfig-version.cmake
[0.832s] -- Up-to-date: /home/sam/piper_ros/install/piper_msgs/share/piper_msgs/package.xml
[0.832s] Invoked command in '/home/sam/piper_ros/build/piper_msgs' returned '0': CMAKE_PREFIX_PATH=${CMAKE_PREFIX_PATH}:/home/sam/piper_ros/install/piper:/opt/ros/humble /usr/bin/cmake --install /home/sam/piper_ros/build/piper_msgs
