[0.037s] Invoking command in '/home/sam/piper_ros/build/piper_mujoco': CMAKE_PREFIX_PATH=/opt/ros/humble /usr/bin/cmake /home/sam/piper_ros/src/piper_sim/piper_mujoco -DAMENT_CMAKE_SYMLINK_INSTALL=1 -DCMAKE_INSTALL_PREFIX=/home/sam/piper_ros/install/piper_mujoco
[0.347s] -- The C compiler identification is GNU 11.4.0
[0.612s] -- The CXX compiler identification is GNU 11.4.0
[0.662s] -- Detecting C compiler ABI info
[1.015s] -- Detecting C compiler ABI info - done
[1.038s] -- Check for working C compiler: /usr/bin/cc - skipped
[1.039s] -- Detecting C compile features
[1.039s] -- Detecting C compile features - done
[1.047s] -- Detecting CXX compiler ABI info
[1.406s] -- Detecting CXX compiler ABI info - done
[1.478s] -- Check for working CXX compiler: /usr/bin/c++ - skipped
[1.478s] -- Detecting CXX compile features
[1.478s] -- Detecting CXX compile features - done
[1.495s] -- Found ament_cmake: 1.3.11 (/opt/ros/humble/share/ament_cmake/cmake)
[2.098s] -- Found Python3: /usr/bin/python3 (found version "3.10.12") found components: Interpreter 
[2.229s] -- Override CMake install command with custom implementation using symlinks instead of copying resources
[2.332s] -- Found rclpy: 3.3.15 (/opt/ros/humble/share/rclpy/cmake)
[2.350s] -- Found std_msgs: 4.2.4 (/opt/ros/humble/share/std_msgs/cmake)
[2.424s] -- Found rosidl_generator_c: 3.1.6 (/opt/ros/humble/share/rosidl_generator_c/cmake)
[2.433s] -- Found rosidl_adapter: 3.1.6 (/opt/ros/humble/share/rosidl_adapter/cmake)
[2.448s] -- Found rosidl_generator_cpp: 3.1.6 (/opt/ros/humble/share/rosidl_generator_cpp/cmake)
[2.474s] -- Using all available rosidl_typesupport_c: rosidl_typesupport_fastrtps_c;rosidl_typesupport_introspection_c
[2.503s] -- Using all available rosidl_typesupport_cpp: rosidl_typesupport_fastrtps_cpp;rosidl_typesupport_introspection_cpp
[2.709s] -- Configuring done
[2.715s] -- Generating done
[2.719s] -- Build files have been written to: /home/sam/piper_ros/build/piper_mujoco
[2.735s] Invoked command in '/home/sam/piper_ros/build/piper_mujoco' returned '0': CMAKE_PREFIX_PATH=/opt/ros/humble /usr/bin/cmake /home/sam/piper_ros/src/piper_sim/piper_mujoco -DAMENT_CMAKE_SYMLINK_INSTALL=1 -DCMAKE_INSTALL_PREFIX=/home/sam/piper_ros/install/piper_mujoco
[2.736s] Invoking command in '/home/sam/piper_ros/build/piper_mujoco': CMAKE_PREFIX_PATH=/opt/ros/humble /usr/bin/cmake --build /home/sam/piper_ros/build/piper_mujoco -- -j4 -l4
[2.888s] Invoked command in '/home/sam/piper_ros/build/piper_mujoco' returned '0': CMAKE_PREFIX_PATH=/opt/ros/humble /usr/bin/cmake --build /home/sam/piper_ros/build/piper_mujoco -- -j4 -l4
[2.889s] Invoking command in '/home/sam/piper_ros/build/piper_mujoco': CMAKE_PREFIX_PATH=/opt/ros/humble /usr/bin/cmake --install /home/sam/piper_ros/build/piper_mujoco
[2.917s] -- Install configuration: ""
[2.917s] -- Execute custom install script
[2.917s] -- Symlinking: /home/sam/piper_ros/install/piper_mujoco/lib/piper_mujoco/piper_mujoco_ctrl.py
[2.932s] -- Symlinking: /home/sam/piper_ros/install/piper_mujoco/lib/piper_mujoco/piper_no_gripper_mujoco_ctrl.py
[2.957s] -- Symlinking: /home/sam/piper_ros/install/piper_mujoco/share/ament_index/resource_index/package_run_dependencies/piper_mujoco
[2.985s] -- Symlinking: /home/sam/piper_ros/install/piper_mujoco/share/ament_index/resource_index/parent_prefix_path/piper_mujoco
[3.017s] -- Symlinking: /home/sam/piper_ros/install/piper_mujoco/share/piper_mujoco/environment/ament_prefix_path.sh
[3.036s] -- Symlinking: /home/sam/piper_ros/install/piper_mujoco/share/piper_mujoco/environment/ament_prefix_path.dsv
[3.061s] -- Symlinking: /home/sam/piper_ros/install/piper_mujoco/share/piper_mujoco/environment/path.sh
[3.089s] -- Symlinking: /home/sam/piper_ros/install/piper_mujoco/share/piper_mujoco/environment/path.dsv
[3.108s] -- Symlinking: /home/sam/piper_ros/install/piper_mujoco/share/piper_mujoco/local_setup.bash
[3.121s] -- Symlinking: /home/sam/piper_ros/install/piper_mujoco/share/piper_mujoco/local_setup.sh
[3.139s] -- Symlinking: /home/sam/piper_ros/install/piper_mujoco/share/piper_mujoco/local_setup.zsh
[3.156s] -- Symlinking: /home/sam/piper_ros/install/piper_mujoco/share/piper_mujoco/local_setup.dsv
[3.172s] -- Symlinking: /home/sam/piper_ros/install/piper_mujoco/share/piper_mujoco/package.dsv
[3.185s] -- Symlinking: /home/sam/piper_ros/install/piper_mujoco/share/ament_index/resource_index/packages/piper_mujoco
[3.203s] -- Symlinking: /home/sam/piper_ros/install/piper_mujoco/share/piper_mujoco/cmake/piper_mujocoConfig.cmake
[3.215s] -- Symlinking: /home/sam/piper_ros/install/piper_mujoco/share/piper_mujoco/cmake/piper_mujocoConfig-version.cmake
[3.230s] -- Symlinking: /home/sam/piper_ros/install/piper_mujoco/share/piper_mujoco/package.xml
[3.257s] Invoked command in '/home/sam/piper_ros/build/piper_mujoco' returned '0': CMAKE_PREFIX_PATH=/opt/ros/humble /usr/bin/cmake --install /home/sam/piper_ros/build/piper_mujoco
