[0.142s] DEBUG:colcon:Command line arguments: ['/usr/bin/colcon', 'build']
[0.142s] DEBUG:colcon:Parsed command line arguments: Namespace(log_base=None, log_level=None, verb_name='build', build_base='build', install_base='install', merge_install=False, symlink_install=False, test_result_base=None, continue_on_error=False, executor='parallel', parallel_workers=4, event_handlers=None, ignore_user_meta=False, metas=['./colcon.meta'], base_paths=['.'], packages_ignore=None, packages_ignore_regex=None, paths=None, packages_up_to=None, packages_up_to_regex=None, packages_above=None, packages_above_and_dependencies=None, packages_above_depth=None, packages_select_by_dep=None, packages_skip_by_dep=None, packages_skip_up_to=None, packages_select_build_failed=False, packages_skip_build_finished=False, packages_select_test_failures=False, packages_skip_test_passed=False, packages_select=None, packages_skip=None, packages_select_regex=None, packages_skip_regex=None, packages_start=None, packages_end=None, allow_overriding=[], cmake_args=None, cmake_target=None, cmake_target_skip_unavailable=False, cmake_clean_cache=False, cmake_clean_first=False, cmake_force_configure=False, ament_cmake_args=None, catkin_cmake_args=None, catkin_skip_building_tests=False, verb_parser=<colcon_defaults.argument_parser.defaults.DefaultArgumentsDecorator object at 0x76867fe61870>, verb_extension=<colcon_core.verb.build.BuildVerb object at 0x76867ff47370>, main=<bound method BuildVerb.main of <colcon_core.verb.build.BuildVerb object at 0x76867ff47370>>)
[0.365s] Level 1:colcon.colcon_core.package_discovery:discover_packages(colcon_meta) check parameters
[0.365s] Level 1:colcon.colcon_core.package_discovery:discover_packages(recursive) check parameters
[0.365s] Level 1:colcon.colcon_core.package_discovery:discover_packages(ignore) check parameters
[0.365s] Level 1:colcon.colcon_core.package_discovery:discover_packages(path) check parameters
[0.365s] Level 1:colcon.colcon_core.package_discovery:discover_packages(colcon_meta) discover
[0.365s] Level 1:colcon.colcon_core.package_discovery:discover_packages(recursive) discover
[0.365s] INFO:colcon.colcon_core.package_discovery:Crawling recursively for packages in '/home/sam/piper_ros'
[0.365s] Level 1:colcon.colcon_core.package_identification:_identify(.) by extensions ['ignore', 'ignore_ament_install']
[0.365s] Level 1:colcon.colcon_core.package_identification:_identify(.) by extension 'ignore'
[0.365s] Level 1:colcon.colcon_core.package_identification:_identify(.) by extension 'ignore_ament_install'
[0.365s] Level 1:colcon.colcon_core.package_identification:_identify(.) by extensions ['colcon_pkg']
[0.365s] Level 1:colcon.colcon_core.package_identification:_identify(.) by extension 'colcon_pkg'
[0.365s] Level 1:colcon.colcon_core.package_identification:_identify(.) by extensions ['colcon_meta']
[0.365s] Level 1:colcon.colcon_core.package_identification:_identify(.) by extension 'colcon_meta'
[0.366s] Level 1:colcon.colcon_core.package_identification:_identify(.) by extensions ['ros']
[0.366s] Level 1:colcon.colcon_core.package_identification:_identify(.) by extension 'ros'
[0.378s] Level 1:colcon.colcon_core.package_identification:_identify(.) by extensions ['cmake', 'python']
[0.378s] Level 1:colcon.colcon_core.package_identification:_identify(.) by extension 'cmake'
[0.378s] Level 1:colcon.colcon_core.package_identification:_identify(.) by extension 'python'
[0.379s] Level 1:colcon.colcon_core.package_identification:_identify(.) by extensions ['python_setup_py']
[0.379s] Level 1:colcon.colcon_core.package_identification:_identify(.) by extension 'python_setup_py'
[0.379s] Level 1:colcon.colcon_core.package_identification:_identify(asserts) by extensions ['ignore', 'ignore_ament_install']
[0.379s] Level 1:colcon.colcon_core.package_identification:_identify(asserts) by extension 'ignore'
[0.379s] Level 1:colcon.colcon_core.package_identification:_identify(asserts) by extension 'ignore_ament_install'
[0.379s] Level 1:colcon.colcon_core.package_identification:_identify(asserts) by extensions ['colcon_pkg']
[0.379s] Level 1:colcon.colcon_core.package_identification:_identify(asserts) by extension 'colcon_pkg'
[0.379s] Level 1:colcon.colcon_core.package_identification:_identify(asserts) by extensions ['colcon_meta']
[0.379s] Level 1:colcon.colcon_core.package_identification:_identify(asserts) by extension 'colcon_meta'
[0.379s] Level 1:colcon.colcon_core.package_identification:_identify(asserts) by extensions ['ros']
[0.379s] Level 1:colcon.colcon_core.package_identification:_identify(asserts) by extension 'ros'
[0.379s] Level 1:colcon.colcon_core.package_identification:_identify(asserts) by extensions ['cmake', 'python']
[0.379s] Level 1:colcon.colcon_core.package_identification:_identify(asserts) by extension 'cmake'
[0.379s] Level 1:colcon.colcon_core.package_identification:_identify(asserts) by extension 'python'
[0.379s] Level 1:colcon.colcon_core.package_identification:_identify(asserts) by extensions ['python_setup_py']
[0.379s] Level 1:colcon.colcon_core.package_identification:_identify(asserts) by extension 'python_setup_py'
[0.380s] Level 1:colcon.colcon_core.package_identification:_identify(asserts/pictures) by extensions ['ignore', 'ignore_ament_install']
[0.380s] Level 1:colcon.colcon_core.package_identification:_identify(asserts/pictures) by extension 'ignore'
[0.380s] Level 1:colcon.colcon_core.package_identification:_identify(asserts/pictures) by extension 'ignore_ament_install'
[0.380s] Level 1:colcon.colcon_core.package_identification:_identify(asserts/pictures) by extensions ['colcon_pkg']
[0.380s] Level 1:colcon.colcon_core.package_identification:_identify(asserts/pictures) by extension 'colcon_pkg'
[0.380s] Level 1:colcon.colcon_core.package_identification:_identify(asserts/pictures) by extensions ['colcon_meta']
[0.380s] Level 1:colcon.colcon_core.package_identification:_identify(asserts/pictures) by extension 'colcon_meta'
[0.380s] Level 1:colcon.colcon_core.package_identification:_identify(asserts/pictures) by extensions ['ros']
[0.380s] Level 1:colcon.colcon_core.package_identification:_identify(asserts/pictures) by extension 'ros'
[0.380s] Level 1:colcon.colcon_core.package_identification:_identify(asserts/pictures) by extensions ['cmake', 'python']
[0.380s] Level 1:colcon.colcon_core.package_identification:_identify(asserts/pictures) by extension 'cmake'
[0.380s] Level 1:colcon.colcon_core.package_identification:_identify(asserts/pictures) by extension 'python'
[0.380s] Level 1:colcon.colcon_core.package_identification:_identify(asserts/pictures) by extensions ['python_setup_py']
[0.380s] Level 1:colcon.colcon_core.package_identification:_identify(asserts/pictures) by extension 'python_setup_py'
[0.380s] Level 1:colcon.colcon_core.package_identification:_identify(build) by extensions ['ignore', 'ignore_ament_install']
[0.380s] Level 1:colcon.colcon_core.package_identification:_identify(build) by extension 'ignore'
[0.380s] Level 1:colcon.colcon_core.package_identification:_identify(build) ignored
[0.381s] Level 1:colcon.colcon_core.package_identification:_identify(install) by extensions ['ignore', 'ignore_ament_install']
[0.381s] Level 1:colcon.colcon_core.package_identification:_identify(install) by extension 'ignore'
[0.381s] Level 1:colcon.colcon_core.package_identification:_identify(install) ignored
[0.381s] Level 1:colcon.colcon_core.package_identification:_identify(log) by extensions ['ignore', 'ignore_ament_install']
[0.381s] Level 1:colcon.colcon_core.package_identification:_identify(log) by extension 'ignore'
[0.381s] Level 1:colcon.colcon_core.package_identification:_identify(log) ignored
[0.381s] Level 1:colcon.colcon_core.package_identification:_identify(src) by extensions ['ignore', 'ignore_ament_install']
[0.381s] Level 1:colcon.colcon_core.package_identification:_identify(src) by extension 'ignore'
[0.381s] Level 1:colcon.colcon_core.package_identification:_identify(src) by extension 'ignore_ament_install'
[0.381s] Level 1:colcon.colcon_core.package_identification:_identify(src) by extensions ['colcon_pkg']
[0.381s] Level 1:colcon.colcon_core.package_identification:_identify(src) by extension 'colcon_pkg'
[0.381s] Level 1:colcon.colcon_core.package_identification:_identify(src) by extensions ['colcon_meta']
[0.381s] Level 1:colcon.colcon_core.package_identification:_identify(src) by extension 'colcon_meta'
[0.381s] Level 1:colcon.colcon_core.package_identification:_identify(src) by extensions ['ros']
[0.381s] Level 1:colcon.colcon_core.package_identification:_identify(src) by extension 'ros'
[0.382s] Level 1:colcon.colcon_core.package_identification:_identify(src) by extensions ['cmake', 'python']
[0.382s] Level 1:colcon.colcon_core.package_identification:_identify(src) by extension 'cmake'
[0.382s] Level 1:colcon.colcon_core.package_identification:_identify(src) by extension 'python'
[0.382s] Level 1:colcon.colcon_core.package_identification:_identify(src) by extensions ['python_setup_py']
[0.382s] Level 1:colcon.colcon_core.package_identification:_identify(src) by extension 'python_setup_py'
[0.382s] Level 1:colcon.colcon_core.package_identification:_identify(src/piper) by extensions ['ignore', 'ignore_ament_install']
[0.382s] Level 1:colcon.colcon_core.package_identification:_identify(src/piper) by extension 'ignore'
[0.382s] Level 1:colcon.colcon_core.package_identification:_identify(src/piper) by extension 'ignore_ament_install'
[0.382s] Level 1:colcon.colcon_core.package_identification:_identify(src/piper) by extensions ['colcon_pkg']
[0.382s] Level 1:colcon.colcon_core.package_identification:_identify(src/piper) by extension 'colcon_pkg'
[0.382s] Level 1:colcon.colcon_core.package_identification:_identify(src/piper) by extensions ['colcon_meta']
[0.382s] Level 1:colcon.colcon_core.package_identification:_identify(src/piper) by extension 'colcon_meta'
[0.382s] Level 1:colcon.colcon_core.package_identification:_identify(src/piper) by extensions ['ros']
[0.382s] Level 1:colcon.colcon_core.package_identification:_identify(src/piper) by extension 'ros'
[0.386s] DEBUG:colcon.colcon_core.package_identification:Package 'src/piper' with type 'ros.ament_python' and name 'piper'
[0.387s] Level 1:colcon.colcon_core.package_identification:_identify(src/piper_description) by extensions ['ignore', 'ignore_ament_install']
[0.387s] Level 1:colcon.colcon_core.package_identification:_identify(src/piper_description) by extension 'ignore'
[0.387s] Level 1:colcon.colcon_core.package_identification:_identify(src/piper_description) by extension 'ignore_ament_install'
[0.387s] Level 1:colcon.colcon_core.package_identification:_identify(src/piper_description) by extensions ['colcon_pkg']
[0.387s] Level 1:colcon.colcon_core.package_identification:_identify(src/piper_description) by extension 'colcon_pkg'
[0.387s] Level 1:colcon.colcon_core.package_identification:_identify(src/piper_description) by extensions ['colcon_meta']
[0.387s] Level 1:colcon.colcon_core.package_identification:_identify(src/piper_description) by extension 'colcon_meta'
[0.387s] Level 1:colcon.colcon_core.package_identification:_identify(src/piper_description) by extensions ['ros']
[0.387s] Level 1:colcon.colcon_core.package_identification:_identify(src/piper_description) by extension 'ros'
[0.388s] DEBUG:colcon.colcon_core.package_identification:Package 'src/piper_description' with type 'ros.ament_cmake' and name 'piper_description'
[0.388s] Level 1:colcon.colcon_core.package_identification:_identify(src/piper_humble) by extensions ['ignore', 'ignore_ament_install']
[0.388s] Level 1:colcon.colcon_core.package_identification:_identify(src/piper_humble) by extension 'ignore'
[0.388s] Level 1:colcon.colcon_core.package_identification:_identify(src/piper_humble) by extension 'ignore_ament_install'
[0.388s] Level 1:colcon.colcon_core.package_identification:_identify(src/piper_humble) by extensions ['colcon_pkg']
[0.388s] Level 1:colcon.colcon_core.package_identification:_identify(src/piper_humble) by extension 'colcon_pkg'
[0.388s] Level 1:colcon.colcon_core.package_identification:_identify(src/piper_humble) by extensions ['colcon_meta']
[0.388s] Level 1:colcon.colcon_core.package_identification:_identify(src/piper_humble) by extension 'colcon_meta'
[0.388s] Level 1:colcon.colcon_core.package_identification:_identify(src/piper_humble) by extensions ['ros']
[0.388s] Level 1:colcon.colcon_core.package_identification:_identify(src/piper_humble) by extension 'ros'
[0.389s] DEBUG:colcon.colcon_core.package_identification:Package 'src/piper_humble' with type 'ros.ament_cmake' and name 'piper_humble'
[0.389s] Level 1:colcon.colcon_core.package_identification:_identify(src/piper_moveit) by extensions ['ignore', 'ignore_ament_install']
[0.389s] Level 1:colcon.colcon_core.package_identification:_identify(src/piper_moveit) by extension 'ignore'
[0.389s] Level 1:colcon.colcon_core.package_identification:_identify(src/piper_moveit) by extension 'ignore_ament_install'
[0.389s] Level 1:colcon.colcon_core.package_identification:_identify(src/piper_moveit) by extensions ['colcon_pkg']
[0.389s] Level 1:colcon.colcon_core.package_identification:_identify(src/piper_moveit) by extension 'colcon_pkg'
[0.390s] Level 1:colcon.colcon_core.package_identification:_identify(src/piper_moveit) by extensions ['colcon_meta']
[0.390s] Level 1:colcon.colcon_core.package_identification:_identify(src/piper_moveit) by extension 'colcon_meta'
[0.390s] Level 1:colcon.colcon_core.package_identification:_identify(src/piper_moveit) by extensions ['ros']
[0.390s] Level 1:colcon.colcon_core.package_identification:_identify(src/piper_moveit) by extension 'ros'
[0.390s] Level 1:colcon.colcon_core.package_identification:_identify(src/piper_moveit) by extensions ['cmake', 'python']
[0.390s] Level 1:colcon.colcon_core.package_identification:_identify(src/piper_moveit) by extension 'cmake'
[0.390s] Level 1:colcon.colcon_core.package_identification:_identify(src/piper_moveit) by extension 'python'
[0.390s] Level 1:colcon.colcon_core.package_identification:_identify(src/piper_moveit) by extensions ['python_setup_py']
[0.390s] Level 1:colcon.colcon_core.package_identification:_identify(src/piper_moveit) by extension 'python_setup_py'
[0.390s] Level 1:colcon.colcon_core.package_identification:_identify(src/piper_moveit/piper_no_gripper_moveit) by extensions ['ignore', 'ignore_ament_install']
[0.390s] Level 1:colcon.colcon_core.package_identification:_identify(src/piper_moveit/piper_no_gripper_moveit) by extension 'ignore'
[0.390s] Level 1:colcon.colcon_core.package_identification:_identify(src/piper_moveit/piper_no_gripper_moveit) by extension 'ignore_ament_install'
[0.390s] Level 1:colcon.colcon_core.package_identification:_identify(src/piper_moveit/piper_no_gripper_moveit) by extensions ['colcon_pkg']
[0.390s] Level 1:colcon.colcon_core.package_identification:_identify(src/piper_moveit/piper_no_gripper_moveit) by extension 'colcon_pkg'
[0.390s] Level 1:colcon.colcon_core.package_identification:_identify(src/piper_moveit/piper_no_gripper_moveit) by extensions ['colcon_meta']
[0.390s] Level 1:colcon.colcon_core.package_identification:_identify(src/piper_moveit/piper_no_gripper_moveit) by extension 'colcon_meta'
[0.390s] Level 1:colcon.colcon_core.package_identification:_identify(src/piper_moveit/piper_no_gripper_moveit) by extensions ['ros']
[0.390s] Level 1:colcon.colcon_core.package_identification:_identify(src/piper_moveit/piper_no_gripper_moveit) by extension 'ros'
[0.391s] DEBUG:colcon.colcon_core.package_identification:Package 'src/piper_moveit/piper_no_gripper_moveit' with type 'ros.ament_cmake' and name 'piper_no_gripper_moveit'
[0.392s] Level 1:colcon.colcon_core.package_identification:_identify(src/piper_moveit/piper_with_gripper_moveit) by extensions ['ignore', 'ignore_ament_install']
[0.392s] Level 1:colcon.colcon_core.package_identification:_identify(src/piper_moveit/piper_with_gripper_moveit) by extension 'ignore'
[0.392s] Level 1:colcon.colcon_core.package_identification:_identify(src/piper_moveit/piper_with_gripper_moveit) by extension 'ignore_ament_install'
[0.392s] Level 1:colcon.colcon_core.package_identification:_identify(src/piper_moveit/piper_with_gripper_moveit) by extensions ['colcon_pkg']
[0.392s] Level 1:colcon.colcon_core.package_identification:_identify(src/piper_moveit/piper_with_gripper_moveit) by extension 'colcon_pkg'
[0.392s] Level 1:colcon.colcon_core.package_identification:_identify(src/piper_moveit/piper_with_gripper_moveit) by extensions ['colcon_meta']
[0.392s] Level 1:colcon.colcon_core.package_identification:_identify(src/piper_moveit/piper_with_gripper_moveit) by extension 'colcon_meta'
[0.392s] Level 1:colcon.colcon_core.package_identification:_identify(src/piper_moveit/piper_with_gripper_moveit) by extensions ['ros']
[0.392s] Level 1:colcon.colcon_core.package_identification:_identify(src/piper_moveit/piper_with_gripper_moveit) by extension 'ros'
[0.403s] DEBUG:colcon.colcon_core.package_identification:Package 'src/piper_moveit/piper_with_gripper_moveit' with type 'ros.ament_cmake' and name 'piper_with_gripper_moveit'
[0.403s] Level 1:colcon.colcon_core.package_identification:_identify(src/piper_msgs) by extensions ['ignore', 'ignore_ament_install']
[0.404s] Level 1:colcon.colcon_core.package_identification:_identify(src/piper_msgs) by extension 'ignore'
[0.404s] Level 1:colcon.colcon_core.package_identification:_identify(src/piper_msgs) by extension 'ignore_ament_install'
[0.404s] Level 1:colcon.colcon_core.package_identification:_identify(src/piper_msgs) by extensions ['colcon_pkg']
[0.404s] Level 1:colcon.colcon_core.package_identification:_identify(src/piper_msgs) by extension 'colcon_pkg'
[0.404s] Level 1:colcon.colcon_core.package_identification:_identify(src/piper_msgs) by extensions ['colcon_meta']
[0.404s] Level 1:colcon.colcon_core.package_identification:_identify(src/piper_msgs) by extension 'colcon_meta'
[0.404s] Level 1:colcon.colcon_core.package_identification:_identify(src/piper_msgs) by extensions ['ros']
[0.404s] Level 1:colcon.colcon_core.package_identification:_identify(src/piper_msgs) by extension 'ros'
[0.405s] DEBUG:colcon.colcon_core.package_identification:Package 'src/piper_msgs' with type 'ros.ament_cmake' and name 'piper_msgs'
[0.405s] Level 1:colcon.colcon_core.package_identification:_identify(src/piper_sim) by extensions ['ignore', 'ignore_ament_install']
[0.405s] Level 1:colcon.colcon_core.package_identification:_identify(src/piper_sim) by extension 'ignore'
[0.405s] Level 1:colcon.colcon_core.package_identification:_identify(src/piper_sim) by extension 'ignore_ament_install'
[0.405s] Level 1:colcon.colcon_core.package_identification:_identify(src/piper_sim) by extensions ['colcon_pkg']
[0.405s] Level 1:colcon.colcon_core.package_identification:_identify(src/piper_sim) by extension 'colcon_pkg'
[0.405s] Level 1:colcon.colcon_core.package_identification:_identify(src/piper_sim) by extensions ['colcon_meta']
[0.405s] Level 1:colcon.colcon_core.package_identification:_identify(src/piper_sim) by extension 'colcon_meta'
[0.405s] Level 1:colcon.colcon_core.package_identification:_identify(src/piper_sim) by extensions ['ros']
[0.405s] Level 1:colcon.colcon_core.package_identification:_identify(src/piper_sim) by extension 'ros'
[0.405s] Level 1:colcon.colcon_core.package_identification:_identify(src/piper_sim) by extensions ['cmake', 'python']
[0.405s] Level 1:colcon.colcon_core.package_identification:_identify(src/piper_sim) by extension 'cmake'
[0.405s] Level 1:colcon.colcon_core.package_identification:_identify(src/piper_sim) by extension 'python'
[0.405s] Level 1:colcon.colcon_core.package_identification:_identify(src/piper_sim) by extensions ['python_setup_py']
[0.405s] Level 1:colcon.colcon_core.package_identification:_identify(src/piper_sim) by extension 'python_setup_py'
[0.406s] Level 1:colcon.colcon_core.package_identification:_identify(src/piper_sim/piper_gazebo) by extensions ['ignore', 'ignore_ament_install']
[0.406s] Level 1:colcon.colcon_core.package_identification:_identify(src/piper_sim/piper_gazebo) by extension 'ignore'
[0.406s] Level 1:colcon.colcon_core.package_identification:_identify(src/piper_sim/piper_gazebo) by extension 'ignore_ament_install'
[0.406s] Level 1:colcon.colcon_core.package_identification:_identify(src/piper_sim/piper_gazebo) by extensions ['colcon_pkg']
[0.406s] Level 1:colcon.colcon_core.package_identification:_identify(src/piper_sim/piper_gazebo) by extension 'colcon_pkg'
[0.406s] Level 1:colcon.colcon_core.package_identification:_identify(src/piper_sim/piper_gazebo) by extensions ['colcon_meta']
[0.406s] Level 1:colcon.colcon_core.package_identification:_identify(src/piper_sim/piper_gazebo) by extension 'colcon_meta'
[0.406s] Level 1:colcon.colcon_core.package_identification:_identify(src/piper_sim/piper_gazebo) by extensions ['ros']
[0.406s] Level 1:colcon.colcon_core.package_identification:_identify(src/piper_sim/piper_gazebo) by extension 'ros'
[0.407s] DEBUG:colcon.colcon_core.package_identification:Package 'src/piper_sim/piper_gazebo' with type 'ros.ament_cmake' and name 'piper_gazebo'
[0.407s] Level 1:colcon.colcon_core.package_identification:_identify(src/piper_sim/piper_mujoco) by extensions ['ignore', 'ignore_ament_install']
[0.407s] Level 1:colcon.colcon_core.package_identification:_identify(src/piper_sim/piper_mujoco) by extension 'ignore'
[0.407s] Level 1:colcon.colcon_core.package_identification:_identify(src/piper_sim/piper_mujoco) by extension 'ignore_ament_install'
[0.407s] Level 1:colcon.colcon_core.package_identification:_identify(src/piper_sim/piper_mujoco) by extensions ['colcon_pkg']
[0.407s] Level 1:colcon.colcon_core.package_identification:_identify(src/piper_sim/piper_mujoco) by extension 'colcon_pkg'
[0.407s] Level 1:colcon.colcon_core.package_identification:_identify(src/piper_sim/piper_mujoco) by extensions ['colcon_meta']
[0.407s] Level 1:colcon.colcon_core.package_identification:_identify(src/piper_sim/piper_mujoco) by extension 'colcon_meta'
[0.407s] Level 1:colcon.colcon_core.package_identification:_identify(src/piper_sim/piper_mujoco) by extensions ['ros']
[0.407s] Level 1:colcon.colcon_core.package_identification:_identify(src/piper_sim/piper_mujoco) by extension 'ros'
[0.408s] DEBUG:colcon.colcon_core.package_identification:Package 'src/piper_sim/piper_mujoco' with type 'ros.ament_cmake' and name 'piper_mujoco'
[0.408s] Level 1:colcon.colcon_core.package_discovery:discover_packages(recursive) using defaults
[0.408s] Level 1:colcon.colcon_core.package_discovery:discover_packages(ignore) discover
[0.408s] Level 1:colcon.colcon_core.package_discovery:discover_packages(ignore) using defaults
[0.408s] Level 1:colcon.colcon_core.package_discovery:discover_packages(path) discover
[0.408s] Level 1:colcon.colcon_core.package_discovery:discover_packages(path) using defaults
[0.433s] Level 1:colcon.colcon_core.package_discovery:discover_packages(prefix_path) check parameters
[0.433s] Level 1:colcon.colcon_core.package_discovery:discover_packages(prefix_path) discover
[0.436s] DEBUG:colcon.colcon_installed_package_information.package_discovery:Found 8 installed packages in /home/sam/piper_ros/install
[0.438s] DEBUG:colcon.colcon_installed_package_information.package_discovery:Found 316 installed packages in /opt/ros/humble
[0.439s] Level 1:colcon.colcon_core.package_discovery:discover_packages(prefix_path) using defaults
[0.490s] Level 5:colcon.colcon_core.verb:set package 'piper' build argument 'cmake_args' from command line to 'None'
[0.490s] Level 5:colcon.colcon_core.verb:set package 'piper' build argument 'cmake_target' from command line to 'None'
[0.490s] Level 5:colcon.colcon_core.verb:set package 'piper' build argument 'cmake_target_skip_unavailable' from command line to 'False'
[0.490s] Level 5:colcon.colcon_core.verb:set package 'piper' build argument 'cmake_clean_cache' from command line to 'False'
[0.490s] Level 5:colcon.colcon_core.verb:set package 'piper' build argument 'cmake_clean_first' from command line to 'False'
[0.490s] Level 5:colcon.colcon_core.verb:set package 'piper' build argument 'cmake_force_configure' from command line to 'False'
[0.490s] Level 5:colcon.colcon_core.verb:set package 'piper' build argument 'ament_cmake_args' from command line to 'None'
[0.490s] Level 5:colcon.colcon_core.verb:set package 'piper' build argument 'catkin_cmake_args' from command line to 'None'
[0.490s] Level 5:colcon.colcon_core.verb:set package 'piper' build argument 'catkin_skip_building_tests' from command line to 'False'
[0.490s] DEBUG:colcon.colcon_core.verb:Building package 'piper' with the following arguments: {'ament_cmake_args': None, 'build_base': '/home/sam/piper_ros/build/piper', 'catkin_cmake_args': None, 'catkin_skip_building_tests': False, 'cmake_args': None, 'cmake_clean_cache': False, 'cmake_clean_first': False, 'cmake_force_configure': False, 'cmake_target': None, 'cmake_target_skip_unavailable': False, 'install_base': '/home/sam/piper_ros/install/piper', 'merge_install': False, 'path': '/home/sam/piper_ros/src/piper', 'symlink_install': False, 'test_result_base': None}
[0.491s] Level 5:colcon.colcon_core.verb:set package 'piper_description' build argument 'cmake_args' from command line to 'None'
[0.491s] Level 5:colcon.colcon_core.verb:set package 'piper_description' build argument 'cmake_target' from command line to 'None'
[0.491s] Level 5:colcon.colcon_core.verb:set package 'piper_description' build argument 'cmake_target_skip_unavailable' from command line to 'False'
[0.491s] Level 5:colcon.colcon_core.verb:set package 'piper_description' build argument 'cmake_clean_cache' from command line to 'False'
[0.491s] Level 5:colcon.colcon_core.verb:set package 'piper_description' build argument 'cmake_clean_first' from command line to 'False'
[0.491s] Level 5:colcon.colcon_core.verb:set package 'piper_description' build argument 'cmake_force_configure' from command line to 'False'
[0.491s] Level 5:colcon.colcon_core.verb:set package 'piper_description' build argument 'ament_cmake_args' from command line to 'None'
[0.491s] Level 5:colcon.colcon_core.verb:set package 'piper_description' build argument 'catkin_cmake_args' from command line to 'None'
[0.491s] Level 5:colcon.colcon_core.verb:set package 'piper_description' build argument 'catkin_skip_building_tests' from command line to 'False'
[0.491s] DEBUG:colcon.colcon_core.verb:Building package 'piper_description' with the following arguments: {'ament_cmake_args': None, 'build_base': '/home/sam/piper_ros/build/piper_description', 'catkin_cmake_args': None, 'catkin_skip_building_tests': False, 'cmake_args': None, 'cmake_clean_cache': False, 'cmake_clean_first': False, 'cmake_force_configure': False, 'cmake_target': None, 'cmake_target_skip_unavailable': False, 'install_base': '/home/sam/piper_ros/install/piper_description', 'merge_install': False, 'path': '/home/sam/piper_ros/src/piper_description', 'symlink_install': False, 'test_result_base': None}
[0.491s] Level 5:colcon.colcon_core.verb:set package 'piper_gazebo' build argument 'cmake_args' from command line to 'None'
[0.491s] Level 5:colcon.colcon_core.verb:set package 'piper_gazebo' build argument 'cmake_target' from command line to 'None'
[0.491s] Level 5:colcon.colcon_core.verb:set package 'piper_gazebo' build argument 'cmake_target_skip_unavailable' from command line to 'False'
[0.491s] Level 5:colcon.colcon_core.verb:set package 'piper_gazebo' build argument 'cmake_clean_cache' from command line to 'False'
[0.491s] Level 5:colcon.colcon_core.verb:set package 'piper_gazebo' build argument 'cmake_clean_first' from command line to 'False'
[0.491s] Level 5:colcon.colcon_core.verb:set package 'piper_gazebo' build argument 'cmake_force_configure' from command line to 'False'
[0.491s] Level 5:colcon.colcon_core.verb:set package 'piper_gazebo' build argument 'ament_cmake_args' from command line to 'None'
[0.492s] Level 5:colcon.colcon_core.verb:set package 'piper_gazebo' build argument 'catkin_cmake_args' from command line to 'None'
[0.492s] Level 5:colcon.colcon_core.verb:set package 'piper_gazebo' build argument 'catkin_skip_building_tests' from command line to 'False'
[0.492s] DEBUG:colcon.colcon_core.verb:Building package 'piper_gazebo' with the following arguments: {'ament_cmake_args': None, 'build_base': '/home/sam/piper_ros/build/piper_gazebo', 'catkin_cmake_args': None, 'catkin_skip_building_tests': False, 'cmake_args': None, 'cmake_clean_cache': False, 'cmake_clean_first': False, 'cmake_force_configure': False, 'cmake_target': None, 'cmake_target_skip_unavailable': False, 'install_base': '/home/sam/piper_ros/install/piper_gazebo', 'merge_install': False, 'path': '/home/sam/piper_ros/src/piper_sim/piper_gazebo', 'symlink_install': False, 'test_result_base': None}
[0.492s] Level 5:colcon.colcon_core.verb:set package 'piper_humble' build argument 'cmake_args' from command line to 'None'
[0.492s] Level 5:colcon.colcon_core.verb:set package 'piper_humble' build argument 'cmake_target' from command line to 'None'
[0.492s] Level 5:colcon.colcon_core.verb:set package 'piper_humble' build argument 'cmake_target_skip_unavailable' from command line to 'False'
[0.492s] Level 5:colcon.colcon_core.verb:set package 'piper_humble' build argument 'cmake_clean_cache' from command line to 'False'
[0.492s] Level 5:colcon.colcon_core.verb:set package 'piper_humble' build argument 'cmake_clean_first' from command line to 'False'
[0.492s] Level 5:colcon.colcon_core.verb:set package 'piper_humble' build argument 'cmake_force_configure' from command line to 'False'
[0.492s] Level 5:colcon.colcon_core.verb:set package 'piper_humble' build argument 'ament_cmake_args' from command line to 'None'
[0.492s] Level 5:colcon.colcon_core.verb:set package 'piper_humble' build argument 'catkin_cmake_args' from command line to 'None'
[0.492s] Level 5:colcon.colcon_core.verb:set package 'piper_humble' build argument 'catkin_skip_building_tests' from command line to 'False'
[0.492s] DEBUG:colcon.colcon_core.verb:Building package 'piper_humble' with the following arguments: {'ament_cmake_args': None, 'build_base': '/home/sam/piper_ros/build/piper_humble', 'catkin_cmake_args': None, 'catkin_skip_building_tests': False, 'cmake_args': None, 'cmake_clean_cache': False, 'cmake_clean_first': False, 'cmake_force_configure': False, 'cmake_target': None, 'cmake_target_skip_unavailable': False, 'install_base': '/home/sam/piper_ros/install/piper_humble', 'merge_install': False, 'path': '/home/sam/piper_ros/src/piper_humble', 'symlink_install': False, 'test_result_base': None}
[0.493s] Level 5:colcon.colcon_core.verb:set package 'piper_msgs' build argument 'cmake_args' from command line to 'None'
[0.493s] Level 5:colcon.colcon_core.verb:set package 'piper_msgs' build argument 'cmake_target' from command line to 'None'
[0.493s] Level 5:colcon.colcon_core.verb:set package 'piper_msgs' build argument 'cmake_target_skip_unavailable' from command line to 'False'
[0.493s] Level 5:colcon.colcon_core.verb:set package 'piper_msgs' build argument 'cmake_clean_cache' from command line to 'False'
[0.493s] Level 5:colcon.colcon_core.verb:set package 'piper_msgs' build argument 'cmake_clean_first' from command line to 'False'
[0.493s] Level 5:colcon.colcon_core.verb:set package 'piper_msgs' build argument 'cmake_force_configure' from command line to 'False'
[0.493s] Level 5:colcon.colcon_core.verb:set package 'piper_msgs' build argument 'ament_cmake_args' from command line to 'None'
[0.493s] Level 5:colcon.colcon_core.verb:set package 'piper_msgs' build argument 'catkin_cmake_args' from command line to 'None'
[0.493s] Level 5:colcon.colcon_core.verb:set package 'piper_msgs' build argument 'catkin_skip_building_tests' from command line to 'False'
[0.493s] DEBUG:colcon.colcon_core.verb:Building package 'piper_msgs' with the following arguments: {'ament_cmake_args': None, 'build_base': '/home/sam/piper_ros/build/piper_msgs', 'catkin_cmake_args': None, 'catkin_skip_building_tests': False, 'cmake_args': None, 'cmake_clean_cache': False, 'cmake_clean_first': False, 'cmake_force_configure': False, 'cmake_target': None, 'cmake_target_skip_unavailable': False, 'install_base': '/home/sam/piper_ros/install/piper_msgs', 'merge_install': False, 'path': '/home/sam/piper_ros/src/piper_msgs', 'symlink_install': False, 'test_result_base': None}
[0.494s] Level 5:colcon.colcon_core.verb:set package 'piper_mujoco' build argument 'cmake_args' from command line to 'None'
[0.494s] Level 5:colcon.colcon_core.verb:set package 'piper_mujoco' build argument 'cmake_target' from command line to 'None'
[0.494s] Level 5:colcon.colcon_core.verb:set package 'piper_mujoco' build argument 'cmake_target_skip_unavailable' from command line to 'False'
[0.494s] Level 5:colcon.colcon_core.verb:set package 'piper_mujoco' build argument 'cmake_clean_cache' from command line to 'False'
[0.494s] Level 5:colcon.colcon_core.verb:set package 'piper_mujoco' build argument 'cmake_clean_first' from command line to 'False'
[0.494s] Level 5:colcon.colcon_core.verb:set package 'piper_mujoco' build argument 'cmake_force_configure' from command line to 'False'
[0.494s] Level 5:colcon.colcon_core.verb:set package 'piper_mujoco' build argument 'ament_cmake_args' from command line to 'None'
[0.494s] Level 5:colcon.colcon_core.verb:set package 'piper_mujoco' build argument 'catkin_cmake_args' from command line to 'None'
[0.494s] Level 5:colcon.colcon_core.verb:set package 'piper_mujoco' build argument 'catkin_skip_building_tests' from command line to 'False'
[0.494s] DEBUG:colcon.colcon_core.verb:Building package 'piper_mujoco' with the following arguments: {'ament_cmake_args': None, 'build_base': '/home/sam/piper_ros/build/piper_mujoco', 'catkin_cmake_args': None, 'catkin_skip_building_tests': False, 'cmake_args': None, 'cmake_clean_cache': False, 'cmake_clean_first': False, 'cmake_force_configure': False, 'cmake_target': None, 'cmake_target_skip_unavailable': False, 'install_base': '/home/sam/piper_ros/install/piper_mujoco', 'merge_install': False, 'path': '/home/sam/piper_ros/src/piper_sim/piper_mujoco', 'symlink_install': False, 'test_result_base': None}
[0.494s] Level 5:colcon.colcon_core.verb:set package 'piper_no_gripper_moveit' build argument 'cmake_args' from command line to 'None'
[0.494s] Level 5:colcon.colcon_core.verb:set package 'piper_no_gripper_moveit' build argument 'cmake_target' from command line to 'None'
[0.494s] Level 5:colcon.colcon_core.verb:set package 'piper_no_gripper_moveit' build argument 'cmake_target_skip_unavailable' from command line to 'False'
[0.494s] Level 5:colcon.colcon_core.verb:set package 'piper_no_gripper_moveit' build argument 'cmake_clean_cache' from command line to 'False'
[0.494s] Level 5:colcon.colcon_core.verb:set package 'piper_no_gripper_moveit' build argument 'cmake_clean_first' from command line to 'False'
[0.495s] Level 5:colcon.colcon_core.verb:set package 'piper_no_gripper_moveit' build argument 'cmake_force_configure' from command line to 'False'
[0.495s] Level 5:colcon.colcon_core.verb:set package 'piper_no_gripper_moveit' build argument 'ament_cmake_args' from command line to 'None'
[0.495s] Level 5:colcon.colcon_core.verb:set package 'piper_no_gripper_moveit' build argument 'catkin_cmake_args' from command line to 'None'
[0.495s] Level 5:colcon.colcon_core.verb:set package 'piper_no_gripper_moveit' build argument 'catkin_skip_building_tests' from command line to 'False'
[0.495s] DEBUG:colcon.colcon_core.verb:Building package 'piper_no_gripper_moveit' with the following arguments: {'ament_cmake_args': None, 'build_base': '/home/sam/piper_ros/build/piper_no_gripper_moveit', 'catkin_cmake_args': None, 'catkin_skip_building_tests': False, 'cmake_args': None, 'cmake_clean_cache': False, 'cmake_clean_first': False, 'cmake_force_configure': False, 'cmake_target': None, 'cmake_target_skip_unavailable': False, 'install_base': '/home/sam/piper_ros/install/piper_no_gripper_moveit', 'merge_install': False, 'path': '/home/sam/piper_ros/src/piper_moveit/piper_no_gripper_moveit', 'symlink_install': False, 'test_result_base': None}
[0.495s] Level 5:colcon.colcon_core.verb:set package 'piper_with_gripper_moveit' build argument 'cmake_args' from command line to 'None'
[0.495s] Level 5:colcon.colcon_core.verb:set package 'piper_with_gripper_moveit' build argument 'cmake_target' from command line to 'None'
[0.495s] Level 5:colcon.colcon_core.verb:set package 'piper_with_gripper_moveit' build argument 'cmake_target_skip_unavailable' from command line to 'False'
[0.495s] Level 5:colcon.colcon_core.verb:set package 'piper_with_gripper_moveit' build argument 'cmake_clean_cache' from command line to 'False'
[0.495s] Level 5:colcon.colcon_core.verb:set package 'piper_with_gripper_moveit' build argument 'cmake_clean_first' from command line to 'False'
[0.495s] Level 5:colcon.colcon_core.verb:set package 'piper_with_gripper_moveit' build argument 'cmake_force_configure' from command line to 'False'
[0.495s] Level 5:colcon.colcon_core.verb:set package 'piper_with_gripper_moveit' build argument 'ament_cmake_args' from command line to 'None'
[0.495s] Level 5:colcon.colcon_core.verb:set package 'piper_with_gripper_moveit' build argument 'catkin_cmake_args' from command line to 'None'
[0.495s] Level 5:colcon.colcon_core.verb:set package 'piper_with_gripper_moveit' build argument 'catkin_skip_building_tests' from command line to 'False'
[0.495s] DEBUG:colcon.colcon_core.verb:Building package 'piper_with_gripper_moveit' with the following arguments: {'ament_cmake_args': None, 'build_base': '/home/sam/piper_ros/build/piper_with_gripper_moveit', 'catkin_cmake_args': None, 'catkin_skip_building_tests': False, 'cmake_args': None, 'cmake_clean_cache': False, 'cmake_clean_first': False, 'cmake_force_configure': False, 'cmake_target': None, 'cmake_target_skip_unavailable': False, 'install_base': '/home/sam/piper_ros/install/piper_with_gripper_moveit', 'merge_install': False, 'path': '/home/sam/piper_ros/src/piper_moveit/piper_with_gripper_moveit', 'symlink_install': False, 'test_result_base': None}
[0.495s] INFO:colcon.colcon_core.executor:Executing jobs using 'parallel' executor
[0.496s] DEBUG:colcon.colcon_parallel_executor.executor.parallel:run_until_complete
[0.497s] INFO:colcon.colcon_ros.task.ament_cmake.build:Building ROS package in '/home/sam/piper_ros/src/piper_description' with build type 'ament_cmake'
[0.497s] INFO:colcon.colcon_cmake.task.cmake.build:Building CMake package in '/home/sam/piper_ros/src/piper_description'
[0.500s] INFO:colcon.colcon_core.plugin_system:Skipping extension 'colcon_core.shell.bat': Not used on non-Windows systems
[0.501s] INFO:colcon.colcon_core.shell:Skip shell extension 'powershell' for command environment: Not usable outside of PowerShell
[0.501s] DEBUG:colcon.colcon_core.shell:Skip shell extension 'dsv' for command environment
[0.506s] INFO:colcon.colcon_ros.task.ament_python.build:Building ROS package in '/home/sam/piper_ros/src/piper' with build type 'ament_python'
[0.506s] Level 1:colcon.colcon_core.shell:create_environment_hook('piper', 'ament_prefix_path')
[0.506s] INFO:colcon.colcon_core.shell:Creating environment hook '/home/sam/piper_ros/install/piper/share/piper/hook/ament_prefix_path.ps1'
[0.507s] INFO:colcon.colcon_core.shell:Creating environment descriptor '/home/sam/piper_ros/install/piper/share/piper/hook/ament_prefix_path.dsv'
[0.508s] INFO:colcon.colcon_core.shell:Creating environment hook '/home/sam/piper_ros/install/piper/share/piper/hook/ament_prefix_path.sh'
[0.509s] INFO:colcon.colcon_core.shell:Skip shell extension 'powershell' for command environment: Not usable outside of PowerShell
[0.510s] DEBUG:colcon.colcon_core.shell:Skip shell extension 'dsv' for command environment
[0.514s] INFO:colcon.colcon_ros.task.ament_cmake.build:Building ROS package in '/home/sam/piper_ros/src/piper_sim/piper_gazebo' with build type 'ament_cmake'
[0.515s] INFO:colcon.colcon_cmake.task.cmake.build:Building CMake package in '/home/sam/piper_ros/src/piper_sim/piper_gazebo'
[0.515s] INFO:colcon.colcon_core.shell:Skip shell extension 'powershell' for command environment: Not usable outside of PowerShell
[0.515s] DEBUG:colcon.colcon_core.shell:Skip shell extension 'dsv' for command environment
[0.520s] INFO:colcon.colcon_ros.task.ament_cmake.build:Building ROS package in '/home/sam/piper_ros/src/piper_humble' with build type 'ament_cmake'
[0.520s] INFO:colcon.colcon_cmake.task.cmake.build:Building CMake package in '/home/sam/piper_ros/src/piper_humble'
[0.521s] INFO:colcon.colcon_core.shell:Skip shell extension 'powershell' for command environment: Not usable outside of PowerShell
[0.521s] DEBUG:colcon.colcon_core.shell:Skip shell extension 'dsv' for command environment
[0.535s] DEBUG:colcon.colcon_core.event_handler.log_command:Invoking command in '/home/sam/piper_ros/build/piper_description': CMAKE_PREFIX_PATH=${CMAKE_PREFIX_PATH}:/home/sam/piper_ros/install/piper:/opt/ros/humble /usr/bin/cmake --build /home/sam/piper_ros/build/piper_description -- -j4 -l4
[0.867s] INFO:colcon.colcon_core.task.python.build:Building Python package in '/home/sam/piper_ros/src/piper'
[0.867s] INFO:colcon.colcon_core.shell:Skip shell extension 'powershell' for command environment: Not usable outside of PowerShell
[0.867s] DEBUG:colcon.colcon_core.shell:Skip shell extension 'dsv' for command environment
[0.875s] DEBUG:colcon.colcon_core.event_handler.log_command:Invoking command in '/home/sam/piper_ros/build/piper_gazebo': CMAKE_PREFIX_PATH=${CMAKE_PREFIX_PATH}:/home/sam/piper_ros/install/piper:/opt/ros/humble /usr/bin/cmake --build /home/sam/piper_ros/build/piper_gazebo -- -j4 -l4
[0.880s] DEBUG:colcon.colcon_core.event_handler.log_command:Invoking command in '/home/sam/piper_ros/build/piper_humble': CMAKE_PREFIX_PATH=${CMAKE_PREFIX_PATH}:/home/sam/piper_ros/install/piper:/opt/ros/humble /usr/bin/cmake --build /home/sam/piper_ros/build/piper_humble -- -j4 -l4
[0.883s] DEBUG:colcon.colcon_core.event_handler.log_command:Invoked command in '/home/sam/piper_ros/build/piper_description' returned '0': CMAKE_PREFIX_PATH=${CMAKE_PREFIX_PATH}:/home/sam/piper_ros/install/piper:/opt/ros/humble /usr/bin/cmake --build /home/sam/piper_ros/build/piper_description -- -j4 -l4
[0.900s] DEBUG:colcon.colcon_core.event_handler.log_command:Invoking command in '/home/sam/piper_ros/build/piper_description': CMAKE_PREFIX_PATH=${CMAKE_PREFIX_PATH}:/home/sam/piper_ros/install/piper:/opt/ros/humble /usr/bin/cmake --install /home/sam/piper_ros/build/piper_description
[0.926s] Level 1:colcon.colcon_core.environment:create_environment_scripts_only(piper_description)
[0.933s] Level 1:colcon.colcon_core.environment:checking '/home/sam/piper_ros/install/piper_description' for CMake module files
[0.934s] DEBUG:colcon.colcon_core.event_handler.log_command:Invoked command in '/home/sam/piper_ros/build/piper_description' returned '0': CMAKE_PREFIX_PATH=${CMAKE_PREFIX_PATH}:/home/sam/piper_ros/install/piper:/opt/ros/humble /usr/bin/cmake --install /home/sam/piper_ros/build/piper_description
[0.935s] Level 1:colcon.colcon_core.environment:checking '/home/sam/piper_ros/install/piper_description' for CMake config files
[0.936s] Level 1:colcon.colcon_core.shell:create_environment_hook('piper_description', 'cmake_prefix_path')
[0.936s] INFO:colcon.colcon_core.shell:Creating environment hook '/home/sam/piper_ros/install/piper_description/share/piper_description/hook/cmake_prefix_path.ps1'
[0.938s] INFO:colcon.colcon_core.shell:Creating environment descriptor '/home/sam/piper_ros/install/piper_description/share/piper_description/hook/cmake_prefix_path.dsv'
[0.939s] INFO:colcon.colcon_core.shell:Creating environment hook '/home/sam/piper_ros/install/piper_description/share/piper_description/hook/cmake_prefix_path.sh'
[0.941s] Level 1:colcon.colcon_core.environment:checking '/home/sam/piper_ros/install/piper_description/bin'
[0.941s] Level 1:colcon.colcon_core.environment:checking '/home/sam/piper_ros/install/piper_description/lib/pkgconfig/piper_description.pc'
[0.941s] Level 1:colcon.colcon_core.environment:checking '/home/sam/piper_ros/install/piper_description/lib/python3.10/site-packages'
[0.942s] Level 1:colcon.colcon_core.environment:checking '/home/sam/piper_ros/install/piper_description/bin'
[0.943s] INFO:colcon.colcon_core.shell:Creating package script '/home/sam/piper_ros/install/piper_description/share/piper_description/package.ps1'
[0.944s] INFO:colcon.colcon_core.shell:Creating package descriptor '/home/sam/piper_ros/install/piper_description/share/piper_description/package.dsv'
[0.945s] INFO:colcon.colcon_core.shell:Creating package script '/home/sam/piper_ros/install/piper_description/share/piper_description/package.sh'
[0.946s] INFO:colcon.colcon_core.shell:Creating package script '/home/sam/piper_ros/install/piper_description/share/piper_description/package.bash'
[0.947s] INFO:colcon.colcon_core.shell:Creating package script '/home/sam/piper_ros/install/piper_description/share/piper_description/package.zsh'
[0.948s] Level 1:colcon.colcon_core.environment:create_file_with_runtime_dependencies(/home/sam/piper_ros/install/piper_description/share/colcon-core/packages/piper_description)
[0.949s] Level 1:colcon.colcon_core.environment:create_environment_scripts_only(piper_description)
[0.949s] Level 1:colcon.colcon_core.environment:checking '/home/sam/piper_ros/install/piper_description' for CMake module files
[0.950s] Level 1:colcon.colcon_core.environment:checking '/home/sam/piper_ros/install/piper_description' for CMake config files
[0.951s] Level 1:colcon.colcon_core.shell:create_environment_hook('piper_description', 'cmake_prefix_path')
[0.951s] INFO:colcon.colcon_core.shell:Creating environment hook '/home/sam/piper_ros/install/piper_description/share/piper_description/hook/cmake_prefix_path.ps1'
[0.951s] INFO:colcon.colcon_core.shell:Creating environment descriptor '/home/sam/piper_ros/install/piper_description/share/piper_description/hook/cmake_prefix_path.dsv'
[0.952s] INFO:colcon.colcon_core.shell:Creating environment hook '/home/sam/piper_ros/install/piper_description/share/piper_description/hook/cmake_prefix_path.sh'
[0.953s] Level 1:colcon.colcon_core.environment:checking '/home/sam/piper_ros/install/piper_description/bin'
[0.953s] Level 1:colcon.colcon_core.environment:checking '/home/sam/piper_ros/install/piper_description/lib/pkgconfig/piper_description.pc'
[0.953s] Level 1:colcon.colcon_core.environment:checking '/home/sam/piper_ros/install/piper_description/lib/python3.10/site-packages'
[0.954s] Level 1:colcon.colcon_core.environment:checking '/home/sam/piper_ros/install/piper_description/bin'
[0.954s] INFO:colcon.colcon_core.shell:Creating package script '/home/sam/piper_ros/install/piper_description/share/piper_description/package.ps1'
[0.955s] INFO:colcon.colcon_core.shell:Creating package descriptor '/home/sam/piper_ros/install/piper_description/share/piper_description/package.dsv'
[0.955s] INFO:colcon.colcon_core.shell:Creating package script '/home/sam/piper_ros/install/piper_description/share/piper_description/package.sh'
[0.956s] INFO:colcon.colcon_core.shell:Creating package script '/home/sam/piper_ros/install/piper_description/share/piper_description/package.bash'
[0.956s] INFO:colcon.colcon_core.shell:Creating package script '/home/sam/piper_ros/install/piper_description/share/piper_description/package.zsh'
[0.957s] Level 1:colcon.colcon_core.environment:create_file_with_runtime_dependencies(/home/sam/piper_ros/install/piper_description/share/colcon-core/packages/piper_description)
[0.958s] INFO:colcon.colcon_ros.task.ament_cmake.build:Building ROS package in '/home/sam/piper_ros/src/piper_msgs' with build type 'ament_cmake'
[0.958s] INFO:colcon.colcon_cmake.task.cmake.build:Building CMake package in '/home/sam/piper_ros/src/piper_msgs'
[0.959s] INFO:colcon.colcon_core.shell:Skip shell extension 'powershell' for command environment: Not usable outside of PowerShell
[0.959s] DEBUG:colcon.colcon_core.shell:Skip shell extension 'dsv' for command environment
[0.969s] DEBUG:colcon.colcon_core.event_handler.log_command:Invoked command in '/home/sam/piper_ros/build/piper_gazebo' returned '0': CMAKE_PREFIX_PATH=${CMAKE_PREFIX_PATH}:/home/sam/piper_ros/install/piper:/opt/ros/humble /usr/bin/cmake --build /home/sam/piper_ros/build/piper_gazebo -- -j4 -l4
[0.972s] DEBUG:colcon.colcon_core.event_handler.log_command:Invoking command in '/home/sam/piper_ros/build/piper_gazebo': CMAKE_PREFIX_PATH=${CMAKE_PREFIX_PATH}:/home/sam/piper_ros/install/piper:/opt/ros/humble /usr/bin/cmake --install /home/sam/piper_ros/build/piper_gazebo
[0.974s] DEBUG:colcon.colcon_core.event_handler.log_command:Invoked command in '/home/sam/piper_ros/build/piper_humble' returned '0': CMAKE_PREFIX_PATH=${CMAKE_PREFIX_PATH}:/home/sam/piper_ros/install/piper:/opt/ros/humble /usr/bin/cmake --build /home/sam/piper_ros/build/piper_humble -- -j4 -l4
[0.976s] DEBUG:colcon.colcon_core.event_handler.log_command:Invoking command in '/home/sam/piper_ros/build/piper_humble': CMAKE_PREFIX_PATH=${CMAKE_PREFIX_PATH}:/home/sam/piper_ros/install/piper:/opt/ros/humble /usr/bin/cmake --install /home/sam/piper_ros/build/piper_humble
[0.981s] DEBUG:colcon.colcon_core.event_handler.log_command:Invoking command in '/home/sam/piper_ros/build/piper_msgs': CMAKE_PREFIX_PATH=${CMAKE_PREFIX_PATH}:/home/sam/piper_ros/install/piper:/opt/ros/humble /usr/bin/cmake --build /home/sam/piper_ros/build/piper_msgs -- -j4 -l4
[0.991s] Level 1:colcon.colcon_core.environment:create_environment_scripts_only(piper_gazebo)
[0.992s] Level 1:colcon.colcon_core.environment:checking '/home/sam/piper_ros/install/piper_gazebo' for CMake module files
[0.993s] Level 1:colcon.colcon_core.environment:checking '/home/sam/piper_ros/install/piper_gazebo' for CMake config files
[0.995s] Level 1:colcon.colcon_core.shell:create_environment_hook('piper_gazebo', 'cmake_prefix_path')
[0.995s] INFO:colcon.colcon_core.shell:Creating environment hook '/home/sam/piper_ros/install/piper_gazebo/share/piper_gazebo/hook/cmake_prefix_path.ps1'
[0.997s] INFO:colcon.colcon_core.shell:Creating environment descriptor '/home/sam/piper_ros/install/piper_gazebo/share/piper_gazebo/hook/cmake_prefix_path.dsv'
[0.999s] INFO:colcon.colcon_core.shell:Creating environment hook '/home/sam/piper_ros/install/piper_gazebo/share/piper_gazebo/hook/cmake_prefix_path.sh'
[1.000s] DEBUG:colcon.colcon_core.event_handler.log_command:Invoked command in '/home/sam/piper_ros/build/piper_gazebo' returned '0': CMAKE_PREFIX_PATH=${CMAKE_PREFIX_PATH}:/home/sam/piper_ros/install/piper:/opt/ros/humble /usr/bin/cmake --install /home/sam/piper_ros/build/piper_gazebo
[1.001s] Level 1:colcon.colcon_core.environment:checking '/home/sam/piper_ros/install/piper_gazebo/lib'
[1.003s] Level 1:colcon.colcon_core.environment:checking '/home/sam/piper_ros/install/piper_gazebo/bin'
[1.003s] Level 1:colcon.colcon_core.environment:checking '/home/sam/piper_ros/install/piper_gazebo/lib/pkgconfig/piper_gazebo.pc'
[1.004s] Level 1:colcon.colcon_core.environment:checking '/home/sam/piper_ros/install/piper_gazebo/lib/python3.10/site-packages'
[1.004s] Level 1:colcon.colcon_core.environment:checking '/home/sam/piper_ros/install/piper_gazebo/bin'
[1.005s] INFO:colcon.colcon_core.shell:Creating package script '/home/sam/piper_ros/install/piper_gazebo/share/piper_gazebo/package.ps1'
[1.007s] INFO:colcon.colcon_core.shell:Creating package descriptor '/home/sam/piper_ros/install/piper_gazebo/share/piper_gazebo/package.dsv'
[1.008s] INFO:colcon.colcon_core.shell:Creating package script '/home/sam/piper_ros/install/piper_gazebo/share/piper_gazebo/package.sh'
[1.009s] INFO:colcon.colcon_core.shell:Creating package script '/home/sam/piper_ros/install/piper_gazebo/share/piper_gazebo/package.bash'
[1.010s] INFO:colcon.colcon_core.shell:Creating package script '/home/sam/piper_ros/install/piper_gazebo/share/piper_gazebo/package.zsh'
[1.011s] Level 1:colcon.colcon_core.environment:create_file_with_runtime_dependencies(/home/sam/piper_ros/install/piper_gazebo/share/colcon-core/packages/piper_gazebo)
[1.012s] Level 1:colcon.colcon_core.environment:create_environment_scripts_only(piper_gazebo)
[1.012s] Level 1:colcon.colcon_core.environment:checking '/home/sam/piper_ros/install/piper_gazebo' for CMake module files
[1.013s] Level 1:colcon.colcon_core.environment:checking '/home/sam/piper_ros/install/piper_gazebo' for CMake config files
[1.014s] Level 1:colcon.colcon_core.shell:create_environment_hook('piper_gazebo', 'cmake_prefix_path')
[1.014s] INFO:colcon.colcon_core.shell:Creating environment hook '/home/sam/piper_ros/install/piper_gazebo/share/piper_gazebo/hook/cmake_prefix_path.ps1'
[1.015s] INFO:colcon.colcon_core.shell:Creating environment descriptor '/home/sam/piper_ros/install/piper_gazebo/share/piper_gazebo/hook/cmake_prefix_path.dsv'
[1.016s] INFO:colcon.colcon_core.shell:Creating environment hook '/home/sam/piper_ros/install/piper_gazebo/share/piper_gazebo/hook/cmake_prefix_path.sh'
[1.017s] Level 1:colcon.colcon_core.environment:checking '/home/sam/piper_ros/install/piper_gazebo/lib'
[1.017s] Level 1:colcon.colcon_core.environment:checking '/home/sam/piper_ros/install/piper_gazebo/bin'
[1.018s] Level 1:colcon.colcon_core.environment:checking '/home/sam/piper_ros/install/piper_gazebo/lib/pkgconfig/piper_gazebo.pc'
[1.018s] Level 1:colcon.colcon_core.environment:checking '/home/sam/piper_ros/install/piper_gazebo/lib/python3.10/site-packages'
[1.018s] Level 1:colcon.colcon_core.environment:checking '/home/sam/piper_ros/install/piper_gazebo/bin'
[1.020s] INFO:colcon.colcon_core.shell:Creating package script '/home/sam/piper_ros/install/piper_gazebo/share/piper_gazebo/package.ps1'
[1.021s] INFO:colcon.colcon_core.shell:Creating package descriptor '/home/sam/piper_ros/install/piper_gazebo/share/piper_gazebo/package.dsv'
[1.022s] INFO:colcon.colcon_core.shell:Creating package script '/home/sam/piper_ros/install/piper_gazebo/share/piper_gazebo/package.sh'
[1.023s] INFO:colcon.colcon_core.shell:Creating package script '/home/sam/piper_ros/install/piper_gazebo/share/piper_gazebo/package.bash'
[1.024s] INFO:colcon.colcon_core.shell:Creating package script '/home/sam/piper_ros/install/piper_gazebo/share/piper_gazebo/package.zsh'
[1.025s] Level 1:colcon.colcon_core.environment:create_file_with_runtime_dependencies(/home/sam/piper_ros/install/piper_gazebo/share/colcon-core/packages/piper_gazebo)
[1.026s] INFO:colcon.colcon_ros.task.ament_cmake.build:Building ROS package in '/home/sam/piper_ros/src/piper_sim/piper_mujoco' with build type 'ament_cmake'
[1.026s] INFO:colcon.colcon_cmake.task.cmake.build:Building CMake package in '/home/sam/piper_ros/src/piper_sim/piper_mujoco'
[1.027s] INFO:colcon.colcon_core.shell:Skip shell extension 'powershell' for command environment: Not usable outside of PowerShell
[1.027s] DEBUG:colcon.colcon_core.shell:Skip shell extension 'dsv' for command environment
[1.036s] Level 1:colcon.colcon_core.environment:create_environment_scripts_only(piper_humble)
[1.036s] Level 1:colcon.colcon_core.environment:checking '/home/sam/piper_ros/install/piper_humble' for CMake module files
[1.038s] DEBUG:colcon.colcon_core.event_handler.log_command:Invoked command in '/home/sam/piper_ros/build/piper_humble' returned '0': CMAKE_PREFIX_PATH=${CMAKE_PREFIX_PATH}:/home/sam/piper_ros/install/piper:/opt/ros/humble /usr/bin/cmake --install /home/sam/piper_ros/build/piper_humble
[1.039s] Level 1:colcon.colcon_core.environment:checking '/home/sam/piper_ros/install/piper_humble' for CMake config files
[1.039s] Level 1:colcon.colcon_core.shell:create_environment_hook('piper_humble', 'cmake_prefix_path')
[1.040s] INFO:colcon.colcon_core.shell:Creating environment hook '/home/sam/piper_ros/install/piper_humble/share/piper_humble/hook/cmake_prefix_path.ps1'
[1.041s] INFO:colcon.colcon_core.shell:Creating environment descriptor '/home/sam/piper_ros/install/piper_humble/share/piper_humble/hook/cmake_prefix_path.dsv'
[1.041s] INFO:colcon.colcon_core.shell:Creating environment hook '/home/sam/piper_ros/install/piper_humble/share/piper_humble/hook/cmake_prefix_path.sh'
[1.043s] Level 1:colcon.colcon_core.environment:checking '/home/sam/piper_ros/install/piper_humble/bin'
[1.043s] Level 1:colcon.colcon_core.environment:checking '/home/sam/piper_ros/install/piper_humble/lib/pkgconfig/piper_humble.pc'
[1.044s] Level 1:colcon.colcon_core.environment:checking '/home/sam/piper_ros/install/piper_humble/lib/python3.10/site-packages'
[1.044s] Level 1:colcon.colcon_core.environment:checking '/home/sam/piper_ros/install/piper_humble/bin'
[1.045s] INFO:colcon.colcon_core.shell:Creating package script '/home/sam/piper_ros/install/piper_humble/share/piper_humble/package.ps1'
[1.048s] INFO:colcon.colcon_core.shell:Creating package descriptor '/home/sam/piper_ros/install/piper_humble/share/piper_humble/package.dsv'
[1.049s] INFO:colcon.colcon_core.shell:Creating package script '/home/sam/piper_ros/install/piper_humble/share/piper_humble/package.sh'
[1.053s] INFO:colcon.colcon_core.shell:Creating package script '/home/sam/piper_ros/install/piper_humble/share/piper_humble/package.bash'
[1.054s] INFO:colcon.colcon_core.shell:Creating package script '/home/sam/piper_ros/install/piper_humble/share/piper_humble/package.zsh'
[1.056s] Level 1:colcon.colcon_core.environment:create_file_with_runtime_dependencies(/home/sam/piper_ros/install/piper_humble/share/colcon-core/packages/piper_humble)
[1.057s] Level 1:colcon.colcon_core.environment:create_environment_scripts_only(piper_humble)
[1.058s] Level 1:colcon.colcon_core.environment:checking '/home/sam/piper_ros/install/piper_humble' for CMake module files
[1.058s] Level 1:colcon.colcon_core.environment:checking '/home/sam/piper_ros/install/piper_humble' for CMake config files
[1.059s] Level 1:colcon.colcon_core.shell:create_environment_hook('piper_humble', 'cmake_prefix_path')
[1.060s] INFO:colcon.colcon_core.shell:Creating environment hook '/home/sam/piper_ros/install/piper_humble/share/piper_humble/hook/cmake_prefix_path.ps1'
[1.060s] INFO:colcon.colcon_core.shell:Creating environment descriptor '/home/sam/piper_ros/install/piper_humble/share/piper_humble/hook/cmake_prefix_path.dsv'
[1.061s] INFO:colcon.colcon_core.shell:Creating environment hook '/home/sam/piper_ros/install/piper_humble/share/piper_humble/hook/cmake_prefix_path.sh'
[1.062s] Level 1:colcon.colcon_core.environment:checking '/home/sam/piper_ros/install/piper_humble/bin'
[1.063s] Level 1:colcon.colcon_core.environment:checking '/home/sam/piper_ros/install/piper_humble/lib/pkgconfig/piper_humble.pc'
[1.063s] Level 1:colcon.colcon_core.environment:checking '/home/sam/piper_ros/install/piper_humble/lib/python3.10/site-packages'
[1.063s] Level 1:colcon.colcon_core.environment:checking '/home/sam/piper_ros/install/piper_humble/bin'
[1.064s] INFO:colcon.colcon_core.shell:Creating package script '/home/sam/piper_ros/install/piper_humble/share/piper_humble/package.ps1'
[1.065s] INFO:colcon.colcon_core.shell:Creating package descriptor '/home/sam/piper_ros/install/piper_humble/share/piper_humble/package.dsv'
[1.066s] INFO:colcon.colcon_core.shell:Creating package script '/home/sam/piper_ros/install/piper_humble/share/piper_humble/package.sh'
[1.067s] INFO:colcon.colcon_core.shell:Creating package script '/home/sam/piper_ros/install/piper_humble/share/piper_humble/package.bash'
[1.068s] INFO:colcon.colcon_core.shell:Creating package script '/home/sam/piper_ros/install/piper_humble/share/piper_humble/package.zsh'
[1.069s] Level 1:colcon.colcon_core.environment:create_file_with_runtime_dependencies(/home/sam/piper_ros/install/piper_humble/share/colcon-core/packages/piper_humble)
[1.070s] INFO:colcon.colcon_ros.task.ament_cmake.build:Building ROS package in '/home/sam/piper_ros/src/piper_moveit/piper_no_gripper_moveit' with build type 'ament_cmake'
[1.070s] INFO:colcon.colcon_cmake.task.cmake.build:Building CMake package in '/home/sam/piper_ros/src/piper_moveit/piper_no_gripper_moveit'
[1.073s] INFO:colcon.colcon_core.shell:Skip shell extension 'powershell' for command environment: Not usable outside of PowerShell
[1.073s] DEBUG:colcon.colcon_core.shell:Skip shell extension 'dsv' for command environment
[1.090s] DEBUG:colcon.colcon_core.event_handler.log_command:Invoking command in '/home/sam/piper_ros/build/piper_mujoco': CMAKE_PREFIX_PATH=${CMAKE_PREFIX_PATH}:/home/sam/piper_ros/install/piper:/opt/ros/humble /usr/bin/cmake --build /home/sam/piper_ros/build/piper_mujoco -- -j4 -l4
[1.108s] DEBUG:colcon.colcon_core.event_handler.log_command:Invoking command in '/home/sam/piper_ros/build/piper_no_gripper_moveit': CMAKE_PREFIX_PATH=/home/sam/piper_ros/install/piper_description:/home/sam/piper_ros/install/piper_with_gripper_moveit:/home/sam/piper_ros/install/piper_no_gripper_moveit:/home/sam/piper_ros/install/piper_mujoco:/home/sam/piper_ros/install/piper_msgs:/home/sam/piper_ros/install/piper_humble:/home/sam/piper_ros/install/piper_gazebo:/home/sam/piper_ros/install/piper:/opt/ros/humble /usr/bin/cmake --build /home/sam/piper_ros/build/piper_no_gripper_moveit -- -j4 -l4
[1.216s] DEBUG:colcon.colcon_core.event_handler.log_command:Invoked command in '/home/sam/piper_ros/build/piper_mujoco' returned '0': CMAKE_PREFIX_PATH=${CMAKE_PREFIX_PATH}:/home/sam/piper_ros/install/piper:/opt/ros/humble /usr/bin/cmake --build /home/sam/piper_ros/build/piper_mujoco -- -j4 -l4
[1.223s] DEBUG:colcon.colcon_core.event_handler.log_command:Invoking command in '/home/sam/piper_ros/build/piper_mujoco': CMAKE_PREFIX_PATH=${CMAKE_PREFIX_PATH}:/home/sam/piper_ros/install/piper:/opt/ros/humble /usr/bin/cmake --install /home/sam/piper_ros/build/piper_mujoco
[1.240s] Level 1:colcon.colcon_core.environment:create_environment_scripts_only(piper_mujoco)
[1.241s] Level 1:colcon.colcon_core.environment:checking '/home/sam/piper_ros/install/piper_mujoco' for CMake module files
[1.242s] Level 1:colcon.colcon_core.environment:checking '/home/sam/piper_ros/install/piper_mujoco' for CMake config files
[1.242s] Level 1:colcon.colcon_core.shell:create_environment_hook('piper_mujoco', 'cmake_prefix_path')
[1.243s] INFO:colcon.colcon_core.shell:Creating environment hook '/home/sam/piper_ros/install/piper_mujoco/share/piper_mujoco/hook/cmake_prefix_path.ps1'
[1.248s] DEBUG:colcon.colcon_core.event_handler.log_command:Invoked command in '/home/sam/piper_ros/build/piper_mujoco' returned '0': CMAKE_PREFIX_PATH=${CMAKE_PREFIX_PATH}:/home/sam/piper_ros/install/piper:/opt/ros/humble /usr/bin/cmake --install /home/sam/piper_ros/build/piper_mujoco
[1.249s] INFO:colcon.colcon_core.shell:Creating environment descriptor '/home/sam/piper_ros/install/piper_mujoco/share/piper_mujoco/hook/cmake_prefix_path.dsv'
[1.250s] INFO:colcon.colcon_core.shell:Creating environment hook '/home/sam/piper_ros/install/piper_mujoco/share/piper_mujoco/hook/cmake_prefix_path.sh'
[1.251s] Level 1:colcon.colcon_core.environment:checking '/home/sam/piper_ros/install/piper_mujoco/lib'
[1.252s] Level 1:colcon.colcon_core.environment:checking '/home/sam/piper_ros/install/piper_mujoco/bin'
[1.252s] Level 1:colcon.colcon_core.environment:checking '/home/sam/piper_ros/install/piper_mujoco/lib/pkgconfig/piper_mujoco.pc'
[1.252s] Level 1:colcon.colcon_core.environment:checking '/home/sam/piper_ros/install/piper_mujoco/lib/python3.10/site-packages'
[1.253s] Level 1:colcon.colcon_core.environment:checking '/home/sam/piper_ros/install/piper_mujoco/bin'
[1.253s] INFO:colcon.colcon_core.shell:Creating package script '/home/sam/piper_ros/install/piper_mujoco/share/piper_mujoco/package.ps1'
[1.254s] INFO:colcon.colcon_core.shell:Creating package descriptor '/home/sam/piper_ros/install/piper_mujoco/share/piper_mujoco/package.dsv'
[1.255s] INFO:colcon.colcon_core.shell:Creating package script '/home/sam/piper_ros/install/piper_mujoco/share/piper_mujoco/package.sh'
[1.256s] INFO:colcon.colcon_core.shell:Creating package script '/home/sam/piper_ros/install/piper_mujoco/share/piper_mujoco/package.bash'
[1.257s] INFO:colcon.colcon_core.shell:Creating package script '/home/sam/piper_ros/install/piper_mujoco/share/piper_mujoco/package.zsh'
[1.258s] Level 1:colcon.colcon_core.environment:create_file_with_runtime_dependencies(/home/sam/piper_ros/install/piper_mujoco/share/colcon-core/packages/piper_mujoco)
[1.259s] Level 1:colcon.colcon_core.environment:create_environment_scripts_only(piper_mujoco)
[1.260s] Level 1:colcon.colcon_core.environment:checking '/home/sam/piper_ros/install/piper_mujoco' for CMake module files
[1.260s] Level 1:colcon.colcon_core.environment:checking '/home/sam/piper_ros/install/piper_mujoco' for CMake config files
[1.261s] Level 1:colcon.colcon_core.shell:create_environment_hook('piper_mujoco', 'cmake_prefix_path')
[1.261s] INFO:colcon.colcon_core.shell:Creating environment hook '/home/sam/piper_ros/install/piper_mujoco/share/piper_mujoco/hook/cmake_prefix_path.ps1'
[1.262s] INFO:colcon.colcon_core.shell:Creating environment descriptor '/home/sam/piper_ros/install/piper_mujoco/share/piper_mujoco/hook/cmake_prefix_path.dsv'
[1.263s] INFO:colcon.colcon_core.shell:Creating environment hook '/home/sam/piper_ros/install/piper_mujoco/share/piper_mujoco/hook/cmake_prefix_path.sh'
[1.264s] Level 1:colcon.colcon_core.environment:checking '/home/sam/piper_ros/install/piper_mujoco/lib'
[1.265s] Level 1:colcon.colcon_core.environment:checking '/home/sam/piper_ros/install/piper_mujoco/bin'
[1.265s] Level 1:colcon.colcon_core.environment:checking '/home/sam/piper_ros/install/piper_mujoco/lib/pkgconfig/piper_mujoco.pc'
[1.265s] Level 1:colcon.colcon_core.environment:checking '/home/sam/piper_ros/install/piper_mujoco/lib/python3.10/site-packages'
[1.266s] Level 1:colcon.colcon_core.environment:checking '/home/sam/piper_ros/install/piper_mujoco/bin'
[1.266s] INFO:colcon.colcon_core.shell:Creating package script '/home/sam/piper_ros/install/piper_mujoco/share/piper_mujoco/package.ps1'
[1.267s] INFO:colcon.colcon_core.shell:Creating package descriptor '/home/sam/piper_ros/install/piper_mujoco/share/piper_mujoco/package.dsv'
[1.268s] INFO:colcon.colcon_core.shell:Creating package script '/home/sam/piper_ros/install/piper_mujoco/share/piper_mujoco/package.sh'
[1.269s] INFO:colcon.colcon_core.shell:Creating package script '/home/sam/piper_ros/install/piper_mujoco/share/piper_mujoco/package.bash'
[1.270s] INFO:colcon.colcon_core.shell:Creating package script '/home/sam/piper_ros/install/piper_mujoco/share/piper_mujoco/package.zsh'
[1.271s] Level 1:colcon.colcon_core.environment:create_file_with_runtime_dependencies(/home/sam/piper_ros/install/piper_mujoco/share/colcon-core/packages/piper_mujoco)
[1.273s] INFO:colcon.colcon_ros.task.ament_cmake.build:Building ROS package in '/home/sam/piper_ros/src/piper_moveit/piper_with_gripper_moveit' with build type 'ament_cmake'
[1.273s] INFO:colcon.colcon_cmake.task.cmake.build:Building CMake package in '/home/sam/piper_ros/src/piper_moveit/piper_with_gripper_moveit'
[1.274s] INFO:colcon.colcon_core.shell:Skip shell extension 'powershell' for command environment: Not usable outside of PowerShell
[1.274s] DEBUG:colcon.colcon_core.shell:Skip shell extension 'dsv' for command environment
[1.291s] DEBUG:colcon.colcon_core.event_handler.log_command:Invoked command in '/home/sam/piper_ros/build/piper_no_gripper_moveit' returned '0': CMAKE_PREFIX_PATH=/home/sam/piper_ros/install/piper_description:/home/sam/piper_ros/install/piper_with_gripper_moveit:/home/sam/piper_ros/install/piper_no_gripper_moveit:/home/sam/piper_ros/install/piper_mujoco:/home/sam/piper_ros/install/piper_msgs:/home/sam/piper_ros/install/piper_humble:/home/sam/piper_ros/install/piper_gazebo:/home/sam/piper_ros/install/piper:/opt/ros/humble /usr/bin/cmake --build /home/sam/piper_ros/build/piper_no_gripper_moveit -- -j4 -l4
[1.292s] DEBUG:colcon.colcon_core.event_handler.log_command:Invoking command in '/home/sam/piper_ros/build/piper_no_gripper_moveit': CMAKE_PREFIX_PATH=/home/sam/piper_ros/install/piper_description:/home/sam/piper_ros/install/piper_with_gripper_moveit:/home/sam/piper_ros/install/piper_no_gripper_moveit:/home/sam/piper_ros/install/piper_mujoco:/home/sam/piper_ros/install/piper_msgs:/home/sam/piper_ros/install/piper_humble:/home/sam/piper_ros/install/piper_gazebo:/home/sam/piper_ros/install/piper:/opt/ros/humble /usr/bin/cmake --install /home/sam/piper_ros/build/piper_no_gripper_moveit
[1.300s] DEBUG:colcon.colcon_core.event_handler.log_command:Invoking command in '/home/sam/piper_ros/build/piper_with_gripper_moveit': CMAKE_PREFIX_PATH=/home/sam/piper_ros/install/piper_description:/home/sam/piper_ros/install/piper_with_gripper_moveit:/home/sam/piper_ros/install/piper_no_gripper_moveit:/home/sam/piper_ros/install/piper_mujoco:/home/sam/piper_ros/install/piper_msgs:/home/sam/piper_ros/install/piper_humble:/home/sam/piper_ros/install/piper_gazebo:/home/sam/piper_ros/install/piper:/opt/ros/humble /usr/bin/cmake --build /home/sam/piper_ros/build/piper_with_gripper_moveit -- -j4 -l4
[1.320s] Level 1:colcon.colcon_core.environment:create_environment_scripts_only(piper_no_gripper_moveit)
[1.320s] Level 1:colcon.colcon_core.environment:checking '/home/sam/piper_ros/install/piper_no_gripper_moveit' for CMake module files
[1.321s] Level 1:colcon.colcon_core.environment:checking '/home/sam/piper_ros/install/piper_no_gripper_moveit' for CMake config files
[1.322s] Level 1:colcon.colcon_core.shell:create_environment_hook('piper_no_gripper_moveit', 'cmake_prefix_path')
[1.326s] INFO:colcon.colcon_core.shell:Creating environment hook '/home/sam/piper_ros/install/piper_no_gripper_moveit/share/piper_no_gripper_moveit/hook/cmake_prefix_path.ps1'
[1.327s] INFO:colcon.colcon_core.shell:Creating environment descriptor '/home/sam/piper_ros/install/piper_no_gripper_moveit/share/piper_no_gripper_moveit/hook/cmake_prefix_path.dsv'
[1.328s] INFO:colcon.colcon_core.shell:Creating environment hook '/home/sam/piper_ros/install/piper_no_gripper_moveit/share/piper_no_gripper_moveit/hook/cmake_prefix_path.sh'
[1.333s] DEBUG:colcon.colcon_core.event_handler.log_command:Invoked command in '/home/sam/piper_ros/build/piper_no_gripper_moveit' returned '0': CMAKE_PREFIX_PATH=/home/sam/piper_ros/install/piper_description:/home/sam/piper_ros/install/piper_with_gripper_moveit:/home/sam/piper_ros/install/piper_no_gripper_moveit:/home/sam/piper_ros/install/piper_mujoco:/home/sam/piper_ros/install/piper_msgs:/home/sam/piper_ros/install/piper_humble:/home/sam/piper_ros/install/piper_gazebo:/home/sam/piper_ros/install/piper:/opt/ros/humble /usr/bin/cmake --install /home/sam/piper_ros/build/piper_no_gripper_moveit
[1.333s] Level 1:colcon.colcon_core.environment:checking '/home/sam/piper_ros/install/piper_no_gripper_moveit/bin'
[1.333s] Level 1:colcon.colcon_core.environment:checking '/home/sam/piper_ros/install/piper_no_gripper_moveit/lib/pkgconfig/piper_no_gripper_moveit.pc'
[1.334s] Level 1:colcon.colcon_core.environment:checking '/home/sam/piper_ros/install/piper_no_gripper_moveit/lib/python3.10/site-packages'
[1.334s] Level 1:colcon.colcon_core.environment:checking '/home/sam/piper_ros/install/piper_no_gripper_moveit/bin'
[1.335s] INFO:colcon.colcon_core.shell:Creating package script '/home/sam/piper_ros/install/piper_no_gripper_moveit/share/piper_no_gripper_moveit/package.ps1'
[1.338s] INFO:colcon.colcon_core.shell:Creating package descriptor '/home/sam/piper_ros/install/piper_no_gripper_moveit/share/piper_no_gripper_moveit/package.dsv'
[1.339s] INFO:colcon.colcon_core.shell:Creating package script '/home/sam/piper_ros/install/piper_no_gripper_moveit/share/piper_no_gripper_moveit/package.sh'
[1.340s] INFO:colcon.colcon_core.shell:Creating package script '/home/sam/piper_ros/install/piper_no_gripper_moveit/share/piper_no_gripper_moveit/package.bash'
[1.340s] INFO:colcon.colcon_core.shell:Creating package script '/home/sam/piper_ros/install/piper_no_gripper_moveit/share/piper_no_gripper_moveit/package.zsh'
[1.345s] Level 1:colcon.colcon_core.environment:create_file_with_runtime_dependencies(/home/sam/piper_ros/install/piper_no_gripper_moveit/share/colcon-core/packages/piper_no_gripper_moveit)
[1.346s] Level 1:colcon.colcon_core.environment:create_environment_scripts_only(piper_no_gripper_moveit)
[1.347s] Level 1:colcon.colcon_core.environment:checking '/home/sam/piper_ros/install/piper_no_gripper_moveit' for CMake module files
[1.351s] Level 1:colcon.colcon_core.environment:checking '/home/sam/piper_ros/install/piper_no_gripper_moveit' for CMake config files
[1.351s] Level 1:colcon.colcon_core.shell:create_environment_hook('piper_no_gripper_moveit', 'cmake_prefix_path')
[1.352s] INFO:colcon.colcon_core.shell:Creating environment hook '/home/sam/piper_ros/install/piper_no_gripper_moveit/share/piper_no_gripper_moveit/hook/cmake_prefix_path.ps1'
[1.353s] INFO:colcon.colcon_core.shell:Creating environment descriptor '/home/sam/piper_ros/install/piper_no_gripper_moveit/share/piper_no_gripper_moveit/hook/cmake_prefix_path.dsv'
[1.355s] INFO:colcon.colcon_core.shell:Creating environment hook '/home/sam/piper_ros/install/piper_no_gripper_moveit/share/piper_no_gripper_moveit/hook/cmake_prefix_path.sh'
[1.357s] Level 1:colcon.colcon_core.environment:checking '/home/sam/piper_ros/install/piper_no_gripper_moveit/bin'
[1.357s] Level 1:colcon.colcon_core.environment:checking '/home/sam/piper_ros/install/piper_no_gripper_moveit/lib/pkgconfig/piper_no_gripper_moveit.pc'
[1.357s] Level 1:colcon.colcon_core.environment:checking '/home/sam/piper_ros/install/piper_no_gripper_moveit/lib/python3.10/site-packages'
[1.358s] Level 1:colcon.colcon_core.environment:checking '/home/sam/piper_ros/install/piper_no_gripper_moveit/bin'
[1.358s] INFO:colcon.colcon_core.shell:Creating package script '/home/sam/piper_ros/install/piper_no_gripper_moveit/share/piper_no_gripper_moveit/package.ps1'
[1.359s] INFO:colcon.colcon_core.shell:Creating package descriptor '/home/sam/piper_ros/install/piper_no_gripper_moveit/share/piper_no_gripper_moveit/package.dsv'
[1.360s] INFO:colcon.colcon_core.shell:Creating package script '/home/sam/piper_ros/install/piper_no_gripper_moveit/share/piper_no_gripper_moveit/package.sh'
[1.361s] INFO:colcon.colcon_core.shell:Creating package script '/home/sam/piper_ros/install/piper_no_gripper_moveit/share/piper_no_gripper_moveit/package.bash'
[1.362s] INFO:colcon.colcon_core.shell:Creating package script '/home/sam/piper_ros/install/piper_no_gripper_moveit/share/piper_no_gripper_moveit/package.zsh'
[1.363s] Level 1:colcon.colcon_core.environment:create_file_with_runtime_dependencies(/home/sam/piper_ros/install/piper_no_gripper_moveit/share/colcon-core/packages/piper_no_gripper_moveit)
[1.406s] DEBUG:colcon.colcon_core.event_handler.log_command:Invoked command in '/home/sam/piper_ros/build/piper_with_gripper_moveit' returned '0': CMAKE_PREFIX_PATH=/home/sam/piper_ros/install/piper_description:/home/sam/piper_ros/install/piper_with_gripper_moveit:/home/sam/piper_ros/install/piper_no_gripper_moveit:/home/sam/piper_ros/install/piper_mujoco:/home/sam/piper_ros/install/piper_msgs:/home/sam/piper_ros/install/piper_humble:/home/sam/piper_ros/install/piper_gazebo:/home/sam/piper_ros/install/piper:/opt/ros/humble /usr/bin/cmake --build /home/sam/piper_ros/build/piper_with_gripper_moveit -- -j4 -l4
[1.407s] DEBUG:colcon.colcon_core.event_handler.log_command:Invoking command in '/home/sam/piper_ros/build/piper_with_gripper_moveit': CMAKE_PREFIX_PATH=/home/sam/piper_ros/install/piper_description:/home/sam/piper_ros/install/piper_with_gripper_moveit:/home/sam/piper_ros/install/piper_no_gripper_moveit:/home/sam/piper_ros/install/piper_mujoco:/home/sam/piper_ros/install/piper_msgs:/home/sam/piper_ros/install/piper_humble:/home/sam/piper_ros/install/piper_gazebo:/home/sam/piper_ros/install/piper:/opt/ros/humble /usr/bin/cmake --install /home/sam/piper_ros/build/piper_with_gripper_moveit
[1.444s] Level 1:colcon.colcon_core.environment:create_environment_scripts_only(piper_with_gripper_moveit)
[1.444s] Level 1:colcon.colcon_core.environment:checking '/home/sam/piper_ros/install/piper_with_gripper_moveit' for CMake module files
[1.445s] Level 1:colcon.colcon_core.environment:checking '/home/sam/piper_ros/install/piper_with_gripper_moveit' for CMake config files
[1.446s] Level 1:colcon.colcon_core.shell:create_environment_hook('piper_with_gripper_moveit', 'cmake_prefix_path')
[1.449s] INFO:colcon.colcon_core.shell:Creating environment hook '/home/sam/piper_ros/install/piper_with_gripper_moveit/share/piper_with_gripper_moveit/hook/cmake_prefix_path.ps1'
[1.451s] DEBUG:colcon.colcon_core.event_handler.log_command:Invoked command in '/home/sam/piper_ros/build/piper_with_gripper_moveit' returned '0': CMAKE_PREFIX_PATH=/home/sam/piper_ros/install/piper_description:/home/sam/piper_ros/install/piper_with_gripper_moveit:/home/sam/piper_ros/install/piper_no_gripper_moveit:/home/sam/piper_ros/install/piper_mujoco:/home/sam/piper_ros/install/piper_msgs:/home/sam/piper_ros/install/piper_humble:/home/sam/piper_ros/install/piper_gazebo:/home/sam/piper_ros/install/piper:/opt/ros/humble /usr/bin/cmake --install /home/sam/piper_ros/build/piper_with_gripper_moveit
[1.452s] INFO:colcon.colcon_core.shell:Creating environment descriptor '/home/sam/piper_ros/install/piper_with_gripper_moveit/share/piper_with_gripper_moveit/hook/cmake_prefix_path.dsv'
[1.452s] INFO:colcon.colcon_core.shell:Creating environment hook '/home/sam/piper_ros/install/piper_with_gripper_moveit/share/piper_with_gripper_moveit/hook/cmake_prefix_path.sh'
[1.454s] Level 1:colcon.colcon_core.environment:checking '/home/sam/piper_ros/install/piper_with_gripper_moveit/bin'
[1.454s] Level 1:colcon.colcon_core.environment:checking '/home/sam/piper_ros/install/piper_with_gripper_moveit/lib/pkgconfig/piper_with_gripper_moveit.pc'
[1.454s] Level 1:colcon.colcon_core.environment:checking '/home/sam/piper_ros/install/piper_with_gripper_moveit/lib/python3.10/site-packages'
[1.455s] Level 1:colcon.colcon_core.environment:checking '/home/sam/piper_ros/install/piper_with_gripper_moveit/bin'
[1.455s] INFO:colcon.colcon_core.shell:Creating package script '/home/sam/piper_ros/install/piper_with_gripper_moveit/share/piper_with_gripper_moveit/package.ps1'
[1.456s] INFO:colcon.colcon_core.shell:Creating package descriptor '/home/sam/piper_ros/install/piper_with_gripper_moveit/share/piper_with_gripper_moveit/package.dsv'
[1.457s] INFO:colcon.colcon_core.shell:Creating package script '/home/sam/piper_ros/install/piper_with_gripper_moveit/share/piper_with_gripper_moveit/package.sh'
[1.458s] INFO:colcon.colcon_core.shell:Creating package script '/home/sam/piper_ros/install/piper_with_gripper_moveit/share/piper_with_gripper_moveit/package.bash'
[1.459s] INFO:colcon.colcon_core.shell:Creating package script '/home/sam/piper_ros/install/piper_with_gripper_moveit/share/piper_with_gripper_moveit/package.zsh'
[1.460s] Level 1:colcon.colcon_core.environment:create_file_with_runtime_dependencies(/home/sam/piper_ros/install/piper_with_gripper_moveit/share/colcon-core/packages/piper_with_gripper_moveit)
[1.461s] Level 1:colcon.colcon_core.environment:create_environment_scripts_only(piper_with_gripper_moveit)
[1.461s] Level 1:colcon.colcon_core.environment:checking '/home/sam/piper_ros/install/piper_with_gripper_moveit' for CMake module files
[1.462s] Level 1:colcon.colcon_core.environment:checking '/home/sam/piper_ros/install/piper_with_gripper_moveit' for CMake config files
[1.463s] Level 1:colcon.colcon_core.shell:create_environment_hook('piper_with_gripper_moveit', 'cmake_prefix_path')
[1.463s] INFO:colcon.colcon_core.shell:Creating environment hook '/home/sam/piper_ros/install/piper_with_gripper_moveit/share/piper_with_gripper_moveit/hook/cmake_prefix_path.ps1'
[1.464s] INFO:colcon.colcon_core.shell:Creating environment descriptor '/home/sam/piper_ros/install/piper_with_gripper_moveit/share/piper_with_gripper_moveit/hook/cmake_prefix_path.dsv'
[1.465s] INFO:colcon.colcon_core.shell:Creating environment hook '/home/sam/piper_ros/install/piper_with_gripper_moveit/share/piper_with_gripper_moveit/hook/cmake_prefix_path.sh'
[1.466s] Level 1:colcon.colcon_core.environment:checking '/home/sam/piper_ros/install/piper_with_gripper_moveit/bin'
[1.466s] Level 1:colcon.colcon_core.environment:checking '/home/sam/piper_ros/install/piper_with_gripper_moveit/lib/pkgconfig/piper_with_gripper_moveit.pc'
[1.466s] Level 1:colcon.colcon_core.environment:checking '/home/sam/piper_ros/install/piper_with_gripper_moveit/lib/python3.10/site-packages'
[1.467s] Level 1:colcon.colcon_core.environment:checking '/home/sam/piper_ros/install/piper_with_gripper_moveit/bin'
[1.467s] INFO:colcon.colcon_core.shell:Creating package script '/home/sam/piper_ros/install/piper_with_gripper_moveit/share/piper_with_gripper_moveit/package.ps1'
[1.468s] INFO:colcon.colcon_core.shell:Creating package descriptor '/home/sam/piper_ros/install/piper_with_gripper_moveit/share/piper_with_gripper_moveit/package.dsv'
[1.469s] INFO:colcon.colcon_core.shell:Creating package script '/home/sam/piper_ros/install/piper_with_gripper_moveit/share/piper_with_gripper_moveit/package.sh'
[1.470s] INFO:colcon.colcon_core.shell:Creating package script '/home/sam/piper_ros/install/piper_with_gripper_moveit/share/piper_with_gripper_moveit/package.bash'
[1.471s] INFO:colcon.colcon_core.shell:Creating package script '/home/sam/piper_ros/install/piper_with_gripper_moveit/share/piper_with_gripper_moveit/package.zsh'
[1.472s] Level 1:colcon.colcon_core.environment:create_file_with_runtime_dependencies(/home/sam/piper_ros/install/piper_with_gripper_moveit/share/colcon-core/packages/piper_with_gripper_moveit)
[1.639s] DEBUG:colcon.colcon_core.event_handler.log_command:Invoking command in '/home/sam/piper_ros/src/piper': PYTHONPATH=/home/sam/piper_ros/build/piper/prefix_override:/usr/lib/python3/dist-packages/colcon_core/task/python/colcon_distutils_commands:/home/sam/piper_ros/install/piper/lib/python3.10/site-packages:${PYTHONPATH} /usr/bin/python3 -W ignore:setup.py install is deprecated -W ignore:easy_install command is deprecated setup.py egg_info --egg-base ../../build/piper build --build-base /home/sam/piper_ros/build/piper/build install --record /home/sam/piper_ros/build/piper/install.log --single-version-externally-managed install_data
[1.724s] DEBUG:colcon.colcon_core.event_handler.log_command:Invoked command in '/home/sam/piper_ros/build/piper_msgs' returned '0': CMAKE_PREFIX_PATH=${CMAKE_PREFIX_PATH}:/home/sam/piper_ros/install/piper:/opt/ros/humble /usr/bin/cmake --build /home/sam/piper_ros/build/piper_msgs -- -j4 -l4
[1.727s] DEBUG:colcon.colcon_core.event_handler.log_command:Invoking command in '/home/sam/piper_ros/build/piper_msgs': CMAKE_PREFIX_PATH=${CMAKE_PREFIX_PATH}:/home/sam/piper_ros/install/piper:/opt/ros/humble /usr/bin/cmake --install /home/sam/piper_ros/build/piper_msgs
[1.803s] Level 1:colcon.colcon_core.environment:create_environment_scripts_only(piper_msgs)
[1.803s] Level 1:colcon.colcon_core.environment:checking '/home/sam/piper_ros/install/piper_msgs' for CMake module files
[1.804s] DEBUG:colcon.colcon_core.event_handler.log_command:Invoked command in '/home/sam/piper_ros/build/piper_msgs' returned '0': CMAKE_PREFIX_PATH=${CMAKE_PREFIX_PATH}:/home/sam/piper_ros/install/piper:/opt/ros/humble /usr/bin/cmake --install /home/sam/piper_ros/build/piper_msgs
[1.805s] Level 1:colcon.colcon_core.environment:checking '/home/sam/piper_ros/install/piper_msgs' for CMake config files
[1.806s] Level 1:colcon.colcon_core.shell:create_environment_hook('piper_msgs', 'cmake_prefix_path')
[1.806s] INFO:colcon.colcon_core.shell:Creating environment hook '/home/sam/piper_ros/install/piper_msgs/share/piper_msgs/hook/cmake_prefix_path.ps1'
[1.807s] INFO:colcon.colcon_core.shell:Creating environment descriptor '/home/sam/piper_ros/install/piper_msgs/share/piper_msgs/hook/cmake_prefix_path.dsv'
[1.807s] INFO:colcon.colcon_core.shell:Creating environment hook '/home/sam/piper_ros/install/piper_msgs/share/piper_msgs/hook/cmake_prefix_path.sh'
[1.808s] Level 1:colcon.colcon_core.environment:checking '/home/sam/piper_ros/install/piper_msgs/lib'
[1.808s] Level 1:colcon.colcon_core.shell:create_environment_hook('piper_msgs', 'ld_library_path_lib')
[1.808s] INFO:colcon.colcon_core.shell:Creating environment hook '/home/sam/piper_ros/install/piper_msgs/share/piper_msgs/hook/ld_library_path_lib.ps1'
[1.809s] INFO:colcon.colcon_core.shell:Creating environment descriptor '/home/sam/piper_ros/install/piper_msgs/share/piper_msgs/hook/ld_library_path_lib.dsv'
[1.809s] INFO:colcon.colcon_core.shell:Creating environment hook '/home/sam/piper_ros/install/piper_msgs/share/piper_msgs/hook/ld_library_path_lib.sh'
[1.810s] Level 1:colcon.colcon_core.environment:checking '/home/sam/piper_ros/install/piper_msgs/bin'
[1.810s] Level 1:colcon.colcon_core.environment:checking '/home/sam/piper_ros/install/piper_msgs/lib/pkgconfig/piper_msgs.pc'
[1.811s] Level 1:colcon.colcon_core.environment:checking '/home/sam/piper_ros/install/piper_msgs/lib/python3.10/site-packages'
[1.811s] Level 1:colcon.colcon_core.environment:checking '/home/sam/piper_ros/install/piper_msgs/bin'
[1.812s] INFO:colcon.colcon_core.shell:Creating package script '/home/sam/piper_ros/install/piper_msgs/share/piper_msgs/package.ps1'
[1.812s] INFO:colcon.colcon_core.shell:Creating package descriptor '/home/sam/piper_ros/install/piper_msgs/share/piper_msgs/package.dsv'
[1.813s] INFO:colcon.colcon_core.shell:Creating package script '/home/sam/piper_ros/install/piper_msgs/share/piper_msgs/package.sh'
[1.813s] INFO:colcon.colcon_core.shell:Creating package script '/home/sam/piper_ros/install/piper_msgs/share/piper_msgs/package.bash'
[1.814s] INFO:colcon.colcon_core.shell:Creating package script '/home/sam/piper_ros/install/piper_msgs/share/piper_msgs/package.zsh'
[1.814s] Level 1:colcon.colcon_core.environment:create_file_with_runtime_dependencies(/home/sam/piper_ros/install/piper_msgs/share/colcon-core/packages/piper_msgs)
[1.815s] Level 1:colcon.colcon_core.environment:create_environment_scripts_only(piper_msgs)
[1.815s] Level 1:colcon.colcon_core.environment:checking '/home/sam/piper_ros/install/piper_msgs' for CMake module files
[1.816s] Level 1:colcon.colcon_core.environment:checking '/home/sam/piper_ros/install/piper_msgs' for CMake config files
[1.816s] Level 1:colcon.colcon_core.shell:create_environment_hook('piper_msgs', 'cmake_prefix_path')
[1.817s] INFO:colcon.colcon_core.shell:Creating environment hook '/home/sam/piper_ros/install/piper_msgs/share/piper_msgs/hook/cmake_prefix_path.ps1'
[1.817s] INFO:colcon.colcon_core.shell:Creating environment descriptor '/home/sam/piper_ros/install/piper_msgs/share/piper_msgs/hook/cmake_prefix_path.dsv'
[1.818s] INFO:colcon.colcon_core.shell:Creating environment hook '/home/sam/piper_ros/install/piper_msgs/share/piper_msgs/hook/cmake_prefix_path.sh'
[1.819s] Level 1:colcon.colcon_core.environment:checking '/home/sam/piper_ros/install/piper_msgs/lib'
[1.819s] Level 1:colcon.colcon_core.shell:create_environment_hook('piper_msgs', 'ld_library_path_lib')
[1.819s] INFO:colcon.colcon_core.shell:Creating environment hook '/home/sam/piper_ros/install/piper_msgs/share/piper_msgs/hook/ld_library_path_lib.ps1'
[1.820s] INFO:colcon.colcon_core.shell:Creating environment descriptor '/home/sam/piper_ros/install/piper_msgs/share/piper_msgs/hook/ld_library_path_lib.dsv'
[1.820s] INFO:colcon.colcon_core.shell:Creating environment hook '/home/sam/piper_ros/install/piper_msgs/share/piper_msgs/hook/ld_library_path_lib.sh'
[1.821s] Level 1:colcon.colcon_core.environment:checking '/home/sam/piper_ros/install/piper_msgs/bin'
[1.821s] Level 1:colcon.colcon_core.environment:checking '/home/sam/piper_ros/install/piper_msgs/lib/pkgconfig/piper_msgs.pc'
[1.821s] Level 1:colcon.colcon_core.environment:checking '/home/sam/piper_ros/install/piper_msgs/lib/python3.10/site-packages'
[1.821s] Level 1:colcon.colcon_core.environment:checking '/home/sam/piper_ros/install/piper_msgs/bin'
[1.822s] INFO:colcon.colcon_core.shell:Creating package script '/home/sam/piper_ros/install/piper_msgs/share/piper_msgs/package.ps1'
[1.822s] INFO:colcon.colcon_core.shell:Creating package descriptor '/home/sam/piper_ros/install/piper_msgs/share/piper_msgs/package.dsv'
[1.823s] INFO:colcon.colcon_core.shell:Creating package script '/home/sam/piper_ros/install/piper_msgs/share/piper_msgs/package.sh'
[1.823s] INFO:colcon.colcon_core.shell:Creating package script '/home/sam/piper_ros/install/piper_msgs/share/piper_msgs/package.bash'
[1.824s] INFO:colcon.colcon_core.shell:Creating package script '/home/sam/piper_ros/install/piper_msgs/share/piper_msgs/package.zsh'
[1.824s] Level 1:colcon.colcon_core.environment:create_file_with_runtime_dependencies(/home/sam/piper_ros/install/piper_msgs/share/colcon-core/packages/piper_msgs)
[2.075s] Level 1:colcon.colcon_core.environment:checking '/home/sam/piper_ros/install/piper' for CMake module files
[2.076s] DEBUG:colcon.colcon_core.event_handler.log_command:Invoked command in '/home/sam/piper_ros/src/piper' returned '0': PYTHONPATH=/home/sam/piper_ros/build/piper/prefix_override:/usr/lib/python3/dist-packages/colcon_core/task/python/colcon_distutils_commands:/home/sam/piper_ros/install/piper/lib/python3.10/site-packages:${PYTHONPATH} /usr/bin/python3 -W ignore:setup.py install is deprecated -W ignore:easy_install command is deprecated setup.py egg_info --egg-base ../../build/piper build --build-base /home/sam/piper_ros/build/piper/build install --record /home/sam/piper_ros/build/piper/install.log --single-version-externally-managed install_data
[2.076s] Level 1:colcon.colcon_core.environment:checking '/home/sam/piper_ros/install/piper' for CMake config files
[2.077s] Level 1:colcon.colcon_core.environment:checking '/home/sam/piper_ros/install/piper/lib'
[2.077s] Level 1:colcon.colcon_core.environment:checking '/home/sam/piper_ros/install/piper/bin'
[2.077s] Level 1:colcon.colcon_core.environment:checking '/home/sam/piper_ros/install/piper/lib/pkgconfig/piper.pc'
[2.077s] Level 1:colcon.colcon_core.environment:checking '/home/sam/piper_ros/install/piper/lib/python3.10/site-packages'
[2.078s] Level 1:colcon.colcon_core.shell:create_environment_hook('piper', 'pythonpath')
[2.078s] INFO:colcon.colcon_core.shell:Creating environment hook '/home/sam/piper_ros/install/piper/share/piper/hook/pythonpath.ps1'
[2.079s] INFO:colcon.colcon_core.shell:Creating environment descriptor '/home/sam/piper_ros/install/piper/share/piper/hook/pythonpath.dsv'
[2.079s] INFO:colcon.colcon_core.shell:Creating environment hook '/home/sam/piper_ros/install/piper/share/piper/hook/pythonpath.sh'
[2.080s] Level 1:colcon.colcon_core.environment:checking '/home/sam/piper_ros/install/piper/bin'
[2.080s] Level 1:colcon.colcon_core.environment:create_environment_scripts_only(piper)
[2.080s] INFO:colcon.colcon_core.shell:Creating package script '/home/sam/piper_ros/install/piper/share/piper/package.ps1'
[2.081s] INFO:colcon.colcon_core.shell:Creating package descriptor '/home/sam/piper_ros/install/piper/share/piper/package.dsv'
[2.081s] INFO:colcon.colcon_core.shell:Creating package script '/home/sam/piper_ros/install/piper/share/piper/package.sh'
[2.082s] INFO:colcon.colcon_core.shell:Creating package script '/home/sam/piper_ros/install/piper/share/piper/package.bash'
[2.082s] INFO:colcon.colcon_core.shell:Creating package script '/home/sam/piper_ros/install/piper/share/piper/package.zsh'
[2.083s] Level 1:colcon.colcon_core.environment:create_file_with_runtime_dependencies(/home/sam/piper_ros/install/piper/share/colcon-core/packages/piper)
[2.083s] DEBUG:colcon.colcon_parallel_executor.executor.parallel:closing loop
[2.084s] DEBUG:colcon.colcon_parallel_executor.executor.parallel:loop closed
[2.084s] DEBUG:colcon.colcon_parallel_executor.executor.parallel:run_until_complete finished with '0'
[2.084s] DEBUG:colcon.colcon_core.event_reactor:joining thread
[2.090s] INFO:colcon.colcon_core.plugin_system:Skipping extension 'colcon_notification.desktop_notification.terminal_notifier': Not used on non-Darwin systems
[2.090s] INFO:colcon.colcon_core.plugin_system:Skipping extension 'colcon_notification.desktop_notification.win32': Not used on non-Windows systems
[2.090s] INFO:colcon.colcon_notification.desktop_notification:Sending desktop notification using 'notify2'
[2.103s] DEBUG:colcon.colcon_core.event_reactor:joined thread
[2.103s] INFO:colcon.colcon_core.shell:Creating prefix script '/home/sam/piper_ros/install/local_setup.ps1'
[2.105s] INFO:colcon.colcon_core.shell:Creating prefix util module '/home/sam/piper_ros/install/_local_setup_util_ps1.py'
[2.107s] INFO:colcon.colcon_core.shell:Creating prefix chain script '/home/sam/piper_ros/install/setup.ps1'
[2.110s] INFO:colcon.colcon_core.shell:Creating prefix script '/home/sam/piper_ros/install/local_setup.sh'
[2.111s] INFO:colcon.colcon_core.shell:Creating prefix util module '/home/sam/piper_ros/install/_local_setup_util_sh.py'
[2.112s] INFO:colcon.colcon_core.shell:Creating prefix chain script '/home/sam/piper_ros/install/setup.sh'
[2.114s] INFO:colcon.colcon_core.shell:Creating prefix script '/home/sam/piper_ros/install/local_setup.bash'
[2.114s] INFO:colcon.colcon_core.shell:Creating prefix chain script '/home/sam/piper_ros/install/setup.bash'
[2.116s] INFO:colcon.colcon_core.shell:Creating prefix script '/home/sam/piper_ros/install/local_setup.zsh'
[2.116s] INFO:colcon.colcon_core.shell:Creating prefix chain script '/home/sam/piper_ros/install/setup.zsh'
