running develop
running egg_info
writing piper.egg-info/PKG-INFO
writing dependency_links to piper.egg-info/dependency_links.txt
writing entry points to piper.egg-info/entry_points.txt
writing requirements to piper.egg-info/requires.txt
writing top-level names to piper.egg-info/top_level.txt
reading manifest file 'piper.egg-info/SOURCES.txt'
writing manifest file 'piper.egg-info/SOURCES.txt'
running build_ext
Creating /home/sam/piper_ros/install/piper/lib/python3.10/site-packages/piper.egg-link (link to .)
Installing piper_ms_ctrl script to /home/sam/piper_ros/install/piper/lib/piper
Installing piper_read_master script to /home/sam/piper_ros/install/piper/lib/piper
Installing piper_single_ctrl script to /home/sam/piper_ros/install/piper/lib/piper
Installing talker script to /home/sam/piper_ros/install/piper/lib/piper

Installed /home/sam/piper_ros/build/piper
running symlink_data
symbolically linking /home/sam/piper_ros/build/piper/resource/piper -> /home/sam/piper_ros/install/piper/share/ament_index/resource_index/packages
symbolically linking /home/sam/piper_ros/build/piper/package.xml -> /home/sam/piper_ros/install/piper/share/piper
symbolically linking /home/sam/piper_ros/build/piper/launch/start_single_piper_two_state.launch.py -> /home/sam/piper_ros/install/piper/share/piper/launch
symbolically linking /home/sam/piper_ros/build/piper/launch/start_single_piper.launch.py -> /home/sam/piper_ros/install/piper/share/piper/launch
symbolically linking /home/sam/piper_ros/build/piper/launch/start_single_piper_rviz.launch.py -> /home/sam/piper_ros/install/piper/share/piper/launch
