[1.150s] Invoking command in '/home/sam/piper_ros/src/piper': PYTHONPATH=/home/sam/piper_ros/build/piper/prefix_override:/usr/lib/python3/dist-packages/colcon_core/task/python/colcon_distutils_commands:/home/sam/piper_ros/install/piper/lib/python3.10/site-packages:${PYTHONPATH} /usr/bin/python3 -W ignore:setup.py install is deprecated -W ignore:easy_install command is deprecated setup.py egg_info --egg-base ../../build/piper build --build-base /home/sam/piper_ros/build/piper/build install --record /home/sam/piper_ros/build/piper/install.log --single-version-externally-managed install_data
[1.520s] running egg_info
[1.521s] writing ../../build/piper/piper.egg-info/PKG-INFO
[1.521s] writing dependency_links to ../../build/piper/piper.egg-info/dependency_links.txt
[1.521s] writing entry points to ../../build/piper/piper.egg-info/entry_points.txt
[1.522s] writing requirements to ../../build/piper/piper.egg-info/requires.txt
[1.522s] writing top-level names to ../../build/piper/piper.egg-info/top_level.txt
[1.525s] reading manifest file '../../build/piper/piper.egg-info/SOURCES.txt'
[1.525s] adding license file 'LICENSE'
[1.526s] writing manifest file '../../build/piper/piper.egg-info/SOURCES.txt'
[1.526s] running build
[1.526s] running build_py
[1.526s] copying piper/two_state_publisher.py -> /home/sam/piper_ros/build/piper/build/lib/piper
[1.527s] running install
[1.527s] running install_lib
[1.528s] copying /home/sam/piper_ros/build/piper/build/lib/piper/two_state_publisher.py -> /home/sam/piper_ros/install/piper/lib/python3.10/site-packages/piper
[1.529s] byte-compiling /home/sam/piper_ros/install/piper/lib/python3.10/site-packages/piper/two_state_publisher.py to two_state_publisher.cpython-310.pyc
[1.530s] running install_data
[1.530s] running install_egg_info
[1.532s] removing '/home/sam/piper_ros/install/piper/lib/python3.10/site-packages/piper-0.0.0-py3.10.egg-info' (and everything under it)
[1.533s] Copying ../../build/piper/piper.egg-info to /home/sam/piper_ros/install/piper/lib/python3.10/site-packages/piper-0.0.0-py3.10.egg-info
[1.534s] running install_scripts
[1.561s] Installing piper_ms_ctrl script to /home/sam/piper_ros/install/piper/lib/piper
[1.561s] Installing piper_read_master script to /home/sam/piper_ros/install/piper/lib/piper
[1.561s] Installing piper_single_ctrl script to /home/sam/piper_ros/install/piper/lib/piper
[1.562s] writing list of installed files to '/home/sam/piper_ros/build/piper/install.log'
[1.591s] Invoked command in '/home/sam/piper_ros/src/piper' returned '0': PYTHONPATH=/home/sam/piper_ros/build/piper/prefix_override:/usr/lib/python3/dist-packages/colcon_core/task/python/colcon_distutils_commands:/home/sam/piper_ros/install/piper/lib/python3.10/site-packages:${PYTHONPATH} /usr/bin/python3 -W ignore:setup.py install is deprecated -W ignore:easy_install command is deprecated setup.py egg_info --egg-base ../../build/piper build --build-base /home/sam/piper_ros/build/piper/build install --record /home/sam/piper_ros/build/piper/install.log --single-version-externally-managed install_data
