[2.569s] Invoking command in '/home/sam/piper_ros/src/piper': PYTHONPATH=/home/sam/piper_ros/build/piper/prefix_override:/usr/lib/python3/dist-packages/colcon_core/task/python/colcon_distutils_commands:/home/sam/piper_ros/install/piper/lib/python3.10/site-packages:${PYTHONPATH} /usr/bin/python3 -W ignore:setup.py install is deprecated -W ignore:easy_install command is deprecated setup.py egg_info --egg-base ../../build/piper build --build-base /home/sam/piper_ros/build/piper/build install --record /home/sam/piper_ros/build/piper/install.log --single-version-externally-managed install_data
[3.593s] running egg_info
[3.594s] writing ../../build/piper/piper.egg-info/PKG-INFO
[3.594s] writing dependency_links to ../../build/piper/piper.egg-info/dependency_links.txt
[3.596s] writing entry points to ../../build/piper/piper.egg-info/entry_points.txt
[3.597s] writing requirements to ../../build/piper/piper.egg-info/requires.txt
[3.597s] writing top-level names to ../../build/piper/piper.egg-info/top_level.txt
[3.601s] reading manifest file '../../build/piper/piper.egg-info/SOURCES.txt'
[3.601s] adding license file 'LICENSE'
[3.603s] writing manifest file '../../build/piper/piper.egg-info/SOURCES.txt'
[3.603s] running build
[3.604s] running build_py
[3.605s] running install
[3.605s] running install_lib
[3.608s] running install_data
[3.608s] running install_egg_info
[3.614s] removing '/home/sam/piper_ros/install/piper/lib/python3.10/site-packages/piper-0.0.0-py3.10.egg-info' (and everything under it)
[3.614s] Copying ../../build/piper/piper.egg-info to /home/sam/piper_ros/install/piper/lib/python3.10/site-packages/piper-0.0.0-py3.10.egg-info
[3.615s] running install_scripts
[3.663s] Installing piper_ms_ctrl script to /home/sam/piper_ros/install/piper/lib/piper
[3.663s] Installing piper_read_master script to /home/sam/piper_ros/install/piper/lib/piper
[3.665s] Installing piper_single_ctrl script to /home/sam/piper_ros/install/piper/lib/piper
[3.665s] Installing talker script to /home/sam/piper_ros/install/piper/lib/piper
[3.665s] writing list of installed files to '/home/sam/piper_ros/build/piper/install.log'
[3.736s] Invoked command in '/home/sam/piper_ros/src/piper' returned '0': PYTHONPATH=/home/sam/piper_ros/build/piper/prefix_override:/usr/lib/python3/dist-packages/colcon_core/task/python/colcon_distutils_commands:/home/sam/piper_ros/install/piper/lib/python3.10/site-packages:${PYTHONPATH} /usr/bin/python3 -W ignore:setup.py install is deprecated -W ignore:easy_install command is deprecated setup.py egg_info --egg-base ../../build/piper build --build-base /home/sam/piper_ros/build/piper/build install --record /home/sam/piper_ros/build/piper/install.log --single-version-externally-managed install_data
