[0.020s] Invoking command in '/home/sam/piper_ros/build/piper_msgs': CMAKE_PREFIX_PATH=${CMAKE_PREFIX_PATH}:/home/sam/piper_ros/install/piper:/opt/ros/humble /usr/bin/cmake --build /home/sam/piper_ros/build/piper_msgs -- -j4 -l4
[0.125s] [  2%] Built target piper_msgs__cpp
[0.143s] [ 12%] Built target piper_msgs__rosidl_generator_c
[0.153s] [ 12%] Built target ament_cmake_python_copy_piper_msgs
[0.205s] [ 23%] Built target piper_msgs__rosidl_typesupport_fastrtps_cpp
[0.223s] [ 34%] Built target piper_msgs__rosidl_typesupport_introspection_cpp
[0.226s] [ 44%] Built target piper_msgs__rosidl_typesupport_cpp
[0.260s] [ 55%] Built target piper_msgs__rosidl_typesupport_fastrtps_c
[0.265s] [ 65%] Built target piper_msgs__rosidl_typesupport_introspection_c
[0.287s] [ 76%] Built target piper_msgs__rosidl_typesupport_c
[0.320s] [ 76%] Built target piper_msgs
[0.355s] [ 78%] Built target piper_msgs__py
[0.395s] [ 87%] Built target piper_msgs__rosidl_generator_py
[0.462s] [ 91%] Built target piper_msgs__rosidl_typesupport_fastrtps_c__pyext
[0.472s] [ 95%] Built target piper_msgs__rosidl_typesupport_introspection_c__pyext
[0.477s] [100%] Built target piper_msgs__rosidl_typesupport_c__pyext
[0.712s] running egg_info
[0.713s] writing piper_msgs.egg-info/PKG-INFO
[0.713s] writing dependency_links to piper_msgs.egg-info/dependency_links.txt
[0.713s] writing top-level names to piper_msgs.egg-info/top_level.txt
[0.717s] reading manifest file 'piper_msgs.egg-info/SOURCES.txt'
[0.718s] writing manifest file 'piper_msgs.egg-info/SOURCES.txt'
[0.757s] [100%] Built target ament_cmake_python_build_piper_msgs_egg
[0.771s] Invoked command in '/home/sam/piper_ros/build/piper_msgs' returned '0': CMAKE_PREFIX_PATH=${CMAKE_PREFIX_PATH}:/home/sam/piper_ros/install/piper:/opt/ros/humble /usr/bin/cmake --build /home/sam/piper_ros/build/piper_msgs -- -j4 -l4
[0.774s] Invoking command in '/home/sam/piper_ros/build/piper_msgs': CMAKE_PREFIX_PATH=${CMAKE_PREFIX_PATH}:/home/sam/piper_ros/install/piper:/opt/ros/humble /usr/bin/cmake --install /home/sam/piper_ros/build/piper_msgs
[0.783s] -- Install configuration: ""
[0.784s] -- Up-to-date: /home/sam/piper_ros/install/piper_msgs/share/ament_index/resource_index/rosidl_interfaces/piper_msgs
[0.784s] -- Up-to-date: /home/sam/piper_ros/install/piper_msgs/include/piper_msgs/piper_msgs
[0.784s] -- Up-to-date: /home/sam/piper_ros/install/piper_msgs/include/piper_msgs/piper_msgs/msg
[0.784s] -- Up-to-date: /home/sam/piper_ros/install/piper_msgs/include/piper_msgs/piper_msgs/msg/pos_cmd.h
[0.785s] -- Up-to-date: /home/sam/piper_ros/install/piper_msgs/include/piper_msgs/piper_msgs/msg/piper_status_msg.h
[0.785s] -- Up-to-date: /home/sam/piper_ros/install/piper_msgs/include/piper_msgs/piper_msgs/msg/detail
[0.785s] -- Up-to-date: /home/sam/piper_ros/install/piper_msgs/include/piper_msgs/piper_msgs/msg/detail/piper_status_msg__functions.c
[0.785s] -- Up-to-date: /home/sam/piper_ros/install/piper_msgs/include/piper_msgs/piper_msgs/msg/detail/pos_cmd__type_support.h
[0.785s] -- Up-to-date: /home/sam/piper_ros/install/piper_msgs/include/piper_msgs/piper_msgs/msg/detail/pos_cmd__functions.h
[0.786s] -- Up-to-date: /home/sam/piper_ros/install/piper_msgs/include/piper_msgs/piper_msgs/msg/detail/piper_status_msg__functions.h
[0.786s] -- Up-to-date: /home/sam/piper_ros/install/piper_msgs/include/piper_msgs/piper_msgs/msg/detail/pos_cmd__functions.c
[0.786s] -- Up-to-date: /home/sam/piper_ros/install/piper_msgs/include/piper_msgs/piper_msgs/msg/detail/pos_cmd__struct.h
[0.786s] -- Up-to-date: /home/sam/piper_ros/install/piper_msgs/include/piper_msgs/piper_msgs/msg/detail/piper_status_msg__struct.h
[0.787s] -- Up-to-date: /home/sam/piper_ros/install/piper_msgs/include/piper_msgs/piper_msgs/msg/detail/piper_status_msg__type_support.h
[0.787s] -- Up-to-date: /home/sam/piper_ros/install/piper_msgs/include/piper_msgs/piper_msgs/msg/rosidl_generator_c__visibility_control.h
[0.787s] -- Up-to-date: /home/sam/piper_ros/install/piper_msgs/include/piper_msgs/piper_msgs/srv
[0.788s] -- Up-to-date: /home/sam/piper_ros/install/piper_msgs/include/piper_msgs/piper_msgs/srv/enable.h
[0.788s] -- Up-to-date: /home/sam/piper_ros/install/piper_msgs/include/piper_msgs/piper_msgs/srv/detail
[0.788s] -- Up-to-date: /home/sam/piper_ros/install/piper_msgs/include/piper_msgs/piper_msgs/srv/detail/enable__functions.h
[0.788s] -- Up-to-date: /home/sam/piper_ros/install/piper_msgs/include/piper_msgs/piper_msgs/srv/detail/enable__struct.h
[0.788s] -- Up-to-date: /home/sam/piper_ros/install/piper_msgs/include/piper_msgs/piper_msgs/srv/detail/enable__type_support.h
[0.789s] -- Up-to-date: /home/sam/piper_ros/install/piper_msgs/include/piper_msgs/piper_msgs/srv/detail/enable__functions.c
[0.789s] -- Up-to-date: /home/sam/piper_ros/install/piper_msgs/share/piper_msgs/environment/library_path.sh
[0.789s] -- Up-to-date: /home/sam/piper_ros/install/piper_msgs/share/piper_msgs/environment/library_path.dsv
[0.789s] -- Up-to-date: /home/sam/piper_ros/install/piper_msgs/lib/libpiper_msgs__rosidl_generator_c.so
[0.790s] -- Up-to-date: /home/sam/piper_ros/install/piper_msgs/include/piper_msgs/piper_msgs
[0.790s] -- Up-to-date: /home/sam/piper_ros/install/piper_msgs/include/piper_msgs/piper_msgs/msg
[0.790s] -- Up-to-date: /home/sam/piper_ros/install/piper_msgs/include/piper_msgs/piper_msgs/msg/rosidl_typesupport_fastrtps_c__visibility_control.h
[0.790s] -- Up-to-date: /home/sam/piper_ros/install/piper_msgs/include/piper_msgs/piper_msgs/msg/detail
[0.791s] -- Up-to-date: /home/sam/piper_ros/install/piper_msgs/include/piper_msgs/piper_msgs/msg/detail/pos_cmd__rosidl_typesupport_fastrtps_c.h
[0.791s] -- Up-to-date: /home/sam/piper_ros/install/piper_msgs/include/piper_msgs/piper_msgs/msg/detail/piper_status_msg__rosidl_typesupport_fastrtps_c.h
[0.791s] -- Up-to-date: /home/sam/piper_ros/install/piper_msgs/include/piper_msgs/piper_msgs/srv
[0.791s] -- Up-to-date: /home/sam/piper_ros/install/piper_msgs/include/piper_msgs/piper_msgs/srv/detail
[0.792s] -- Up-to-date: /home/sam/piper_ros/install/piper_msgs/include/piper_msgs/piper_msgs/srv/detail/enable__rosidl_typesupport_fastrtps_c.h
[0.792s] -- Up-to-date: /home/sam/piper_ros/install/piper_msgs/lib/libpiper_msgs__rosidl_typesupport_fastrtps_c.so
[0.792s] -- Up-to-date: /home/sam/piper_ros/install/piper_msgs/include/piper_msgs/piper_msgs
[0.792s] -- Up-to-date: /home/sam/piper_ros/install/piper_msgs/include/piper_msgs/piper_msgs/msg
[0.792s] -- Up-to-date: /home/sam/piper_ros/install/piper_msgs/include/piper_msgs/piper_msgs/msg/rosidl_typesupport_introspection_c__visibility_control.h
[0.792s] -- Up-to-date: /home/sam/piper_ros/install/piper_msgs/include/piper_msgs/piper_msgs/msg/detail
[0.793s] -- Up-to-date: /home/sam/piper_ros/install/piper_msgs/include/piper_msgs/piper_msgs/msg/detail/pos_cmd__rosidl_typesupport_introspection_c.h
[0.793s] -- Up-to-date: /home/sam/piper_ros/install/piper_msgs/include/piper_msgs/piper_msgs/msg/detail/pos_cmd__type_support.c
[0.793s] -- Up-to-date: /home/sam/piper_ros/install/piper_msgs/include/piper_msgs/piper_msgs/msg/detail/piper_status_msg__type_support.c
[0.793s] -- Up-to-date: /home/sam/piper_ros/install/piper_msgs/include/piper_msgs/piper_msgs/msg/detail/piper_status_msg__rosidl_typesupport_introspection_c.h
[0.793s] -- Up-to-date: /home/sam/piper_ros/install/piper_msgs/include/piper_msgs/piper_msgs/srv
[0.794s] -- Up-to-date: /home/sam/piper_ros/install/piper_msgs/include/piper_msgs/piper_msgs/srv/detail
[0.794s] -- Up-to-date: /home/sam/piper_ros/install/piper_msgs/include/piper_msgs/piper_msgs/srv/detail/enable__type_support.c
[0.794s] -- Up-to-date: /home/sam/piper_ros/install/piper_msgs/include/piper_msgs/piper_msgs/srv/detail/enable__rosidl_typesupport_introspection_c.h
[0.794s] -- Up-to-date: /home/sam/piper_ros/install/piper_msgs/lib/libpiper_msgs__rosidl_typesupport_introspection_c.so
[0.794s] -- Up-to-date: /home/sam/piper_ros/install/piper_msgs/lib/libpiper_msgs__rosidl_typesupport_c.so
[0.795s] -- Up-to-date: /home/sam/piper_ros/install/piper_msgs/include/piper_msgs/piper_msgs
[0.795s] -- Up-to-date: /home/sam/piper_ros/install/piper_msgs/include/piper_msgs/piper_msgs/msg
[0.795s] -- Up-to-date: /home/sam/piper_ros/install/piper_msgs/include/piper_msgs/piper_msgs/msg/rosidl_generator_cpp__visibility_control.hpp
[0.795s] -- Up-to-date: /home/sam/piper_ros/install/piper_msgs/include/piper_msgs/piper_msgs/msg/pos_cmd.hpp
[0.796s] -- Up-to-date: /home/sam/piper_ros/install/piper_msgs/include/piper_msgs/piper_msgs/msg/piper_status_msg.hpp
[0.796s] -- Up-to-date: /home/sam/piper_ros/install/piper_msgs/include/piper_msgs/piper_msgs/msg/detail
[0.796s] -- Up-to-date: /home/sam/piper_ros/install/piper_msgs/include/piper_msgs/piper_msgs/msg/detail/piper_status_msg__struct.hpp
[0.796s] -- Up-to-date: /home/sam/piper_ros/install/piper_msgs/include/piper_msgs/piper_msgs/msg/detail/pos_cmd__traits.hpp
[0.796s] -- Up-to-date: /home/sam/piper_ros/install/piper_msgs/include/piper_msgs/piper_msgs/msg/detail/pos_cmd__struct.hpp
[0.796s] -- Up-to-date: /home/sam/piper_ros/install/piper_msgs/include/piper_msgs/piper_msgs/msg/detail/piper_status_msg__type_support.hpp
[0.796s] -- Up-to-date: /home/sam/piper_ros/install/piper_msgs/include/piper_msgs/piper_msgs/msg/detail/piper_status_msg__traits.hpp
[0.796s] -- Up-to-date: /home/sam/piper_ros/install/piper_msgs/include/piper_msgs/piper_msgs/msg/detail/pos_cmd__type_support.hpp
[0.797s] -- Up-to-date: /home/sam/piper_ros/install/piper_msgs/include/piper_msgs/piper_msgs/msg/detail/pos_cmd__builder.hpp
[0.797s] -- Up-to-date: /home/sam/piper_ros/install/piper_msgs/include/piper_msgs/piper_msgs/msg/detail/piper_status_msg__builder.hpp
[0.797s] -- Up-to-date: /home/sam/piper_ros/install/piper_msgs/include/piper_msgs/piper_msgs/srv
[0.797s] -- Up-to-date: /home/sam/piper_ros/install/piper_msgs/include/piper_msgs/piper_msgs/srv/enable.hpp
[0.797s] -- Up-to-date: /home/sam/piper_ros/install/piper_msgs/include/piper_msgs/piper_msgs/srv/detail
[0.797s] -- Up-to-date: /home/sam/piper_ros/install/piper_msgs/include/piper_msgs/piper_msgs/srv/detail/enable__struct.hpp
[0.797s] -- Up-to-date: /home/sam/piper_ros/install/piper_msgs/include/piper_msgs/piper_msgs/srv/detail/enable__builder.hpp
[0.797s] -- Up-to-date: /home/sam/piper_ros/install/piper_msgs/include/piper_msgs/piper_msgs/srv/detail/enable__type_support.hpp
[0.798s] -- Up-to-date: /home/sam/piper_ros/install/piper_msgs/include/piper_msgs/piper_msgs/srv/detail/enable__traits.hpp
[0.798s] -- Up-to-date: /home/sam/piper_ros/install/piper_msgs/include/piper_msgs/piper_msgs
[0.798s] -- Up-to-date: /home/sam/piper_ros/install/piper_msgs/include/piper_msgs/piper_msgs/msg
[0.798s] -- Up-to-date: /home/sam/piper_ros/install/piper_msgs/include/piper_msgs/piper_msgs/msg/detail
[0.798s] -- Up-to-date: /home/sam/piper_ros/install/piper_msgs/include/piper_msgs/piper_msgs/msg/detail/pos_cmd__rosidl_typesupport_fastrtps_cpp.hpp
[0.798s] -- Up-to-date: /home/sam/piper_ros/install/piper_msgs/include/piper_msgs/piper_msgs/msg/detail/piper_status_msg__rosidl_typesupport_fastrtps_cpp.hpp
[0.798s] -- Up-to-date: /home/sam/piper_ros/install/piper_msgs/include/piper_msgs/piper_msgs/msg/detail/dds_fastrtps
[0.798s] -- Up-to-date: /home/sam/piper_ros/install/piper_msgs/include/piper_msgs/piper_msgs/msg/rosidl_typesupport_fastrtps_cpp__visibility_control.h
[0.798s] -- Up-to-date: /home/sam/piper_ros/install/piper_msgs/include/piper_msgs/piper_msgs/srv
[0.798s] -- Up-to-date: /home/sam/piper_ros/install/piper_msgs/include/piper_msgs/piper_msgs/srv/detail
[0.798s] -- Up-to-date: /home/sam/piper_ros/install/piper_msgs/include/piper_msgs/piper_msgs/srv/detail/enable__rosidl_typesupport_fastrtps_cpp.hpp
[0.798s] -- Up-to-date: /home/sam/piper_ros/install/piper_msgs/include/piper_msgs/piper_msgs/srv/detail/dds_fastrtps
[0.798s] -- Up-to-date: /home/sam/piper_ros/install/piper_msgs/lib/libpiper_msgs__rosidl_typesupport_fastrtps_cpp.so
[0.798s] -- Up-to-date: /home/sam/piper_ros/install/piper_msgs/include/piper_msgs/piper_msgs
[0.798s] -- Up-to-date: /home/sam/piper_ros/install/piper_msgs/include/piper_msgs/piper_msgs/msg
[0.799s] -- Up-to-date: /home/sam/piper_ros/install/piper_msgs/include/piper_msgs/piper_msgs/msg/detail
[0.799s] -- Up-to-date: /home/sam/piper_ros/install/piper_msgs/include/piper_msgs/piper_msgs/msg/detail/piper_status_msg__type_support.cpp
[0.799s] -- Up-to-date: /home/sam/piper_ros/install/piper_msgs/include/piper_msgs/piper_msgs/msg/detail/pos_cmd__rosidl_typesupport_introspection_cpp.hpp
[0.799s] -- Up-to-date: /home/sam/piper_ros/install/piper_msgs/include/piper_msgs/piper_msgs/msg/detail/piper_status_msg__rosidl_typesupport_introspection_cpp.hpp
[0.799s] -- Up-to-date: /home/sam/piper_ros/install/piper_msgs/include/piper_msgs/piper_msgs/msg/detail/pos_cmd__type_support.cpp
[0.799s] -- Up-to-date: /home/sam/piper_ros/install/piper_msgs/include/piper_msgs/piper_msgs/srv
[0.799s] -- Up-to-date: /home/sam/piper_ros/install/piper_msgs/include/piper_msgs/piper_msgs/srv/detail
[0.799s] -- Up-to-date: /home/sam/piper_ros/install/piper_msgs/include/piper_msgs/piper_msgs/srv/detail/enable__type_support.cpp
[0.799s] -- Up-to-date: /home/sam/piper_ros/install/piper_msgs/include/piper_msgs/piper_msgs/srv/detail/enable__rosidl_typesupport_introspection_cpp.hpp
[0.799s] -- Up-to-date: /home/sam/piper_ros/install/piper_msgs/lib/libpiper_msgs__rosidl_typesupport_introspection_cpp.so
[0.799s] -- Up-to-date: /home/sam/piper_ros/install/piper_msgs/lib/libpiper_msgs__rosidl_typesupport_cpp.so
[0.799s] -- Up-to-date: /home/sam/piper_ros/install/piper_msgs/share/piper_msgs/environment/pythonpath.sh
[0.799s] -- Up-to-date: /home/sam/piper_ros/install/piper_msgs/share/piper_msgs/environment/pythonpath.dsv
[0.799s] -- Up-to-date: /home/sam/piper_ros/install/piper_msgs/local/lib/python3.10/dist-packages/piper_msgs-0.0.0-py3.10.egg-info
[0.800s] -- Installing: /home/sam/piper_ros/install/piper_msgs/local/lib/python3.10/dist-packages/piper_msgs-0.0.0-py3.10.egg-info/SOURCES.txt
[0.800s] -- Installing: /home/sam/piper_ros/install/piper_msgs/local/lib/python3.10/dist-packages/piper_msgs-0.0.0-py3.10.egg-info/dependency_links.txt
[0.800s] -- Installing: /home/sam/piper_ros/install/piper_msgs/local/lib/python3.10/dist-packages/piper_msgs-0.0.0-py3.10.egg-info/PKG-INFO
[0.800s] -- Installing: /home/sam/piper_ros/install/piper_msgs/local/lib/python3.10/dist-packages/piper_msgs-0.0.0-py3.10.egg-info/top_level.txt
[0.800s] -- Up-to-date: /home/sam/piper_ros/install/piper_msgs/local/lib/python3.10/dist-packages/piper_msgs
[0.800s] -- Up-to-date: /home/sam/piper_ros/install/piper_msgs/local/lib/python3.10/dist-packages/piper_msgs/_piper_msgs_s.ep.rosidl_typesupport_c.c
[0.800s] -- Up-to-date: /home/sam/piper_ros/install/piper_msgs/local/lib/python3.10/dist-packages/piper_msgs/piper_msgs_s__rosidl_typesupport_fastrtps_c.cpython-310-x86_64-linux-gnu.so
[0.800s] -- Up-to-date: /home/sam/piper_ros/install/piper_msgs/local/lib/python3.10/dist-packages/piper_msgs/piper_msgs_s__rosidl_typesupport_c.cpython-310-x86_64-linux-gnu.so
[0.800s] -- Up-to-date: /home/sam/piper_ros/install/piper_msgs/local/lib/python3.10/dist-packages/piper_msgs/_piper_msgs_s.ep.rosidl_typesupport_fastrtps_c.c
[0.800s] -- Up-to-date: /home/sam/piper_ros/install/piper_msgs/local/lib/python3.10/dist-packages/piper_msgs/libpiper_msgs__rosidl_generator_py.so
[0.800s] -- Up-to-date: /home/sam/piper_ros/install/piper_msgs/local/lib/python3.10/dist-packages/piper_msgs/msg
[0.800s] -- Up-to-date: /home/sam/piper_ros/install/piper_msgs/local/lib/python3.10/dist-packages/piper_msgs/msg/_piper_status_msg.py
[0.800s] -- Up-to-date: /home/sam/piper_ros/install/piper_msgs/local/lib/python3.10/dist-packages/piper_msgs/msg/_pos_cmd.py
[0.801s] -- Up-to-date: /home/sam/piper_ros/install/piper_msgs/local/lib/python3.10/dist-packages/piper_msgs/msg/_pos_cmd_s.c
[0.801s] -- Up-to-date: /home/sam/piper_ros/install/piper_msgs/local/lib/python3.10/dist-packages/piper_msgs/msg/__init__.py
[0.801s] -- Up-to-date: /home/sam/piper_ros/install/piper_msgs/local/lib/python3.10/dist-packages/piper_msgs/msg/_piper_status_msg_s.c
[0.801s] -- Up-to-date: /home/sam/piper_ros/install/piper_msgs/local/lib/python3.10/dist-packages/piper_msgs/srv
[0.801s] -- Up-to-date: /home/sam/piper_ros/install/piper_msgs/local/lib/python3.10/dist-packages/piper_msgs/srv/_enable_s.c
[0.801s] -- Up-to-date: /home/sam/piper_ros/install/piper_msgs/local/lib/python3.10/dist-packages/piper_msgs/srv/_enable.py
[0.801s] -- Up-to-date: /home/sam/piper_ros/install/piper_msgs/local/lib/python3.10/dist-packages/piper_msgs/srv/__init__.py
[0.801s] -- Up-to-date: /home/sam/piper_ros/install/piper_msgs/local/lib/python3.10/dist-packages/piper_msgs/piper_msgs_s__rosidl_typesupport_introspection_c.cpython-310-x86_64-linux-gnu.so
[0.801s] -- Up-to-date: /home/sam/piper_ros/install/piper_msgs/local/lib/python3.10/dist-packages/piper_msgs/__init__.py
[0.801s] -- Up-to-date: /home/sam/piper_ros/install/piper_msgs/local/lib/python3.10/dist-packages/piper_msgs/_piper_msgs_s.ep.rosidl_typesupport_introspection_c.c
[0.853s] Listing '/home/sam/piper_ros/install/piper_msgs/local/lib/python3.10/dist-packages/piper_msgs'...
[0.853s] Listing '/home/sam/piper_ros/install/piper_msgs/local/lib/python3.10/dist-packages/piper_msgs/msg'...
[0.853s] Listing '/home/sam/piper_ros/install/piper_msgs/local/lib/python3.10/dist-packages/piper_msgs/srv'...
[0.860s] -- Up-to-date: /home/sam/piper_ros/install/piper_msgs/local/lib/python3.10/dist-packages/piper_msgs/piper_msgs_s__rosidl_typesupport_fastrtps_c.cpython-310-x86_64-linux-gnu.so
[0.861s] -- Up-to-date: /home/sam/piper_ros/install/piper_msgs/local/lib/python3.10/dist-packages/piper_msgs/piper_msgs_s__rosidl_typesupport_introspection_c.cpython-310-x86_64-linux-gnu.so
[0.861s] -- Up-to-date: /home/sam/piper_ros/install/piper_msgs/local/lib/python3.10/dist-packages/piper_msgs/piper_msgs_s__rosidl_typesupport_c.cpython-310-x86_64-linux-gnu.so
[0.862s] -- Up-to-date: /home/sam/piper_ros/install/piper_msgs/lib/libpiper_msgs__rosidl_generator_py.so
[0.862s] -- Up-to-date: /home/sam/piper_ros/install/piper_msgs/share/piper_msgs/msg/PiperStatusMsg.idl
[0.863s] -- Up-to-date: /home/sam/piper_ros/install/piper_msgs/share/piper_msgs/msg/PosCmd.idl
[0.863s] -- Up-to-date: /home/sam/piper_ros/install/piper_msgs/share/piper_msgs/srv/Enable.idl
[0.863s] -- Up-to-date: /home/sam/piper_ros/install/piper_msgs/share/piper_msgs/msg/PiperStatusMsg.msg
[0.863s] -- Up-to-date: /home/sam/piper_ros/install/piper_msgs/share/piper_msgs/msg/PosCmd.msg
[0.863s] -- Up-to-date: /home/sam/piper_ros/install/piper_msgs/share/piper_msgs/srv/Enable.srv
[0.864s] -- Up-to-date: /home/sam/piper_ros/install/piper_msgs/share/piper_msgs/srv/Enable_Request.msg
[0.864s] -- Up-to-date: /home/sam/piper_ros/install/piper_msgs/share/piper_msgs/srv/Enable_Response.msg
[0.864s] -- Up-to-date: /home/sam/piper_ros/install/piper_msgs/share/ament_index/resource_index/package_run_dependencies/piper_msgs
[0.864s] -- Up-to-date: /home/sam/piper_ros/install/piper_msgs/share/ament_index/resource_index/parent_prefix_path/piper_msgs
[0.864s] -- Up-to-date: /home/sam/piper_ros/install/piper_msgs/share/piper_msgs/environment/ament_prefix_path.sh
[0.864s] -- Up-to-date: /home/sam/piper_ros/install/piper_msgs/share/piper_msgs/environment/ament_prefix_path.dsv
[0.865s] -- Up-to-date: /home/sam/piper_ros/install/piper_msgs/share/piper_msgs/environment/path.sh
[0.865s] -- Up-to-date: /home/sam/piper_ros/install/piper_msgs/share/piper_msgs/environment/path.dsv
[0.865s] -- Up-to-date: /home/sam/piper_ros/install/piper_msgs/share/piper_msgs/local_setup.bash
[0.865s] -- Up-to-date: /home/sam/piper_ros/install/piper_msgs/share/piper_msgs/local_setup.sh
[0.865s] -- Up-to-date: /home/sam/piper_ros/install/piper_msgs/share/piper_msgs/local_setup.zsh
[0.865s] -- Up-to-date: /home/sam/piper_ros/install/piper_msgs/share/piper_msgs/local_setup.dsv
[0.866s] -- Installing: /home/sam/piper_ros/install/piper_msgs/share/piper_msgs/package.dsv
[0.866s] -- Up-to-date: /home/sam/piper_ros/install/piper_msgs/share/ament_index/resource_index/packages/piper_msgs
[0.866s] -- Up-to-date: /home/sam/piper_ros/install/piper_msgs/share/piper_msgs/cmake/export_piper_msgs__rosidl_generator_cExport.cmake
[0.866s] -- Up-to-date: /home/sam/piper_ros/install/piper_msgs/share/piper_msgs/cmake/export_piper_msgs__rosidl_generator_cExport-noconfig.cmake
[0.866s] -- Up-to-date: /home/sam/piper_ros/install/piper_msgs/share/piper_msgs/cmake/export_piper_msgs__rosidl_typesupport_fastrtps_cExport.cmake
[0.866s] -- Up-to-date: /home/sam/piper_ros/install/piper_msgs/share/piper_msgs/cmake/export_piper_msgs__rosidl_typesupport_fastrtps_cExport-noconfig.cmake
[0.866s] -- Up-to-date: /home/sam/piper_ros/install/piper_msgs/share/piper_msgs/cmake/piper_msgs__rosidl_typesupport_introspection_cExport.cmake
[0.867s] -- Up-to-date: /home/sam/piper_ros/install/piper_msgs/share/piper_msgs/cmake/piper_msgs__rosidl_typesupport_introspection_cExport-noconfig.cmake
[0.867s] -- Up-to-date: /home/sam/piper_ros/install/piper_msgs/share/piper_msgs/cmake/piper_msgs__rosidl_typesupport_cExport.cmake
[0.867s] -- Up-to-date: /home/sam/piper_ros/install/piper_msgs/share/piper_msgs/cmake/piper_msgs__rosidl_typesupport_cExport-noconfig.cmake
[0.867s] -- Up-to-date: /home/sam/piper_ros/install/piper_msgs/share/piper_msgs/cmake/export_piper_msgs__rosidl_generator_cppExport.cmake
[0.867s] -- Up-to-date: /home/sam/piper_ros/install/piper_msgs/share/piper_msgs/cmake/export_piper_msgs__rosidl_typesupport_fastrtps_cppExport.cmake
[0.867s] -- Up-to-date: /home/sam/piper_ros/install/piper_msgs/share/piper_msgs/cmake/export_piper_msgs__rosidl_typesupport_fastrtps_cppExport-noconfig.cmake
[0.868s] -- Up-to-date: /home/sam/piper_ros/install/piper_msgs/share/piper_msgs/cmake/piper_msgs__rosidl_typesupport_introspection_cppExport.cmake
[0.868s] -- Up-to-date: /home/sam/piper_ros/install/piper_msgs/share/piper_msgs/cmake/piper_msgs__rosidl_typesupport_introspection_cppExport-noconfig.cmake
[0.868s] -- Up-to-date: /home/sam/piper_ros/install/piper_msgs/share/piper_msgs/cmake/piper_msgs__rosidl_typesupport_cppExport.cmake
[0.868s] -- Up-to-date: /home/sam/piper_ros/install/piper_msgs/share/piper_msgs/cmake/piper_msgs__rosidl_typesupport_cppExport-noconfig.cmake
[0.868s] -- Up-to-date: /home/sam/piper_ros/install/piper_msgs/share/piper_msgs/cmake/export_piper_msgs__rosidl_generator_pyExport.cmake
[0.868s] -- Up-to-date: /home/sam/piper_ros/install/piper_msgs/share/piper_msgs/cmake/export_piper_msgs__rosidl_generator_pyExport-noconfig.cmake
[0.868s] -- Up-to-date: /home/sam/piper_ros/install/piper_msgs/share/piper_msgs/cmake/rosidl_cmake-extras.cmake
[0.868s] -- Up-to-date: /home/sam/piper_ros/install/piper_msgs/share/piper_msgs/cmake/ament_cmake_export_include_directories-extras.cmake
[0.869s] -- Up-to-date: /home/sam/piper_ros/install/piper_msgs/share/piper_msgs/cmake/ament_cmake_export_libraries-extras.cmake
[0.869s] -- Up-to-date: /home/sam/piper_ros/install/piper_msgs/share/piper_msgs/cmake/ament_cmake_export_targets-extras.cmake
[0.869s] -- Up-to-date: /home/sam/piper_ros/install/piper_msgs/share/piper_msgs/cmake/rosidl_cmake_export_typesupport_targets-extras.cmake
[0.869s] -- Up-to-date: /home/sam/piper_ros/install/piper_msgs/share/piper_msgs/cmake/ament_cmake_export_dependencies-extras.cmake
[0.869s] -- Up-to-date: /home/sam/piper_ros/install/piper_msgs/share/piper_msgs/cmake/rosidl_cmake_export_typesupport_libraries-extras.cmake
[0.869s] -- Up-to-date: /home/sam/piper_ros/install/piper_msgs/share/piper_msgs/cmake/piper_msgsConfig.cmake
[0.869s] -- Up-to-date: /home/sam/piper_ros/install/piper_msgs/share/piper_msgs/cmake/piper_msgsConfig-version.cmake
[0.869s] -- Up-to-date: /home/sam/piper_ros/install/piper_msgs/share/piper_msgs/package.xml
[0.872s] Invoked command in '/home/sam/piper_ros/build/piper_msgs' returned '0': CMAKE_PREFIX_PATH=${CMAKE_PREFIX_PATH}:/home/sam/piper_ros/install/piper:/opt/ros/humble /usr/bin/cmake --install /home/sam/piper_ros/build/piper_msgs
