[0.019s] Invoking command in '/home/sam/piper_ros/build/piper_msgs': CMAKE_PREFIX_PATH=/opt/ros/humble /usr/bin/cmake /home/sam/piper_ros/src/piper_msgs -DAMENT_CMAKE_SYMLINK_INSTALL=1 -DCMAKE_INSTALL_PREFIX=/home/sam/piper_ros/install/piper_msgs
[0.251s] -- The C compiler identification is GNU 11.4.0
[0.534s] -- The CXX compiler identification is GNU 11.4.0
[0.548s] -- Detecting C compiler ABI info
[0.758s] -- Detecting C compiler ABI info - done
[0.779s] -- Check for working C compiler: /usr/bin/cc - skipped
[0.780s] -- Detecting C compile features
[0.781s] -- Detecting C compile features - done
[0.795s] -- Detecting CXX compiler ABI info
[1.052s] -- Detecting CXX compiler ABI info - done
[1.104s] -- Check for working CXX compiler: /usr/bin/c++ - skipped
[1.110s] -- Detecting CXX compile features
[1.112s] -- Detecting CXX compile features - done
[1.124s] -- Found ament_cmake: 1.3.11 (/opt/ros/humble/share/ament_cmake/cmake)
[2.097s] -- Found Python3: /usr/bin/python3 (found version "3.10.12") found components: Interpreter 
[2.264s] -- Override CMake install command with custom implementation using symlinks instead of copying resources
[2.348s] -- Found rclpy: 3.3.15 (/opt/ros/humble/share/rclpy/cmake)
[2.356s] -- Found rosidl_default_generators: 1.2.0 (/opt/ros/humble/share/rosidl_default_generators/cmake)
[2.359s] -- Using all available rosidl_typesupport_c: rosidl_typesupport_fastrtps_c;rosidl_typesupport_introspection_c
[2.380s] -- Found rosidl_adapter: 3.1.6 (/opt/ros/humble/share/rosidl_adapter/cmake)
[2.528s] -- Using all available rosidl_typesupport_cpp: rosidl_typesupport_fastrtps_cpp;rosidl_typesupport_introspection_cpp
[3.276s] -- Found ament_cmake_ros: 0.10.0 (/opt/ros/humble/share/ament_cmake_ros/cmake)
[3.726s] -- Using all available rosidl_typesupport_c: rosidl_typesupport_fastrtps_c;rosidl_typesupport_introspection_c
[4.160s] -- Using all available rosidl_typesupport_cpp: rosidl_typesupport_fastrtps_cpp;rosidl_typesupport_introspection_cpp
[4.191s] -- Found PythonInterp: /usr/bin/python3 (found suitable version "3.10.12", minimum required is "3.6") 
[4.193s] -- Found python_cmake_module: 0.10.0 (/opt/ros/humble/share/python_cmake_module/cmake)
[4.228s] -- Found PythonLibs: /usr/lib/x86_64-linux-gnu/libpython3.10.so (found suitable version "3.10.12", minimum required is "3.5") 
[4.228s] -- Using PYTHON_EXECUTABLE: /usr/bin/python3
[4.228s] -- Using PYTHON_INCLUDE_DIRS: /usr/include/python3.10
[4.228s] -- Using PYTHON_LIBRARIES: /usr/lib/x86_64-linux-gnu/libpython3.10.so
[4.258s] -- Found PythonExtra: .so  
[4.307s] -- Found ament_lint_auto: 0.12.11 (/opt/ros/humble/share/ament_lint_auto/cmake)
[4.333s] -- Added test 'lint_cmake' to check CMake code style
[4.335s] -- Added test 'xmllint' to check XML markup files
[4.341s] -- Configuring done
[4.389s] -- Generating done
[4.405s] -- Build files have been written to: /home/sam/piper_ros/build/piper_msgs
[4.414s] Invoked command in '/home/sam/piper_ros/build/piper_msgs' returned '0': CMAKE_PREFIX_PATH=/opt/ros/humble /usr/bin/cmake /home/sam/piper_ros/src/piper_msgs -DAMENT_CMAKE_SYMLINK_INSTALL=1 -DCMAKE_INSTALL_PREFIX=/home/sam/piper_ros/install/piper_msgs
[4.416s] Invoking command in '/home/sam/piper_ros/build/piper_msgs': CMAKE_PREFIX_PATH=/opt/ros/humble /usr/bin/cmake --build /home/sam/piper_ros/build/piper_msgs -- -j4 -l4
[4.468s] [  2%] [34m[1mGenerating C code for ROS interfaces[0m
[4.486s] [  4%] [34m[1mGenerating C++ code for ROS interfaces[0m
[4.505s] [  4%] Built target ament_cmake_python_symlink_piper_msgs
[5.041s] running egg_info
[5.042s] creating piper_msgs.egg-info
[5.042s] writing piper_msgs.egg-info/PKG-INFO
[5.042s] writing dependency_links to piper_msgs.egg-info/dependency_links.txt
[5.043s] writing top-level names to piper_msgs.egg-info/top_level.txt
[5.043s] writing manifest file 'piper_msgs.egg-info/SOURCES.txt'
[5.048s] reading manifest file 'piper_msgs.egg-info/SOURCES.txt'
[5.049s] writing manifest file 'piper_msgs.egg-info/SOURCES.txt'
[5.099s] [  4%] Built target ament_cmake_python_build_piper_msgs_egg
[5.436s] [  6%] [32mBuilding C object CMakeFiles/piper_msgs__rosidl_generator_c.dir/rosidl_generator_c/piper_msgs/msg/detail/piper_status_msg__functions.c.o[0m
[5.444s] [  8%] [32mBuilding C object CMakeFiles/piper_msgs__rosidl_generator_c.dir/rosidl_generator_c/piper_msgs/msg/detail/pos_cmd__functions.c.o[0m
[5.458s] [ 10%] [32mBuilding C object CMakeFiles/piper_msgs__rosidl_generator_c.dir/rosidl_generator_c/piper_msgs/srv/detail/enable__functions.c.o[0m
[5.510s] [ 10%] Built target piper_msgs__cpp
[5.533s] [ 12%] [34m[1mGenerating C++ type support dispatch for ROS interfaces[0m
[5.574s] [ 14%] [32m[1mLinking C shared library libpiper_msgs__rosidl_generator_c.so[0m
[5.576s] [ 17%] [34m[1mGenerating C++ introspection for ROS interfaces[0m
[5.588s] [ 19%] [34m[1mGenerating C++ type support for eProsima Fast-RTPS[0m
[5.672s] [ 19%] Built target piper_msgs__rosidl_generator_c
[5.692s] [ 21%] [34m[1mGenerating C type support for eProsima Fast-RTPS[0m
[6.401s] [ 23%] [32mBuilding CXX object CMakeFiles/piper_msgs__rosidl_typesupport_cpp.dir/rosidl_typesupport_cpp/piper_msgs/msg/piper_status_msg__type_support.cpp.o[0m
[6.659s] [ 25%] [32mBuilding CXX object CMakeFiles/piper_msgs__rosidl_typesupport_introspection_cpp.dir/rosidl_typesupport_introspection_cpp/piper_msgs/msg/detail/piper_status_msg__type_support.cpp.o[0m
[6.849s] [ 27%] [32mBuilding CXX object CMakeFiles/piper_msgs__rosidl_typesupport_fastrtps_c.dir/rosidl_typesupport_fastrtps_c/piper_msgs/msg/detail/piper_status_msg__type_support_c.cpp.o[0m
[6.855s] [ 29%] [32mBuilding CXX object CMakeFiles/piper_msgs__rosidl_typesupport_fastrtps_cpp.dir/rosidl_typesupport_fastrtps_cpp/piper_msgs/msg/detail/dds_fastrtps/piper_status_msg__type_support.cpp.o[0m
[7.205s] [ 31%] [32mBuilding CXX object CMakeFiles/piper_msgs__rosidl_typesupport_cpp.dir/rosidl_typesupport_cpp/piper_msgs/msg/pos_cmd__type_support.cpp.o[0m
[7.582s] [ 34%] [32mBuilding CXX object CMakeFiles/piper_msgs__rosidl_typesupport_introspection_cpp.dir/rosidl_typesupport_introspection_cpp/piper_msgs/msg/detail/pos_cmd__type_support.cpp.o[0m
[7.884s] [ 36%] [32mBuilding CXX object CMakeFiles/piper_msgs__rosidl_typesupport_fastrtps_c.dir/rosidl_typesupport_fastrtps_c/piper_msgs/msg/detail/pos_cmd__type_support_c.cpp.o[0m
[7.907s] [ 38%] [32mBuilding CXX object CMakeFiles/piper_msgs__rosidl_typesupport_fastrtps_cpp.dir/rosidl_typesupport_fastrtps_cpp/piper_msgs/msg/detail/dds_fastrtps/pos_cmd__type_support.cpp.o[0m
[7.929s] [ 40%] [32mBuilding CXX object CMakeFiles/piper_msgs__rosidl_typesupport_cpp.dir/rosidl_typesupport_cpp/piper_msgs/srv/enable__type_support.cpp.o[0m
[8.414s] [ 42%] [32mBuilding CXX object CMakeFiles/piper_msgs__rosidl_typesupport_introspection_cpp.dir/rosidl_typesupport_introspection_cpp/piper_msgs/srv/detail/enable__type_support.cpp.o[0m
[8.685s] [ 44%] [32m[1mLinking CXX shared library libpiper_msgs__rosidl_typesupport_cpp.so[0m
[8.783s] [ 44%] Built target piper_msgs__rosidl_typesupport_cpp
[8.810s] [ 46%] [32mBuilding CXX object CMakeFiles/piper_msgs__rosidl_typesupport_fastrtps_c.dir/rosidl_typesupport_fastrtps_c/piper_msgs/srv/detail/enable__type_support_c.cpp.o[0m
[8.866s] [ 48%] [32mBuilding CXX object CMakeFiles/piper_msgs__rosidl_typesupport_fastrtps_cpp.dir/rosidl_typesupport_fastrtps_cpp/piper_msgs/srv/detail/dds_fastrtps/enable__type_support.cpp.o[0m
[8.965s] [ 51%] [34m[1mGenerating C introspection for ROS interfaces[0m
[9.313s] [ 53%] [32m[1mLinking CXX shared library libpiper_msgs__rosidl_typesupport_introspection_cpp.so[0m
[9.422s] [ 53%] Built target piper_msgs__rosidl_typesupport_introspection_cpp
[9.441s] [ 55%] [34m[1mGenerating C type support dispatch for ROS interfaces[0m
[9.574s] [ 57%] [32m[1mLinking CXX shared library libpiper_msgs__rosidl_typesupport_fastrtps_c.so[0m
[9.755s] [ 57%] Built target piper_msgs__rosidl_typesupport_fastrtps_c
[9.905s] [ 59%] [32m[1mLinking CXX shared library libpiper_msgs__rosidl_typesupport_fastrtps_cpp.so[0m
[10.074s] [ 59%] Built target piper_msgs__rosidl_typesupport_fastrtps_cpp
[10.109s] [ 61%] [32mBuilding C object CMakeFiles/piper_msgs__rosidl_typesupport_introspection_c.dir/rosidl_typesupport_introspection_c/piper_msgs/msg/detail/piper_status_msg__type_support.c.o[0m
[10.115s] [ 63%] [32mBuilding C object CMakeFiles/piper_msgs__rosidl_typesupport_introspection_c.dir/rosidl_typesupport_introspection_c/piper_msgs/srv/detail/enable__type_support.c.o[0m
[10.137s] [ 65%] [32mBuilding C object CMakeFiles/piper_msgs__rosidl_typesupport_introspection_c.dir/rosidl_typesupport_introspection_c/piper_msgs/msg/detail/pos_cmd__type_support.c.o[0m
[10.209s] [ 68%] [32m[1mLinking C shared library libpiper_msgs__rosidl_typesupport_introspection_c.so[0m
[10.260s] [ 68%] Built target piper_msgs__rosidl_typesupport_introspection_c
[10.287s] [ 70%] [32mBuilding CXX object CMakeFiles/piper_msgs__rosidl_typesupport_c.dir/rosidl_typesupport_c/piper_msgs/msg/piper_status_msg__type_support.cpp.o[0m
[10.288s] [ 72%] [32mBuilding CXX object CMakeFiles/piper_msgs__rosidl_typesupport_c.dir/rosidl_typesupport_c/piper_msgs/srv/enable__type_support.cpp.o[0m
[10.288s] [ 74%] [32mBuilding CXX object CMakeFiles/piper_msgs__rosidl_typesupport_c.dir/rosidl_typesupport_c/piper_msgs/msg/pos_cmd__type_support.cpp.o[0m
[10.340s] [ 76%] [32m[1mLinking CXX shared library libpiper_msgs__rosidl_typesupport_c.so[0m
[10.396s] [ 76%] Built target piper_msgs__rosidl_typesupport_c
[10.422s] [ 76%] Built target piper_msgs
[10.446s] [ 78%] [34m[1mGenerating Python code for ROS interfaces[0m
[11.363s] [ 78%] Built target piper_msgs__py
[11.391s] [ 80%] [32mBuilding C object CMakeFiles/piper_msgs__rosidl_generator_py.dir/rosidl_generator_py/piper_msgs/msg/_piper_status_msg_s.c.o[0m
[11.392s] [ 82%] [32mBuilding C object CMakeFiles/piper_msgs__rosidl_generator_py.dir/rosidl_generator_py/piper_msgs/msg/_pos_cmd_s.c.o[0m
[11.392s] [ 85%] [32mBuilding C object CMakeFiles/piper_msgs__rosidl_generator_py.dir/rosidl_generator_py/piper_msgs/srv/_enable_s.c.o[0m
[11.613s] [ 87%] [32m[1mLinking C shared library rosidl_generator_py/piper_msgs/libpiper_msgs__rosidl_generator_py.so[0m
[11.667s] [ 87%] Built target piper_msgs__rosidl_generator_py
[11.702s] [ 89%] [32mBuilding C object CMakeFiles/piper_msgs__rosidl_typesupport_c__pyext.dir/rosidl_generator_py/piper_msgs/_piper_msgs_s.ep.rosidl_typesupport_c.c.o[0m
[11.703s] [ 91%] [32mBuilding C object CMakeFiles/piper_msgs__rosidl_typesupport_fastrtps_c__pyext.dir/rosidl_generator_py/piper_msgs/_piper_msgs_s.ep.rosidl_typesupport_fastrtps_c.c.o[0m
[11.705s] [ 93%] [32mBuilding C object CMakeFiles/piper_msgs__rosidl_typesupport_introspection_c__pyext.dir/rosidl_generator_py/piper_msgs/_piper_msgs_s.ep.rosidl_typesupport_introspection_c.c.o[0m
[11.911s] [ 95%] [32m[1mLinking C shared library rosidl_generator_py/piper_msgs/piper_msgs_s__rosidl_typesupport_c.cpython-310-x86_64-linux-gnu.so[0m
[11.911s] [ 97%] [32m[1mLinking C shared library rosidl_generator_py/piper_msgs/piper_msgs_s__rosidl_typesupport_introspection_c.cpython-310-x86_64-linux-gnu.so[0m
[11.922s] [100%] [32m[1mLinking C shared library rosidl_generator_py/piper_msgs/piper_msgs_s__rosidl_typesupport_fastrtps_c.cpython-310-x86_64-linux-gnu.so[0m
[11.971s] [100%] Built target piper_msgs__rosidl_typesupport_introspection_c__pyext
[11.972s] [100%] Built target piper_msgs__rosidl_typesupport_c__pyext
[11.983s] [100%] Built target piper_msgs__rosidl_typesupport_fastrtps_c__pyext
[11.997s] Invoked command in '/home/sam/piper_ros/build/piper_msgs' returned '0': CMAKE_PREFIX_PATH=/opt/ros/humble /usr/bin/cmake --build /home/sam/piper_ros/build/piper_msgs -- -j4 -l4
[11.999s] Invoking command in '/home/sam/piper_ros/build/piper_msgs': CMAKE_PREFIX_PATH=/opt/ros/humble /usr/bin/cmake --install /home/sam/piper_ros/build/piper_msgs
[12.009s] -- Install configuration: ""
[12.010s] -- Execute custom install script
[12.010s] -- Symlinking: /home/sam/piper_ros/install/piper_msgs/share/ament_index/resource_index/rosidl_interfaces/piper_msgs
[12.022s] -- Symlinking: /home/sam/piper_ros/install/piper_msgs/include/piper_msgs/piper_msgs/msg/detail/piper_status_msg__functions.h
[12.033s] -- Symlinking: /home/sam/piper_ros/install/piper_msgs/include/piper_msgs/piper_msgs/msg/detail/piper_status_msg__struct.h
[12.044s] -- Symlinking: /home/sam/piper_ros/install/piper_msgs/include/piper_msgs/piper_msgs/msg/detail/piper_status_msg__type_support.h
[12.055s] -- Symlinking: /home/sam/piper_ros/install/piper_msgs/include/piper_msgs/piper_msgs/msg/detail/pos_cmd__functions.h
[12.066s] -- Symlinking: /home/sam/piper_ros/install/piper_msgs/include/piper_msgs/piper_msgs/msg/detail/pos_cmd__struct.h
[12.076s] -- Symlinking: /home/sam/piper_ros/install/piper_msgs/include/piper_msgs/piper_msgs/msg/detail/pos_cmd__type_support.h
[12.087s] -- Symlinking: /home/sam/piper_ros/install/piper_msgs/include/piper_msgs/piper_msgs/msg/piper_status_msg.h
[12.098s] -- Symlinking: /home/sam/piper_ros/install/piper_msgs/include/piper_msgs/piper_msgs/msg/pos_cmd.h
[12.109s] -- Symlinking: /home/sam/piper_ros/install/piper_msgs/include/piper_msgs/piper_msgs/msg/rosidl_generator_c__visibility_control.h
[12.120s] -- Symlinking: /home/sam/piper_ros/install/piper_msgs/include/piper_msgs/piper_msgs/srv/detail/enable__functions.h
[12.131s] -- Symlinking: /home/sam/piper_ros/install/piper_msgs/include/piper_msgs/piper_msgs/srv/detail/enable__struct.h
[12.142s] -- Symlinking: /home/sam/piper_ros/install/piper_msgs/include/piper_msgs/piper_msgs/srv/detail/enable__type_support.h
[12.153s] -- Symlinking: /home/sam/piper_ros/install/piper_msgs/include/piper_msgs/piper_msgs/srv/enable.h
[12.166s] -- Symlinking: /home/sam/piper_ros/install/piper_msgs/share/piper_msgs/environment/library_path.sh
[12.176s] -- Symlinking: /home/sam/piper_ros/install/piper_msgs/share/piper_msgs/environment/library_path.dsv
[12.191s] -- Symlinking: /home/sam/piper_ros/install/piper_msgs/include/piper_msgs/piper_msgs/msg/detail/piper_status_msg__rosidl_typesupport_fastrtps_c.h
[12.204s] -- Symlinking: /home/sam/piper_ros/install/piper_msgs/include/piper_msgs/piper_msgs/msg/detail/pos_cmd__rosidl_typesupport_fastrtps_c.h
[12.215s] -- Symlinking: /home/sam/piper_ros/install/piper_msgs/include/piper_msgs/piper_msgs/msg/rosidl_typesupport_fastrtps_c__visibility_control.h
[12.227s] -- Symlinking: /home/sam/piper_ros/install/piper_msgs/include/piper_msgs/piper_msgs/srv/detail/enable__rosidl_typesupport_fastrtps_c.h
[12.238s] -- Symlinking: /home/sam/piper_ros/install/piper_msgs/include/piper_msgs/piper_msgs/msg/detail/piper_status_msg__rosidl_typesupport_introspection_c.h
[12.249s] -- Symlinking: /home/sam/piper_ros/install/piper_msgs/include/piper_msgs/piper_msgs/msg/detail/pos_cmd__rosidl_typesupport_introspection_c.h
[12.263s] -- Symlinking: /home/sam/piper_ros/install/piper_msgs/include/piper_msgs/piper_msgs/msg/rosidl_typesupport_introspection_c__visibility_control.h
[12.275s] -- Symlinking: /home/sam/piper_ros/install/piper_msgs/include/piper_msgs/piper_msgs/srv/detail/enable__rosidl_typesupport_introspection_c.h
[12.285s] -- Symlinking: /home/sam/piper_ros/install/piper_msgs/include/piper_msgs/piper_msgs/msg/detail/piper_status_msg__builder.hpp
[12.299s] -- Symlinking: /home/sam/piper_ros/install/piper_msgs/include/piper_msgs/piper_msgs/msg/detail/piper_status_msg__struct.hpp
[12.310s] -- Symlinking: /home/sam/piper_ros/install/piper_msgs/include/piper_msgs/piper_msgs/msg/detail/piper_status_msg__traits.hpp
[12.321s] -- Symlinking: /home/sam/piper_ros/install/piper_msgs/include/piper_msgs/piper_msgs/msg/detail/piper_status_msg__type_support.hpp
[12.332s] -- Symlinking: /home/sam/piper_ros/install/piper_msgs/include/piper_msgs/piper_msgs/msg/detail/pos_cmd__builder.hpp
[12.344s] -- Symlinking: /home/sam/piper_ros/install/piper_msgs/include/piper_msgs/piper_msgs/msg/detail/pos_cmd__struct.hpp
[12.355s] -- Symlinking: /home/sam/piper_ros/install/piper_msgs/include/piper_msgs/piper_msgs/msg/detail/pos_cmd__traits.hpp
[12.366s] -- Symlinking: /home/sam/piper_ros/install/piper_msgs/include/piper_msgs/piper_msgs/msg/detail/pos_cmd__type_support.hpp
[12.377s] -- Symlinking: /home/sam/piper_ros/install/piper_msgs/include/piper_msgs/piper_msgs/msg/piper_status_msg.hpp
[12.387s] -- Symlinking: /home/sam/piper_ros/install/piper_msgs/include/piper_msgs/piper_msgs/msg/pos_cmd.hpp
[12.398s] -- Symlinking: /home/sam/piper_ros/install/piper_msgs/include/piper_msgs/piper_msgs/msg/rosidl_generator_cpp__visibility_control.hpp
[12.409s] -- Symlinking: /home/sam/piper_ros/install/piper_msgs/include/piper_msgs/piper_msgs/srv/detail/enable__builder.hpp
[12.420s] -- Symlinking: /home/sam/piper_ros/install/piper_msgs/include/piper_msgs/piper_msgs/srv/detail/enable__struct.hpp
[12.431s] -- Symlinking: /home/sam/piper_ros/install/piper_msgs/include/piper_msgs/piper_msgs/srv/detail/enable__traits.hpp
[12.442s] -- Symlinking: /home/sam/piper_ros/install/piper_msgs/include/piper_msgs/piper_msgs/srv/detail/enable__type_support.hpp
[12.454s] -- Symlinking: /home/sam/piper_ros/install/piper_msgs/include/piper_msgs/piper_msgs/srv/enable.hpp
[12.469s] -- Symlinking: /home/sam/piper_ros/install/piper_msgs/include/piper_msgs/piper_msgs/msg/detail/piper_status_msg__rosidl_typesupport_fastrtps_cpp.hpp
[12.482s] -- Symlinking: /home/sam/piper_ros/install/piper_msgs/include/piper_msgs/piper_msgs/msg/detail/pos_cmd__rosidl_typesupport_fastrtps_cpp.hpp
[12.495s] -- Symlinking: /home/sam/piper_ros/install/piper_msgs/include/piper_msgs/piper_msgs/msg/rosidl_typesupport_fastrtps_cpp__visibility_control.h
[12.507s] -- Symlinking: /home/sam/piper_ros/install/piper_msgs/include/piper_msgs/piper_msgs/srv/detail/enable__rosidl_typesupport_fastrtps_cpp.hpp
[12.519s] -- Symlinking: /home/sam/piper_ros/install/piper_msgs/include/piper_msgs/piper_msgs/msg/detail/piper_status_msg__rosidl_typesupport_introspection_cpp.hpp
[12.532s] -- Symlinking: /home/sam/piper_ros/install/piper_msgs/include/piper_msgs/piper_msgs/msg/detail/pos_cmd__rosidl_typesupport_introspection_cpp.hpp
[12.543s] -- Symlinking: /home/sam/piper_ros/install/piper_msgs/include/piper_msgs/piper_msgs/srv/detail/enable__rosidl_typesupport_introspection_cpp.hpp
[12.555s] -- Symlinking: /home/sam/piper_ros/install/piper_msgs/share/piper_msgs/environment/pythonpath.sh
[12.566s] -- Symlinking: /home/sam/piper_ros/install/piper_msgs/share/piper_msgs/environment/pythonpath.dsv
[12.578s] -- Symlinking: /home/sam/piper_ros/install/piper_msgs/local/lib/python3.10/dist-packages/piper_msgs-0.0.0-py3.10.egg-info/PKG-INFO
[12.589s] -- Symlinking: /home/sam/piper_ros/install/piper_msgs/local/lib/python3.10/dist-packages/piper_msgs-0.0.0-py3.10.egg-info/SOURCES.txt
[12.602s] -- Symlinking: /home/sam/piper_ros/install/piper_msgs/local/lib/python3.10/dist-packages/piper_msgs-0.0.0-py3.10.egg-info/dependency_links.txt
[12.613s] -- Symlinking: /home/sam/piper_ros/install/piper_msgs/local/lib/python3.10/dist-packages/piper_msgs-0.0.0-py3.10.egg-info/top_level.txt
[12.625s] -- Symlinking: /home/sam/piper_ros/install/piper_msgs/local/lib/python3.10/dist-packages/piper_msgs/__init__.py
[12.638s] -- Symlinking: /home/sam/piper_ros/install/piper_msgs/local/lib/python3.10/dist-packages/piper_msgs/_piper_msgs_s.ep.rosidl_typesupport_c.c
[12.650s] -- Symlinking: /home/sam/piper_ros/install/piper_msgs/local/lib/python3.10/dist-packages/piper_msgs/_piper_msgs_s.ep.rosidl_typesupport_fastrtps_c.c
[12.662s] -- Symlinking: /home/sam/piper_ros/install/piper_msgs/local/lib/python3.10/dist-packages/piper_msgs/_piper_msgs_s.ep.rosidl_typesupport_introspection_c.c
[12.673s] -- Symlinking: /home/sam/piper_ros/install/piper_msgs/local/lib/python3.10/dist-packages/piper_msgs/libpiper_msgs__rosidl_generator_py.so
[12.684s] -- Symlinking: /home/sam/piper_ros/install/piper_msgs/local/lib/python3.10/dist-packages/piper_msgs/msg/__init__.py
[12.695s] -- Symlinking: /home/sam/piper_ros/install/piper_msgs/local/lib/python3.10/dist-packages/piper_msgs/msg/_piper_status_msg.py
[12.708s] -- Symlinking: /home/sam/piper_ros/install/piper_msgs/local/lib/python3.10/dist-packages/piper_msgs/msg/_piper_status_msg_s.c
[12.719s] -- Symlinking: /home/sam/piper_ros/install/piper_msgs/local/lib/python3.10/dist-packages/piper_msgs/msg/_pos_cmd.py
[12.731s] -- Symlinking: /home/sam/piper_ros/install/piper_msgs/local/lib/python3.10/dist-packages/piper_msgs/msg/_pos_cmd_s.c
[12.742s] -- Symlinking: /home/sam/piper_ros/install/piper_msgs/local/lib/python3.10/dist-packages/piper_msgs/piper_msgs_s__rosidl_typesupport_c.cpython-310-x86_64-linux-gnu.so
[12.754s] -- Symlinking: /home/sam/piper_ros/install/piper_msgs/local/lib/python3.10/dist-packages/piper_msgs/piper_msgs_s__rosidl_typesupport_fastrtps_c.cpython-310-x86_64-linux-gnu.so
[12.765s] -- Symlinking: /home/sam/piper_ros/install/piper_msgs/local/lib/python3.10/dist-packages/piper_msgs/piper_msgs_s__rosidl_typesupport_introspection_c.cpython-310-x86_64-linux-gnu.so
[12.776s] -- Symlinking: /home/sam/piper_ros/install/piper_msgs/local/lib/python3.10/dist-packages/piper_msgs/srv/__init__.py
[12.789s] -- Symlinking: /home/sam/piper_ros/install/piper_msgs/local/lib/python3.10/dist-packages/piper_msgs/srv/_enable.py
[12.800s] -- Symlinking: /home/sam/piper_ros/install/piper_msgs/local/lib/python3.10/dist-packages/piper_msgs/srv/_enable_s.c
[12.812s] -- Up-to-date symlink: /home/sam/piper_ros/install/piper_msgs/local/lib/python3.10/dist-packages/piper_msgs/piper_msgs_s__rosidl_typesupport_fastrtps_c.cpython-310-x86_64-linux-gnu.so
[12.812s] -- Up-to-date symlink: /home/sam/piper_ros/install/piper_msgs/local/lib/python3.10/dist-packages/piper_msgs/piper_msgs_s__rosidl_typesupport_introspection_c.cpython-310-x86_64-linux-gnu.so
[12.813s] -- Up-to-date symlink: /home/sam/piper_ros/install/piper_msgs/local/lib/python3.10/dist-packages/piper_msgs/piper_msgs_s__rosidl_typesupport_c.cpython-310-x86_64-linux-gnu.so
[12.813s] -- Symlinking: /home/sam/piper_ros/install/piper_msgs/share/piper_msgs/msg/PiperStatusMsg.idl
[12.824s] -- Symlinking: /home/sam/piper_ros/install/piper_msgs/share/piper_msgs/msg/PosCmd.idl
[12.837s] -- Symlinking: /home/sam/piper_ros/install/piper_msgs/share/piper_msgs/srv/Enable.idl
[12.849s] -- Symlinking: /home/sam/piper_ros/install/piper_msgs/share/piper_msgs/msg/PiperStatusMsg.msg
[12.862s] -- Symlinking: /home/sam/piper_ros/install/piper_msgs/share/piper_msgs/msg/PosCmd.msg
[12.874s] -- Symlinking: /home/sam/piper_ros/install/piper_msgs/share/piper_msgs/srv/Enable.srv
[12.887s] -- Symlinking: /home/sam/piper_ros/install/piper_msgs/share/piper_msgs/srv/Enable_Request.msg
[12.898s] -- Symlinking: /home/sam/piper_ros/install/piper_msgs/share/piper_msgs/srv/Enable_Response.msg
[12.909s] -- Symlinking: /home/sam/piper_ros/install/piper_msgs/share/ament_index/resource_index/package_run_dependencies/piper_msgs
[12.922s] -- Symlinking: /home/sam/piper_ros/install/piper_msgs/share/ament_index/resource_index/parent_prefix_path/piper_msgs
[12.933s] -- Symlinking: /home/sam/piper_ros/install/piper_msgs/share/piper_msgs/environment/ament_prefix_path.sh
[12.947s] -- Symlinking: /home/sam/piper_ros/install/piper_msgs/share/piper_msgs/environment/ament_prefix_path.dsv
[12.958s] -- Symlinking: /home/sam/piper_ros/install/piper_msgs/share/piper_msgs/environment/path.sh
[12.969s] -- Symlinking: /home/sam/piper_ros/install/piper_msgs/share/piper_msgs/environment/path.dsv
[12.980s] -- Symlinking: /home/sam/piper_ros/install/piper_msgs/share/piper_msgs/local_setup.bash
[12.990s] -- Symlinking: /home/sam/piper_ros/install/piper_msgs/share/piper_msgs/local_setup.sh
[13.001s] -- Symlinking: /home/sam/piper_ros/install/piper_msgs/share/piper_msgs/local_setup.zsh
[13.013s] -- Symlinking: /home/sam/piper_ros/install/piper_msgs/share/piper_msgs/local_setup.dsv
[13.024s] -- Symlinking: /home/sam/piper_ros/install/piper_msgs/share/piper_msgs/package.dsv
[13.036s] -- Symlinking: /home/sam/piper_ros/install/piper_msgs/share/ament_index/resource_index/packages/piper_msgs
[13.048s] -- Symlinking: /home/sam/piper_ros/install/piper_msgs/share/piper_msgs/cmake/rosidl_cmake-extras.cmake
[13.059s] -- Symlinking: /home/sam/piper_ros/install/piper_msgs/share/piper_msgs/cmake/ament_cmake_export_include_directories-extras.cmake
[13.070s] -- Symlinking: /home/sam/piper_ros/install/piper_msgs/share/piper_msgs/cmake/ament_cmake_export_libraries-extras.cmake
[13.081s] -- Symlinking: /home/sam/piper_ros/install/piper_msgs/share/piper_msgs/cmake/ament_cmake_export_targets-extras.cmake
[13.092s] -- Symlinking: /home/sam/piper_ros/install/piper_msgs/share/piper_msgs/cmake/rosidl_cmake_export_typesupport_targets-extras.cmake
[13.103s] -- Symlinking: /home/sam/piper_ros/install/piper_msgs/share/piper_msgs/cmake/ament_cmake_export_dependencies-extras.cmake
[13.114s] -- Symlinking: /home/sam/piper_ros/install/piper_msgs/share/piper_msgs/cmake/rosidl_cmake_export_typesupport_libraries-extras.cmake
[13.124s] -- Symlinking: /home/sam/piper_ros/install/piper_msgs/share/piper_msgs/cmake/piper_msgsConfig.cmake
[13.135s] -- Symlinking: /home/sam/piper_ros/install/piper_msgs/share/piper_msgs/cmake/piper_msgsConfig-version.cmake
[13.147s] -- Symlinking: /home/sam/piper_ros/install/piper_msgs/share/piper_msgs/package.xml
[13.160s] -- Installing: /home/sam/piper_ros/install/piper_msgs/lib/libpiper_msgs__rosidl_generator_c.so
[13.160s] -- Set runtime path of "/home/sam/piper_ros/install/piper_msgs/lib/libpiper_msgs__rosidl_generator_c.so" to ""
[13.161s] -- Installing: /home/sam/piper_ros/install/piper_msgs/lib/libpiper_msgs__rosidl_typesupport_fastrtps_c.so
[13.161s] -- Set runtime path of "/home/sam/piper_ros/install/piper_msgs/lib/libpiper_msgs__rosidl_typesupport_fastrtps_c.so" to ""
[13.161s] -- Installing: /home/sam/piper_ros/install/piper_msgs/lib/libpiper_msgs__rosidl_typesupport_introspection_c.so
[13.161s] -- Set runtime path of "/home/sam/piper_ros/install/piper_msgs/lib/libpiper_msgs__rosidl_typesupport_introspection_c.so" to ""
[13.161s] -- Installing: /home/sam/piper_ros/install/piper_msgs/lib/libpiper_msgs__rosidl_typesupport_c.so
[13.161s] -- Set runtime path of "/home/sam/piper_ros/install/piper_msgs/lib/libpiper_msgs__rosidl_typesupport_c.so" to ""
[13.162s] -- Installing: /home/sam/piper_ros/install/piper_msgs/lib/libpiper_msgs__rosidl_typesupport_fastrtps_cpp.so
[13.162s] -- Set runtime path of "/home/sam/piper_ros/install/piper_msgs/lib/libpiper_msgs__rosidl_typesupport_fastrtps_cpp.so" to ""
[13.162s] -- Installing: /home/sam/piper_ros/install/piper_msgs/lib/libpiper_msgs__rosidl_typesupport_introspection_cpp.so
[13.163s] -- Set runtime path of "/home/sam/piper_ros/install/piper_msgs/lib/libpiper_msgs__rosidl_typesupport_introspection_cpp.so" to ""
[13.163s] -- Installing: /home/sam/piper_ros/install/piper_msgs/lib/libpiper_msgs__rosidl_typesupport_cpp.so
[13.164s] -- Set runtime path of "/home/sam/piper_ros/install/piper_msgs/lib/libpiper_msgs__rosidl_typesupport_cpp.so" to ""
[13.213s] Listing '/home/sam/piper_ros/install/piper_msgs/local/lib/python3.10/dist-packages/piper_msgs'...
[13.213s] Compiling '/home/sam/piper_ros/install/piper_msgs/local/lib/python3.10/dist-packages/piper_msgs/__init__.py'...
[13.214s] Listing '/home/sam/piper_ros/install/piper_msgs/local/lib/python3.10/dist-packages/piper_msgs/msg'...
[13.214s] Compiling '/home/sam/piper_ros/install/piper_msgs/local/lib/python3.10/dist-packages/piper_msgs/msg/__init__.py'...
[13.214s] Compiling '/home/sam/piper_ros/install/piper_msgs/local/lib/python3.10/dist-packages/piper_msgs/msg/_piper_status_msg.py'...
[13.214s] Compiling '/home/sam/piper_ros/install/piper_msgs/local/lib/python3.10/dist-packages/piper_msgs/msg/_pos_cmd.py'...
[13.214s] Listing '/home/sam/piper_ros/install/piper_msgs/local/lib/python3.10/dist-packages/piper_msgs/srv'...
[13.214s] Compiling '/home/sam/piper_ros/install/piper_msgs/local/lib/python3.10/dist-packages/piper_msgs/srv/__init__.py'...
[13.214s] Compiling '/home/sam/piper_ros/install/piper_msgs/local/lib/python3.10/dist-packages/piper_msgs/srv/_enable.py'...
[13.221s] -- Installing: /home/sam/piper_ros/install/piper_msgs/lib/libpiper_msgs__rosidl_generator_py.so
[13.222s] -- Set runtime path of "/home/sam/piper_ros/install/piper_msgs/lib/libpiper_msgs__rosidl_generator_py.so" to ""
[13.222s] -- Installing: /home/sam/piper_ros/install/piper_msgs/share/piper_msgs/cmake/export_piper_msgs__rosidl_generator_cExport.cmake
[13.222s] -- Installing: /home/sam/piper_ros/install/piper_msgs/share/piper_msgs/cmake/export_piper_msgs__rosidl_generator_cExport-noconfig.cmake
[13.223s] -- Installing: /home/sam/piper_ros/install/piper_msgs/share/piper_msgs/cmake/export_piper_msgs__rosidl_typesupport_fastrtps_cExport.cmake
[13.223s] -- Installing: /home/sam/piper_ros/install/piper_msgs/share/piper_msgs/cmake/export_piper_msgs__rosidl_typesupport_fastrtps_cExport-noconfig.cmake
[13.223s] -- Installing: /home/sam/piper_ros/install/piper_msgs/share/piper_msgs/cmake/piper_msgs__rosidl_typesupport_introspection_cExport.cmake
[13.224s] -- Installing: /home/sam/piper_ros/install/piper_msgs/share/piper_msgs/cmake/piper_msgs__rosidl_typesupport_introspection_cExport-noconfig.cmake
[13.224s] -- Installing: /home/sam/piper_ros/install/piper_msgs/share/piper_msgs/cmake/piper_msgs__rosidl_typesupport_cExport.cmake
[13.224s] -- Installing: /home/sam/piper_ros/install/piper_msgs/share/piper_msgs/cmake/piper_msgs__rosidl_typesupport_cExport-noconfig.cmake
[13.224s] -- Installing: /home/sam/piper_ros/install/piper_msgs/share/piper_msgs/cmake/export_piper_msgs__rosidl_generator_cppExport.cmake
[13.225s] -- Installing: /home/sam/piper_ros/install/piper_msgs/share/piper_msgs/cmake/export_piper_msgs__rosidl_typesupport_fastrtps_cppExport.cmake
[13.225s] -- Installing: /home/sam/piper_ros/install/piper_msgs/share/piper_msgs/cmake/export_piper_msgs__rosidl_typesupport_fastrtps_cppExport-noconfig.cmake
[13.225s] -- Installing: /home/sam/piper_ros/install/piper_msgs/share/piper_msgs/cmake/piper_msgs__rosidl_typesupport_introspection_cppExport.cmake
[13.225s] -- Installing: /home/sam/piper_ros/install/piper_msgs/share/piper_msgs/cmake/piper_msgs__rosidl_typesupport_introspection_cppExport-noconfig.cmake
[13.225s] -- Installing: /home/sam/piper_ros/install/piper_msgs/share/piper_msgs/cmake/piper_msgs__rosidl_typesupport_cppExport.cmake
[13.226s] -- Installing: /home/sam/piper_ros/install/piper_msgs/share/piper_msgs/cmake/piper_msgs__rosidl_typesupport_cppExport-noconfig.cmake
[13.226s] -- Installing: /home/sam/piper_ros/install/piper_msgs/share/piper_msgs/cmake/export_piper_msgs__rosidl_generator_pyExport.cmake
[13.226s] -- Installing: /home/sam/piper_ros/install/piper_msgs/share/piper_msgs/cmake/export_piper_msgs__rosidl_generator_pyExport-noconfig.cmake
[13.231s] Invoked command in '/home/sam/piper_ros/build/piper_msgs' returned '0': CMAKE_PREFIX_PATH=/opt/ros/humble /usr/bin/cmake --install /home/sam/piper_ros/build/piper_msgs
