[1.119s] Invoking command in '/home/sam/piper_ros/src/piper': PYTHONPATH=/home/sam/piper_ros/build/piper/prefix_override:/usr/lib/python3/dist-packages/colcon_core/task/python/colcon_distutils_commands:/home/sam/piper_ros/install/piper/lib/python3.10/site-packages:${PYTHONPATH} /usr/bin/python3 -W ignore:setup.py install is deprecated -W ignore:easy_install command is deprecated setup.py egg_info --egg-base ../../build/piper build --build-base /home/sam/piper_ros/build/piper/build install --record /home/sam/piper_ros/build/piper/install.log --single-version-externally-managed install_data
[1.464s] running egg_info
[1.465s] writing ../../build/piper/piper.egg-info/PKG-INFO
[1.465s] writing dependency_links to ../../build/piper/piper.egg-info/dependency_links.txt
[1.465s] writing entry points to ../../build/piper/piper.egg-info/entry_points.txt
[1.466s] writing requirements to ../../build/piper/piper.egg-info/requires.txt
[1.466s] writing top-level names to ../../build/piper/piper.egg-info/top_level.txt
[1.468s] reading manifest file '../../build/piper/piper.egg-info/SOURCES.txt'
[1.469s] adding license file 'LICENSE'
[1.470s] writing manifest file '../../build/piper/piper.egg-info/SOURCES.txt'
[1.470s] running build
[1.470s] running build_py
[1.470s] running install
[1.471s] running install_lib
[1.472s] running install_data
[1.473s] running install_egg_info
[1.475s] removing '/home/sam/piper_ros/install/piper/lib/python3.10/site-packages/piper-0.0.0-py3.10.egg-info' (and everything under it)
[1.475s] Copying ../../build/piper/piper.egg-info to /home/sam/piper_ros/install/piper/lib/python3.10/site-packages/piper-0.0.0-py3.10.egg-info
[1.476s] running install_scripts
[1.503s] Installing piper_ms_ctrl script to /home/sam/piper_ros/install/piper/lib/piper
[1.503s] Installing piper_read_master script to /home/sam/piper_ros/install/piper/lib/piper
[1.503s] Installing piper_single_ctrl script to /home/sam/piper_ros/install/piper/lib/piper
[1.504s] Installing talker script to /home/sam/piper_ros/install/piper/lib/piper
[1.504s] writing list of installed files to '/home/sam/piper_ros/build/piper/install.log'
[1.535s] Invoked command in '/home/sam/piper_ros/src/piper' returned '0': PYTHONPATH=/home/sam/piper_ros/build/piper/prefix_override:/usr/lib/python3/dist-packages/colcon_core/task/python/colcon_distutils_commands:/home/sam/piper_ros/install/piper/lib/python3.10/site-packages:${PYTHONPATH} /usr/bin/python3 -W ignore:setup.py install is deprecated -W ignore:easy_install command is deprecated setup.py egg_info --egg-base ../../build/piper build --build-base /home/sam/piper_ros/build/piper/build install --record /home/sam/piper_ros/build/piper/install.log --single-version-externally-managed install_data
