[2.999s] Invoking command in '/home/sam/piper_ros/src/piper': PYTHONPATH=/home/sam/piper_ros/build/piper/prefix_override:/usr/lib/python3/dist-packages/colcon_core/task/python/colcon_distutils_commands:/home/sam/piper_ros/install/piper/lib/python3.10/site-packages:${PYTHONPATH} /usr/bin/python3 -W ignore:setup.py install is deprecated -W ignore:easy_install command is deprecated setup.py egg_info --egg-base ../../build/piper build --build-base /home/sam/piper_ros/build/piper/build install --record /home/sam/piper_ros/build/piper/install.log --single-version-externally-managed install_data
[4.335s] running egg_info
[4.337s] writing ../../build/piper/piper.egg-info/PKG-INFO
[4.337s] writing dependency_links to ../../build/piper/piper.egg-info/dependency_links.txt
[4.337s] writing entry points to ../../build/piper/piper.egg-info/entry_points.txt
[4.338s] writing requirements to ../../build/piper/piper.egg-info/requires.txt
[4.338s] writing top-level names to ../../build/piper/piper.egg-info/top_level.txt
[4.343s] reading manifest file '../../build/piper/piper.egg-info/SOURCES.txt'
[4.348s] adding license file 'LICENSE'
[4.348s] writing manifest file '../../build/piper/piper.egg-info/SOURCES.txt'
[4.350s] running build
[4.350s] running build_py
[4.350s] running install
[4.350s] running install_lib
[4.352s] running install_data
[4.357s] running install_egg_info
[4.357s] removing '/home/sam/piper_ros/install/piper/lib/python3.10/site-packages/piper-0.0.0-py3.10.egg-info' (and everything under it)
[4.359s] Copying ../../build/piper/piper.egg-info to /home/sam/piper_ros/install/piper/lib/python3.10/site-packages/piper-0.0.0-py3.10.egg-info
[4.361s] running install_scripts
[4.432s] Installing piper_ms_ctrl script to /home/sam/piper_ros/install/piper/lib/piper
[4.433s] Installing piper_read_master script to /home/sam/piper_ros/install/piper/lib/piper
[4.433s] Installing piper_single_ctrl script to /home/sam/piper_ros/install/piper/lib/piper
[4.433s] Installing talker script to /home/sam/piper_ros/install/piper/lib/piper
[4.434s] writing list of installed files to '/home/sam/piper_ros/build/piper/install.log'
[4.504s] Invoked command in '/home/sam/piper_ros/src/piper' returned '0': PYTHONPATH=/home/sam/piper_ros/build/piper/prefix_override:/usr/lib/python3/dist-packages/colcon_core/task/python/colcon_distutils_commands:/home/sam/piper_ros/install/piper/lib/python3.10/site-packages:${PYTHONPATH} /usr/bin/python3 -W ignore:setup.py install is deprecated -W ignore:easy_install command is deprecated setup.py egg_info --egg-base ../../build/piper build --build-base /home/sam/piper_ros/build/piper/build install --record /home/sam/piper_ros/build/piper/install.log --single-version-externally-managed install_data
