[2.157s] Invoking command in '/home/sam/piper_ros/src/piper': PYTHONPATH=/home/sam/piper_ros/build/piper/prefix_override:/usr/lib/python3/dist-packages/colcon_core/task/python/colcon_distutils_commands:/home/sam/piper_ros/install/piper/lib/python3.10/site-packages:${PYTHONPATH} /usr/bin/python3 -W ignore:setup.py install is deprecated -W ignore:easy_install command is deprecated setup.py egg_info --egg-base ../../build/piper build --build-base /home/sam/piper_ros/build/piper/build install --record /home/sam/piper_ros/build/piper/install.log --single-version-externally-managed install_data
[2.964s] running egg_info
[2.966s] writing ../../build/piper/piper.egg-info/PKG-INFO
[2.966s] writing dependency_links to ../../build/piper/piper.egg-info/dependency_links.txt
[2.966s] writing entry points to ../../build/piper/piper.egg-info/entry_points.txt
[2.968s] writing requirements to ../../build/piper/piper.egg-info/requires.txt
[2.968s] writing top-level names to ../../build/piper/piper.egg-info/top_level.txt
[2.970s] reading manifest file '../../build/piper/piper.egg-info/SOURCES.txt'
[2.971s] adding license file 'LICENSE'
[2.972s] writing manifest file '../../build/piper/piper.egg-info/SOURCES.txt'
[2.973s] running build
[2.973s] running build_py
[2.973s] running install
[2.974s] running install_lib
[2.976s] running install_data
[2.977s] running install_egg_info
[2.980s] removing '/home/sam/piper_ros/install/piper/lib/python3.10/site-packages/piper-0.0.0-py3.10.egg-info' (and everything under it)
[2.982s] Copying ../../build/piper/piper.egg-info to /home/sam/piper_ros/install/piper/lib/python3.10/site-packages/piper-0.0.0-py3.10.egg-info
[2.983s] running install_scripts
[3.028s] Installing piper_ms_ctrl script to /home/sam/piper_ros/install/piper/lib/piper
[3.030s] Installing piper_read_master script to /home/sam/piper_ros/install/piper/lib/piper
[3.031s] Installing piper_single_ctrl script to /home/sam/piper_ros/install/piper/lib/piper
[3.032s] Installing talker script to /home/sam/piper_ros/install/piper/lib/piper
[3.032s] writing list of installed files to '/home/sam/piper_ros/build/piper/install.log'
[3.071s] Invoked command in '/home/sam/piper_ros/src/piper' returned '0': PYTHONPATH=/home/sam/piper_ros/build/piper/prefix_override:/usr/lib/python3/dist-packages/colcon_core/task/python/colcon_distutils_commands:/home/sam/piper_ros/install/piper/lib/python3.10/site-packages:${PYTHONPATH} /usr/bin/python3 -W ignore:setup.py install is deprecated -W ignore:easy_install command is deprecated setup.py egg_info --egg-base ../../build/piper build --build-base /home/sam/piper_ros/build/piper/build install --record /home/sam/piper_ros/build/piper/install.log --single-version-externally-managed install_data
