[0.049s] Invoking command in '/home/sam/piper_ros/build/piper_with_gripper_moveit': AMENT_PREFIX_PATH=/home/sam/piper_ros/install/piper_description:${AMENT_PREFIX_PATH} CMAKE_PREFIX_PATH=/home/sam/piper_ros/install/piper_description:/opt/ros/humble /usr/bin/cmake --build /home/sam/piper_ros/build/piper_with_gripper_moveit -- -j4 -l4
[0.159s] Invoked command in '/home/sam/piper_ros/build/piper_with_gripper_moveit' returned '0': AMENT_PREFIX_PATH=/home/sam/piper_ros/install/piper_description:${AMENT_PREFIX_PATH} CMAKE_PREFIX_PATH=/home/sam/piper_ros/install/piper_description:/opt/ros/humble /usr/bin/cmake --build /home/sam/piper_ros/build/piper_with_gripper_moveit -- -j4 -l4
[0.162s] Invoking command in '/home/sam/piper_ros/build/piper_with_gripper_moveit': AMENT_PREFIX_PATH=/home/sam/piper_ros/install/piper_description:${AMENT_PREFIX_PATH} CMAKE_PREFIX_PATH=/home/sam/piper_ros/install/piper_description:/opt/ros/humble /usr/bin/cmake --install /home/sam/piper_ros/build/piper_with_gripper_moveit
[0.193s] -- Install configuration: ""
[0.193s] -- Up-to-date: /home/sam/piper_ros/install/piper_with_gripper_moveit/share/ament_index/resource_index/package_run_dependencies/piper_with_gripper_moveit
[0.193s] -- Up-to-date: /home/sam/piper_ros/install/piper_with_gripper_moveit/share/ament_index/resource_index/parent_prefix_path/piper_with_gripper_moveit
[0.194s] -- Up-to-date: /home/sam/piper_ros/install/piper_with_gripper_moveit/share/piper_with_gripper_moveit/environment/ament_prefix_path.sh
[0.194s] -- Up-to-date: /home/sam/piper_ros/install/piper_with_gripper_moveit/share/piper_with_gripper_moveit/environment/ament_prefix_path.dsv
[0.194s] -- Up-to-date: /home/sam/piper_ros/install/piper_with_gripper_moveit/share/piper_with_gripper_moveit/environment/path.sh
[0.194s] -- Up-to-date: /home/sam/piper_ros/install/piper_with_gripper_moveit/share/piper_with_gripper_moveit/environment/path.dsv
[0.194s] -- Up-to-date: /home/sam/piper_ros/install/piper_with_gripper_moveit/share/piper_with_gripper_moveit/local_setup.bash
[0.194s] -- Up-to-date: /home/sam/piper_ros/install/piper_with_gripper_moveit/share/piper_with_gripper_moveit/local_setup.sh
[0.194s] -- Up-to-date: /home/sam/piper_ros/install/piper_with_gripper_moveit/share/piper_with_gripper_moveit/local_setup.zsh
[0.194s] -- Up-to-date: /home/sam/piper_ros/install/piper_with_gripper_moveit/share/piper_with_gripper_moveit/local_setup.dsv
[0.195s] -- Up-to-date: /home/sam/piper_ros/install/piper_with_gripper_moveit/share/piper_with_gripper_moveit/package.dsv
[0.195s] -- Up-to-date: /home/sam/piper_ros/install/piper_with_gripper_moveit/share/ament_index/resource_index/packages/piper_with_gripper_moveit
[0.200s] -- Up-to-date: /home/sam/piper_ros/install/piper_with_gripper_moveit/share/piper_with_gripper_moveit/cmake/piper_with_gripper_moveitConfig.cmake
[0.201s] -- Up-to-date: /home/sam/piper_ros/install/piper_with_gripper_moveit/share/piper_with_gripper_moveit/cmake/piper_with_gripper_moveitConfig-version.cmake
[0.201s] -- Up-to-date: /home/sam/piper_ros/install/piper_with_gripper_moveit/share/piper_with_gripper_moveit/package.xml
[0.201s] -- Up-to-date: /home/sam/piper_ros/install/piper_with_gripper_moveit/share/piper_with_gripper_moveit/launch
[0.202s] -- Up-to-date: /home/sam/piper_ros/install/piper_with_gripper_moveit/share/piper_with_gripper_moveit/launch/warehouse_db.launch.py
[0.203s] -- Up-to-date: /home/sam/piper_ros/install/piper_with_gripper_moveit/share/piper_with_gripper_moveit/launch/static_virtual_joint_tfs.launch.py
[0.203s] -- Up-to-date: /home/sam/piper_ros/install/piper_with_gripper_moveit/share/piper_with_gripper_moveit/launch/spawn_controllers.launch.py
[0.203s] -- Up-to-date: /home/sam/piper_ros/install/piper_with_gripper_moveit/share/piper_with_gripper_moveit/launch/setup_assistant.launch.py
[0.203s] -- Up-to-date: /home/sam/piper_ros/install/piper_with_gripper_moveit/share/piper_with_gripper_moveit/launch/piper_moveit.launch.py
[0.203s] -- Up-to-date: /home/sam/piper_ros/install/piper_with_gripper_moveit/share/piper_with_gripper_moveit/launch/rsp.launch.py
[0.203s] -- Up-to-date: /home/sam/piper_ros/install/piper_with_gripper_moveit/share/piper_with_gripper_moveit/launch/move_group.launch.py
[0.203s] -- Up-to-date: /home/sam/piper_ros/install/piper_with_gripper_moveit/share/piper_with_gripper_moveit/launch/moveit_rviz.launch.py
[0.203s] -- Up-to-date: /home/sam/piper_ros/install/piper_with_gripper_moveit/share/piper_with_gripper_moveit/launch/demo.launch.py
[0.204s] -- Up-to-date: /home/sam/piper_ros/install/piper_with_gripper_moveit/share/piper_with_gripper_moveit/config
[0.204s] -- Up-to-date: /home/sam/piper_ros/install/piper_with_gripper_moveit/share/piper_with_gripper_moveit/config/initial_positions.yaml
[0.204s] -- Up-to-date: /home/sam/piper_ros/install/piper_with_gripper_moveit/share/piper_with_gripper_moveit/config/kinematics.yaml
[0.204s] -- Up-to-date: /home/sam/piper_ros/install/piper_with_gripper_moveit/share/piper_with_gripper_moveit/config/moveit.rviz
[0.209s] -- Up-to-date: /home/sam/piper_ros/install/piper_with_gripper_moveit/share/piper_with_gripper_moveit/config/piper.ros2_control.xacro
[0.209s] -- Up-to-date: /home/sam/piper_ros/install/piper_with_gripper_moveit/share/piper_with_gripper_moveit/config/pilz_cartesian_limits.yaml
[0.209s] -- Up-to-date: /home/sam/piper_ros/install/piper_with_gripper_moveit/share/piper_with_gripper_moveit/config/moveit_controllers.yaml
[0.209s] -- Up-to-date: /home/sam/piper_ros/install/piper_with_gripper_moveit/share/piper_with_gripper_moveit/config/ros2_controllers.yaml
[0.210s] -- Up-to-date: /home/sam/piper_ros/install/piper_with_gripper_moveit/share/piper_with_gripper_moveit/config/piper.urdf.xacro
[0.210s] -- Up-to-date: /home/sam/piper_ros/install/piper_with_gripper_moveit/share/piper_with_gripper_moveit/config/piper.srdf
[0.210s] -- Up-to-date: /home/sam/piper_ros/install/piper_with_gripper_moveit/share/piper_with_gripper_moveit/config/joint_limits.yaml
[0.210s] -- Up-to-date: /home/sam/piper_ros/install/piper_with_gripper_moveit/share/piper_with_gripper_moveit/config/sensors_3d.yaml
[0.215s] -- Up-to-date: /home/sam/piper_ros/install/piper_with_gripper_moveit/share/piper_with_gripper_moveit/.setup_assistant
[0.225s] Invoked command in '/home/sam/piper_ros/build/piper_with_gripper_moveit' returned '0': AMENT_PREFIX_PATH=/home/sam/piper_ros/install/piper_description:${AMENT_PREFIX_PATH} CMAKE_PREFIX_PATH=/home/sam/piper_ros/install/piper_description:/opt/ros/humble /usr/bin/cmake --install /home/sam/piper_ros/build/piper_with_gripper_moveit
