[0.631s] Invoking command in '/home/sam/piper_ros/build/piper_gazebo': CMAKE_PREFIX_PATH=${CMAKE_PREFIX_PATH}:/home/sam/ws_moveit/install/moveit_configs_utils:/home/sam/ws_moveit/install/launch_param_builder:/opt/ros/humble /usr/bin/cmake /home/sam/piper_ros/src/piper_sim/piper_gazebo -DCMAKE_BUILD_TYPE=Debug -DCMAKE_INSTALL_PREFIX=/home/sam/piper_ros/install/piper_gazebo
[0.666s] -- Found ament_cmake: 1.3.11 (/opt/ros/humble/share/ament_cmake/cmake)
[1.051s] -- Override CMake install command with custom implementation using symlinks instead of copying resources
[1.070s] -- Found ament_lint_auto: 0.12.12 (/opt/ros/humble/share/ament_lint_auto/cmake)
[1.284s] -- Added test 'copyright' to check source files copyright and LICENSE
[1.291s] -- Added test 'flake8' to check Python code syntax and style conventions
[1.292s] -- Added test 'lint_cmake' to check CMake code style
[1.293s] -- Added test 'pep257' to check Python code against some of the docstring style conventions in PEP 257
[1.302s] -- Added test 'xmllint' to check XML markup files
[1.310s] -- Configuring done
[1.343s] -- Generating done
[1.353s] -- Build files have been written to: /home/sam/piper_ros/build/piper_gazebo
[1.376s] Invoked command in '/home/sam/piper_ros/build/piper_gazebo' returned '0': CMAKE_PREFIX_PATH=${CMAKE_PREFIX_PATH}:/home/sam/ws_moveit/install/moveit_configs_utils:/home/sam/ws_moveit/install/launch_param_builder:/opt/ros/humble /usr/bin/cmake /home/sam/piper_ros/src/piper_sim/piper_gazebo -DCMAKE_BUILD_TYPE=Debug -DCMAKE_INSTALL_PREFIX=/home/sam/piper_ros/install/piper_gazebo
[1.377s] Invoking command in '/home/sam/piper_ros/build/piper_gazebo': CMAKE_PREFIX_PATH=${CMAKE_PREFIX_PATH}:/home/sam/ws_moveit/install/moveit_configs_utils:/home/sam/ws_moveit/install/launch_param_builder:/opt/ros/humble /usr/bin/cmake --build /home/sam/piper_ros/build/piper_gazebo -- -j4 -l4
[1.555s] Invoked command in '/home/sam/piper_ros/build/piper_gazebo' returned '0': CMAKE_PREFIX_PATH=${CMAKE_PREFIX_PATH}:/home/sam/ws_moveit/install/moveit_configs_utils:/home/sam/ws_moveit/install/launch_param_builder:/opt/ros/humble /usr/bin/cmake --build /home/sam/piper_ros/build/piper_gazebo -- -j4 -l4
[1.558s] Invoking command in '/home/sam/piper_ros/build/piper_gazebo': CMAKE_PREFIX_PATH=${CMAKE_PREFIX_PATH}:/home/sam/ws_moveit/install/moveit_configs_utils:/home/sam/ws_moveit/install/launch_param_builder:/opt/ros/humble /usr/bin/cmake --install /home/sam/piper_ros/build/piper_gazebo
[1.578s] -- Install configuration: "Debug"
[1.578s] -- Execute custom install script
[1.579s] -- Up-to-date symlink: /home/sam/piper_ros/install/piper_gazebo/share/piper_gazebo/launch/piper_no_gripper/piper_no_gripper_gazebo.launch.py
[1.580s] -- Up-to-date symlink: /home/sam/piper_ros/install/piper_gazebo/share/piper_gazebo/launch/piper_with_gripper/piper_gazebo.launch.py
[1.580s] -- Up-to-date symlink: /home/sam/piper_ros/install/piper_gazebo/share/piper_gazebo/config/ros2_controllers.yaml
[1.581s] -- Up-to-date symlink: /home/sam/piper_ros/install/piper_gazebo/share/piper_gazebo/config/ros2_no_gripper_controllers.yaml
[1.582s] -- Up-to-date symlink: /home/sam/piper_ros/install/piper_gazebo/share/piper_gazebo/scripts/joint8_ctrl.py
[1.583s] -- Up-to-date symlink: /home/sam/piper_ros/install/piper_gazebo/lib/piper_gazebo/joint8_ctrl.py
[1.586s] -- Up-to-date symlink: /home/sam/piper_ros/install/piper_gazebo/share/ament_index/resource_index/package_run_dependencies/piper_gazebo
[1.587s] -- Up-to-date symlink: /home/sam/piper_ros/install/piper_gazebo/share/ament_index/resource_index/parent_prefix_path/piper_gazebo
[1.587s] -- Up-to-date symlink: /home/sam/piper_ros/install/piper_gazebo/share/piper_gazebo/environment/ament_prefix_path.sh
[1.587s] -- Up-to-date symlink: /home/sam/piper_ros/install/piper_gazebo/share/piper_gazebo/environment/ament_prefix_path.dsv
[1.587s] -- Up-to-date symlink: /home/sam/piper_ros/install/piper_gazebo/share/piper_gazebo/environment/path.sh
[1.587s] -- Up-to-date symlink: /home/sam/piper_ros/install/piper_gazebo/share/piper_gazebo/environment/path.dsv
[1.587s] -- Up-to-date symlink: /home/sam/piper_ros/install/piper_gazebo/share/piper_gazebo/local_setup.bash
[1.587s] -- Up-to-date symlink: /home/sam/piper_ros/install/piper_gazebo/share/piper_gazebo/local_setup.sh
[1.588s] -- Up-to-date symlink: /home/sam/piper_ros/install/piper_gazebo/share/piper_gazebo/local_setup.zsh
[1.588s] -- Up-to-date symlink: /home/sam/piper_ros/install/piper_gazebo/share/piper_gazebo/local_setup.dsv
[1.588s] -- Symlinking: /home/sam/piper_ros/install/piper_gazebo/share/piper_gazebo/package.dsv
[1.606s] -- Up-to-date symlink: /home/sam/piper_ros/install/piper_gazebo/share/ament_index/resource_index/packages/piper_gazebo
[1.607s] -- Up-to-date symlink: /home/sam/piper_ros/install/piper_gazebo/share/piper_gazebo/cmake/piper_gazeboConfig.cmake
[1.611s] -- Up-to-date symlink: /home/sam/piper_ros/install/piper_gazebo/share/piper_gazebo/cmake/piper_gazeboConfig-version.cmake
[1.611s] -- Up-to-date symlink: /home/sam/piper_ros/install/piper_gazebo/share/piper_gazebo/package.xml
[1.612s] Invoked command in '/home/sam/piper_ros/build/piper_gazebo' returned '0': CMAKE_PREFIX_PATH=${CMAKE_PREFIX_PATH}:/home/sam/ws_moveit/install/moveit_configs_utils:/home/sam/ws_moveit/install/launch_param_builder:/opt/ros/humble /usr/bin/cmake --install /home/sam/piper_ros/build/piper_gazebo
