[0.140s] DEBUG:colcon:Command line arguments: ['/usr/bin/colcon', 'build']
[0.140s] DEBUG:colcon:Parsed command line arguments: Namespace(log_base=None, log_level=None, verb_name='build', build_base='build', install_base='install', merge_install=False, symlink_install=False, test_result_base=None, continue_on_error=False, executor='parallel', parallel_workers=4, event_handlers=None, ignore_user_meta=False, metas=['./colcon.meta'], base_paths=['.'], packages_ignore=None, packages_ignore_regex=None, paths=None, packages_up_to=None, packages_up_to_regex=None, packages_above=None, packages_above_and_dependencies=None, packages_above_depth=None, packages_select_by_dep=None, packages_skip_by_dep=None, packages_skip_up_to=None, packages_select_build_failed=False, packages_skip_build_finished=False, packages_select_test_failures=False, packages_skip_test_passed=False, packages_select=None, packages_skip=None, packages_select_regex=None, packages_skip_regex=None, packages_start=None, packages_end=None, allow_overriding=[], cmake_args=None, cmake_target=None, cmake_target_skip_unavailable=False, cmake_clean_cache=False, cmake_clean_first=False, cmake_force_configure=False, ament_cmake_args=None, catkin_cmake_args=None, catkin_skip_building_tests=False, verb_parser=<colcon_defaults.argument_parser.defaults.DefaultArgumentsDecorator object at 0x775bcbe61870>, verb_extension=<colcon_core.verb.build.BuildVerb object at 0x775bcbf47370>, main=<bound method BuildVerb.main of <colcon_core.verb.build.BuildVerb object at 0x775bcbf47370>>)
[0.372s] Level 1:colcon.colcon_core.package_discovery:discover_packages(colcon_meta) check parameters
[0.372s] Level 1:colcon.colcon_core.package_discovery:discover_packages(recursive) check parameters
[0.372s] Level 1:colcon.colcon_core.package_discovery:discover_packages(ignore) check parameters
[0.372s] Level 1:colcon.colcon_core.package_discovery:discover_packages(path) check parameters
[0.373s] Level 1:colcon.colcon_core.package_discovery:discover_packages(colcon_meta) discover
[0.373s] Level 1:colcon.colcon_core.package_discovery:discover_packages(recursive) discover
[0.373s] INFO:colcon.colcon_core.package_discovery:Crawling recursively for packages in '/home/sam/piper_ros'
[0.373s] Level 1:colcon.colcon_core.package_identification:_identify(.) by extensions ['ignore', 'ignore_ament_install']
[0.373s] Level 1:colcon.colcon_core.package_identification:_identify(.) by extension 'ignore'
[0.373s] Level 1:colcon.colcon_core.package_identification:_identify(.) by extension 'ignore_ament_install'
[0.373s] Level 1:colcon.colcon_core.package_identification:_identify(.) by extensions ['colcon_pkg']
[0.373s] Level 1:colcon.colcon_core.package_identification:_identify(.) by extension 'colcon_pkg'
[0.373s] Level 1:colcon.colcon_core.package_identification:_identify(.) by extensions ['colcon_meta']
[0.373s] Level 1:colcon.colcon_core.package_identification:_identify(.) by extension 'colcon_meta'
[0.373s] Level 1:colcon.colcon_core.package_identification:_identify(.) by extensions ['ros']
[0.373s] Level 1:colcon.colcon_core.package_identification:_identify(.) by extension 'ros'
[0.386s] Level 1:colcon.colcon_core.package_identification:_identify(.) by extensions ['cmake', 'python']
[0.386s] Level 1:colcon.colcon_core.package_identification:_identify(.) by extension 'cmake'
[0.386s] Level 1:colcon.colcon_core.package_identification:_identify(.) by extension 'python'
[0.386s] Level 1:colcon.colcon_core.package_identification:_identify(.) by extensions ['python_setup_py']
[0.386s] Level 1:colcon.colcon_core.package_identification:_identify(.) by extension 'python_setup_py'
[0.387s] Level 1:colcon.colcon_core.package_identification:_identify(asserts) by extensions ['ignore', 'ignore_ament_install']
[0.387s] Level 1:colcon.colcon_core.package_identification:_identify(asserts) by extension 'ignore'
[0.387s] Level 1:colcon.colcon_core.package_identification:_identify(asserts) by extension 'ignore_ament_install'
[0.387s] Level 1:colcon.colcon_core.package_identification:_identify(asserts) by extensions ['colcon_pkg']
[0.387s] Level 1:colcon.colcon_core.package_identification:_identify(asserts) by extension 'colcon_pkg'
[0.387s] Level 1:colcon.colcon_core.package_identification:_identify(asserts) by extensions ['colcon_meta']
[0.387s] Level 1:colcon.colcon_core.package_identification:_identify(asserts) by extension 'colcon_meta'
[0.387s] Level 1:colcon.colcon_core.package_identification:_identify(asserts) by extensions ['ros']
[0.387s] Level 1:colcon.colcon_core.package_identification:_identify(asserts) by extension 'ros'
[0.387s] Level 1:colcon.colcon_core.package_identification:_identify(asserts) by extensions ['cmake', 'python']
[0.387s] Level 1:colcon.colcon_core.package_identification:_identify(asserts) by extension 'cmake'
[0.387s] Level 1:colcon.colcon_core.package_identification:_identify(asserts) by extension 'python'
[0.387s] Level 1:colcon.colcon_core.package_identification:_identify(asserts) by extensions ['python_setup_py']
[0.388s] Level 1:colcon.colcon_core.package_identification:_identify(asserts) by extension 'python_setup_py'
[0.388s] Level 1:colcon.colcon_core.package_identification:_identify(asserts/pictures) by extensions ['ignore', 'ignore_ament_install']
[0.388s] Level 1:colcon.colcon_core.package_identification:_identify(asserts/pictures) by extension 'ignore'
[0.388s] Level 1:colcon.colcon_core.package_identification:_identify(asserts/pictures) by extension 'ignore_ament_install'
[0.388s] Level 1:colcon.colcon_core.package_identification:_identify(asserts/pictures) by extensions ['colcon_pkg']
[0.388s] Level 1:colcon.colcon_core.package_identification:_identify(asserts/pictures) by extension 'colcon_pkg'
[0.388s] Level 1:colcon.colcon_core.package_identification:_identify(asserts/pictures) by extensions ['colcon_meta']
[0.388s] Level 1:colcon.colcon_core.package_identification:_identify(asserts/pictures) by extension 'colcon_meta'
[0.388s] Level 1:colcon.colcon_core.package_identification:_identify(asserts/pictures) by extensions ['ros']
[0.388s] Level 1:colcon.colcon_core.package_identification:_identify(asserts/pictures) by extension 'ros'
[0.388s] Level 1:colcon.colcon_core.package_identification:_identify(asserts/pictures) by extensions ['cmake', 'python']
[0.388s] Level 1:colcon.colcon_core.package_identification:_identify(asserts/pictures) by extension 'cmake'
[0.388s] Level 1:colcon.colcon_core.package_identification:_identify(asserts/pictures) by extension 'python'
[0.388s] Level 1:colcon.colcon_core.package_identification:_identify(asserts/pictures) by extensions ['python_setup_py']
[0.388s] Level 1:colcon.colcon_core.package_identification:_identify(asserts/pictures) by extension 'python_setup_py'
[0.388s] Level 1:colcon.colcon_core.package_identification:_identify(build) by extensions ['ignore', 'ignore_ament_install']
[0.389s] Level 1:colcon.colcon_core.package_identification:_identify(build) by extension 'ignore'
[0.389s] Level 1:colcon.colcon_core.package_identification:_identify(build) ignored
[0.389s] Level 1:colcon.colcon_core.package_identification:_identify(install) by extensions ['ignore', 'ignore_ament_install']
[0.389s] Level 1:colcon.colcon_core.package_identification:_identify(install) by extension 'ignore'
[0.389s] Level 1:colcon.colcon_core.package_identification:_identify(install) ignored
[0.389s] Level 1:colcon.colcon_core.package_identification:_identify(log) by extensions ['ignore', 'ignore_ament_install']
[0.389s] Level 1:colcon.colcon_core.package_identification:_identify(log) by extension 'ignore'
[0.389s] Level 1:colcon.colcon_core.package_identification:_identify(log) ignored
[0.389s] Level 1:colcon.colcon_core.package_identification:_identify(src) by extensions ['ignore', 'ignore_ament_install']
[0.389s] Level 1:colcon.colcon_core.package_identification:_identify(src) by extension 'ignore'
[0.389s] Level 1:colcon.colcon_core.package_identification:_identify(src) by extension 'ignore_ament_install'
[0.389s] Level 1:colcon.colcon_core.package_identification:_identify(src) by extensions ['colcon_pkg']
[0.389s] Level 1:colcon.colcon_core.package_identification:_identify(src) by extension 'colcon_pkg'
[0.389s] Level 1:colcon.colcon_core.package_identification:_identify(src) by extensions ['colcon_meta']
[0.390s] Level 1:colcon.colcon_core.package_identification:_identify(src) by extension 'colcon_meta'
[0.390s] Level 1:colcon.colcon_core.package_identification:_identify(src) by extensions ['ros']
[0.390s] Level 1:colcon.colcon_core.package_identification:_identify(src) by extension 'ros'
[0.390s] Level 1:colcon.colcon_core.package_identification:_identify(src) by extensions ['cmake', 'python']
[0.390s] Level 1:colcon.colcon_core.package_identification:_identify(src) by extension 'cmake'
[0.390s] Level 1:colcon.colcon_core.package_identification:_identify(src) by extension 'python'
[0.390s] Level 1:colcon.colcon_core.package_identification:_identify(src) by extensions ['python_setup_py']
[0.390s] Level 1:colcon.colcon_core.package_identification:_identify(src) by extension 'python_setup_py'
[0.390s] Level 1:colcon.colcon_core.package_identification:_identify(src/piper) by extensions ['ignore', 'ignore_ament_install']
[0.390s] Level 1:colcon.colcon_core.package_identification:_identify(src/piper) by extension 'ignore'
[0.390s] Level 1:colcon.colcon_core.package_identification:_identify(src/piper) by extension 'ignore_ament_install'
[0.390s] Level 1:colcon.colcon_core.package_identification:_identify(src/piper) by extensions ['colcon_pkg']
[0.390s] Level 1:colcon.colcon_core.package_identification:_identify(src/piper) by extension 'colcon_pkg'
[0.390s] Level 1:colcon.colcon_core.package_identification:_identify(src/piper) by extensions ['colcon_meta']
[0.390s] Level 1:colcon.colcon_core.package_identification:_identify(src/piper) by extension 'colcon_meta'
[0.390s] Level 1:colcon.colcon_core.package_identification:_identify(src/piper) by extensions ['ros']
[0.390s] Level 1:colcon.colcon_core.package_identification:_identify(src/piper) by extension 'ros'
[0.395s] DEBUG:colcon.colcon_core.package_identification:Package 'src/piper' with type 'ros.ament_python' and name 'piper'
[0.395s] Level 1:colcon.colcon_core.package_identification:_identify(src/piper_description) by extensions ['ignore', 'ignore_ament_install']
[0.395s] Level 1:colcon.colcon_core.package_identification:_identify(src/piper_description) by extension 'ignore'
[0.395s] Level 1:colcon.colcon_core.package_identification:_identify(src/piper_description) by extension 'ignore_ament_install'
[0.395s] Level 1:colcon.colcon_core.package_identification:_identify(src/piper_description) by extensions ['colcon_pkg']
[0.395s] Level 1:colcon.colcon_core.package_identification:_identify(src/piper_description) by extension 'colcon_pkg'
[0.395s] Level 1:colcon.colcon_core.package_identification:_identify(src/piper_description) by extensions ['colcon_meta']
[0.395s] Level 1:colcon.colcon_core.package_identification:_identify(src/piper_description) by extension 'colcon_meta'
[0.395s] Level 1:colcon.colcon_core.package_identification:_identify(src/piper_description) by extensions ['ros']
[0.395s] Level 1:colcon.colcon_core.package_identification:_identify(src/piper_description) by extension 'ros'
[0.396s] DEBUG:colcon.colcon_core.package_identification:Package 'src/piper_description' with type 'ros.ament_cmake' and name 'piper_description'
[0.396s] Level 1:colcon.colcon_core.package_identification:_identify(src/piper_humble) by extensions ['ignore', 'ignore_ament_install']
[0.396s] Level 1:colcon.colcon_core.package_identification:_identify(src/piper_humble) by extension 'ignore'
[0.396s] Level 1:colcon.colcon_core.package_identification:_identify(src/piper_humble) by extension 'ignore_ament_install'
[0.397s] Level 1:colcon.colcon_core.package_identification:_identify(src/piper_humble) by extensions ['colcon_pkg']
[0.397s] Level 1:colcon.colcon_core.package_identification:_identify(src/piper_humble) by extension 'colcon_pkg'
[0.397s] Level 1:colcon.colcon_core.package_identification:_identify(src/piper_humble) by extensions ['colcon_meta']
[0.397s] Level 1:colcon.colcon_core.package_identification:_identify(src/piper_humble) by extension 'colcon_meta'
[0.397s] Level 1:colcon.colcon_core.package_identification:_identify(src/piper_humble) by extensions ['ros']
[0.397s] Level 1:colcon.colcon_core.package_identification:_identify(src/piper_humble) by extension 'ros'
[0.398s] DEBUG:colcon.colcon_core.package_identification:Package 'src/piper_humble' with type 'ros.ament_cmake' and name 'piper_humble'
[0.398s] Level 1:colcon.colcon_core.package_identification:_identify(src/piper_moveit) by extensions ['ignore', 'ignore_ament_install']
[0.398s] Level 1:colcon.colcon_core.package_identification:_identify(src/piper_moveit) by extension 'ignore'
[0.398s] Level 1:colcon.colcon_core.package_identification:_identify(src/piper_moveit) by extension 'ignore_ament_install'
[0.398s] Level 1:colcon.colcon_core.package_identification:_identify(src/piper_moveit) by extensions ['colcon_pkg']
[0.398s] Level 1:colcon.colcon_core.package_identification:_identify(src/piper_moveit) by extension 'colcon_pkg'
[0.398s] Level 1:colcon.colcon_core.package_identification:_identify(src/piper_moveit) by extensions ['colcon_meta']
[0.398s] Level 1:colcon.colcon_core.package_identification:_identify(src/piper_moveit) by extension 'colcon_meta'
[0.398s] Level 1:colcon.colcon_core.package_identification:_identify(src/piper_moveit) by extensions ['ros']
[0.399s] Level 1:colcon.colcon_core.package_identification:_identify(src/piper_moveit) by extension 'ros'
[0.399s] Level 1:colcon.colcon_core.package_identification:_identify(src/piper_moveit) by extensions ['cmake', 'python']
[0.399s] Level 1:colcon.colcon_core.package_identification:_identify(src/piper_moveit) by extension 'cmake'
[0.399s] Level 1:colcon.colcon_core.package_identification:_identify(src/piper_moveit) by extension 'python'
[0.399s] Level 1:colcon.colcon_core.package_identification:_identify(src/piper_moveit) by extensions ['python_setup_py']
[0.399s] Level 1:colcon.colcon_core.package_identification:_identify(src/piper_moveit) by extension 'python_setup_py'
[0.399s] Level 1:colcon.colcon_core.package_identification:_identify(src/piper_moveit/piper_no_gripper_moveit) by extensions ['ignore', 'ignore_ament_install']
[0.399s] Level 1:colcon.colcon_core.package_identification:_identify(src/piper_moveit/piper_no_gripper_moveit) by extension 'ignore'
[0.399s] Level 1:colcon.colcon_core.package_identification:_identify(src/piper_moveit/piper_no_gripper_moveit) by extension 'ignore_ament_install'
[0.399s] Level 1:colcon.colcon_core.package_identification:_identify(src/piper_moveit/piper_no_gripper_moveit) by extensions ['colcon_pkg']
[0.399s] Level 1:colcon.colcon_core.package_identification:_identify(src/piper_moveit/piper_no_gripper_moveit) by extension 'colcon_pkg'
[0.399s] Level 1:colcon.colcon_core.package_identification:_identify(src/piper_moveit/piper_no_gripper_moveit) by extensions ['colcon_meta']
[0.400s] Level 1:colcon.colcon_core.package_identification:_identify(src/piper_moveit/piper_no_gripper_moveit) by extension 'colcon_meta'
[0.400s] Level 1:colcon.colcon_core.package_identification:_identify(src/piper_moveit/piper_no_gripper_moveit) by extensions ['ros']
[0.400s] Level 1:colcon.colcon_core.package_identification:_identify(src/piper_moveit/piper_no_gripper_moveit) by extension 'ros'
[0.401s] DEBUG:colcon.colcon_core.package_identification:Package 'src/piper_moveit/piper_no_gripper_moveit' with type 'ros.ament_cmake' and name 'piper_no_gripper_moveit'
[0.401s] Level 1:colcon.colcon_core.package_identification:_identify(src/piper_moveit/piper_with_gripper_moveit) by extensions ['ignore', 'ignore_ament_install']
[0.401s] Level 1:colcon.colcon_core.package_identification:_identify(src/piper_moveit/piper_with_gripper_moveit) by extension 'ignore'
[0.401s] Level 1:colcon.colcon_core.package_identification:_identify(src/piper_moveit/piper_with_gripper_moveit) by extension 'ignore_ament_install'
[0.401s] Level 1:colcon.colcon_core.package_identification:_identify(src/piper_moveit/piper_with_gripper_moveit) by extensions ['colcon_pkg']
[0.401s] Level 1:colcon.colcon_core.package_identification:_identify(src/piper_moveit/piper_with_gripper_moveit) by extension 'colcon_pkg'
[0.401s] Level 1:colcon.colcon_core.package_identification:_identify(src/piper_moveit/piper_with_gripper_moveit) by extensions ['colcon_meta']
[0.401s] Level 1:colcon.colcon_core.package_identification:_identify(src/piper_moveit/piper_with_gripper_moveit) by extension 'colcon_meta'
[0.402s] Level 1:colcon.colcon_core.package_identification:_identify(src/piper_moveit/piper_with_gripper_moveit) by extensions ['ros']
[0.402s] Level 1:colcon.colcon_core.package_identification:_identify(src/piper_moveit/piper_with_gripper_moveit) by extension 'ros'
[0.413s] DEBUG:colcon.colcon_core.package_identification:Package 'src/piper_moveit/piper_with_gripper_moveit' with type 'ros.ament_cmake' and name 'piper_with_gripper_moveit'
[0.413s] Level 1:colcon.colcon_core.package_identification:_identify(src/piper_msgs) by extensions ['ignore', 'ignore_ament_install']
[0.413s] Level 1:colcon.colcon_core.package_identification:_identify(src/piper_msgs) by extension 'ignore'
[0.413s] Level 1:colcon.colcon_core.package_identification:_identify(src/piper_msgs) by extension 'ignore_ament_install'
[0.413s] Level 1:colcon.colcon_core.package_identification:_identify(src/piper_msgs) by extensions ['colcon_pkg']
[0.414s] Level 1:colcon.colcon_core.package_identification:_identify(src/piper_msgs) by extension 'colcon_pkg'
[0.414s] Level 1:colcon.colcon_core.package_identification:_identify(src/piper_msgs) by extensions ['colcon_meta']
[0.414s] Level 1:colcon.colcon_core.package_identification:_identify(src/piper_msgs) by extension 'colcon_meta'
[0.414s] Level 1:colcon.colcon_core.package_identification:_identify(src/piper_msgs) by extensions ['ros']
[0.414s] Level 1:colcon.colcon_core.package_identification:_identify(src/piper_msgs) by extension 'ros'
[0.414s] DEBUG:colcon.colcon_core.package_identification:Package 'src/piper_msgs' with type 'ros.ament_cmake' and name 'piper_msgs'
[0.415s] Level 1:colcon.colcon_core.package_identification:_identify(src/piper_sim) by extensions ['ignore', 'ignore_ament_install']
[0.415s] Level 1:colcon.colcon_core.package_identification:_identify(src/piper_sim) by extension 'ignore'
[0.415s] Level 1:colcon.colcon_core.package_identification:_identify(src/piper_sim) by extension 'ignore_ament_install'
[0.415s] Level 1:colcon.colcon_core.package_identification:_identify(src/piper_sim) by extensions ['colcon_pkg']
[0.415s] Level 1:colcon.colcon_core.package_identification:_identify(src/piper_sim) by extension 'colcon_pkg'
[0.415s] Level 1:colcon.colcon_core.package_identification:_identify(src/piper_sim) by extensions ['colcon_meta']
[0.415s] Level 1:colcon.colcon_core.package_identification:_identify(src/piper_sim) by extension 'colcon_meta'
[0.415s] Level 1:colcon.colcon_core.package_identification:_identify(src/piper_sim) by extensions ['ros']
[0.415s] Level 1:colcon.colcon_core.package_identification:_identify(src/piper_sim) by extension 'ros'
[0.415s] Level 1:colcon.colcon_core.package_identification:_identify(src/piper_sim) by extensions ['cmake', 'python']
[0.415s] Level 1:colcon.colcon_core.package_identification:_identify(src/piper_sim) by extension 'cmake'
[0.415s] Level 1:colcon.colcon_core.package_identification:_identify(src/piper_sim) by extension 'python'
[0.415s] Level 1:colcon.colcon_core.package_identification:_identify(src/piper_sim) by extensions ['python_setup_py']
[0.415s] Level 1:colcon.colcon_core.package_identification:_identify(src/piper_sim) by extension 'python_setup_py'
[0.415s] Level 1:colcon.colcon_core.package_identification:_identify(src/piper_sim/piper_gazebo) by extensions ['ignore', 'ignore_ament_install']
[0.415s] Level 1:colcon.colcon_core.package_identification:_identify(src/piper_sim/piper_gazebo) by extension 'ignore'
[0.415s] Level 1:colcon.colcon_core.package_identification:_identify(src/piper_sim/piper_gazebo) by extension 'ignore_ament_install'
[0.416s] Level 1:colcon.colcon_core.package_identification:_identify(src/piper_sim/piper_gazebo) by extensions ['colcon_pkg']
[0.416s] Level 1:colcon.colcon_core.package_identification:_identify(src/piper_sim/piper_gazebo) by extension 'colcon_pkg'
[0.416s] Level 1:colcon.colcon_core.package_identification:_identify(src/piper_sim/piper_gazebo) by extensions ['colcon_meta']
[0.416s] Level 1:colcon.colcon_core.package_identification:_identify(src/piper_sim/piper_gazebo) by extension 'colcon_meta'
[0.416s] Level 1:colcon.colcon_core.package_identification:_identify(src/piper_sim/piper_gazebo) by extensions ['ros']
[0.416s] Level 1:colcon.colcon_core.package_identification:_identify(src/piper_sim/piper_gazebo) by extension 'ros'
[0.416s] DEBUG:colcon.colcon_core.package_identification:Package 'src/piper_sim/piper_gazebo' with type 'ros.ament_cmake' and name 'piper_gazebo'
[0.417s] Level 1:colcon.colcon_core.package_identification:_identify(src/piper_sim/piper_mujoco) by extensions ['ignore', 'ignore_ament_install']
[0.417s] Level 1:colcon.colcon_core.package_identification:_identify(src/piper_sim/piper_mujoco) by extension 'ignore'
[0.417s] Level 1:colcon.colcon_core.package_identification:_identify(src/piper_sim/piper_mujoco) by extension 'ignore_ament_install'
[0.417s] Level 1:colcon.colcon_core.package_identification:_identify(src/piper_sim/piper_mujoco) by extensions ['colcon_pkg']
[0.417s] Level 1:colcon.colcon_core.package_identification:_identify(src/piper_sim/piper_mujoco) by extension 'colcon_pkg'
[0.417s] Level 1:colcon.colcon_core.package_identification:_identify(src/piper_sim/piper_mujoco) by extensions ['colcon_meta']
[0.417s] Level 1:colcon.colcon_core.package_identification:_identify(src/piper_sim/piper_mujoco) by extension 'colcon_meta'
[0.417s] Level 1:colcon.colcon_core.package_identification:_identify(src/piper_sim/piper_mujoco) by extensions ['ros']
[0.417s] Level 1:colcon.colcon_core.package_identification:_identify(src/piper_sim/piper_mujoco) by extension 'ros'
[0.418s] DEBUG:colcon.colcon_core.package_identification:Package 'src/piper_sim/piper_mujoco' with type 'ros.ament_cmake' and name 'piper_mujoco'
[0.418s] Level 1:colcon.colcon_core.package_discovery:discover_packages(recursive) using defaults
[0.418s] Level 1:colcon.colcon_core.package_discovery:discover_packages(ignore) discover
[0.418s] Level 1:colcon.colcon_core.package_discovery:discover_packages(ignore) using defaults
[0.418s] Level 1:colcon.colcon_core.package_discovery:discover_packages(path) discover
[0.418s] Level 1:colcon.colcon_core.package_discovery:discover_packages(path) using defaults
[0.446s] Level 1:colcon.colcon_core.package_discovery:discover_packages(prefix_path) check parameters
[0.446s] Level 1:colcon.colcon_core.package_discovery:discover_packages(prefix_path) discover
[0.449s] DEBUG:colcon.colcon_installed_package_information.package_discovery:Found 8 installed packages in /home/sam/piper_ros/install
[0.450s] DEBUG:colcon.colcon_installed_package_information.package_discovery:Found 316 installed packages in /opt/ros/humble
[0.452s] Level 1:colcon.colcon_core.package_discovery:discover_packages(prefix_path) using defaults
[0.508s] Level 5:colcon.colcon_core.verb:set package 'piper' build argument 'cmake_args' from command line to 'None'
[0.508s] Level 5:colcon.colcon_core.verb:set package 'piper' build argument 'cmake_target' from command line to 'None'
[0.508s] Level 5:colcon.colcon_core.verb:set package 'piper' build argument 'cmake_target_skip_unavailable' from command line to 'False'
[0.508s] Level 5:colcon.colcon_core.verb:set package 'piper' build argument 'cmake_clean_cache' from command line to 'False'
[0.508s] Level 5:colcon.colcon_core.verb:set package 'piper' build argument 'cmake_clean_first' from command line to 'False'
[0.508s] Level 5:colcon.colcon_core.verb:set package 'piper' build argument 'cmake_force_configure' from command line to 'False'
[0.508s] Level 5:colcon.colcon_core.verb:set package 'piper' build argument 'ament_cmake_args' from command line to 'None'
[0.508s] Level 5:colcon.colcon_core.verb:set package 'piper' build argument 'catkin_cmake_args' from command line to 'None'
[0.508s] Level 5:colcon.colcon_core.verb:set package 'piper' build argument 'catkin_skip_building_tests' from command line to 'False'
[0.508s] DEBUG:colcon.colcon_core.verb:Building package 'piper' with the following arguments: {'ament_cmake_args': None, 'build_base': '/home/sam/piper_ros/build/piper', 'catkin_cmake_args': None, 'catkin_skip_building_tests': False, 'cmake_args': None, 'cmake_clean_cache': False, 'cmake_clean_first': False, 'cmake_force_configure': False, 'cmake_target': None, 'cmake_target_skip_unavailable': False, 'install_base': '/home/sam/piper_ros/install/piper', 'merge_install': False, 'path': '/home/sam/piper_ros/src/piper', 'symlink_install': False, 'test_result_base': None}
[0.508s] Level 5:colcon.colcon_core.verb:set package 'piper_description' build argument 'cmake_args' from command line to 'None'
[0.508s] Level 5:colcon.colcon_core.verb:set package 'piper_description' build argument 'cmake_target' from command line to 'None'
[0.508s] Level 5:colcon.colcon_core.verb:set package 'piper_description' build argument 'cmake_target_skip_unavailable' from command line to 'False'
[0.508s] Level 5:colcon.colcon_core.verb:set package 'piper_description' build argument 'cmake_clean_cache' from command line to 'False'
[0.508s] Level 5:colcon.colcon_core.verb:set package 'piper_description' build argument 'cmake_clean_first' from command line to 'False'
[0.508s] Level 5:colcon.colcon_core.verb:set package 'piper_description' build argument 'cmake_force_configure' from command line to 'False'
[0.508s] Level 5:colcon.colcon_core.verb:set package 'piper_description' build argument 'ament_cmake_args' from command line to 'None'
[0.509s] Level 5:colcon.colcon_core.verb:set package 'piper_description' build argument 'catkin_cmake_args' from command line to 'None'
[0.509s] Level 5:colcon.colcon_core.verb:set package 'piper_description' build argument 'catkin_skip_building_tests' from command line to 'False'
[0.509s] DEBUG:colcon.colcon_core.verb:Building package 'piper_description' with the following arguments: {'ament_cmake_args': None, 'build_base': '/home/sam/piper_ros/build/piper_description', 'catkin_cmake_args': None, 'catkin_skip_building_tests': False, 'cmake_args': None, 'cmake_clean_cache': False, 'cmake_clean_first': False, 'cmake_force_configure': False, 'cmake_target': None, 'cmake_target_skip_unavailable': False, 'install_base': '/home/sam/piper_ros/install/piper_description', 'merge_install': False, 'path': '/home/sam/piper_ros/src/piper_description', 'symlink_install': False, 'test_result_base': None}
[0.509s] Level 5:colcon.colcon_core.verb:set package 'piper_gazebo' build argument 'cmake_args' from command line to 'None'
[0.509s] Level 5:colcon.colcon_core.verb:set package 'piper_gazebo' build argument 'cmake_target' from command line to 'None'
[0.509s] Level 5:colcon.colcon_core.verb:set package 'piper_gazebo' build argument 'cmake_target_skip_unavailable' from command line to 'False'
[0.509s] Level 5:colcon.colcon_core.verb:set package 'piper_gazebo' build argument 'cmake_clean_cache' from command line to 'False'
[0.509s] Level 5:colcon.colcon_core.verb:set package 'piper_gazebo' build argument 'cmake_clean_first' from command line to 'False'
[0.509s] Level 5:colcon.colcon_core.verb:set package 'piper_gazebo' build argument 'cmake_force_configure' from command line to 'False'
[0.509s] Level 5:colcon.colcon_core.verb:set package 'piper_gazebo' build argument 'ament_cmake_args' from command line to 'None'
[0.509s] Level 5:colcon.colcon_core.verb:set package 'piper_gazebo' build argument 'catkin_cmake_args' from command line to 'None'
[0.509s] Level 5:colcon.colcon_core.verb:set package 'piper_gazebo' build argument 'catkin_skip_building_tests' from command line to 'False'
[0.509s] DEBUG:colcon.colcon_core.verb:Building package 'piper_gazebo' with the following arguments: {'ament_cmake_args': None, 'build_base': '/home/sam/piper_ros/build/piper_gazebo', 'catkin_cmake_args': None, 'catkin_skip_building_tests': False, 'cmake_args': None, 'cmake_clean_cache': False, 'cmake_clean_first': False, 'cmake_force_configure': False, 'cmake_target': None, 'cmake_target_skip_unavailable': False, 'install_base': '/home/sam/piper_ros/install/piper_gazebo', 'merge_install': False, 'path': '/home/sam/piper_ros/src/piper_sim/piper_gazebo', 'symlink_install': False, 'test_result_base': None}
[0.510s] Level 5:colcon.colcon_core.verb:set package 'piper_humble' build argument 'cmake_args' from command line to 'None'
[0.510s] Level 5:colcon.colcon_core.verb:set package 'piper_humble' build argument 'cmake_target' from command line to 'None'
[0.510s] Level 5:colcon.colcon_core.verb:set package 'piper_humble' build argument 'cmake_target_skip_unavailable' from command line to 'False'
[0.510s] Level 5:colcon.colcon_core.verb:set package 'piper_humble' build argument 'cmake_clean_cache' from command line to 'False'
[0.510s] Level 5:colcon.colcon_core.verb:set package 'piper_humble' build argument 'cmake_clean_first' from command line to 'False'
[0.510s] Level 5:colcon.colcon_core.verb:set package 'piper_humble' build argument 'cmake_force_configure' from command line to 'False'
[0.510s] Level 5:colcon.colcon_core.verb:set package 'piper_humble' build argument 'ament_cmake_args' from command line to 'None'
[0.510s] Level 5:colcon.colcon_core.verb:set package 'piper_humble' build argument 'catkin_cmake_args' from command line to 'None'
[0.510s] Level 5:colcon.colcon_core.verb:set package 'piper_humble' build argument 'catkin_skip_building_tests' from command line to 'False'
[0.510s] DEBUG:colcon.colcon_core.verb:Building package 'piper_humble' with the following arguments: {'ament_cmake_args': None, 'build_base': '/home/sam/piper_ros/build/piper_humble', 'catkin_cmake_args': None, 'catkin_skip_building_tests': False, 'cmake_args': None, 'cmake_clean_cache': False, 'cmake_clean_first': False, 'cmake_force_configure': False, 'cmake_target': None, 'cmake_target_skip_unavailable': False, 'install_base': '/home/sam/piper_ros/install/piper_humble', 'merge_install': False, 'path': '/home/sam/piper_ros/src/piper_humble', 'symlink_install': False, 'test_result_base': None}
[0.510s] Level 5:colcon.colcon_core.verb:set package 'piper_msgs' build argument 'cmake_args' from command line to 'None'
[0.510s] Level 5:colcon.colcon_core.verb:set package 'piper_msgs' build argument 'cmake_target' from command line to 'None'
[0.510s] Level 5:colcon.colcon_core.verb:set package 'piper_msgs' build argument 'cmake_target_skip_unavailable' from command line to 'False'
[0.510s] Level 5:colcon.colcon_core.verb:set package 'piper_msgs' build argument 'cmake_clean_cache' from command line to 'False'
[0.510s] Level 5:colcon.colcon_core.verb:set package 'piper_msgs' build argument 'cmake_clean_first' from command line to 'False'
[0.510s] Level 5:colcon.colcon_core.verb:set package 'piper_msgs' build argument 'cmake_force_configure' from command line to 'False'
[0.510s] Level 5:colcon.colcon_core.verb:set package 'piper_msgs' build argument 'ament_cmake_args' from command line to 'None'
[0.510s] Level 5:colcon.colcon_core.verb:set package 'piper_msgs' build argument 'catkin_cmake_args' from command line to 'None'
[0.510s] Level 5:colcon.colcon_core.verb:set package 'piper_msgs' build argument 'catkin_skip_building_tests' from command line to 'False'
[0.511s] DEBUG:colcon.colcon_core.verb:Building package 'piper_msgs' with the following arguments: {'ament_cmake_args': None, 'build_base': '/home/sam/piper_ros/build/piper_msgs', 'catkin_cmake_args': None, 'catkin_skip_building_tests': False, 'cmake_args': None, 'cmake_clean_cache': False, 'cmake_clean_first': False, 'cmake_force_configure': False, 'cmake_target': None, 'cmake_target_skip_unavailable': False, 'install_base': '/home/sam/piper_ros/install/piper_msgs', 'merge_install': False, 'path': '/home/sam/piper_ros/src/piper_msgs', 'symlink_install': False, 'test_result_base': None}
[0.511s] Level 5:colcon.colcon_core.verb:set package 'piper_mujoco' build argument 'cmake_args' from command line to 'None'
[0.511s] Level 5:colcon.colcon_core.verb:set package 'piper_mujoco' build argument 'cmake_target' from command line to 'None'
[0.511s] Level 5:colcon.colcon_core.verb:set package 'piper_mujoco' build argument 'cmake_target_skip_unavailable' from command line to 'False'
[0.511s] Level 5:colcon.colcon_core.verb:set package 'piper_mujoco' build argument 'cmake_clean_cache' from command line to 'False'
[0.511s] Level 5:colcon.colcon_core.verb:set package 'piper_mujoco' build argument 'cmake_clean_first' from command line to 'False'
[0.511s] Level 5:colcon.colcon_core.verb:set package 'piper_mujoco' build argument 'cmake_force_configure' from command line to 'False'
[0.511s] Level 5:colcon.colcon_core.verb:set package 'piper_mujoco' build argument 'ament_cmake_args' from command line to 'None'
[0.511s] Level 5:colcon.colcon_core.verb:set package 'piper_mujoco' build argument 'catkin_cmake_args' from command line to 'None'
[0.511s] Level 5:colcon.colcon_core.verb:set package 'piper_mujoco' build argument 'catkin_skip_building_tests' from command line to 'False'
[0.511s] DEBUG:colcon.colcon_core.verb:Building package 'piper_mujoco' with the following arguments: {'ament_cmake_args': None, 'build_base': '/home/sam/piper_ros/build/piper_mujoco', 'catkin_cmake_args': None, 'catkin_skip_building_tests': False, 'cmake_args': None, 'cmake_clean_cache': False, 'cmake_clean_first': False, 'cmake_force_configure': False, 'cmake_target': None, 'cmake_target_skip_unavailable': False, 'install_base': '/home/sam/piper_ros/install/piper_mujoco', 'merge_install': False, 'path': '/home/sam/piper_ros/src/piper_sim/piper_mujoco', 'symlink_install': False, 'test_result_base': None}
[0.512s] Level 5:colcon.colcon_core.verb:set package 'piper_no_gripper_moveit' build argument 'cmake_args' from command line to 'None'
[0.512s] Level 5:colcon.colcon_core.verb:set package 'piper_no_gripper_moveit' build argument 'cmake_target' from command line to 'None'
[0.512s] Level 5:colcon.colcon_core.verb:set package 'piper_no_gripper_moveit' build argument 'cmake_target_skip_unavailable' from command line to 'False'
[0.512s] Level 5:colcon.colcon_core.verb:set package 'piper_no_gripper_moveit' build argument 'cmake_clean_cache' from command line to 'False'
[0.512s] Level 5:colcon.colcon_core.verb:set package 'piper_no_gripper_moveit' build argument 'cmake_clean_first' from command line to 'False'
[0.512s] Level 5:colcon.colcon_core.verb:set package 'piper_no_gripper_moveit' build argument 'cmake_force_configure' from command line to 'False'
[0.512s] Level 5:colcon.colcon_core.verb:set package 'piper_no_gripper_moveit' build argument 'ament_cmake_args' from command line to 'None'
[0.512s] Level 5:colcon.colcon_core.verb:set package 'piper_no_gripper_moveit' build argument 'catkin_cmake_args' from command line to 'None'
[0.512s] Level 5:colcon.colcon_core.verb:set package 'piper_no_gripper_moveit' build argument 'catkin_skip_building_tests' from command line to 'False'
[0.512s] DEBUG:colcon.colcon_core.verb:Building package 'piper_no_gripper_moveit' with the following arguments: {'ament_cmake_args': None, 'build_base': '/home/sam/piper_ros/build/piper_no_gripper_moveit', 'catkin_cmake_args': None, 'catkin_skip_building_tests': False, 'cmake_args': None, 'cmake_clean_cache': False, 'cmake_clean_first': False, 'cmake_force_configure': False, 'cmake_target': None, 'cmake_target_skip_unavailable': False, 'install_base': '/home/sam/piper_ros/install/piper_no_gripper_moveit', 'merge_install': False, 'path': '/home/sam/piper_ros/src/piper_moveit/piper_no_gripper_moveit', 'symlink_install': False, 'test_result_base': None}
[0.512s] Level 5:colcon.colcon_core.verb:set package 'piper_with_gripper_moveit' build argument 'cmake_args' from command line to 'None'
[0.512s] Level 5:colcon.colcon_core.verb:set package 'piper_with_gripper_moveit' build argument 'cmake_target' from command line to 'None'
[0.512s] Level 5:colcon.colcon_core.verb:set package 'piper_with_gripper_moveit' build argument 'cmake_target_skip_unavailable' from command line to 'False'
[0.512s] Level 5:colcon.colcon_core.verb:set package 'piper_with_gripper_moveit' build argument 'cmake_clean_cache' from command line to 'False'
[0.513s] Level 5:colcon.colcon_core.verb:set package 'piper_with_gripper_moveit' build argument 'cmake_clean_first' from command line to 'False'
[0.513s] Level 5:colcon.colcon_core.verb:set package 'piper_with_gripper_moveit' build argument 'cmake_force_configure' from command line to 'False'
[0.513s] Level 5:colcon.colcon_core.verb:set package 'piper_with_gripper_moveit' build argument 'ament_cmake_args' from command line to 'None'
[0.513s] Level 5:colcon.colcon_core.verb:set package 'piper_with_gripper_moveit' build argument 'catkin_cmake_args' from command line to 'None'
[0.513s] Level 5:colcon.colcon_core.verb:set package 'piper_with_gripper_moveit' build argument 'catkin_skip_building_tests' from command line to 'False'
[0.513s] DEBUG:colcon.colcon_core.verb:Building package 'piper_with_gripper_moveit' with the following arguments: {'ament_cmake_args': None, 'build_base': '/home/sam/piper_ros/build/piper_with_gripper_moveit', 'catkin_cmake_args': None, 'catkin_skip_building_tests': False, 'cmake_args': None, 'cmake_clean_cache': False, 'cmake_clean_first': False, 'cmake_force_configure': False, 'cmake_target': None, 'cmake_target_skip_unavailable': False, 'install_base': '/home/sam/piper_ros/install/piper_with_gripper_moveit', 'merge_install': False, 'path': '/home/sam/piper_ros/src/piper_moveit/piper_with_gripper_moveit', 'symlink_install': False, 'test_result_base': None}
[0.513s] INFO:colcon.colcon_core.executor:Executing jobs using 'parallel' executor
[0.514s] DEBUG:colcon.colcon_parallel_executor.executor.parallel:run_until_complete
[0.514s] INFO:colcon.colcon_ros.task.ament_cmake.build:Building ROS package in '/home/sam/piper_ros/src/piper_description' with build type 'ament_cmake'
[0.514s] INFO:colcon.colcon_cmake.task.cmake.build:Building CMake package in '/home/sam/piper_ros/src/piper_description'
[0.517s] INFO:colcon.colcon_core.plugin_system:Skipping extension 'colcon_core.shell.bat': Not used on non-Windows systems
[0.517s] INFO:colcon.colcon_core.shell:Skip shell extension 'powershell' for command environment: Not usable outside of PowerShell
[0.518s] DEBUG:colcon.colcon_core.shell:Skip shell extension 'dsv' for command environment
[0.522s] INFO:colcon.colcon_ros.task.ament_python.build:Building ROS package in '/home/sam/piper_ros/src/piper' with build type 'ament_python'
[0.522s] Level 1:colcon.colcon_core.shell:create_environment_hook('piper', 'ament_prefix_path')
[0.522s] INFO:colcon.colcon_core.shell:Creating environment hook '/home/sam/piper_ros/install/piper/share/piper/hook/ament_prefix_path.ps1'
[0.523s] INFO:colcon.colcon_core.shell:Creating environment descriptor '/home/sam/piper_ros/install/piper/share/piper/hook/ament_prefix_path.dsv'
[0.524s] INFO:colcon.colcon_core.shell:Creating environment hook '/home/sam/piper_ros/install/piper/share/piper/hook/ament_prefix_path.sh'
[0.525s] INFO:colcon.colcon_core.shell:Skip shell extension 'powershell' for command environment: Not usable outside of PowerShell
[0.525s] DEBUG:colcon.colcon_core.shell:Skip shell extension 'dsv' for command environment
[0.529s] INFO:colcon.colcon_ros.task.ament_cmake.build:Building ROS package in '/home/sam/piper_ros/src/piper_sim/piper_gazebo' with build type 'ament_cmake'
[0.530s] INFO:colcon.colcon_cmake.task.cmake.build:Building CMake package in '/home/sam/piper_ros/src/piper_sim/piper_gazebo'
[0.530s] INFO:colcon.colcon_core.shell:Skip shell extension 'powershell' for command environment: Not usable outside of PowerShell
[0.530s] DEBUG:colcon.colcon_core.shell:Skip shell extension 'dsv' for command environment
[0.535s] INFO:colcon.colcon_ros.task.ament_cmake.build:Building ROS package in '/home/sam/piper_ros/src/piper_humble' with build type 'ament_cmake'
[0.535s] INFO:colcon.colcon_cmake.task.cmake.build:Building CMake package in '/home/sam/piper_ros/src/piper_humble'
[0.536s] INFO:colcon.colcon_core.shell:Skip shell extension 'powershell' for command environment: Not usable outside of PowerShell
[0.536s] DEBUG:colcon.colcon_core.shell:Skip shell extension 'dsv' for command environment
[0.548s] DEBUG:colcon.colcon_core.event_handler.log_command:Invoking command in '/home/sam/piper_ros/build/piper_description': CMAKE_PREFIX_PATH=${CMAKE_PREFIX_PATH}:/home/sam/piper_ros/install/piper:/opt/ros/humble /usr/bin/cmake --build /home/sam/piper_ros/build/piper_description -- -j4 -l4
[0.877s] INFO:colcon.colcon_core.task.python.build:Building Python package in '/home/sam/piper_ros/src/piper'
[0.878s] INFO:colcon.colcon_core.shell:Skip shell extension 'powershell' for command environment: Not usable outside of PowerShell
[0.878s] DEBUG:colcon.colcon_core.shell:Skip shell extension 'dsv' for command environment
[0.887s] DEBUG:colcon.colcon_core.event_handler.log_command:Invoking command in '/home/sam/piper_ros/build/piper_gazebo': CMAKE_PREFIX_PATH=${CMAKE_PREFIX_PATH}:/home/sam/piper_ros/install/piper:/opt/ros/humble /usr/bin/cmake --build /home/sam/piper_ros/build/piper_gazebo -- -j4 -l4
[0.892s] DEBUG:colcon.colcon_core.event_handler.log_command:Invoking command in '/home/sam/piper_ros/build/piper_humble': CMAKE_PREFIX_PATH=${CMAKE_PREFIX_PATH}:/home/sam/piper_ros/install/piper:/opt/ros/humble /usr/bin/cmake --build /home/sam/piper_ros/build/piper_humble -- -j4 -l4
[0.893s] DEBUG:colcon.colcon_core.event_handler.log_command:Invoked command in '/home/sam/piper_ros/build/piper_description' returned '0': CMAKE_PREFIX_PATH=${CMAKE_PREFIX_PATH}:/home/sam/piper_ros/install/piper:/opt/ros/humble /usr/bin/cmake --build /home/sam/piper_ros/build/piper_description -- -j4 -l4
[0.910s] DEBUG:colcon.colcon_core.event_handler.log_command:Invoking command in '/home/sam/piper_ros/build/piper_description': CMAKE_PREFIX_PATH=${CMAKE_PREFIX_PATH}:/home/sam/piper_ros/install/piper:/opt/ros/humble /usr/bin/cmake --install /home/sam/piper_ros/build/piper_description
[0.933s] Level 1:colcon.colcon_core.environment:create_environment_scripts_only(piper_description)
[0.936s] DEBUG:colcon.colcon_core.event_handler.log_command:Invoked command in '/home/sam/piper_ros/build/piper_description' returned '0': CMAKE_PREFIX_PATH=${CMAKE_PREFIX_PATH}:/home/sam/piper_ros/install/piper:/opt/ros/humble /usr/bin/cmake --install /home/sam/piper_ros/build/piper_description
[0.938s] Level 1:colcon.colcon_core.environment:checking '/home/sam/piper_ros/install/piper_description' for CMake module files
[0.939s] Level 1:colcon.colcon_core.environment:checking '/home/sam/piper_ros/install/piper_description' for CMake config files
[0.940s] Level 1:colcon.colcon_core.shell:create_environment_hook('piper_description', 'cmake_prefix_path')
[0.940s] INFO:colcon.colcon_core.shell:Creating environment hook '/home/sam/piper_ros/install/piper_description/share/piper_description/hook/cmake_prefix_path.ps1'
[0.941s] INFO:colcon.colcon_core.shell:Creating environment descriptor '/home/sam/piper_ros/install/piper_description/share/piper_description/hook/cmake_prefix_path.dsv'
[0.942s] INFO:colcon.colcon_core.shell:Creating environment hook '/home/sam/piper_ros/install/piper_description/share/piper_description/hook/cmake_prefix_path.sh'
[0.943s] Level 1:colcon.colcon_core.environment:checking '/home/sam/piper_ros/install/piper_description/bin'
[0.943s] Level 1:colcon.colcon_core.environment:checking '/home/sam/piper_ros/install/piper_description/lib/pkgconfig/piper_description.pc'
[0.943s] Level 1:colcon.colcon_core.environment:checking '/home/sam/piper_ros/install/piper_description/lib/python3.10/site-packages'
[0.944s] Level 1:colcon.colcon_core.environment:checking '/home/sam/piper_ros/install/piper_description/bin'
[0.944s] INFO:colcon.colcon_core.shell:Creating package script '/home/sam/piper_ros/install/piper_description/share/piper_description/package.ps1'
[0.948s] INFO:colcon.colcon_core.shell:Creating package descriptor '/home/sam/piper_ros/install/piper_description/share/piper_description/package.dsv'
[0.949s] INFO:colcon.colcon_core.shell:Creating package script '/home/sam/piper_ros/install/piper_description/share/piper_description/package.sh'
[0.951s] INFO:colcon.colcon_core.shell:Creating package script '/home/sam/piper_ros/install/piper_description/share/piper_description/package.bash'
[0.953s] INFO:colcon.colcon_core.shell:Creating package script '/home/sam/piper_ros/install/piper_description/share/piper_description/package.zsh'
[0.954s] Level 1:colcon.colcon_core.environment:create_file_with_runtime_dependencies(/home/sam/piper_ros/install/piper_description/share/colcon-core/packages/piper_description)
[0.955s] Level 1:colcon.colcon_core.environment:create_environment_scripts_only(piper_description)
[0.955s] Level 1:colcon.colcon_core.environment:checking '/home/sam/piper_ros/install/piper_description' for CMake module files
[0.956s] Level 1:colcon.colcon_core.environment:checking '/home/sam/piper_ros/install/piper_description' for CMake config files
[0.957s] Level 1:colcon.colcon_core.shell:create_environment_hook('piper_description', 'cmake_prefix_path')
[0.957s] INFO:colcon.colcon_core.shell:Creating environment hook '/home/sam/piper_ros/install/piper_description/share/piper_description/hook/cmake_prefix_path.ps1'
[0.958s] INFO:colcon.colcon_core.shell:Creating environment descriptor '/home/sam/piper_ros/install/piper_description/share/piper_description/hook/cmake_prefix_path.dsv'
[0.959s] INFO:colcon.colcon_core.shell:Creating environment hook '/home/sam/piper_ros/install/piper_description/share/piper_description/hook/cmake_prefix_path.sh'
[0.960s] Level 1:colcon.colcon_core.environment:checking '/home/sam/piper_ros/install/piper_description/bin'
[0.960s] Level 1:colcon.colcon_core.environment:checking '/home/sam/piper_ros/install/piper_description/lib/pkgconfig/piper_description.pc'
[0.960s] Level 1:colcon.colcon_core.environment:checking '/home/sam/piper_ros/install/piper_description/lib/python3.10/site-packages'
[0.961s] Level 1:colcon.colcon_core.environment:checking '/home/sam/piper_ros/install/piper_description/bin'
[0.961s] INFO:colcon.colcon_core.shell:Creating package script '/home/sam/piper_ros/install/piper_description/share/piper_description/package.ps1'
[0.962s] INFO:colcon.colcon_core.shell:Creating package descriptor '/home/sam/piper_ros/install/piper_description/share/piper_description/package.dsv'
[0.963s] INFO:colcon.colcon_core.shell:Creating package script '/home/sam/piper_ros/install/piper_description/share/piper_description/package.sh'
[0.964s] INFO:colcon.colcon_core.shell:Creating package script '/home/sam/piper_ros/install/piper_description/share/piper_description/package.bash'
[0.965s] INFO:colcon.colcon_core.shell:Creating package script '/home/sam/piper_ros/install/piper_description/share/piper_description/package.zsh'
[0.966s] Level 1:colcon.colcon_core.environment:create_file_with_runtime_dependencies(/home/sam/piper_ros/install/piper_description/share/colcon-core/packages/piper_description)
[0.967s] INFO:colcon.colcon_ros.task.ament_cmake.build:Building ROS package in '/home/sam/piper_ros/src/piper_msgs' with build type 'ament_cmake'
[0.967s] INFO:colcon.colcon_cmake.task.cmake.build:Building CMake package in '/home/sam/piper_ros/src/piper_msgs'
[0.968s] INFO:colcon.colcon_core.shell:Skip shell extension 'powershell' for command environment: Not usable outside of PowerShell
[0.968s] DEBUG:colcon.colcon_core.shell:Skip shell extension 'dsv' for command environment
[0.976s] DEBUG:colcon.colcon_core.event_handler.log_command:Invoked command in '/home/sam/piper_ros/build/piper_humble' returned '0': CMAKE_PREFIX_PATH=${CMAKE_PREFIX_PATH}:/home/sam/piper_ros/install/piper:/opt/ros/humble /usr/bin/cmake --build /home/sam/piper_ros/build/piper_humble -- -j4 -l4
[0.986s] DEBUG:colcon.colcon_core.event_handler.log_command:Invoking command in '/home/sam/piper_ros/build/piper_humble': CMAKE_PREFIX_PATH=${CMAKE_PREFIX_PATH}:/home/sam/piper_ros/install/piper:/opt/ros/humble /usr/bin/cmake --install /home/sam/piper_ros/build/piper_humble
[0.987s] DEBUG:colcon.colcon_core.event_handler.log_command:Invoked command in '/home/sam/piper_ros/build/piper_gazebo' returned '0': CMAKE_PREFIX_PATH=${CMAKE_PREFIX_PATH}:/home/sam/piper_ros/install/piper:/opt/ros/humble /usr/bin/cmake --build /home/sam/piper_ros/build/piper_gazebo -- -j4 -l4
[0.988s] DEBUG:colcon.colcon_core.event_handler.log_command:Invoking command in '/home/sam/piper_ros/build/piper_gazebo': CMAKE_PREFIX_PATH=${CMAKE_PREFIX_PATH}:/home/sam/piper_ros/install/piper:/opt/ros/humble /usr/bin/cmake --install /home/sam/piper_ros/build/piper_gazebo
[0.991s] DEBUG:colcon.colcon_core.event_handler.log_command:Invoking command in '/home/sam/piper_ros/build/piper_msgs': CMAKE_PREFIX_PATH=${CMAKE_PREFIX_PATH}:/home/sam/piper_ros/install/piper:/opt/ros/humble /usr/bin/cmake --build /home/sam/piper_ros/build/piper_msgs -- -j4 -l4
[0.997s] Level 1:colcon.colcon_core.environment:create_environment_scripts_only(piper_humble)
[0.998s] Level 1:colcon.colcon_core.environment:checking '/home/sam/piper_ros/install/piper_humble' for CMake module files
[1.000s] Level 1:colcon.colcon_core.environment:checking '/home/sam/piper_ros/install/piper_humble' for CMake config files
[1.005s] DEBUG:colcon.colcon_core.event_handler.log_command:Invoked command in '/home/sam/piper_ros/build/piper_humble' returned '0': CMAKE_PREFIX_PATH=${CMAKE_PREFIX_PATH}:/home/sam/piper_ros/install/piper:/opt/ros/humble /usr/bin/cmake --install /home/sam/piper_ros/build/piper_humble
[1.005s] Level 1:colcon.colcon_core.shell:create_environment_hook('piper_humble', 'cmake_prefix_path')
[1.006s] INFO:colcon.colcon_core.shell:Creating environment hook '/home/sam/piper_ros/install/piper_humble/share/piper_humble/hook/cmake_prefix_path.ps1'
[1.006s] INFO:colcon.colcon_core.shell:Creating environment descriptor '/home/sam/piper_ros/install/piper_humble/share/piper_humble/hook/cmake_prefix_path.dsv'
[1.007s] INFO:colcon.colcon_core.shell:Creating environment hook '/home/sam/piper_ros/install/piper_humble/share/piper_humble/hook/cmake_prefix_path.sh'
[1.008s] Level 1:colcon.colcon_core.environment:checking '/home/sam/piper_ros/install/piper_humble/bin'
[1.008s] Level 1:colcon.colcon_core.environment:checking '/home/sam/piper_ros/install/piper_humble/lib/pkgconfig/piper_humble.pc'
[1.009s] Level 1:colcon.colcon_core.environment:checking '/home/sam/piper_ros/install/piper_humble/lib/python3.10/site-packages'
[1.009s] Level 1:colcon.colcon_core.environment:checking '/home/sam/piper_ros/install/piper_humble/bin'
[1.010s] INFO:colcon.colcon_core.shell:Creating package script '/home/sam/piper_ros/install/piper_humble/share/piper_humble/package.ps1'
[1.011s] INFO:colcon.colcon_core.shell:Creating package descriptor '/home/sam/piper_ros/install/piper_humble/share/piper_humble/package.dsv'
[1.011s] INFO:colcon.colcon_core.shell:Creating package script '/home/sam/piper_ros/install/piper_humble/share/piper_humble/package.sh'
[1.012s] INFO:colcon.colcon_core.shell:Creating package script '/home/sam/piper_ros/install/piper_humble/share/piper_humble/package.bash'
[1.013s] INFO:colcon.colcon_core.shell:Creating package script '/home/sam/piper_ros/install/piper_humble/share/piper_humble/package.zsh'
[1.013s] Level 1:colcon.colcon_core.environment:create_file_with_runtime_dependencies(/home/sam/piper_ros/install/piper_humble/share/colcon-core/packages/piper_humble)
[1.014s] Level 1:colcon.colcon_core.environment:create_environment_scripts_only(piper_humble)
[1.014s] Level 1:colcon.colcon_core.environment:checking '/home/sam/piper_ros/install/piper_humble' for CMake module files
[1.015s] Level 1:colcon.colcon_core.environment:checking '/home/sam/piper_ros/install/piper_humble' for CMake config files
[1.015s] Level 1:colcon.colcon_core.shell:create_environment_hook('piper_humble', 'cmake_prefix_path')
[1.015s] INFO:colcon.colcon_core.shell:Creating environment hook '/home/sam/piper_ros/install/piper_humble/share/piper_humble/hook/cmake_prefix_path.ps1'
[1.016s] INFO:colcon.colcon_core.shell:Creating environment descriptor '/home/sam/piper_ros/install/piper_humble/share/piper_humble/hook/cmake_prefix_path.dsv'
[1.017s] INFO:colcon.colcon_core.shell:Creating environment hook '/home/sam/piper_ros/install/piper_humble/share/piper_humble/hook/cmake_prefix_path.sh'
[1.017s] Level 1:colcon.colcon_core.environment:checking '/home/sam/piper_ros/install/piper_humble/bin'
[1.018s] Level 1:colcon.colcon_core.environment:checking '/home/sam/piper_ros/install/piper_humble/lib/pkgconfig/piper_humble.pc'
[1.018s] Level 1:colcon.colcon_core.environment:checking '/home/sam/piper_ros/install/piper_humble/lib/python3.10/site-packages'
[1.018s] Level 1:colcon.colcon_core.environment:checking '/home/sam/piper_ros/install/piper_humble/bin'
[1.019s] INFO:colcon.colcon_core.shell:Creating package script '/home/sam/piper_ros/install/piper_humble/share/piper_humble/package.ps1'
[1.020s] INFO:colcon.colcon_core.shell:Creating package descriptor '/home/sam/piper_ros/install/piper_humble/share/piper_humble/package.dsv'
[1.021s] INFO:colcon.colcon_core.shell:Creating package script '/home/sam/piper_ros/install/piper_humble/share/piper_humble/package.sh'
[1.021s] INFO:colcon.colcon_core.shell:Creating package script '/home/sam/piper_ros/install/piper_humble/share/piper_humble/package.bash'
[1.022s] INFO:colcon.colcon_core.shell:Creating package script '/home/sam/piper_ros/install/piper_humble/share/piper_humble/package.zsh'
[1.023s] Level 1:colcon.colcon_core.environment:create_file_with_runtime_dependencies(/home/sam/piper_ros/install/piper_humble/share/colcon-core/packages/piper_humble)
[1.024s] INFO:colcon.colcon_ros.task.ament_cmake.build:Building ROS package in '/home/sam/piper_ros/src/piper_sim/piper_mujoco' with build type 'ament_cmake'
[1.024s] INFO:colcon.colcon_cmake.task.cmake.build:Building CMake package in '/home/sam/piper_ros/src/piper_sim/piper_mujoco'
[1.024s] INFO:colcon.colcon_core.shell:Skip shell extension 'powershell' for command environment: Not usable outside of PowerShell
[1.024s] DEBUG:colcon.colcon_core.shell:Skip shell extension 'dsv' for command environment
[1.033s] Level 1:colcon.colcon_core.environment:create_environment_scripts_only(piper_gazebo)
[1.034s] Level 1:colcon.colcon_core.environment:checking '/home/sam/piper_ros/install/piper_gazebo' for CMake module files
[1.035s] Level 1:colcon.colcon_core.environment:checking '/home/sam/piper_ros/install/piper_gazebo' for CMake config files
[1.036s] DEBUG:colcon.colcon_core.event_handler.log_command:Invoked command in '/home/sam/piper_ros/build/piper_gazebo' returned '0': CMAKE_PREFIX_PATH=${CMAKE_PREFIX_PATH}:/home/sam/piper_ros/install/piper:/opt/ros/humble /usr/bin/cmake --install /home/sam/piper_ros/build/piper_gazebo
[1.037s] Level 1:colcon.colcon_core.shell:create_environment_hook('piper_gazebo', 'cmake_prefix_path')
[1.037s] INFO:colcon.colcon_core.shell:Creating environment hook '/home/sam/piper_ros/install/piper_gazebo/share/piper_gazebo/hook/cmake_prefix_path.ps1'
[1.038s] INFO:colcon.colcon_core.shell:Creating environment descriptor '/home/sam/piper_ros/install/piper_gazebo/share/piper_gazebo/hook/cmake_prefix_path.dsv'
[1.039s] INFO:colcon.colcon_core.shell:Creating environment hook '/home/sam/piper_ros/install/piper_gazebo/share/piper_gazebo/hook/cmake_prefix_path.sh'
[1.040s] Level 1:colcon.colcon_core.environment:checking '/home/sam/piper_ros/install/piper_gazebo/lib'
[1.040s] Level 1:colcon.colcon_core.environment:checking '/home/sam/piper_ros/install/piper_gazebo/bin'
[1.041s] Level 1:colcon.colcon_core.environment:checking '/home/sam/piper_ros/install/piper_gazebo/lib/pkgconfig/piper_gazebo.pc'
[1.041s] Level 1:colcon.colcon_core.environment:checking '/home/sam/piper_ros/install/piper_gazebo/lib/python3.10/site-packages'
[1.042s] Level 1:colcon.colcon_core.environment:checking '/home/sam/piper_ros/install/piper_gazebo/bin'
[1.042s] INFO:colcon.colcon_core.shell:Creating package script '/home/sam/piper_ros/install/piper_gazebo/share/piper_gazebo/package.ps1'
[1.043s] INFO:colcon.colcon_core.shell:Creating package descriptor '/home/sam/piper_ros/install/piper_gazebo/share/piper_gazebo/package.dsv'
[1.044s] INFO:colcon.colcon_core.shell:Creating package script '/home/sam/piper_ros/install/piper_gazebo/share/piper_gazebo/package.sh'
[1.045s] INFO:colcon.colcon_core.shell:Creating package script '/home/sam/piper_ros/install/piper_gazebo/share/piper_gazebo/package.bash'
[1.045s] INFO:colcon.colcon_core.shell:Creating package script '/home/sam/piper_ros/install/piper_gazebo/share/piper_gazebo/package.zsh'
[1.046s] Level 1:colcon.colcon_core.environment:create_file_with_runtime_dependencies(/home/sam/piper_ros/install/piper_gazebo/share/colcon-core/packages/piper_gazebo)
[1.047s] Level 1:colcon.colcon_core.environment:create_environment_scripts_only(piper_gazebo)
[1.048s] Level 1:colcon.colcon_core.environment:checking '/home/sam/piper_ros/install/piper_gazebo' for CMake module files
[1.049s] Level 1:colcon.colcon_core.environment:checking '/home/sam/piper_ros/install/piper_gazebo' for CMake config files
[1.050s] Level 1:colcon.colcon_core.shell:create_environment_hook('piper_gazebo', 'cmake_prefix_path')
[1.050s] INFO:colcon.colcon_core.shell:Creating environment hook '/home/sam/piper_ros/install/piper_gazebo/share/piper_gazebo/hook/cmake_prefix_path.ps1'
[1.051s] INFO:colcon.colcon_core.shell:Creating environment descriptor '/home/sam/piper_ros/install/piper_gazebo/share/piper_gazebo/hook/cmake_prefix_path.dsv'
[1.053s] INFO:colcon.colcon_core.shell:Creating environment hook '/home/sam/piper_ros/install/piper_gazebo/share/piper_gazebo/hook/cmake_prefix_path.sh'
[1.054s] Level 1:colcon.colcon_core.environment:checking '/home/sam/piper_ros/install/piper_gazebo/lib'
[1.054s] Level 1:colcon.colcon_core.environment:checking '/home/sam/piper_ros/install/piper_gazebo/bin'
[1.054s] Level 1:colcon.colcon_core.environment:checking '/home/sam/piper_ros/install/piper_gazebo/lib/pkgconfig/piper_gazebo.pc'
[1.055s] Level 1:colcon.colcon_core.environment:checking '/home/sam/piper_ros/install/piper_gazebo/lib/python3.10/site-packages'
[1.055s] Level 1:colcon.colcon_core.environment:checking '/home/sam/piper_ros/install/piper_gazebo/bin'
[1.056s] INFO:colcon.colcon_core.shell:Creating package script '/home/sam/piper_ros/install/piper_gazebo/share/piper_gazebo/package.ps1'
[1.057s] INFO:colcon.colcon_core.shell:Creating package descriptor '/home/sam/piper_ros/install/piper_gazebo/share/piper_gazebo/package.dsv'
[1.058s] INFO:colcon.colcon_core.shell:Creating package script '/home/sam/piper_ros/install/piper_gazebo/share/piper_gazebo/package.sh'
[1.059s] INFO:colcon.colcon_core.shell:Creating package script '/home/sam/piper_ros/install/piper_gazebo/share/piper_gazebo/package.bash'
[1.060s] INFO:colcon.colcon_core.shell:Creating package script '/home/sam/piper_ros/install/piper_gazebo/share/piper_gazebo/package.zsh'
[1.061s] Level 1:colcon.colcon_core.environment:create_file_with_runtime_dependencies(/home/sam/piper_ros/install/piper_gazebo/share/colcon-core/packages/piper_gazebo)
[1.063s] INFO:colcon.colcon_ros.task.ament_cmake.build:Building ROS package in '/home/sam/piper_ros/src/piper_moveit/piper_no_gripper_moveit' with build type 'ament_cmake'
[1.064s] INFO:colcon.colcon_cmake.task.cmake.build:Building CMake package in '/home/sam/piper_ros/src/piper_moveit/piper_no_gripper_moveit'
[1.064s] INFO:colcon.colcon_core.shell:Skip shell extension 'powershell' for command environment: Not usable outside of PowerShell
[1.064s] DEBUG:colcon.colcon_core.shell:Skip shell extension 'dsv' for command environment
[1.082s] DEBUG:colcon.colcon_core.event_handler.log_command:Invoking command in '/home/sam/piper_ros/build/piper_mujoco': CMAKE_PREFIX_PATH=${CMAKE_PREFIX_PATH}:/home/sam/piper_ros/install/piper:/opt/ros/humble /usr/bin/cmake --build /home/sam/piper_ros/build/piper_mujoco -- -j4 -l4
[1.095s] DEBUG:colcon.colcon_core.event_handler.log_command:Invoking command in '/home/sam/piper_ros/build/piper_no_gripper_moveit': CMAKE_PREFIX_PATH=/home/sam/piper_ros/install/piper_description:/home/sam/piper_ros/install/piper_with_gripper_moveit:/home/sam/piper_ros/install/piper_no_gripper_moveit:/home/sam/piper_ros/install/piper_mujoco:/home/sam/piper_ros/install/piper_msgs:/home/sam/piper_ros/install/piper_humble:/home/sam/piper_ros/install/piper_gazebo:/home/sam/piper_ros/install/piper:/opt/ros/humble /usr/bin/cmake --build /home/sam/piper_ros/build/piper_no_gripper_moveit -- -j4 -l4
[1.203s] DEBUG:colcon.colcon_core.event_handler.log_command:Invoked command in '/home/sam/piper_ros/build/piper_no_gripper_moveit' returned '0': CMAKE_PREFIX_PATH=/home/sam/piper_ros/install/piper_description:/home/sam/piper_ros/install/piper_with_gripper_moveit:/home/sam/piper_ros/install/piper_no_gripper_moveit:/home/sam/piper_ros/install/piper_mujoco:/home/sam/piper_ros/install/piper_msgs:/home/sam/piper_ros/install/piper_humble:/home/sam/piper_ros/install/piper_gazebo:/home/sam/piper_ros/install/piper:/opt/ros/humble /usr/bin/cmake --build /home/sam/piper_ros/build/piper_no_gripper_moveit -- -j4 -l4
[1.204s] DEBUG:colcon.colcon_core.event_handler.log_command:Invoking command in '/home/sam/piper_ros/build/piper_no_gripper_moveit': CMAKE_PREFIX_PATH=/home/sam/piper_ros/install/piper_description:/home/sam/piper_ros/install/piper_with_gripper_moveit:/home/sam/piper_ros/install/piper_no_gripper_moveit:/home/sam/piper_ros/install/piper_mujoco:/home/sam/piper_ros/install/piper_msgs:/home/sam/piper_ros/install/piper_humble:/home/sam/piper_ros/install/piper_gazebo:/home/sam/piper_ros/install/piper:/opt/ros/humble /usr/bin/cmake --install /home/sam/piper_ros/build/piper_no_gripper_moveit
[1.212s] DEBUG:colcon.colcon_core.event_handler.log_command:Invoked command in '/home/sam/piper_ros/build/piper_mujoco' returned '0': CMAKE_PREFIX_PATH=${CMAKE_PREFIX_PATH}:/home/sam/piper_ros/install/piper:/opt/ros/humble /usr/bin/cmake --build /home/sam/piper_ros/build/piper_mujoco -- -j4 -l4
[1.214s] DEBUG:colcon.colcon_core.event_handler.log_command:Invoking command in '/home/sam/piper_ros/build/piper_mujoco': CMAKE_PREFIX_PATH=${CMAKE_PREFIX_PATH}:/home/sam/piper_ros/install/piper:/opt/ros/humble /usr/bin/cmake --install /home/sam/piper_ros/build/piper_mujoco
[1.236s] Level 1:colcon.colcon_core.environment:create_environment_scripts_only(piper_no_gripper_moveit)
[1.237s] Level 1:colcon.colcon_core.environment:checking '/home/sam/piper_ros/install/piper_no_gripper_moveit' for CMake module files
[1.239s] Level 1:colcon.colcon_core.environment:checking '/home/sam/piper_ros/install/piper_no_gripper_moveit' for CMake config files
[1.242s] Level 1:colcon.colcon_core.shell:create_environment_hook('piper_no_gripper_moveit', 'cmake_prefix_path')
[1.243s] INFO:colcon.colcon_core.shell:Creating environment hook '/home/sam/piper_ros/install/piper_no_gripper_moveit/share/piper_no_gripper_moveit/hook/cmake_prefix_path.ps1'
[1.245s] INFO:colcon.colcon_core.shell:Creating environment descriptor '/home/sam/piper_ros/install/piper_no_gripper_moveit/share/piper_no_gripper_moveit/hook/cmake_prefix_path.dsv'
[1.246s] INFO:colcon.colcon_core.shell:Creating environment hook '/home/sam/piper_ros/install/piper_no_gripper_moveit/share/piper_no_gripper_moveit/hook/cmake_prefix_path.sh'
[1.247s] Level 1:colcon.colcon_core.environment:checking '/home/sam/piper_ros/install/piper_no_gripper_moveit/bin'
[1.247s] Level 1:colcon.colcon_core.environment:checking '/home/sam/piper_ros/install/piper_no_gripper_moveit/lib/pkgconfig/piper_no_gripper_moveit.pc'
[1.248s] Level 1:colcon.colcon_core.environment:checking '/home/sam/piper_ros/install/piper_no_gripper_moveit/lib/python3.10/site-packages'
[1.249s] Level 1:colcon.colcon_core.environment:checking '/home/sam/piper_ros/install/piper_no_gripper_moveit/bin'
[1.244s] DEBUG:colcon.colcon_core.event_handler.log_command:Invoked command in '/home/sam/piper_ros/build/piper_no_gripper_moveit' returned '0': CMAKE_PREFIX_PATH=/home/sam/piper_ros/install/piper_description:/home/sam/piper_ros/install/piper_with_gripper_moveit:/home/sam/piper_ros/install/piper_no_gripper_moveit:/home/sam/piper_ros/install/piper_mujoco:/home/sam/piper_ros/install/piper_msgs:/home/sam/piper_ros/install/piper_humble:/home/sam/piper_ros/install/piper_gazebo:/home/sam/piper_ros/install/piper:/opt/ros/humble /usr/bin/cmake --install /home/sam/piper_ros/build/piper_no_gripper_moveit
[1.250s] INFO:colcon.colcon_core.shell:Creating package script '/home/sam/piper_ros/install/piper_no_gripper_moveit/share/piper_no_gripper_moveit/package.ps1'
[1.252s] INFO:colcon.colcon_core.shell:Creating package descriptor '/home/sam/piper_ros/install/piper_no_gripper_moveit/share/piper_no_gripper_moveit/package.dsv'
[1.253s] INFO:colcon.colcon_core.shell:Creating package script '/home/sam/piper_ros/install/piper_no_gripper_moveit/share/piper_no_gripper_moveit/package.sh'
[1.254s] INFO:colcon.colcon_core.shell:Creating package script '/home/sam/piper_ros/install/piper_no_gripper_moveit/share/piper_no_gripper_moveit/package.bash'
[1.256s] INFO:colcon.colcon_core.shell:Creating package script '/home/sam/piper_ros/install/piper_no_gripper_moveit/share/piper_no_gripper_moveit/package.zsh'
[1.257s] Level 1:colcon.colcon_core.environment:create_file_with_runtime_dependencies(/home/sam/piper_ros/install/piper_no_gripper_moveit/share/colcon-core/packages/piper_no_gripper_moveit)
[1.258s] Level 1:colcon.colcon_core.environment:create_environment_scripts_only(piper_no_gripper_moveit)
[1.259s] Level 1:colcon.colcon_core.environment:checking '/home/sam/piper_ros/install/piper_no_gripper_moveit' for CMake module files
[1.260s] Level 1:colcon.colcon_core.environment:checking '/home/sam/piper_ros/install/piper_no_gripper_moveit' for CMake config files
[1.260s] Level 1:colcon.colcon_core.shell:create_environment_hook('piper_no_gripper_moveit', 'cmake_prefix_path')
[1.261s] INFO:colcon.colcon_core.shell:Creating environment hook '/home/sam/piper_ros/install/piper_no_gripper_moveit/share/piper_no_gripper_moveit/hook/cmake_prefix_path.ps1'
[1.262s] INFO:colcon.colcon_core.shell:Creating environment descriptor '/home/sam/piper_ros/install/piper_no_gripper_moveit/share/piper_no_gripper_moveit/hook/cmake_prefix_path.dsv'
[1.263s] INFO:colcon.colcon_core.shell:Creating environment hook '/home/sam/piper_ros/install/piper_no_gripper_moveit/share/piper_no_gripper_moveit/hook/cmake_prefix_path.sh'
[1.264s] Level 1:colcon.colcon_core.environment:checking '/home/sam/piper_ros/install/piper_no_gripper_moveit/bin'
[1.264s] Level 1:colcon.colcon_core.environment:checking '/home/sam/piper_ros/install/piper_no_gripper_moveit/lib/pkgconfig/piper_no_gripper_moveit.pc'
[1.265s] Level 1:colcon.colcon_core.environment:checking '/home/sam/piper_ros/install/piper_no_gripper_moveit/lib/python3.10/site-packages'
[1.265s] Level 1:colcon.colcon_core.environment:checking '/home/sam/piper_ros/install/piper_no_gripper_moveit/bin'
[1.266s] INFO:colcon.colcon_core.shell:Creating package script '/home/sam/piper_ros/install/piper_no_gripper_moveit/share/piper_no_gripper_moveit/package.ps1'
[1.267s] INFO:colcon.colcon_core.shell:Creating package descriptor '/home/sam/piper_ros/install/piper_no_gripper_moveit/share/piper_no_gripper_moveit/package.dsv'
[1.269s] INFO:colcon.colcon_core.shell:Creating package script '/home/sam/piper_ros/install/piper_no_gripper_moveit/share/piper_no_gripper_moveit/package.sh'
[1.270s] INFO:colcon.colcon_core.shell:Creating package script '/home/sam/piper_ros/install/piper_no_gripper_moveit/share/piper_no_gripper_moveit/package.bash'
[1.271s] INFO:colcon.colcon_core.shell:Creating package script '/home/sam/piper_ros/install/piper_no_gripper_moveit/share/piper_no_gripper_moveit/package.zsh'
[1.272s] Level 1:colcon.colcon_core.environment:create_file_with_runtime_dependencies(/home/sam/piper_ros/install/piper_no_gripper_moveit/share/colcon-core/packages/piper_no_gripper_moveit)
[1.273s] INFO:colcon.colcon_ros.task.ament_cmake.build:Building ROS package in '/home/sam/piper_ros/src/piper_moveit/piper_with_gripper_moveit' with build type 'ament_cmake'
[1.274s] INFO:colcon.colcon_cmake.task.cmake.build:Building CMake package in '/home/sam/piper_ros/src/piper_moveit/piper_with_gripper_moveit'
[1.274s] INFO:colcon.colcon_core.shell:Skip shell extension 'powershell' for command environment: Not usable outside of PowerShell
[1.274s] DEBUG:colcon.colcon_core.shell:Skip shell extension 'dsv' for command environment
[1.287s] Level 1:colcon.colcon_core.environment:create_environment_scripts_only(piper_mujoco)
[1.289s] Level 1:colcon.colcon_core.environment:checking '/home/sam/piper_ros/install/piper_mujoco' for CMake module files
[1.288s] DEBUG:colcon.colcon_core.event_handler.log_command:Invoked command in '/home/sam/piper_ros/build/piper_mujoco' returned '0': CMAKE_PREFIX_PATH=${CMAKE_PREFIX_PATH}:/home/sam/piper_ros/install/piper:/opt/ros/humble /usr/bin/cmake --install /home/sam/piper_ros/build/piper_mujoco
[1.290s] Level 1:colcon.colcon_core.environment:checking '/home/sam/piper_ros/install/piper_mujoco' for CMake config files
[1.291s] Level 1:colcon.colcon_core.shell:create_environment_hook('piper_mujoco', 'cmake_prefix_path')
[1.291s] INFO:colcon.colcon_core.shell:Creating environment hook '/home/sam/piper_ros/install/piper_mujoco/share/piper_mujoco/hook/cmake_prefix_path.ps1'
[1.292s] INFO:colcon.colcon_core.shell:Creating environment descriptor '/home/sam/piper_ros/install/piper_mujoco/share/piper_mujoco/hook/cmake_prefix_path.dsv'
[1.293s] INFO:colcon.colcon_core.shell:Creating environment hook '/home/sam/piper_ros/install/piper_mujoco/share/piper_mujoco/hook/cmake_prefix_path.sh'
[1.294s] Level 1:colcon.colcon_core.environment:checking '/home/sam/piper_ros/install/piper_mujoco/lib'
[1.294s] Level 1:colcon.colcon_core.environment:checking '/home/sam/piper_ros/install/piper_mujoco/bin'
[1.294s] Level 1:colcon.colcon_core.environment:checking '/home/sam/piper_ros/install/piper_mujoco/lib/pkgconfig/piper_mujoco.pc'
[1.295s] Level 1:colcon.colcon_core.environment:checking '/home/sam/piper_ros/install/piper_mujoco/lib/python3.10/site-packages'
[1.295s] Level 1:colcon.colcon_core.environment:checking '/home/sam/piper_ros/install/piper_mujoco/bin'
[1.296s] INFO:colcon.colcon_core.shell:Creating package script '/home/sam/piper_ros/install/piper_mujoco/share/piper_mujoco/package.ps1'
[1.297s] INFO:colcon.colcon_core.shell:Creating package descriptor '/home/sam/piper_ros/install/piper_mujoco/share/piper_mujoco/package.dsv'
[1.297s] INFO:colcon.colcon_core.shell:Creating package script '/home/sam/piper_ros/install/piper_mujoco/share/piper_mujoco/package.sh'
[1.298s] INFO:colcon.colcon_core.shell:Creating package script '/home/sam/piper_ros/install/piper_mujoco/share/piper_mujoco/package.bash'
[1.300s] INFO:colcon.colcon_core.shell:Creating package script '/home/sam/piper_ros/install/piper_mujoco/share/piper_mujoco/package.zsh'
[1.300s] Level 1:colcon.colcon_core.environment:create_file_with_runtime_dependencies(/home/sam/piper_ros/install/piper_mujoco/share/colcon-core/packages/piper_mujoco)
[1.302s] Level 1:colcon.colcon_core.environment:create_environment_scripts_only(piper_mujoco)
[1.302s] Level 1:colcon.colcon_core.environment:checking '/home/sam/piper_ros/install/piper_mujoco' for CMake module files
[1.304s] Level 1:colcon.colcon_core.environment:checking '/home/sam/piper_ros/install/piper_mujoco' for CMake config files
[1.304s] Level 1:colcon.colcon_core.shell:create_environment_hook('piper_mujoco', 'cmake_prefix_path')
[1.305s] INFO:colcon.colcon_core.shell:Creating environment hook '/home/sam/piper_ros/install/piper_mujoco/share/piper_mujoco/hook/cmake_prefix_path.ps1'
[1.306s] INFO:colcon.colcon_core.shell:Creating environment descriptor '/home/sam/piper_ros/install/piper_mujoco/share/piper_mujoco/hook/cmake_prefix_path.dsv'
[1.307s] INFO:colcon.colcon_core.shell:Creating environment hook '/home/sam/piper_ros/install/piper_mujoco/share/piper_mujoco/hook/cmake_prefix_path.sh'
[1.308s] Level 1:colcon.colcon_core.environment:checking '/home/sam/piper_ros/install/piper_mujoco/lib'
[1.308s] Level 1:colcon.colcon_core.environment:checking '/home/sam/piper_ros/install/piper_mujoco/bin'
[1.308s] Level 1:colcon.colcon_core.environment:checking '/home/sam/piper_ros/install/piper_mujoco/lib/pkgconfig/piper_mujoco.pc'
[1.309s] Level 1:colcon.colcon_core.environment:checking '/home/sam/piper_ros/install/piper_mujoco/lib/python3.10/site-packages'
[1.309s] Level 1:colcon.colcon_core.environment:checking '/home/sam/piper_ros/install/piper_mujoco/bin'
[1.310s] INFO:colcon.colcon_core.shell:Creating package script '/home/sam/piper_ros/install/piper_mujoco/share/piper_mujoco/package.ps1'
[1.311s] INFO:colcon.colcon_core.shell:Creating package descriptor '/home/sam/piper_ros/install/piper_mujoco/share/piper_mujoco/package.dsv'
[1.312s] INFO:colcon.colcon_core.shell:Creating package script '/home/sam/piper_ros/install/piper_mujoco/share/piper_mujoco/package.sh'
[1.313s] INFO:colcon.colcon_core.shell:Creating package script '/home/sam/piper_ros/install/piper_mujoco/share/piper_mujoco/package.bash'
[1.314s] INFO:colcon.colcon_core.shell:Creating package script '/home/sam/piper_ros/install/piper_mujoco/share/piper_mujoco/package.zsh'
[1.315s] Level 1:colcon.colcon_core.environment:create_file_with_runtime_dependencies(/home/sam/piper_ros/install/piper_mujoco/share/colcon-core/packages/piper_mujoco)
[1.320s] DEBUG:colcon.colcon_core.event_handler.log_command:Invoking command in '/home/sam/piper_ros/build/piper_with_gripper_moveit': CMAKE_PREFIX_PATH=/home/sam/piper_ros/install/piper_description:/home/sam/piper_ros/install/piper_with_gripper_moveit:/home/sam/piper_ros/install/piper_no_gripper_moveit:/home/sam/piper_ros/install/piper_mujoco:/home/sam/piper_ros/install/piper_msgs:/home/sam/piper_ros/install/piper_humble:/home/sam/piper_ros/install/piper_gazebo:/home/sam/piper_ros/install/piper:/opt/ros/humble /usr/bin/cmake --build /home/sam/piper_ros/build/piper_with_gripper_moveit -- -j4 -l4
[1.388s] DEBUG:colcon.colcon_core.event_handler.log_command:Invoked command in '/home/sam/piper_ros/build/piper_with_gripper_moveit' returned '0': CMAKE_PREFIX_PATH=/home/sam/piper_ros/install/piper_description:/home/sam/piper_ros/install/piper_with_gripper_moveit:/home/sam/piper_ros/install/piper_no_gripper_moveit:/home/sam/piper_ros/install/piper_mujoco:/home/sam/piper_ros/install/piper_msgs:/home/sam/piper_ros/install/piper_humble:/home/sam/piper_ros/install/piper_gazebo:/home/sam/piper_ros/install/piper:/opt/ros/humble /usr/bin/cmake --build /home/sam/piper_ros/build/piper_with_gripper_moveit -- -j4 -l4
[1.389s] DEBUG:colcon.colcon_core.event_handler.log_command:Invoking command in '/home/sam/piper_ros/build/piper_with_gripper_moveit': CMAKE_PREFIX_PATH=/home/sam/piper_ros/install/piper_description:/home/sam/piper_ros/install/piper_with_gripper_moveit:/home/sam/piper_ros/install/piper_no_gripper_moveit:/home/sam/piper_ros/install/piper_mujoco:/home/sam/piper_ros/install/piper_msgs:/home/sam/piper_ros/install/piper_humble:/home/sam/piper_ros/install/piper_gazebo:/home/sam/piper_ros/install/piper:/opt/ros/humble /usr/bin/cmake --install /home/sam/piper_ros/build/piper_with_gripper_moveit
[1.426s] Level 1:colcon.colcon_core.environment:create_environment_scripts_only(piper_with_gripper_moveit)
[1.427s] Level 1:colcon.colcon_core.environment:checking '/home/sam/piper_ros/install/piper_with_gripper_moveit' for CMake module files
[1.433s] Level 1:colcon.colcon_core.environment:checking '/home/sam/piper_ros/install/piper_with_gripper_moveit' for CMake config files
[1.434s] Level 1:colcon.colcon_core.shell:create_environment_hook('piper_with_gripper_moveit', 'cmake_prefix_path')
[1.434s] INFO:colcon.colcon_core.shell:Creating environment hook '/home/sam/piper_ros/install/piper_with_gripper_moveit/share/piper_with_gripper_moveit/hook/cmake_prefix_path.ps1'
[1.435s] INFO:colcon.colcon_core.shell:Creating environment descriptor '/home/sam/piper_ros/install/piper_with_gripper_moveit/share/piper_with_gripper_moveit/hook/cmake_prefix_path.dsv'
[1.439s] DEBUG:colcon.colcon_core.event_handler.log_command:Invoked command in '/home/sam/piper_ros/build/piper_with_gripper_moveit' returned '0': CMAKE_PREFIX_PATH=/home/sam/piper_ros/install/piper_description:/home/sam/piper_ros/install/piper_with_gripper_moveit:/home/sam/piper_ros/install/piper_no_gripper_moveit:/home/sam/piper_ros/install/piper_mujoco:/home/sam/piper_ros/install/piper_msgs:/home/sam/piper_ros/install/piper_humble:/home/sam/piper_ros/install/piper_gazebo:/home/sam/piper_ros/install/piper:/opt/ros/humble /usr/bin/cmake --install /home/sam/piper_ros/build/piper_with_gripper_moveit
[1.440s] INFO:colcon.colcon_core.shell:Creating environment hook '/home/sam/piper_ros/install/piper_with_gripper_moveit/share/piper_with_gripper_moveit/hook/cmake_prefix_path.sh'
[1.441s] Level 1:colcon.colcon_core.environment:checking '/home/sam/piper_ros/install/piper_with_gripper_moveit/bin'
[1.441s] Level 1:colcon.colcon_core.environment:checking '/home/sam/piper_ros/install/piper_with_gripper_moveit/lib/pkgconfig/piper_with_gripper_moveit.pc'
[1.442s] Level 1:colcon.colcon_core.environment:checking '/home/sam/piper_ros/install/piper_with_gripper_moveit/lib/python3.10/site-packages'
[1.442s] Level 1:colcon.colcon_core.environment:checking '/home/sam/piper_ros/install/piper_with_gripper_moveit/bin'
[1.445s] INFO:colcon.colcon_core.shell:Creating package script '/home/sam/piper_ros/install/piper_with_gripper_moveit/share/piper_with_gripper_moveit/package.ps1'
[1.447s] INFO:colcon.colcon_core.shell:Creating package descriptor '/home/sam/piper_ros/install/piper_with_gripper_moveit/share/piper_with_gripper_moveit/package.dsv'
[1.447s] INFO:colcon.colcon_core.shell:Creating package script '/home/sam/piper_ros/install/piper_with_gripper_moveit/share/piper_with_gripper_moveit/package.sh'
[1.448s] INFO:colcon.colcon_core.shell:Creating package script '/home/sam/piper_ros/install/piper_with_gripper_moveit/share/piper_with_gripper_moveit/package.bash'
[1.449s] INFO:colcon.colcon_core.shell:Creating package script '/home/sam/piper_ros/install/piper_with_gripper_moveit/share/piper_with_gripper_moveit/package.zsh'
[1.450s] Level 1:colcon.colcon_core.environment:create_file_with_runtime_dependencies(/home/sam/piper_ros/install/piper_with_gripper_moveit/share/colcon-core/packages/piper_with_gripper_moveit)
[1.451s] Level 1:colcon.colcon_core.environment:create_environment_scripts_only(piper_with_gripper_moveit)
[1.451s] Level 1:colcon.colcon_core.environment:checking '/home/sam/piper_ros/install/piper_with_gripper_moveit' for CMake module files
[1.452s] Level 1:colcon.colcon_core.environment:checking '/home/sam/piper_ros/install/piper_with_gripper_moveit' for CMake config files
[1.453s] Level 1:colcon.colcon_core.shell:create_environment_hook('piper_with_gripper_moveit', 'cmake_prefix_path')
[1.453s] INFO:colcon.colcon_core.shell:Creating environment hook '/home/sam/piper_ros/install/piper_with_gripper_moveit/share/piper_with_gripper_moveit/hook/cmake_prefix_path.ps1'
[1.454s] INFO:colcon.colcon_core.shell:Creating environment descriptor '/home/sam/piper_ros/install/piper_with_gripper_moveit/share/piper_with_gripper_moveit/hook/cmake_prefix_path.dsv'
[1.455s] INFO:colcon.colcon_core.shell:Creating environment hook '/home/sam/piper_ros/install/piper_with_gripper_moveit/share/piper_with_gripper_moveit/hook/cmake_prefix_path.sh'
[1.456s] Level 1:colcon.colcon_core.environment:checking '/home/sam/piper_ros/install/piper_with_gripper_moveit/bin'
[1.456s] Level 1:colcon.colcon_core.environment:checking '/home/sam/piper_ros/install/piper_with_gripper_moveit/lib/pkgconfig/piper_with_gripper_moveit.pc'
[1.456s] Level 1:colcon.colcon_core.environment:checking '/home/sam/piper_ros/install/piper_with_gripper_moveit/lib/python3.10/site-packages'
[1.457s] Level 1:colcon.colcon_core.environment:checking '/home/sam/piper_ros/install/piper_with_gripper_moveit/bin'
[1.457s] INFO:colcon.colcon_core.shell:Creating package script '/home/sam/piper_ros/install/piper_with_gripper_moveit/share/piper_with_gripper_moveit/package.ps1'
[1.458s] INFO:colcon.colcon_core.shell:Creating package descriptor '/home/sam/piper_ros/install/piper_with_gripper_moveit/share/piper_with_gripper_moveit/package.dsv'
[1.459s] INFO:colcon.colcon_core.shell:Creating package script '/home/sam/piper_ros/install/piper_with_gripper_moveit/share/piper_with_gripper_moveit/package.sh'
[1.460s] INFO:colcon.colcon_core.shell:Creating package script '/home/sam/piper_ros/install/piper_with_gripper_moveit/share/piper_with_gripper_moveit/package.bash'
[1.461s] INFO:colcon.colcon_core.shell:Creating package script '/home/sam/piper_ros/install/piper_with_gripper_moveit/share/piper_with_gripper_moveit/package.zsh'
[1.462s] Level 1:colcon.colcon_core.environment:create_file_with_runtime_dependencies(/home/sam/piper_ros/install/piper_with_gripper_moveit/share/colcon-core/packages/piper_with_gripper_moveit)
[1.642s] DEBUG:colcon.colcon_core.event_handler.log_command:Invoking command in '/home/sam/piper_ros/src/piper': PYTHONPATH=/home/sam/piper_ros/build/piper/prefix_override:/usr/lib/python3/dist-packages/colcon_core/task/python/colcon_distutils_commands:/home/sam/piper_ros/install/piper/lib/python3.10/site-packages:${PYTHONPATH} /usr/bin/python3 -W ignore:setup.py install is deprecated -W ignore:easy_install command is deprecated setup.py egg_info --egg-base ../../build/piper build --build-base /home/sam/piper_ros/build/piper/build install --record /home/sam/piper_ros/build/piper/install.log --single-version-externally-managed install_data
[1.712s] DEBUG:colcon.colcon_core.event_handler.log_command:Invoked command in '/home/sam/piper_ros/build/piper_msgs' returned '0': CMAKE_PREFIX_PATH=${CMAKE_PREFIX_PATH}:/home/sam/piper_ros/install/piper:/opt/ros/humble /usr/bin/cmake --build /home/sam/piper_ros/build/piper_msgs -- -j4 -l4
[1.714s] DEBUG:colcon.colcon_core.event_handler.log_command:Invoking command in '/home/sam/piper_ros/build/piper_msgs': CMAKE_PREFIX_PATH=${CMAKE_PREFIX_PATH}:/home/sam/piper_ros/install/piper:/opt/ros/humble /usr/bin/cmake --install /home/sam/piper_ros/build/piper_msgs
[1.792s] Level 1:colcon.colcon_core.environment:create_environment_scripts_only(piper_msgs)
[1.792s] Level 1:colcon.colcon_core.environment:checking '/home/sam/piper_ros/install/piper_msgs' for CMake module files
[1.794s] DEBUG:colcon.colcon_core.event_handler.log_command:Invoked command in '/home/sam/piper_ros/build/piper_msgs' returned '0': CMAKE_PREFIX_PATH=${CMAKE_PREFIX_PATH}:/home/sam/piper_ros/install/piper:/opt/ros/humble /usr/bin/cmake --install /home/sam/piper_ros/build/piper_msgs
[1.794s] Level 1:colcon.colcon_core.environment:checking '/home/sam/piper_ros/install/piper_msgs' for CMake config files
[1.795s] Level 1:colcon.colcon_core.shell:create_environment_hook('piper_msgs', 'cmake_prefix_path')
[1.796s] INFO:colcon.colcon_core.shell:Creating environment hook '/home/sam/piper_ros/install/piper_msgs/share/piper_msgs/hook/cmake_prefix_path.ps1'
[1.796s] INFO:colcon.colcon_core.shell:Creating environment descriptor '/home/sam/piper_ros/install/piper_msgs/share/piper_msgs/hook/cmake_prefix_path.dsv'
[1.797s] INFO:colcon.colcon_core.shell:Creating environment hook '/home/sam/piper_ros/install/piper_msgs/share/piper_msgs/hook/cmake_prefix_path.sh'
[1.797s] Level 1:colcon.colcon_core.environment:checking '/home/sam/piper_ros/install/piper_msgs/lib'
[1.798s] Level 1:colcon.colcon_core.shell:create_environment_hook('piper_msgs', 'ld_library_path_lib')
[1.798s] INFO:colcon.colcon_core.shell:Creating environment hook '/home/sam/piper_ros/install/piper_msgs/share/piper_msgs/hook/ld_library_path_lib.ps1'
[1.798s] INFO:colcon.colcon_core.shell:Creating environment descriptor '/home/sam/piper_ros/install/piper_msgs/share/piper_msgs/hook/ld_library_path_lib.dsv'
[1.799s] INFO:colcon.colcon_core.shell:Creating environment hook '/home/sam/piper_ros/install/piper_msgs/share/piper_msgs/hook/ld_library_path_lib.sh'
[1.799s] Level 1:colcon.colcon_core.environment:checking '/home/sam/piper_ros/install/piper_msgs/bin'
[1.800s] Level 1:colcon.colcon_core.environment:checking '/home/sam/piper_ros/install/piper_msgs/lib/pkgconfig/piper_msgs.pc'
[1.800s] Level 1:colcon.colcon_core.environment:checking '/home/sam/piper_ros/install/piper_msgs/lib/python3.10/site-packages'
[1.800s] Level 1:colcon.colcon_core.environment:checking '/home/sam/piper_ros/install/piper_msgs/bin'
[1.800s] INFO:colcon.colcon_core.shell:Creating package script '/home/sam/piper_ros/install/piper_msgs/share/piper_msgs/package.ps1'
[1.801s] INFO:colcon.colcon_core.shell:Creating package descriptor '/home/sam/piper_ros/install/piper_msgs/share/piper_msgs/package.dsv'
[1.802s] INFO:colcon.colcon_core.shell:Creating package script '/home/sam/piper_ros/install/piper_msgs/share/piper_msgs/package.sh'
[1.802s] INFO:colcon.colcon_core.shell:Creating package script '/home/sam/piper_ros/install/piper_msgs/share/piper_msgs/package.bash'
[1.803s] INFO:colcon.colcon_core.shell:Creating package script '/home/sam/piper_ros/install/piper_msgs/share/piper_msgs/package.zsh'
[1.803s] Level 1:colcon.colcon_core.environment:create_file_with_runtime_dependencies(/home/sam/piper_ros/install/piper_msgs/share/colcon-core/packages/piper_msgs)
[1.804s] Level 1:colcon.colcon_core.environment:create_environment_scripts_only(piper_msgs)
[1.804s] Level 1:colcon.colcon_core.environment:checking '/home/sam/piper_ros/install/piper_msgs' for CMake module files
[1.805s] Level 1:colcon.colcon_core.environment:checking '/home/sam/piper_ros/install/piper_msgs' for CMake config files
[1.805s] Level 1:colcon.colcon_core.shell:create_environment_hook('piper_msgs', 'cmake_prefix_path')
[1.805s] INFO:colcon.colcon_core.shell:Creating environment hook '/home/sam/piper_ros/install/piper_msgs/share/piper_msgs/hook/cmake_prefix_path.ps1'
[1.806s] INFO:colcon.colcon_core.shell:Creating environment descriptor '/home/sam/piper_ros/install/piper_msgs/share/piper_msgs/hook/cmake_prefix_path.dsv'
[1.806s] INFO:colcon.colcon_core.shell:Creating environment hook '/home/sam/piper_ros/install/piper_msgs/share/piper_msgs/hook/cmake_prefix_path.sh'
[1.807s] Level 1:colcon.colcon_core.environment:checking '/home/sam/piper_ros/install/piper_msgs/lib'
[1.807s] Level 1:colcon.colcon_core.shell:create_environment_hook('piper_msgs', 'ld_library_path_lib')
[1.807s] INFO:colcon.colcon_core.shell:Creating environment hook '/home/sam/piper_ros/install/piper_msgs/share/piper_msgs/hook/ld_library_path_lib.ps1'
[1.808s] INFO:colcon.colcon_core.shell:Creating environment descriptor '/home/sam/piper_ros/install/piper_msgs/share/piper_msgs/hook/ld_library_path_lib.dsv'
[1.809s] INFO:colcon.colcon_core.shell:Creating environment hook '/home/sam/piper_ros/install/piper_msgs/share/piper_msgs/hook/ld_library_path_lib.sh'
[1.809s] Level 1:colcon.colcon_core.environment:checking '/home/sam/piper_ros/install/piper_msgs/bin'
[1.809s] Level 1:colcon.colcon_core.environment:checking '/home/sam/piper_ros/install/piper_msgs/lib/pkgconfig/piper_msgs.pc'
[1.809s] Level 1:colcon.colcon_core.environment:checking '/home/sam/piper_ros/install/piper_msgs/lib/python3.10/site-packages'
[1.810s] Level 1:colcon.colcon_core.environment:checking '/home/sam/piper_ros/install/piper_msgs/bin'
[1.810s] INFO:colcon.colcon_core.shell:Creating package script '/home/sam/piper_ros/install/piper_msgs/share/piper_msgs/package.ps1'
[1.811s] INFO:colcon.colcon_core.shell:Creating package descriptor '/home/sam/piper_ros/install/piper_msgs/share/piper_msgs/package.dsv'
[1.811s] INFO:colcon.colcon_core.shell:Creating package script '/home/sam/piper_ros/install/piper_msgs/share/piper_msgs/package.sh'
[1.812s] INFO:colcon.colcon_core.shell:Creating package script '/home/sam/piper_ros/install/piper_msgs/share/piper_msgs/package.bash'
[1.812s] INFO:colcon.colcon_core.shell:Creating package script '/home/sam/piper_ros/install/piper_msgs/share/piper_msgs/package.zsh'
[1.813s] Level 1:colcon.colcon_core.environment:create_file_with_runtime_dependencies(/home/sam/piper_ros/install/piper_msgs/share/colcon-core/packages/piper_msgs)
[2.057s] Level 1:colcon.colcon_core.environment:checking '/home/sam/piper_ros/install/piper' for CMake module files
[2.057s] DEBUG:colcon.colcon_core.event_handler.log_command:Invoked command in '/home/sam/piper_ros/src/piper' returned '0': PYTHONPATH=/home/sam/piper_ros/build/piper/prefix_override:/usr/lib/python3/dist-packages/colcon_core/task/python/colcon_distutils_commands:/home/sam/piper_ros/install/piper/lib/python3.10/site-packages:${PYTHONPATH} /usr/bin/python3 -W ignore:setup.py install is deprecated -W ignore:easy_install command is deprecated setup.py egg_info --egg-base ../../build/piper build --build-base /home/sam/piper_ros/build/piper/build install --record /home/sam/piper_ros/build/piper/install.log --single-version-externally-managed install_data
[2.058s] Level 1:colcon.colcon_core.environment:checking '/home/sam/piper_ros/install/piper' for CMake config files
[2.058s] Level 1:colcon.colcon_core.environment:checking '/home/sam/piper_ros/install/piper/lib'
[2.058s] Level 1:colcon.colcon_core.environment:checking '/home/sam/piper_ros/install/piper/bin'
[2.058s] Level 1:colcon.colcon_core.environment:checking '/home/sam/piper_ros/install/piper/lib/pkgconfig/piper.pc'
[2.059s] Level 1:colcon.colcon_core.environment:checking '/home/sam/piper_ros/install/piper/lib/python3.10/site-packages'
[2.059s] Level 1:colcon.colcon_core.shell:create_environment_hook('piper', 'pythonpath')
[2.059s] INFO:colcon.colcon_core.shell:Creating environment hook '/home/sam/piper_ros/install/piper/share/piper/hook/pythonpath.ps1'
[2.060s] INFO:colcon.colcon_core.shell:Creating environment descriptor '/home/sam/piper_ros/install/piper/share/piper/hook/pythonpath.dsv'
[2.060s] INFO:colcon.colcon_core.shell:Creating environment hook '/home/sam/piper_ros/install/piper/share/piper/hook/pythonpath.sh'
[2.061s] Level 1:colcon.colcon_core.environment:checking '/home/sam/piper_ros/install/piper/bin'
[2.061s] Level 1:colcon.colcon_core.environment:create_environment_scripts_only(piper)
[2.061s] INFO:colcon.colcon_core.shell:Creating package script '/home/sam/piper_ros/install/piper/share/piper/package.ps1'
[2.062s] INFO:colcon.colcon_core.shell:Creating package descriptor '/home/sam/piper_ros/install/piper/share/piper/package.dsv'
[2.063s] INFO:colcon.colcon_core.shell:Creating package script '/home/sam/piper_ros/install/piper/share/piper/package.sh'
[2.063s] INFO:colcon.colcon_core.shell:Creating package script '/home/sam/piper_ros/install/piper/share/piper/package.bash'
[2.064s] INFO:colcon.colcon_core.shell:Creating package script '/home/sam/piper_ros/install/piper/share/piper/package.zsh'
[2.064s] Level 1:colcon.colcon_core.environment:create_file_with_runtime_dependencies(/home/sam/piper_ros/install/piper/share/colcon-core/packages/piper)
[2.064s] DEBUG:colcon.colcon_parallel_executor.executor.parallel:closing loop
[2.065s] DEBUG:colcon.colcon_parallel_executor.executor.parallel:loop closed
[2.065s] DEBUG:colcon.colcon_parallel_executor.executor.parallel:run_until_complete finished with '0'
[2.065s] DEBUG:colcon.colcon_core.event_reactor:joining thread
[2.072s] INFO:colcon.colcon_core.plugin_system:Skipping extension 'colcon_notification.desktop_notification.terminal_notifier': Not used on non-Darwin systems
[2.072s] INFO:colcon.colcon_core.plugin_system:Skipping extension 'colcon_notification.desktop_notification.win32': Not used on non-Windows systems
[2.072s] INFO:colcon.colcon_notification.desktop_notification:Sending desktop notification using 'notify2'
[2.086s] DEBUG:colcon.colcon_core.event_reactor:joined thread
[2.087s] INFO:colcon.colcon_core.shell:Creating prefix script '/home/sam/piper_ros/install/local_setup.ps1'
[2.089s] INFO:colcon.colcon_core.shell:Creating prefix util module '/home/sam/piper_ros/install/_local_setup_util_ps1.py'
[2.093s] INFO:colcon.colcon_core.shell:Creating prefix chain script '/home/sam/piper_ros/install/setup.ps1'
[2.096s] INFO:colcon.colcon_core.shell:Creating prefix script '/home/sam/piper_ros/install/local_setup.sh'
[2.097s] INFO:colcon.colcon_core.shell:Creating prefix util module '/home/sam/piper_ros/install/_local_setup_util_sh.py'
[2.098s] INFO:colcon.colcon_core.shell:Creating prefix chain script '/home/sam/piper_ros/install/setup.sh'
[2.099s] INFO:colcon.colcon_core.shell:Creating prefix script '/home/sam/piper_ros/install/local_setup.bash'
[2.100s] INFO:colcon.colcon_core.shell:Creating prefix chain script '/home/sam/piper_ros/install/setup.bash'
[2.102s] INFO:colcon.colcon_core.shell:Creating prefix script '/home/sam/piper_ros/install/local_setup.zsh'
[2.103s] INFO:colcon.colcon_core.shell:Creating prefix chain script '/home/sam/piper_ros/install/setup.zsh'
