[1.133s] Invoking command in '/home/sam/piper_ros/src/piper': PYTHONPATH=/home/sam/piper_ros/build/piper/prefix_override:/usr/lib/python3/dist-packages/colcon_core/task/python/colcon_distutils_commands:/home/sam/piper_ros/install/piper/lib/python3.10/site-packages:${PYTHONPATH} /usr/bin/python3 -W ignore:setup.py install is deprecated -W ignore:easy_install command is deprecated setup.py egg_info --egg-base ../../build/piper build --build-base /home/sam/piper_ros/build/piper/build install --record /home/sam/piper_ros/build/piper/install.log --single-version-externally-managed install_data
[1.495s] running egg_info
[1.496s] writing ../../build/piper/piper.egg-info/PKG-INFO
[1.496s] writing dependency_links to ../../build/piper/piper.egg-info/dependency_links.txt
[1.496s] writing entry points to ../../build/piper/piper.egg-info/entry_points.txt
[1.496s] writing requirements to ../../build/piper/piper.egg-info/requires.txt
[1.496s] writing top-level names to ../../build/piper/piper.egg-info/top_level.txt
[1.499s] reading manifest file '../../build/piper/piper.egg-info/SOURCES.txt'
[1.499s] adding license file 'LICENSE'
[1.500s] writing manifest file '../../build/piper/piper.egg-info/SOURCES.txt'
[1.500s] running build
[1.500s] running build_py
[1.501s] copying piper/two_state_publisher.py -> /home/sam/piper_ros/build/piper/build/lib/piper
[1.501s] running install
[1.502s] running install_lib
[1.503s] copying /home/sam/piper_ros/build/piper/build/lib/piper/two_state_publisher.py -> /home/sam/piper_ros/install/piper/lib/python3.10/site-packages/piper
[1.504s] byte-compiling /home/sam/piper_ros/install/piper/lib/python3.10/site-packages/piper/two_state_publisher.py to two_state_publisher.cpython-310.pyc
[1.505s] running install_data
[1.505s] running install_egg_info
[1.508s] removing '/home/sam/piper_ros/install/piper/lib/python3.10/site-packages/piper-0.0.0-py3.10.egg-info' (and everything under it)
[1.508s] Copying ../../build/piper/piper.egg-info to /home/sam/piper_ros/install/piper/lib/python3.10/site-packages/piper-0.0.0-py3.10.egg-info
[1.509s] running install_scripts
[1.537s] Installing piper_ms_ctrl script to /home/sam/piper_ros/install/piper/lib/piper
[1.537s] Installing piper_read_master script to /home/sam/piper_ros/install/piper/lib/piper
[1.537s] Installing piper_single_ctrl script to /home/sam/piper_ros/install/piper/lib/piper
[1.538s] Installing talker script to /home/sam/piper_ros/install/piper/lib/piper
[1.538s] writing list of installed files to '/home/sam/piper_ros/build/piper/install.log'
[1.570s] Invoked command in '/home/sam/piper_ros/src/piper' returned '0': PYTHONPATH=/home/sam/piper_ros/build/piper/prefix_override:/usr/lib/python3/dist-packages/colcon_core/task/python/colcon_distutils_commands:/home/sam/piper_ros/install/piper/lib/python3.10/site-packages:${PYTHONPATH} /usr/bin/python3 -W ignore:setup.py install is deprecated -W ignore:easy_install command is deprecated setup.py egg_info --egg-base ../../build/piper build --build-base /home/sam/piper_ros/build/piper/build install --record /home/sam/piper_ros/build/piper/install.log --single-version-externally-managed install_data
